Log file for defect2seg
Wed Dec 13 17:29:30 UTC 2023

setenv SUBJECTS_DIR /output/sourcedata/freesurfer
cd /output/sourcedata/freesurfer/sub-1009/scripts
/opt/freesurfer/bin/defect2seg --s sub-1009 --rh-only --cortex

freesurfer-linux-ubuntu22_x86_64-7.3.2-20220804-6354275
defect2seg 7.3.2
Linux b8f1a1557485 5.15.133.1-microsoft-standard-WSL2 #1 SMP Thu Oct 5 21:02:42 UTC 2023 x86_64 x86_64 x86_64 GNU/Linux
pid 4037
mri_label2label --label-cortex /output/sourcedata/freesurfer/sub-1009/surf/rh.orig.nofix /output/sourcedata/freesurfer/sub-1009/mri/aseg.presurf.mgz 0 /output/sourcedata/freesurfer/sub-1009/label/rh.nofix.cortex.label

 Generating cortex label... RemoveHipAmgy=0
 NucAccIsMedialWall=0
 mris->useRealRAS=0
63 non-cortical segments detected
only using segment with 9786 vertices
erasing segment 0 (vno[0] = 10748)
erasing segment 1 (vno[0] = 22221)
erasing segment 2 (vno[0] = 25091)
erasing segment 3 (vno[0] = 30300)
erasing segment 4 (vno[0] = 31102)
erasing segment 5 (vno[0] = 31497)
erasing segment 6 (vno[0] = 33543)
erasing segment 7 (vno[0] = 34064)
erasing segment 8 (vno[0] = 35555)
erasing segment 9 (vno[0] = 37356)
erasing segment 10 (vno[0] = 40979)
erasing segment 11 (vno[0] = 43498)
erasing segment 12 (vno[0] = 44839)
erasing segment 14 (vno[0] = 50632)
erasing segment 15 (vno[0] = 51761)
erasing segment 16 (vno[0] = 52893)
erasing segment 17 (vno[0] = 53030)
erasing segment 18 (vno[0] = 57791)
erasing segment 19 (vno[0] = 59628)
erasing segment 20 (vno[0] = 65621)
erasing segment 21 (vno[0] = 74309)
erasing segment 22 (vno[0] = 78980)
erasing segment 23 (vno[0] = 80876)
erasing segment 24 (vno[0] = 83928)
erasing segment 25 (vno[0] = 87276)
erasing segment 26 (vno[0] = 87952)
erasing segment 27 (vno[0] = 87974)
erasing segment 28 (vno[0] = 88360)
erasing segment 29 (vno[0] = 88992)
erasing segment 30 (vno[0] = 89523)
erasing segment 31 (vno[0] = 91195)
erasing segment 32 (vno[0] = 91209)
erasing segment 33 (vno[0] = 92337)
erasing segment 34 (vno[0] = 92343)
erasing segment 35 (vno[0] = 96604)
erasing segment 36 (vno[0] = 98891)
erasing segment 37 (vno[0] = 99917)
erasing segment 38 (vno[0] = 100791)
erasing segment 39 (vno[0] = 100838)
erasing segment 40 (vno[0] = 101656)
erasing segment 41 (vno[0] = 101800)
erasing segment 42 (vno[0] = 101862)
erasing segment 43 (vno[0] = 103185)
erasing segment 44 (vno[0] = 103713)
erasing segment 45 (vno[0] = 104525)
erasing segment 46 (vno[0] = 104716)
erasing segment 47 (vno[0] = 105634)
erasing segment 48 (vno[0] = 107650)
erasing segment 49 (vno[0] = 108351)
erasing segment 50 (vno[0] = 108593)
erasing segment 51 (vno[0] = 108625)
erasing segment 52 (vno[0] = 109689)
erasing segment 53 (vno[0] = 110654)
erasing segment 54 (vno[0] = 113663)
erasing segment 55 (vno[0] = 121744)
erasing segment 56 (vno[0] = 130826)
erasing segment 57 (vno[0] = 134738)
erasing segment 58 (vno[0] = 137438)
erasing segment 59 (vno[0] = 137766)
erasing segment 60 (vno[0] = 139647)
erasing segment 61 (vno[0] = 141412)
erasing segment 62 (vno[0] = 149701)
mri_label2vol --defects /output/sourcedata/freesurfer/sub-1009/surf/rh.orig.nofix /output/sourcedata/freesurfer/sub-1009/surf/rh.defect_labels /output/sourcedata/freesurfer/sub-1009/mri/orig.mgz 2000 0 /output/sourcedata/freesurfer/sub-1009/mri/rh.surface.defects.mgz /output/sourcedata/freesurfer/sub-1009/label/rh.nofix.cortex.label
mri_label2vol supposed to be reproducible but seed not set
Contraining to label /output/sourcedata/freesurfer/sub-1009/label/rh.nofix.cortex.label
Changing input type 0 to MRI_INT
Converting defects to volume: offset=2000, merge=0
Writing to /output/sourcedata/freesurfer/sub-1009/mri/rh.surface.defects.mgz
mris_defects_pointset -s /output/sourcedata/freesurfer/sub-1009/surf/rh.orig.nofix -d /output/sourcedata/freesurfer/sub-1009/surf/rh.defect_labels -o /output/sourcedata/freesurfer/sub-1009/surf/rh.defects.pointset --label /output/sourcedata/freesurfer/sub-1009/label/rh.nofix.cortex.label
Reading in surface /output/sourcedata/freesurfer/sub-1009/surf/rh.orig.nofix
Reading in defect segmentation /output/sourcedata/freesurfer/sub-1009/surf/rh.defect_labels
Reading in label /output/sourcedata/freesurfer/sub-1009/label/rh.nofix.cortex.label
#VMPC# mris_defects_pointset 730256
mris_defects_pointset done
 
Started at Wed Dec 13 17:29:30 UTC 2023 
Ended   at Wed Dec 13 17:29:44 UTC 2023
Defect2seg-Run-Time-Sec 14
Defect2seg-Run-Time-Min 0.28
Defect2seg-Run-Time-Hours 0.00
 
defect2seg Done
