status file for recon-all
Wed Dec 13 16:34:12 UTC 2023
#@# Tessellate lh Wed Dec 13 16:34:12 UTC 2023
#@# Smooth1 lh Wed Dec 13 16:34:17 UTC 2023
#@# Inflation1 lh Wed Dec 13 16:34:20 UTC 2023
#@# QSphere lh Wed Dec 13 16:34:29 UTC 2023
#@# Fix Topology lh Wed Dec 13 16:35:21 UTC 2023
#@# Smooth2 lh Wed Dec 13 16:57:36 UTC 2023
#@# Inflation2 lh Wed Dec 13 16:57:39 UTC 2023
#@# Curv .H and .K lh Wed Dec 13 16:57:48 UTC 2023
#@# Sphere lh Wed Dec 13 16:58:30 UTC 2023
#@# Surf Reg lh Wed Dec 13 17:01:55 UTC 2023
#@# Jacobian white lh Wed Dec 13 17:05:13 UTC 2023
#@# AvgCurv lh Wed Dec 13 17:05:14 UTC 2023
#@# Cortical Parc lh Wed Dec 13 17:05:15 UTC 2023
#@# white curv lh Wed Dec 13 17:10:47 UTC 2023
#@# white area lh Wed Dec 13 17:10:49 UTC 2023
#@# pial curv lh Wed Dec 13 17:10:49 UTC 2023
#@# pial area lh Wed Dec 13 17:10:51 UTC 2023
#@# thickness lh Wed Dec 13 17:10:52 UTC 2023
#@# area and vertex vol lh Wed Dec 13 17:11:16 UTC 2023
#@# Curvature Stats lh Wed Dec 13 17:11:18 UTC 2023
#@# Cortical Parc 2 lh Wed Dec 13 17:11:21 UTC 2023
#@# Cortical Parc 3 lh Wed Dec 13 17:11:34 UTC 2023
#@# WM/GM Contrast lh Wed Dec 13 17:11:43 UTC 2023
recon-all -s sub-1009 finished without error at Wed Dec 13 17:11:49 UTC 2023



#New# invocation of recon-all 



status file for recon-all
Wed Dec 13 17:55:27 UTC 2023
#@# white curv lh Wed Dec 13 17:55:27 UTC 2023
#@# white area lh Wed Dec 13 17:55:27 UTC 2023
#@# pial curv lh Wed Dec 13 17:55:27 UTC 2023
#@# pial area lh Wed Dec 13 17:55:27 UTC 2023
#@# thickness lh Wed Dec 13 17:55:27 UTC 2023
#@# area and vertex vol lh Wed Dec 13 17:55:28 UTC 2023
#@# Parcellation Stats lh Wed Dec 13 17:55:28 UTC 2023
#@# Parcellation Stats 2 lh Wed Dec 13 17:55:47 UTC 2023
#@# Parcellation Stats 3 lh Wed Dec 13 17:55:57 UTC 2023
#@# BA_exvivo Labels lh Wed Dec 13 17:56:07 UTC 2023
recon-all -s sub-1009 finished without error at Wed Dec 13 17:58:38 UTC 2023
