status file for recon-all
Wed Dec 13 15:34:07 UTC 2023
#@# MotionCor Wed Dec 13 15:34:11 UTC 2023
#@# Talairach Wed Dec 13 15:34:21 UTC 2023
#@# Talairach Failure Detection Wed Dec 13 15:36:38 UTC 2023
#@# Nu Intensity Correction Wed Dec 13 15:36:38 UTC 2023
#@# Intensity Normalization Wed Dec 13 15:38:40 UTC 2023
recon-all -s sub-1009 finished without error at Wed Dec 13 15:39:29 UTC 2023



#New# invocation of recon-all 



status file for recon-all
Wed Dec 13 15:40:47 UTC 2023
#@# EM Registration Wed Dec 13 15:40:47 UTC 2023
recon-all -s sub-1009 finished without error at Wed Dec 13 15:42:31 UTC 2023



#New# invocation of recon-all 



status file for recon-all
Wed Dec 13 15:42:35 UTC 2023
#@# CA Normalize Wed Dec 13 15:42:35 UTC 2023
#@# CA Reg Wed Dec 13 15:43:13 UTC 2023
#@# SubCort Seg Wed Dec 13 16:03:48 UTC 2023
#@# CC Seg Wed Dec 13 16:30:18 UTC 2023
#@# Merge ASeg Wed Dec 13 16:30:38 UTC 2023
#@# Intensity Normalization2 Wed Dec 13 16:30:38 UTC 2023
#@# Mask BFS Wed Dec 13 16:31:55 UTC 2023
#@# WM Segmentation Wed Dec 13 16:31:56 UTC 2023
#@# Fill Wed Dec 13 16:33:19 UTC 2023
recon-all -s sub-1009 finished without error at Wed Dec 13 16:34:06 UTC 2023



#New# invocation of recon-all 



status file for recon-all
Wed Dec 13 17:51:04 UTC 2023
#@# white curv lh Wed Dec 13 17:51:04 UTC 2023
#@# white area lh Wed Dec 13 17:51:04 UTC 2023
#@# pial curv lh Wed Dec 13 17:51:04 UTC 2023
#@# pial area lh Wed Dec 13 17:51:04 UTC 2023
#@# thickness lh Wed Dec 13 17:51:04 UTC 2023
#@# area and vertex vol lh Wed Dec 13 17:51:04 UTC 2023
#@# white curv rh Wed Dec 13 17:51:04 UTC 2023
#@# white area rh Wed Dec 13 17:51:04 UTC 2023
#@# pial curv rh Wed Dec 13 17:51:04 UTC 2023
#@# pial area rh Wed Dec 13 17:51:05 UTC 2023
#@# thickness rh Wed Dec 13 17:51:05 UTC 2023
#@# area and vertex vol rh Wed Dec 13 17:51:05 UTC 2023
#@# Cortical ribbon mask Wed Dec 13 17:51:05 UTC 2023
recon-all -s sub-1009 finished without error at Wed Dec 13 17:55:21 UTC 2023



#New# invocation of recon-all 



status file for recon-all
Wed Dec 13 18:01:53 UTC 2023
#@# white curv lh Wed Dec 13 18:01:54 UTC 2023
#@# white area lh Wed Dec 13 18:01:54 UTC 2023
#@# pial curv lh Wed Dec 13 18:01:54 UTC 2023
#@# pial area lh Wed Dec 13 18:01:54 UTC 2023
#@# thickness lh Wed Dec 13 18:01:54 UTC 2023
#@# area and vertex vol lh Wed Dec 13 18:01:54 UTC 2023
#@# white curv rh Wed Dec 13 18:01:54 UTC 2023
#@# white area rh Wed Dec 13 18:01:54 UTC 2023
#@# pial curv rh Wed Dec 13 18:01:54 UTC 2023
#@# pial area rh Wed Dec 13 18:01:54 UTC 2023
#@# thickness rh Wed Dec 13 18:01:54 UTC 2023
#@# area and vertex vol rh Wed Dec 13 18:01:54 UTC 2023
#@# Curvature Stats lh Wed Dec 13 18:01:54 UTC 2023
#@# Curvature Stats rh Wed Dec 13 18:01:58 UTC 2023
#@# Relabel Hypointensities Wed Dec 13 18:02:01 UTC 2023
#@# APas-to-ASeg Wed Dec 13 18:02:13 UTC 2023
#@# AParc-to-ASeg aparc Wed Dec 13 18:02:22 UTC 2023
#@# AParc-to-ASeg aparc.a2009s Wed Dec 13 18:02:57 UTC 2023
#@# AParc-to-ASeg aparc.DKTatlas Wed Dec 13 18:03:32 UTC 2023
#@# WMParc Wed Dec 13 18:04:06 UTC 2023
#@# ASeg Stats Wed Dec 13 18:06:07 UTC 2023
recon-all -s sub-1009 finished without error at Wed Dec 13 18:06:44 UTC 2023
