status file for recon-all
Wed Dec 13 16:32:27 UTC 2023
#@# Tessellate lh Wed Dec 13 16:32:27 UTC 2023
#@# Smooth1 lh Wed Dec 13 16:32:30 UTC 2023
#@# Inflation1 lh Wed Dec 13 16:32:32 UTC 2023
#@# QSphere lh Wed Dec 13 16:32:40 UTC 2023
#@# Fix Topology lh Wed Dec 13 16:33:38 UTC 2023
#@# Smooth2 lh Wed Dec 13 16:55:51 UTC 2023
#@# Inflation2 lh Wed Dec 13 16:55:54 UTC 2023
#@# Curv .H and .K lh Wed Dec 13 16:56:03 UTC 2023
#@# Sphere lh Wed Dec 13 16:56:45 UTC 2023
#@# Surf Reg lh Wed Dec 13 17:03:46 UTC 2023
#@# Jacobian white lh Wed Dec 13 17:10:53 UTC 2023
#@# AvgCurv lh Wed Dec 13 17:10:54 UTC 2023
#@# Cortical Parc lh Wed Dec 13 17:10:55 UTC 2023
#@# white curv lh Wed Dec 13 17:18:36 UTC 2023
#@# white area lh Wed Dec 13 17:18:37 UTC 2023
#@# pial curv lh Wed Dec 13 17:18:38 UTC 2023
#@# pial area lh Wed Dec 13 17:18:39 UTC 2023
#@# thickness lh Wed Dec 13 17:18:40 UTC 2023
#@# area and vertex vol lh Wed Dec 13 17:19:02 UTC 2023
#@# Curvature Stats lh Wed Dec 13 17:19:04 UTC 2023
#@# Cortical Parc 2 lh Wed Dec 13 17:19:06 UTC 2023
#@# Cortical Parc 3 lh Wed Dec 13 17:19:16 UTC 2023
#@# WM/GM Contrast lh Wed Dec 13 17:19:24 UTC 2023
recon-all -s sub-1012 finished without error at Wed Dec 13 17:19:27 UTC 2023



#New# invocation of recon-all 



status file for recon-all
Wed Dec 13 18:06:25 UTC 2023
#@# white curv lh Wed Dec 13 18:06:25 UTC 2023
#@# white area lh Wed Dec 13 18:06:25 UTC 2023
#@# pial curv lh Wed Dec 13 18:06:25 UTC 2023
#@# pial area lh Wed Dec 13 18:06:25 UTC 2023
#@# thickness lh Wed Dec 13 18:06:25 UTC 2023
#@# area and vertex vol lh Wed Dec 13 18:06:25 UTC 2023
#@# Parcellation Stats lh Wed Dec 13 18:06:25 UTC 2023
#@# Parcellation Stats 2 lh Wed Dec 13 18:06:46 UTC 2023
#@# Parcellation Stats 3 lh Wed Dec 13 18:06:56 UTC 2023
#@# BA_exvivo Labels lh Wed Dec 13 18:07:06 UTC 2023
recon-all -s sub-1012 finished without error at Wed Dec 13 18:09:17 UTC 2023
