/output/sourcedata/freesurfer/sub-1009/mri
/opt/freesurfer/bin/talairach_avi
--i orig_nu.mgz --xfm transforms/talairach.auto.xfm
talairach_avi 7.3.2
Linux b8f1a1557485 5.15.133.1-microsoft-standard-WSL2 #1 SMP Thu Oct 5 21:02:42 UTC 2023 x86_64 x86_64 x86_64 GNU/Linux
Wed Dec 13 15:36:10 UTC 2023
mri_convert orig_nu.mgz talsrcimg.img 
reading from orig_nu.mgz...
TR=0.00, TE=0.00, TI=0.00, flip angle=0.00
i_ras = (-1, 0, 0)
j_ras = (0, 0, -1)
k_ras = (0, 1, 0)
writing to talsrcimg.img...
Analyze Output Matrix
-1.00000   0.00000   0.00000   130.00000;
 0.00000   0.00000   1.00000  -129.00000;
 0.00000  -1.00000   0.00000   129.00000;
 0.00000   0.00000   0.00000   1.00000;
--------------------
INFO: set hdr.hist.orient to -1
mpr2mni305 talsrcimg
Wed Dec 13 15:36:11 UTC 2023
/opt/freesurfer/bin/mpr2mni305 talsrcimg
mpr2mni305 7.3.2
target=711-2C_as_mni_average_305

---------------------------------------------------------------------
analyzeto4dfp talsrcimg -O0 -y
---------------------------------------------------------------------

freesurfer ifh2hdr.c
Wed Dec 13 15:36:12 2023
Writing: talsrcimg.4dfp.hdr
freesurfer analyzeto4dfp.c
Reading: talsrcimg.hdr
header size 348 bytes
hdr.dime.datatype	offset=70	value=2
hdr.dime.bitpix		offset=72	value=8
hdr.hist.orient		offset=252	value=-1
dimensionality     4
dimensions       256       256       256         1
Reading: talsrcimg.img
Writing: talsrcimg.4dfp.img
Writing: talsrcimg.4dfp.ifh
ifh2hdr talsrcimg -r0to255
ori=2

---------------------------------------------------------------------
gauss_4dfp talsrcimg 1.1
---------------------------------------------------------------------

freesurfer gauss_4dfp.c
Reading: talsrcimg.4dfp.img
Writing: talsrcimg_g11.4dfp.img
image dimensions 256 256 256 padded to 288 288 288
processing volume 1freesurfer ifh2hdr.c
Wed Dec 13 15:36:16 2023
Writing: talsrcimg_g11.4dfp.hdr

Writing: talsrcimg_g11.4dfp.ifh
including: talsrcimg.4dfp.img.rec in talsrcimg_g11.4dfp.img.rec

---------------------------------------------------------------------
imgreg_4dfp /opt/freesurfer/average/711-2C_as_mni_average_305 none talsrcimg_g11 none talsrcimg_to_711-2C_as_mni_average_305_t4 4355
---------------------------------------------------------------------

freesurfer imgreg_4dfp.c
/opt/freesurfer/average/711-2C_as_mni_average_305.4dfp.img
       256       256       256         1
  1.000000  1.000000  1.000000
orientation T byte_order littleendian
Reading image: /opt/freesurfer/average/711-2C_as_mni_average_305.4dfp.img
dimensions:      256       256       256
mmppix:       1.0000   -1.0000   -1.0000
center:     128.0000 -129.0000 -129.0000
talsrcimg_g11.4dfp.img
       256       256       256         1
  1.000000  1.000000  1.000000
orientation T byte_order littleendian
Reading image: talsrcimg_g11.4dfp.img
dimensions:      256       256       256
mmppix:       1.0000   -1.0000   -1.0000
center:     128.0000 -129.0000 -129.0000
t4_read: open error in t4_sub.f l:  41 t4_file(1:l)talsrcimg_to_711-2C_as_mni_average_305_t4 
t4_read: transform initialized to I4
rotation matrix determinant  1.000000
image alignment mode   4355 decimal     1103 hex
   -7.5000  -45.0000  -45.0000 7559.5918    7.7624
    0.0000  -45.0000  -45.0000 7843.4556    7.7904
    7.5000  -45.0000  -45.0000 7503.5991    7.7967
   -7.5000  -37.5000  -45.0000 7901.5405    7.7593
    0.0000  -37.5000  -45.0000 8202.9258    7.7878
    7.5000  -37.5000  -45.0000 7832.1924    7.7965
   -7.5000  -30.0000  -45.0000 8526.7891    7.7582
    0.0000  -30.0000  -45.0000 8852.6846    7.7862
    7.5000  -30.0000  -45.0000 8449.0127    7.7964
   -7.5000  -22.5000  -45.0000 9087.3096    7.7605
    0.0000  -22.5000  -45.0000 9445.1055    7.7874
    7.5000  -22.5000  -45.0000 9004.7061    7.7962
   -7.5000  -15.0000  -45.0000 9573.0078    7.7636
    0.0000  -15.0000  -45.0000 9946.2012    7.7896
    7.5000  -15.0000  -45.0000 9504.6514    7.7959
   -7.5000   -7.5000  -45.000010054.6729    7.7643
    0.0000   -7.5000  -45.000010442.9639    7.7910
    7.5000   -7.5000  -45.0000 9960.2080    7.7962
   -7.5000    0.0000  -45.000010490.5410    7.7624
    0.0000    0.0000  -45.000010878.4541    7.7904
    7.5000    0.0000  -45.000010336.5400    7.7967
   -7.5000    7.5000  -45.000010061.6348    7.7593
    0.0000    7.5000  -45.000010418.9053    7.7878
    7.5000    7.5000  -45.0000 9886.7656    7.7965
   -7.5000   15.0000  -45.0000 9529.6191    7.7582
    0.0000   15.0000  -45.0000 9867.9443    7.7862
    7.5000   15.0000  -45.0000 9350.7080    7.7964
   -7.5000   22.5000  -45.0000 8917.0938    7.7595
    0.0000   22.5000  -45.0000 9222.8584    7.7863
    7.5000   22.5000  -45.0000 8724.3203    7.7951
   -7.5000   30.0000  -45.0000 8212.2070    7.6601
    0.0000   30.0000  -45.0000 8472.8525    7.6858
    7.5000   30.0000  -45.0000 8006.3843    7.6920
   -7.5000   37.5000  -45.0000 7690.5146    7.6609
    0.0000   37.5000  -45.0000 7922.1138    7.6872
    7.5000   37.5000  -45.0000 7477.6216    7.6923
   -7.5000   45.0000  -45.0000 6817.6450    7.4653
    0.0000   45.0000  -45.0000 7031.5718    7.4923
    7.5000   45.0000  -45.0000 6624.5894    7.4983
   -7.5000  -45.0000  -37.5000 8102.8452    7.7147
    0.0000  -45.0000  -37.5000 8416.4414    7.7444
    7.5000  -45.0000  -37.5000 8045.5386    7.7532
   -7.5000  -37.5000  -37.5000 8473.1504    7.7103
    0.0000  -37.5000  -37.5000 8802.2930    7.7412
    7.5000  -37.5000  -37.5000 8393.9727    7.7527
   -7.5000  -30.0000  -37.5000 9127.2549    7.7081
    0.0000  -30.0000  -37.5000 9489.5791    7.7389
    7.5000  -30.0000  -37.5000 9041.3691    7.7514
   -7.5000  -22.5000  -37.5000 9721.1348    7.7109
    0.0000  -22.5000  -37.500010110.3730    7.7401
    7.5000  -22.5000  -37.5000 9624.8936    7.7502
   -7.5000  -15.0000  -37.500010257.6055    7.7152
    0.0000  -15.0000  -37.500010675.0303    7.7428
    7.5000  -15.0000  -37.500010150.8525    7.7501
   -7.5000   -7.5000  -37.500010781.1689    7.7169
    0.0000   -7.5000  -37.500011224.6953    7.7449
    7.5000   -7.5000  -37.500010638.7578    7.7517
   -7.5000    0.0000  -37.500011198.5625    7.7147
    0.0000    0.0000  -37.500011625.7920    7.7444
    7.5000    0.0000  -37.500011012.0225    7.7532
   -7.5000    7.5000  -37.500010703.4600    7.7103
    0.0000    7.5000  -37.500011079.3838    7.7412
    7.5000    7.5000  -37.500010507.3340    7.7527
   -7.5000   15.0000  -37.500010136.2822    7.7081
    0.0000   15.0000  -37.500010477.9863    7.7389
    7.5000   15.0000  -37.5000 9932.2598    7.7514
   -7.5000   22.5000  -37.5000 9480.8711    7.7098
    0.0000   22.5000  -37.5000 9801.7773    7.7390
    7.5000   22.5000  -37.5000 9274.8350    7.7492
   -7.5000   30.0000  -37.5000 8718.5869    7.6124
    0.0000   30.0000  -37.5000 8991.9131    7.6396
    7.5000   30.0000  -37.5000 8497.2383    7.6468
   -7.5000   37.5000  -37.5000 8151.0679    7.6141
    0.0000   37.5000  -37.5000 8394.8672    7.6417
    7.5000   37.5000  -37.5000 7910.8027    7.6484
   -7.5000   45.0000  -37.5000 7216.7690    7.4195
    0.0000   45.0000  -37.5000 7444.7720    7.4480
    7.5000   45.0000  -37.5000 7004.5430    7.4565
   -7.5000  -45.0000  -30.0000 8810.1240    8.0369
    0.0000  -45.0000  -30.0000 9153.3779    8.0672
    7.5000  -45.0000  -30.0000 8730.7832    8.0768
   -7.5000  -37.5000  -30.0000 9214.4395    8.0311
    0.0000  -37.5000  -30.0000 9575.4766    8.0629
    7.5000  -37.5000  -30.0000 9128.5557    8.0756
   -7.5000  -30.0000  -30.0000 9906.5508    8.0260
    0.0000  -30.0000  -30.000010302.0889    8.0578
    7.5000  -30.0000  -30.0000 9817.8545    8.0713
   -7.5000  -22.5000  -30.000010549.3057    8.0273
    0.0000  -22.5000  -30.000010967.4150    8.0570
    7.5000  -22.5000  -30.000010430.1719    8.0678
   -7.5000  -15.0000  -30.000011126.9863    8.0328
    0.0000  -15.0000  -30.000011583.6143    8.0606
    7.5000  -15.0000  -30.000010990.7461    8.0682
   -7.5000   -7.5000  -30.000011683.5127    8.0374
    0.0000   -7.5000  -30.000012154.5225    8.0657
    7.5000   -7.5000  -30.000011521.1699    8.0729
   -7.5000    0.0000  -30.000012086.2842    8.0369
    0.0000    0.0000  -30.000012548.3984    8.0672
    7.5000    0.0000  -30.000011894.9648    8.0768
   -7.5000    7.5000  -30.000011521.0068    8.0311
    0.0000    7.5000  -30.000011934.4980    8.0629
    7.5000    7.5000  -30.000011324.5996    8.0756
   -7.5000   15.0000  -30.000010907.4404    8.0260
    0.0000   15.0000  -30.000011274.1494    8.0578
    7.5000   15.0000  -30.000010701.5117    8.0713
   -7.5000   22.5000  -30.000010201.9893    8.0254
    0.0000   22.5000  -30.000010538.5498    8.0551
    7.5000   22.5000  -30.0000 9975.4404    8.0659
   -7.5000   30.0000  -30.0000 9367.4736    7.9266
    0.0000   30.0000  -30.0000 9654.0371    7.9540
    7.5000   30.0000  -30.0000 9119.2949    7.9615
   -7.5000   37.5000  -30.0000 8748.1982    7.9311
    0.0000   37.5000  -30.0000 9006.2764    7.9589
    7.5000   37.5000  -30.0000 8484.7285    7.9661
   -7.5000   45.0000  -30.0000 7727.7866    7.7351
    0.0000   45.0000  -30.0000 7966.7676    7.7642
    7.5000   45.0000  -30.0000 7493.2007    7.7735
   -7.5000  -45.0000  -22.5000 9504.1396    8.3216
    0.0000  -45.0000  -22.5000 9877.3594    8.3508
    7.5000  -45.0000  -22.5000 9438.6836    8.3580
   -7.5000  -37.5000  -22.5000 9951.3398    8.3154
    0.0000  -37.5000  -22.500010331.1377    8.3455
    7.5000  -37.5000  -22.5000 9864.7998    8.3559
   -7.5000  -30.0000  -22.500010687.4482    8.3081
    0.0000  -30.0000  -22.500011105.8193    8.3376
    7.5000  -30.0000  -22.500010596.4668    8.3493
   -7.5000  -22.5000  -22.500011368.8809    8.3075
    0.0000  -22.5000  -22.500011792.1650    8.3349
    7.5000  -22.5000  -22.500011244.8486    8.3446
   -7.5000  -15.0000  -22.500011981.2480    8.3131
    0.0000  -15.0000  -22.500012447.7930    8.3393
    7.5000  -15.0000  -22.500011853.9717    8.3459
   -7.5000   -7.5000  -22.500012552.8906    8.3199
    0.0000   -7.5000  -22.500013047.5127    8.3471
    7.5000   -7.5000  -22.500012414.1396    8.3528
   -7.5000    0.0000  -22.500012944.3838    8.3216
    0.0000    0.0000  -22.500013447.3623    8.3508
    7.5000    0.0000  -22.500012795.7822    8.3580
   -7.5000    7.5000  -22.500012321.3828    8.3154
    0.0000    7.5000  -22.500012759.6396    8.3455
    7.5000    7.5000  -22.500012145.1016    8.3559
   -7.5000   15.0000  -22.500011633.7637    8.3081
    0.0000   15.0000  -22.500012024.1172    8.3376
    7.5000   15.0000  -22.500011434.0635    8.3493
   -7.5000   22.5000  -22.500010875.3428    8.3049
    0.0000   22.5000  -22.500011215.6465    8.3323
    7.5000   22.5000  -22.500010632.8438    8.3420
   -7.5000   30.0000  -22.5000 9974.7236    8.2043
    0.0000   30.0000  -22.500010261.3252    8.2302
    7.5000   30.0000  -22.5000 9701.0498    8.2367
   -7.5000   37.5000  -22.5000 9310.2461    8.2111
    0.0000   37.5000  -22.5000 9571.4043    8.2380
    7.5000   37.5000  -22.5000 9025.4736    8.2435
   -7.5000   45.0000  -22.5000 8217.3633    8.0150
    0.0000   45.0000  -22.5000 8462.1064    8.0432
    7.5000   45.0000  -22.5000 7973.0229    8.0502
   -7.5000  -45.0000  -15.000010244.2549    8.5311
    0.0000  -45.0000  -15.000010642.4219    8.5593
    7.5000  -45.0000  -15.000010184.8516    8.5635
   -7.5000  -37.5000  -15.000010712.2559    8.5259
    0.0000  -37.5000  -15.000011119.4209    8.5542
    7.5000  -37.5000  -15.000010635.4961    8.5613
   -7.5000  -30.0000  -15.000011516.0811    8.5192
    0.0000  -30.0000  -15.000011952.4316    8.5462
    7.5000  -30.0000  -15.000011419.0293    8.5554
   -7.5000  -22.5000  -15.000012215.9961    8.5178
    0.0000  -22.5000  -15.000012654.2383    8.5434
    7.5000  -22.5000  -15.000012089.6543    8.5517
   -7.5000  -15.0000  -15.000012844.8867    8.5223
    0.0000  -15.0000  -15.000013314.8633    8.5476
    7.5000  -15.0000  -15.000012741.9727    8.5533
   -7.5000   -7.5000  -15.000013414.1328    8.5288
    0.0000   -7.5000  -15.000013907.3301    8.5555
    7.5000   -7.5000  -15.000013322.0801    8.5593
   -7.5000    0.0000  -15.000013796.8750    8.5311
    0.0000    0.0000  -15.000014302.3955    8.5593
    7.5000    0.0000  -15.000013704.1113    8.5635
   -7.5000    7.5000  -15.000013085.1855    8.5259
    0.0000    7.5000  -15.000013547.7246    8.5542
    7.5000    7.5000  -15.000012962.6064    8.5613
   -7.5000   15.0000  -15.000012322.9639    8.5192
    0.0000   15.0000  -15.000012745.2109    8.5462
    7.5000   15.0000  -15.000012160.1348    8.5554
   -7.5000   22.5000  -15.000011475.3105    8.5148
    0.0000   22.5000  -15.000011831.0693    8.5404
    7.5000   22.5000  -15.000011248.2754    8.5487
   -7.5000   30.0000  -15.000010513.1494    8.4120
    0.0000   30.0000  -15.000010805.0557    8.4370
    7.5000   30.0000  -15.000010252.4434    8.4426
   -7.5000   37.5000  -15.0000 9818.8486    8.4185
    0.0000   37.5000  -15.000010087.6279    8.4448
    7.5000   37.5000  -15.0000 9560.6973    8.4485
   -7.5000   45.0000  -15.0000 8688.1104    8.2217
    0.0000   45.0000  -15.0000 8927.1865    8.2490
    7.5000   45.0000  -15.0000 8456.4971    8.2531
   -7.5000  -45.0000   -7.500011096.7334    8.6316
    0.0000  -45.0000   -7.500011520.2822    8.6609
    7.5000  -45.0000   -7.500011013.9004    8.6652
   -7.5000  -37.5000   -7.500011539.0225    8.6279
    0.0000  -37.5000   -7.500011974.8848    8.6570
    7.5000  -37.5000   -7.500011446.4082    8.6639
   -7.5000  -30.0000   -7.500012370.4736    8.6242
    0.0000  -30.0000   -7.500012832.3535    8.6522
    7.5000  -30.0000   -7.500012253.9971    8.6612
   -7.5000  -22.5000   -7.500013084.2041    8.6246
    0.0000  -22.5000   -7.500013546.9912    8.6514
    7.5000  -22.5000   -7.500012968.1562    8.6599
   -7.5000  -15.0000   -7.500013716.6494    8.6280
    0.0000  -15.0000   -7.500014210.3311    8.6547
    7.5000  -15.0000   -7.500013656.8184    8.6607
   -7.5000   -7.5000   -7.500014264.8916    8.6314
    0.0000   -7.5000   -7.500014798.3398    8.6594
    7.5000   -7.5000   -7.500014222.6172    8.6634
   -7.5000    0.0000   -7.500014651.4824    8.6316
    0.0000    0.0000   -7.500015177.4795    8.6609
    7.5000    0.0000   -7.500014579.1328    8.6652
   -7.5000    7.5000   -7.500013874.5146    8.6279
    0.0000    7.5000   -7.500014351.5195    8.6570
    7.5000    7.5000   -7.500013782.6260    8.6639
   -7.5000   15.0000   -7.500013017.0703    8.6242
    0.0000   15.0000   -7.500013442.4023    8.6522
    7.5000   15.0000   -7.500012881.3271    8.6612
   -7.5000   22.5000   -7.500012059.4590    8.6206
    0.0000   22.5000   -7.500012426.1514    8.6474
    7.5000   22.5000   -7.500011890.2852    8.6559
   -7.5000   30.0000   -7.500011014.7100    8.5161
    0.0000   30.0000   -7.500011319.3145    8.5425
    7.5000   30.0000   -7.500010827.2100    8.5484
   -7.5000   37.5000   -7.500010311.4355    8.5195
    0.0000   37.5000   -7.500010594.8184    8.5471
    7.5000   37.5000   -7.500010122.1416    8.5510
   -7.5000   45.0000   -7.5000 9151.6895    8.3202
    0.0000   45.0000   -7.5000 9404.5371    8.3484
    7.5000   45.0000   -7.5000 8972.6875    8.3525
   -7.5000  -45.0000    0.000011946.8975    8.6419
    0.0000  -45.0000    0.000012408.9580    8.6736
    7.5000  -45.0000    0.000011838.6074    8.6807
   -7.5000  -37.5000    0.000012378.1064    8.6383
    0.0000  -37.5000    0.000012848.9062    8.6704
    7.5000  -37.5000    0.000012252.2490    8.6802
   -7.5000  -30.0000    0.000013168.4590    8.6370
    0.0000  -30.0000    0.000013648.8135    8.6684
    7.5000  -30.0000    0.000013021.2383    8.6798
   -7.5000  -22.5000    0.000013822.5723    8.6398
    0.0000  -22.5000    0.000014307.1113    8.6699
    7.5000  -22.5000    0.000013743.1768    8.6797
   -7.5000  -15.0000    0.000014428.5752    8.6433
    0.0000  -15.0000    0.000014970.7109    8.6726
    7.5000  -15.0000    0.000014428.2119    8.6797
   -7.5000   -7.5000    0.000015002.6270    8.6442
    0.0000   -7.5000    0.000015571.0068    8.6743
    7.5000   -7.5000    0.000015000.0996    8.6802
   -7.5000    0.0000    0.000015409.6582    8.6419
    0.0000    0.0000    0.000015962.7588    8.6736
    7.5000    0.0000    0.000015363.0049    8.6807
   -7.5000    7.5000    0.000014577.0879    8.6383
    0.0000    7.5000    0.000015085.2764    8.6704
    7.5000    7.5000    0.000014512.7646    8.6802
   -7.5000   15.0000    0.000013651.4219    8.6370
    0.0000   15.0000    0.000014090.6455    8.6684
    7.5000   15.0000    0.000013547.1406    8.6798
   -7.5000   22.5000    0.000012592.1973    8.6358
    0.0000   22.5000    0.000012967.1807    8.6659
    7.5000   22.5000    0.000012477.7070    8.6757
   -7.5000   30.0000    0.000011464.5957    8.5315
    0.0000   30.0000    0.000011761.9570    8.5604
    7.5000   30.0000    0.000011345.8047    8.5674
   -7.5000   37.5000    0.000010745.2998    8.5323
    0.0000   37.5000    0.000011025.4697    8.5621
    7.5000   37.5000    0.000010630.9023    8.5679
   -7.5000   45.0000    0.0000 9569.2471    8.3307
    0.0000   45.0000    0.0000 9829.0225    8.3613
    7.5000   45.0000    0.0000 9448.3271    8.3681
   -7.5000  -45.0000    7.500011897.6963    8.6329
    0.0000  -45.0000    7.500012365.6484    8.6661
    7.5000  -45.0000    7.500011763.0381    8.6759
   -7.5000  -37.5000    7.500012300.1553    8.6279
    0.0000  -37.5000    7.500012771.8037    8.6625
    7.5000  -37.5000    7.500012139.4043    8.6754
   -7.5000  -30.0000    7.500012910.7969    8.6255
    0.0000  -30.0000    7.500013343.1025    8.6600
    7.5000  -30.0000    7.500012768.2363    8.6739
   -7.5000  -22.5000    7.500013362.3887    8.6286
    0.0000  -22.5000    7.500013822.3242    8.6612
    7.5000  -22.5000    7.500013386.6943    8.6726
   -7.5000  -15.0000    7.500013933.6953    8.6335
    0.0000  -15.0000    7.500014458.3623    8.6643
    7.5000  -15.0000    7.500013991.4893    8.6725
   -7.5000   -7.5000    7.500014546.6250    8.6354
    0.0000   -7.5000    7.500015097.6660    8.6666
    7.5000   -7.5000    7.500014554.3525    8.6742
   -7.5000    0.0000    7.500014952.1875    8.6329
    0.0000    0.0000    7.500015512.5576    8.6661
    7.5000    0.0000    7.500014946.0879    8.6759
   -7.5000    7.5000    7.500014146.6172    8.6279
    0.0000    7.5000    7.500014647.2080    8.6625
    7.5000    7.5000    7.500014147.7402    8.6754
   -7.5000   15.0000    7.500013239.1826    8.6255
    0.0000   15.0000    7.500013674.1377    8.6600
    7.5000   15.0000    7.500013213.3105    8.6739
   -7.5000   22.5000    7.500012190.8379    8.6246
    0.0000   22.5000    7.500012573.1748    8.6572
    7.5000   22.5000    7.500012151.8369    8.6686
   -7.5000   30.0000    7.500011074.3281    8.5218
    0.0000   30.0000    7.500011389.9189    8.5522
    7.5000   30.0000    7.500011028.9756    8.5602
   -7.5000   37.5000    7.500010393.2070    8.5236
    0.0000   37.5000    7.500010677.5791    8.5545
    7.5000   37.5000    7.500010327.9678    8.5620
   -7.5000   45.0000    7.5000 9293.7197    8.3221
    0.0000   45.0000    7.5000 9540.2217    8.3541
    7.5000   45.0000    7.5000 9198.0645    8.3636
   -7.5000  -45.0000   15.000011678.8389    8.6303
    0.0000  -45.0000   15.000012125.7812    8.6628
    7.5000  -45.0000   15.000011508.8018    8.6732
   -7.5000  -37.5000   15.000012026.5518    8.6240
    0.0000  -37.5000   15.000012462.4834    8.6582
    7.5000  -37.5000   15.000011855.5381    8.6719
   -7.5000  -30.0000   15.000012454.8125    8.6187
    0.0000  -30.0000   15.000012842.3955    8.6528
    7.5000  -30.0000   15.000012422.9688    8.6673
   -7.5000  -22.5000   15.000012816.4268    8.6200
    0.0000  -22.5000   15.000013225.5039    8.6519
    7.5000  -22.5000   15.000012929.7568    8.6635
   -7.5000  -15.0000   15.000013372.4531    8.6260
    0.0000  -15.0000   15.000013837.6680    8.6558
    7.5000  -15.0000   15.000013466.0625    8.6640
   -7.5000   -7.5000   15.000013980.9629    8.6309
    0.0000   -7.5000   15.000014486.7422    8.6612
    7.5000   -7.5000   15.000014026.8691    8.6690
   -7.5000    0.0000   15.000014404.0508    8.6303
    0.0000    0.0000   15.000014925.2012    8.6628
    7.5000    0.0000   15.000014454.4922    8.6732
   -7.5000    7.5000   15.000013677.6543    8.6240
    0.0000    7.5000   15.000014146.4824    8.6582
    7.5000    7.5000   15.000013710.0566    8.6719
   -7.5000   15.0000   15.000012832.6172    8.6187
    0.0000   15.0000   15.000013251.2246    8.6528
    7.5000   15.0000   15.000012814.4043    8.6673
   -7.5000   22.5000   15.000011809.2158    8.6160
    0.0000   22.5000   15.000012186.6484    8.6480
    7.5000   22.5000   15.000011789.7168    8.6596
   -7.5000   30.0000   15.000010711.1250    8.5143
    0.0000   30.0000   15.000011026.0566    8.5438
    7.5000   30.0000   15.000010688.9326    8.5518
   -7.5000   37.5000   15.000010024.9951    8.5192
    0.0000   37.5000   15.000010310.4062    8.5491
    7.5000   37.5000   15.0000 9974.8418    8.5568
   -7.5000   45.0000   15.0000 8947.2559    8.3197
    0.0000   45.0000   15.0000 9194.5117    8.3510
    7.5000   45.0000   15.0000 8872.3125    8.3610
   -7.5000  -45.0000   22.500011221.9785    8.6384
    0.0000  -45.0000   22.500011665.2002    8.6687
    7.5000  -45.0000   22.500011059.7773    8.6763
   -7.5000  -37.5000   22.500011552.3486    8.6320
    0.0000  -37.5000   22.500012008.3896    8.6633
    7.5000  -37.5000   22.500011437.3369    8.6741
   -7.5000  -30.0000   22.500012054.4502    8.6245
    0.0000  -30.0000   22.500012478.3945    8.6551
    7.5000  -30.0000   22.500012054.3115    8.6673
   -7.5000  -22.5000   22.500012495.5469    8.6238
    0.0000  -22.5000   22.500012890.9746    8.6523
    7.5000  -22.5000   22.500012547.8887    8.6624
   -7.5000  -15.0000   22.500012995.1836    8.6296
    0.0000  -15.0000   22.500013396.7773    8.6568
    7.5000  -15.0000   22.500013027.5586    8.6637
   -7.5000   -7.5000   22.500013542.6504    8.6367
    0.0000   -7.5000   22.500013969.2598    8.6650
    7.5000   -7.5000   22.500013553.1611    8.6708
   -7.5000    0.0000   22.500013953.7715    8.6384
    0.0000    0.0000   22.500014406.0381    8.6687
    7.5000    0.0000   22.500013968.3066    8.6763
   -7.5000    7.5000   22.500013289.8857    8.6320
    0.0000    7.5000   22.500013732.6543    8.6633
    7.5000    7.5000   22.500013279.9180    8.6741
   -7.5000   15.0000   22.500012445.2910    8.6245
    0.0000   15.0000   22.500012867.1719    8.6551
    7.5000   15.0000   22.500012399.0283    8.6673
   -7.5000   22.5000   22.500011396.1748    8.6199
    0.0000   22.5000   22.500011789.3848    8.6483
    7.5000   22.5000   22.500011358.0674    8.6584
   -7.5000   30.0000   22.500010271.7861    8.5179
    0.0000   30.0000   22.500010607.3789    8.5448
    7.5000   30.0000   22.500010249.7383    8.5516
   -7.5000   37.5000   22.5000 9572.1240    8.5250
    0.0000   37.5000   22.5000 9878.1816    8.5529
    7.5000   37.5000   22.5000 9533.3936    8.5586
   -7.5000   45.0000   22.5000 8511.9316    8.3275
    0.0000   45.0000   22.5000 8769.0107    8.3567
    7.5000   45.0000   22.5000 8453.8564    8.3640
   -7.5000  -45.0000   30.000010574.5166    8.6482
    0.0000  -45.0000   30.000011005.5576    8.6768
    7.5000  -45.0000   30.000010455.4990    8.6810
   -7.5000  -37.5000   30.000010923.2119    8.6429
    0.0000  -37.5000   30.000011366.9482    8.6716
    7.5000  -37.5000   30.000010838.6650    8.6788
   -7.5000  -30.0000   30.000011546.0586    8.6361
    0.0000  -30.0000   30.000011992.7881    8.6635
    7.5000  -30.0000   30.000011499.1367    8.6728
   -7.5000  -22.5000   30.000012104.2012    8.6347
    0.0000  -22.5000   30.000012561.4238    8.6606
    7.5000  -22.5000   30.000012041.9150    8.6690
   -7.5000  -15.0000   30.000012620.3916    8.6393
    0.0000  -15.0000   30.000013086.7783    8.6649
    7.5000  -15.0000   30.000012542.7354    8.6707
   -7.5000   -7.5000   30.000013109.7607    8.6459
    0.0000   -7.5000   30.000013573.4697    8.6729
    7.5000   -7.5000   30.000013016.8809    8.6767
   -7.5000    0.0000   30.000013456.6289    8.6482
    0.0000    0.0000   30.000013924.7559    8.6768
    7.5000    0.0000   30.000013385.1895    8.6810
   -7.5000    7.5000   30.000012785.7871    8.6429
    0.0000    7.5000   30.000013233.9414    8.6716
    7.5000    7.5000   30.000012701.5254    8.6788
   -7.5000   15.0000   30.000011919.2451    8.6361
    0.0000   15.0000   30.000012340.6201    8.6635
    7.5000   15.0000   30.000011849.0684    8.6728
   -7.5000   22.5000   30.000010877.0674    8.6307
    0.0000   22.5000   30.000011256.1885    8.6566
    7.5000   22.5000   30.000010826.5654    8.6651
   -7.5000   30.0000   30.0000 9783.4014    8.5274
    0.0000   30.0000   30.000010106.3506    8.5528
    7.5000   30.0000   30.0000 9742.8770    8.5584
   -7.5000   37.5000   30.0000 9075.0557    8.5340
    0.0000   37.5000   30.0000 9354.3252    8.5607
    7.5000   37.5000   30.0000 9009.7500    8.5644
   -7.5000   45.0000   30.0000 8001.0210    8.3368
    0.0000   45.0000   30.0000 8246.8213    8.3644
    7.5000   45.0000   30.0000 7943.0918    8.3685
   -7.5000  -45.0000   37.500010266.5615    8.6491
    0.0000  -45.0000   37.500010661.4570    8.6784
    7.5000  -45.0000   37.500010173.6934    8.6827
   -7.5000  -37.5000   37.500010639.4033    8.6453
    0.0000  -37.5000   37.500011055.9248    8.6745
    7.5000  -37.5000   37.500010559.3984    8.6813
   -7.5000  -30.0000   37.500011334.7920    8.6416
    0.0000  -30.0000   37.500011777.9609    8.6696
    7.5000  -30.0000   37.500011238.7705    8.6787
   -7.5000  -22.5000   37.500011965.2910    8.6420
    0.0000  -22.5000   37.500012428.2139    8.6689
    7.5000  -22.5000   37.500011840.3867    8.6773
   -7.5000  -15.0000   37.500012502.2441    8.6454
    0.0000  -15.0000   37.500012975.3428    8.6722
    7.5000  -15.0000   37.500012374.0107    8.6782
   -7.5000   -7.5000   37.500012986.6709    8.6488
    0.0000   -7.5000   37.500013479.8818    8.6769
    7.5000   -7.5000   37.500012845.6826    8.6809
   -7.5000    0.0000   37.500013305.2539    8.6491
    0.0000    0.0000   37.500013802.8535    8.6784
    7.5000    0.0000   37.500013160.3457    8.6827
   -7.5000    7.5000   37.500012584.9023    8.6453
    0.0000    7.5000   37.500013055.2852    8.6745
    7.5000    7.5000   37.500012442.0254    8.6813
   -7.5000   15.0000   37.500011686.8672    8.6416
    0.0000   15.0000   37.500012119.7129    8.6696
    7.5000   15.0000   37.500011586.9531    8.6787
   -7.5000   22.5000   37.500010642.1416    8.6381
    0.0000   22.5000   37.500011031.4150    8.6649
    7.5000   22.5000   37.500010579.5449    8.6733
   -7.5000   30.0000   37.5000 9586.8096    8.5336
    0.0000   30.0000   37.5000 9917.6084    8.5600
    7.5000   30.0000   37.5000 9520.6611    8.5659
   -7.5000   37.5000   37.5000 8862.8105    8.5369
    0.0000   37.5000   37.5000 9146.9531    8.5646
    7.5000   37.5000   37.5000 8774.7109    8.5685
   -7.5000   45.0000   37.5000 7779.2085    8.3376
    0.0000   45.0000   37.5000 8021.9541    8.3659
    7.5000   45.0000   37.5000 7696.9507    8.3700
   -7.5000  -45.0000   45.0000 9460.7158    8.5890
    0.0000  -45.0000   45.0000 9836.2832    8.6207
    7.5000  -45.0000   45.0000 9383.9688    8.6280
   -7.5000  -37.5000   45.0000 9824.6895    8.5854
    0.0000  -37.5000   45.000010213.5752    8.6175
    7.5000  -37.5000   45.0000 9747.5117    8.6275
   -7.5000  -30.0000   45.000010484.5479    8.5842
    0.0000  -30.0000   45.000010893.0908    8.6156
    7.5000  -30.0000   45.000010395.8271    8.6271
   -7.5000  -22.5000   45.000011092.7666    8.5869
    0.0000  -22.5000   45.000011522.4775    8.6170
    7.5000  -22.5000   45.000010966.4072    8.6270
   -7.5000  -15.0000   45.000011608.1348    8.5904
    0.0000  -15.0000   45.000012053.2051    8.6196
    7.5000  -15.0000   45.000011476.7988    8.6269
   -7.5000   -7.5000   45.000012050.5342    8.5913
    0.0000   -7.5000   45.000012513.6709    8.6214
    7.5000   -7.5000   45.000011907.8301    8.6275
   -7.5000    0.0000   45.000012335.2402    8.5890
    0.0000    0.0000   45.000012811.2783    8.6207
    7.5000    0.0000   45.000012187.6328    8.6280
   -7.5000    7.5000   45.000011668.0947    8.5854
    0.0000    7.5000   45.000012106.0840    8.6175
    7.5000    7.5000   45.000011521.2773    8.6275
   -7.5000   15.0000   45.000010842.4492    8.5842
    0.0000   15.0000   45.000011248.0020    8.6156
    7.5000   15.0000   45.000010726.6230    8.6271
   -7.5000   22.5000   45.0000 9884.7578    8.5829
    0.0000   22.5000   45.000010247.1396    8.6130
    7.5000   22.5000   45.0000 9800.8809    8.6230
   -7.5000   30.0000   45.0000 8915.4404    8.4785
    0.0000   30.0000   45.0000 9221.9219    8.5074
    7.5000   30.0000   45.0000 8825.2998    8.5145
   -7.5000   37.5000   45.0000 8216.6162    8.4794
    0.0000   37.5000   45.0000 8487.2402    8.5091
    7.5000   37.5000   45.0000 8132.0078    8.5151
   -7.5000   45.0000   45.0000 7203.1465    8.2835
    0.0000   45.0000   45.0000 7424.5908    8.3140
    7.5000   45.0000   45.0000 7116.3315    8.3211

---------------------------------------------------------------------
imgreg_4dfp /opt/freesurfer/average/711-2C_as_mni_average_305 /opt/freesurfer/average/711-2B_as_mni_average_305_mask talsrcimg_g11 none talsrcimg_to_711-2C_as_mni_average_305_t4 4355
---------------------------------------------------------------------

freesurfer imgreg_4dfp.c
/opt/freesurfer/average/711-2C_as_mni_average_305.4dfp.img
       256       256       256         1
  1.000000  1.000000  1.000000
orientation T byte_order littleendian
Reading image: /opt/freesurfer/average/711-2C_as_mni_average_305.4dfp.img
dimensions:      256       256       256
mmppix:       1.0000   -1.0000   -1.0000
center:     128.0000 -129.0000 -129.0000
/opt/freesurfer/average/711-2B_as_mni_average_305_mask.4dfp.img
       256       256       256         1
  1.000000  1.000000  1.000000
orientation T byte_order littleendian
Reading mask: /opt/freesurfer/average/711-2B_as_mni_average_305_mask.4dfp.img (2306576 pixels)
talsrcimg_g11.4dfp.img
       256       256       256         1
  1.000000  1.000000  1.000000
orientation T byte_order littleendian
Reading image: talsrcimg_g11.4dfp.img
dimensions:      256       256       256
mmppix:       1.0000   -1.0000   -1.0000
center:     128.0000 -129.0000 -129.0000
rotation matrix determinant  1.000000
image alignment mode   4355 decimal     1103 hex
   -7.5000  -45.0000  -45.0000 2002.5044    8.0162
    0.0000  -45.0000  -45.0000 2004.9708    7.9883
    7.5000  -45.0000  -45.0000 1991.4503    8.1161
   -7.5000  -37.5000  -45.0000 2057.0693    7.5559
    0.0000  -37.5000  -45.0000 2062.2034    7.5222
    7.5000  -37.5000  -45.0000 2046.4387    7.6333
   -7.5000  -30.0000  -45.0000 2095.5923    7.2726
    0.0000  -30.0000  -45.0000 2104.3232    7.2303
    7.5000  -30.0000  -45.0000 2088.0508    7.3180
   -7.5000  -22.5000  -45.0000 2116.4683    7.1141
    0.0000  -22.5000  -45.0000 2124.9939    7.0886
    7.5000  -22.5000  -45.0000 2102.6360    7.1898
   -7.5000  -15.0000  -45.0000 2103.2942    7.1950
    0.0000  -15.0000  -45.0000 2113.5916    7.1509
    7.5000  -15.0000  -45.0000 2090.1912    7.2701
   -7.5000   -7.5000  -45.0000 2071.8340    7.4147
    0.0000   -7.5000  -45.0000 2083.1631    7.3695
    7.5000   -7.5000  -45.0000 2061.3135    7.4810
   -7.5000    0.0000  -45.0000 2026.9733    7.7617
    0.0000    0.0000  -45.0000 2038.4457    7.7181
    7.5000    0.0000  -45.0000 2016.6136    7.8400
   -7.5000    7.5000  -45.0000 1964.4575    8.2751
    0.0000    7.5000  -45.0000 1976.1484    8.2262
    7.5000    7.5000  -45.0000 1953.8011    8.3600
   -7.5000   15.0000  -45.0000 1886.8458    8.9675
    0.0000   15.0000  -45.0000 1899.9490    8.9377
    7.5000   15.0000  -45.0000 1873.7316    9.0940
   -7.5000   22.5000  -45.0000 1797.3073    9.9077
    0.0000   22.5000  -45.0000 1806.5435    9.8947
    7.5000   22.5000  -45.0000 1779.5979   10.0602
   -7.5000   30.0000  -45.0000 1686.8623   11.1978
    0.0000   30.0000  -45.0000 1694.7627   11.1908
    7.5000   30.0000  -45.0000 1668.5350   11.3491
   -7.5000   37.5000  -45.0000 1568.0344   12.9321
    0.0000   37.5000  -45.0000 1570.7180   12.9569
    7.5000   37.5000  -45.0000 1545.9501   13.1267
   -7.5000   45.0000  -45.0000 1430.2786   15.3613
    0.0000   45.0000  -45.0000 1434.3217   15.4094
    7.5000   45.0000  -45.0000 1407.8265   15.6317
   -7.5000  -45.0000  -37.5000 2100.2793    7.3304
    0.0000  -45.0000  -37.5000 2103.8574    7.3062
    7.5000  -45.0000  -37.5000 2085.8303    7.4377
   -7.5000  -37.5000  -37.5000 2158.3970    6.9049
    0.0000  -37.5000  -37.5000 2162.9939    6.8752
    7.5000  -37.5000  -37.5000 2145.3728    6.9858
   -7.5000  -30.0000  -37.5000 2199.4968    6.6224
    0.0000  -30.0000  -37.5000 2206.7646    6.5860
    7.5000  -30.0000  -37.5000 2187.4771    6.6846
   -7.5000  -22.5000  -37.5000 2215.5574    6.4973
    0.0000  -22.5000  -37.5000 2223.4919    6.4674
    7.5000  -22.5000  -37.5000 2203.6514    6.5555
   -7.5000  -15.0000  -37.5000 2209.9116    6.5349
    0.0000  -15.0000  -37.5000 2217.0676    6.5049
    7.5000  -15.0000  -37.5000 2194.5364    6.6145
   -7.5000   -7.5000  -37.5000 2181.2839    6.7182
    0.0000   -7.5000  -37.5000 2192.3389    6.6825
    7.5000   -7.5000  -37.5000 2165.4561    6.7986
   -7.5000    0.0000  -37.5000 2132.8508    7.0325
    0.0000    0.0000  -37.5000 2143.8652    6.9873
    7.5000    0.0000  -37.5000 2117.3799    7.1134
   -7.5000    7.5000  -37.5000 2064.9187    7.4903
    0.0000    7.5000  -37.5000 2076.0598    7.4431
    7.5000    7.5000  -37.5000 2052.2773    7.5862
   -7.5000   15.0000  -37.5000 1983.3541    8.1101
    0.0000   15.0000  -37.5000 1992.3456    8.0722
    7.5000   15.0000  -37.5000 1966.2638    8.2409
   -7.5000   22.5000  -37.5000 1887.5486    8.9504
    0.0000   22.5000  -37.5000 1896.0024    8.9223
    7.5000   22.5000  -37.5000 1867.6796    9.1045
   -7.5000   30.0000  -37.5000 1771.9943   10.0902
    0.0000   30.0000  -37.5000 1780.8168   10.0748
    7.5000   30.0000  -37.5000 1754.7980   10.2494
   -7.5000   37.5000  -37.5000 1645.5128   11.6202
    0.0000   37.5000  -37.5000 1650.7833   11.6180
    7.5000   37.5000  -37.5000 1623.4128   11.8130
   -7.5000   45.0000  -37.5000 1504.5093   13.7566
    0.0000   45.0000  -37.5000 1514.0503   13.7578
    7.5000   45.0000  -37.5000 1483.4700   13.9855
   -7.5000  -45.0000  -30.0000 2234.2349    6.9644
    0.0000  -45.0000  -30.0000 2239.6079    6.9363
    7.5000  -45.0000  -30.0000 2214.2161    7.0759
   -7.5000  -37.5000  -30.0000 2305.3477    6.5316
    0.0000  -37.5000  -30.0000 2309.7737    6.5060
    7.5000  -37.5000  -30.0000 2288.5007    6.6223
   -7.5000  -30.0000  -30.0000 2347.2666    6.2564
    0.0000  -30.0000  -30.0000 2350.8899    6.2368
    7.5000  -30.0000  -30.0000 2331.7886    6.3421
   -7.5000  -22.5000  -30.0000 2361.8718    6.1474
    0.0000  -22.5000  -30.0000 2369.7131    6.1285
    7.5000  -22.5000  -30.0000 2348.1086    6.2189
   -7.5000  -15.0000  -30.0000 2358.3975    6.1592
    0.0000  -15.0000  -30.0000 2366.3650    6.1393
    7.5000  -15.0000  -30.0000 2344.7600    6.2404
   -7.5000   -7.5000  -30.0000 2337.8599    6.3110
    0.0000   -7.5000  -30.0000 2348.0532    6.2797
    7.5000   -7.5000  -30.0000 2319.7261    6.4008
   -7.5000    0.0000  -30.0000 2287.5276    6.5967
    0.0000    0.0000  -30.0000 2296.6340    6.5590
    7.5000    0.0000  -30.0000 2270.2734    6.6844
   -7.5000    7.5000  -30.0000 2213.7878    7.0260
    0.0000    7.5000  -30.0000 2223.8728    6.9908
    7.5000    7.5000  -30.0000 2194.5906    7.1364
   -7.5000   15.0000  -30.0000 2123.7300    7.6135
    0.0000   15.0000  -30.0000 2131.1040    7.5760
    7.5000   15.0000  -30.0000 2103.1658    7.7497
   -7.5000   22.5000  -30.0000 2016.5195    8.4116
    0.0000   22.5000  -30.0000 2025.1388    8.3675
    7.5000   22.5000  -30.0000 1996.5719    8.5616
   -7.5000   30.0000  -30.0000 1895.8694    9.4701
    0.0000   30.0000  -30.0000 1901.2452    9.4416
    7.5000   30.0000  -30.0000 1873.5657    9.6300
   -7.5000   37.5000  -30.0000 1760.7400   10.8909
    0.0000   37.5000  -30.0000 1762.9403   10.8761
    7.5000   37.5000  -30.0000 1732.5823   11.0793
   -7.5000   45.0000  -30.0000 1610.0210   12.8357
    0.0000   45.0000  -30.0000 1615.9508   12.7998
    7.5000   45.0000  -30.0000 1582.8337   13.0376
   -7.5000  -45.0000  -22.5000 2341.3977    6.5709
    0.0000  -45.0000  -22.5000 2345.3699    6.5474
    7.5000  -45.0000  -22.5000 2321.1443    6.6953
   -7.5000  -37.5000  -22.5000 2426.9805    6.1377
    0.0000  -37.5000  -22.5000 2429.3647    6.1185
    7.5000  -37.5000  -22.5000 2401.6997    6.2543
   -7.5000  -30.0000  -22.5000 2471.1025    5.8734
    0.0000  -30.0000  -22.5000 2474.6057    5.8583
    7.5000  -30.0000  -22.5000 2451.2632    5.9728
   -7.5000  -22.5000  -22.5000 2493.5828    5.7563
    0.0000  -22.5000  -22.5000 2502.3291    5.7396
    7.5000  -22.5000  -22.5000 2477.0034    5.8434
   -7.5000  -15.0000  -22.5000 2495.3521    5.7564
    0.0000  -15.0000  -22.5000 2506.5535    5.7383
    7.5000  -15.0000  -22.5000 2479.8694    5.8430
   -7.5000   -7.5000  -22.5000 2473.1951    5.8884
    0.0000   -7.5000  -22.5000 2486.7249    5.8568
    7.5000   -7.5000  -22.5000 2455.2075    5.9807
   -7.5000    0.0000  -22.5000 2423.0640    6.1518
    0.0000    0.0000  -22.5000 2435.1689    6.1160
    7.5000    0.0000  -22.5000 2403.6501    6.2440
   -7.5000    7.5000  -22.5000 2347.2837    6.5611
    0.0000    7.5000  -22.5000 2358.1770    6.5237
    7.5000    7.5000  -22.5000 2321.0605    6.6692
   -7.5000   15.0000  -22.5000 2248.2522    7.1252
    0.0000   15.0000  -22.5000 2253.4292    7.0810
    7.5000   15.0000  -22.5000 2217.7959    7.2520
   -7.5000   22.5000  -22.5000 2128.4827    7.8773
    0.0000   22.5000  -22.5000 2130.7693    7.8326
    7.5000   22.5000  -22.5000 2098.7991    8.0120
   -7.5000   30.0000  -22.5000 1995.3906    8.8663
    0.0000   30.0000  -22.5000 1996.6865    8.8255
    7.5000   30.0000  -22.5000 1967.3068    9.0196
   -7.5000   37.5000  -22.5000 1851.2301   10.1884
    0.0000   37.5000  -22.5000 1851.2106   10.1489
    7.5000   37.5000  -22.5000 1821.7203   10.3506
   -7.5000   45.0000  -22.5000 1696.8170   11.9595
    0.0000   45.0000  -22.5000 1700.1902   11.9256
    7.5000   45.0000  -22.5000 1666.3521   12.1437
   -7.5000  -45.0000  -15.0000 2417.1479    6.2222
    0.0000  -45.0000  -15.0000 2422.2729    6.1996
    7.5000  -45.0000  -15.0000 2398.8618    6.3405
   -7.5000  -37.5000  -15.0000 2510.8147    5.7832
    0.0000  -37.5000  -15.0000 2516.4690    5.7630
    7.5000  -37.5000  -15.0000 2489.9014    5.9003
   -7.5000  -30.0000  -15.0000 2575.7153    5.5056
    0.0000  -30.0000  -15.0000 2580.5620    5.4859
    7.5000  -30.0000  -15.0000 2551.4153    5.6147
   -7.5000  -22.5000  -15.0000 2608.3103    5.3710
    0.0000  -22.5000  -15.0000 2617.1531    5.3480
    7.5000  -22.5000  -15.0000 2586.2820    5.4698
   -7.5000  -15.0000  -15.0000 2615.4795    5.3648
    0.0000  -15.0000  -15.0000 2629.9236    5.3435
    7.5000  -15.0000  -15.0000 2594.1047    5.4621
   -7.5000   -7.5000  -15.0000 2590.9756    5.4889
    0.0000   -7.5000  -15.0000 2607.0896    5.4531
    7.5000   -7.5000  -15.0000 2569.7666    5.5787
   -7.5000    0.0000  -15.0000 2540.0996    5.7375
    0.0000    0.0000  -15.0000 2553.5002    5.7013
    7.5000    0.0000  -15.0000 2513.9863    5.8371
   -7.5000    7.5000  -15.0000 2459.4971    6.1281
    0.0000    7.5000  -15.0000 2469.1692    6.0968
    7.5000    7.5000  -15.0000 2425.2039    6.2444
   -7.5000   15.0000  -15.0000 2348.9209    6.6851
    0.0000   15.0000  -15.0000 2354.8425    6.6474
    7.5000   15.0000  -15.0000 2310.0950    6.7957
   -7.5000   22.5000  -15.0000 2216.3621    7.3992
    0.0000   22.5000  -15.0000 2216.9509    7.3619
    7.5000   22.5000  -15.0000 2178.3386    7.5215
   -7.5000   30.0000  -15.0000 2069.8496    8.3308
    0.0000   30.0000  -15.0000 2068.2859    8.2855
    7.5000   30.0000  -15.0000 2038.4271    8.4635
   -7.5000   37.5000  -15.0000 1917.6373    9.5556
    0.0000   37.5000  -15.0000 1917.6194    9.4985
    7.5000   37.5000  -15.0000 1889.8416    9.7100
   -7.5000   45.0000  -15.0000 1761.3607   11.2084
    0.0000   45.0000  -15.0000 1762.2301   11.1597
    7.5000   45.0000  -15.0000 1730.1184   11.3824
   -7.5000  -45.0000   -7.5000 2481.1023    5.9080
    0.0000  -45.0000   -7.5000 2487.1523    5.8874
    7.5000  -45.0000   -7.5000 2459.8926    6.0180
   -7.5000  -37.5000   -7.5000 2578.1877    5.4578
    0.0000  -37.5000   -7.5000 2585.8235    5.4328
    7.5000  -37.5000   -7.5000 2556.4485    5.5688
   -7.5000  -30.0000   -7.5000 2658.0537    5.1506
    0.0000  -30.0000   -7.5000 2667.4265    5.1295
    7.5000  -30.0000   -7.5000 2634.7471    5.2633
   -7.5000  -22.5000   -7.5000 2708.0759    5.0009
    0.0000  -22.5000   -7.5000 2719.1938    4.9728
    7.5000  -22.5000   -7.5000 2682.8472    5.1066
   -7.5000  -15.0000   -7.5000 2720.4846    4.9885
    0.0000  -15.0000   -7.5000 2740.7881    4.9575
    7.5000  -15.0000   -7.5000 2695.8457    5.0953
   -7.5000   -7.5000   -7.5000 2697.7168    5.1062
    0.0000   -7.5000   -7.5000 2715.3413    5.0737
    7.5000   -7.5000   -7.5000 2668.5125    5.2117
   -7.5000    0.0000   -7.5000 2639.7092    5.3511
    0.0000    0.0000   -7.5000 2652.4536    5.3262
    7.5000    0.0000   -7.5000 2603.5437    5.4648
   -7.5000    7.5000   -7.5000 2548.5776    5.7434
    0.0000    7.5000   -7.5000 2559.4626    5.7236
    7.5000    7.5000   -7.5000 2508.8452    5.8573
   -7.5000   15.0000   -7.5000 2428.7971    6.2876
    0.0000   15.0000   -7.5000 2436.7747    6.2611
    7.5000   15.0000   -7.5000 2384.7922    6.3949
   -7.5000   22.5000   -7.5000 2285.9001    6.9705
    0.0000   22.5000   -7.5000 2288.7756    6.9442
    7.5000   22.5000   -7.5000 2244.6135    7.0876
   -7.5000   30.0000   -7.5000 2127.4380    7.8475
    0.0000   30.0000   -7.5000 2128.0947    7.8153
    7.5000   30.0000   -7.5000 2093.9875    7.9721
   -7.5000   37.5000   -7.5000 1966.3240    9.0041
    0.0000   37.5000   -7.5000 1968.2775    8.9587
    7.5000   37.5000   -7.5000 1940.7455    9.1299
   -7.5000   45.0000   -7.5000 1808.3573   10.5344
    0.0000   45.0000   -7.5000 1809.8750   10.4878
    7.5000   45.0000   -7.5000 1780.5258   10.6835
   -7.5000  -45.0000    0.0000 2532.5972    5.6505
    0.0000  -45.0000    0.0000 2540.3054    5.6334
    7.5000  -45.0000    0.0000 2509.5813    5.7651
   -7.5000  -37.5000    0.0000 2639.5894    5.1898
    0.0000  -37.5000    0.0000 2648.2175    5.1733
    7.5000  -37.5000    0.0000 2615.9487    5.3027
   -7.5000  -30.0000    0.0000 2733.0254    4.8547
    0.0000  -30.0000    0.0000 2745.5002    4.8354
    7.5000  -30.0000    0.0000 2704.5154    4.9734
   -7.5000  -22.5000    0.0000 2797.9409    4.6758
    0.0000  -22.5000    0.0000 2810.8271    4.6507
    7.5000  -22.5000    0.0000 2767.3918    4.7978
   -7.5000  -15.0000    0.0000 2817.6453    4.6543
    0.0000  -15.0000    0.0000 2841.0803    4.6183
    7.5000  -15.0000    0.0000 2786.2256    4.7782
   -7.5000   -7.5000    0.0000 2793.3132    4.7770
    0.0000   -7.5000    0.0000 2812.1550    4.7511
    7.5000   -7.5000    0.0000 2756.4539    4.8995
   -7.5000    0.0000    0.0000 2727.5325    5.0418
    0.0000    0.0000    0.0000 2740.5667    5.0221
    7.5000    0.0000    0.0000 2683.9998    5.1624
   -7.5000    7.5000    0.0000 2625.2361    5.4426
    0.0000    7.5000    0.0000 2635.3628    5.4232
    7.5000    7.5000    0.0000 2579.4585    5.5527
   -7.5000   15.0000    0.0000 2494.6863    5.9664
    0.0000   15.0000    0.0000 2501.2393    5.9427
    7.5000   15.0000    0.0000 2448.7292    6.0713
   -7.5000   22.5000    0.0000 2338.6785    6.6363
    0.0000   22.5000    0.0000 2344.2598    6.6050
    7.5000   22.5000    0.0000 2298.3047    6.7438
   -7.5000   30.0000    0.0000 2170.0696    7.4950
    0.0000   30.0000    0.0000 2171.6040    7.4561
    7.5000   30.0000    0.0000 2136.5161    7.5992
   -7.5000   37.5000    0.0000 2002.7675    8.5922
    0.0000   37.5000    0.0000 2004.0736    8.5536
    7.5000   37.5000    0.0000 1976.4211    8.7133
   -7.5000   45.0000    0.0000 1840.4427   10.0173
    0.0000   45.0000    0.0000 1843.6335    9.9791
    7.5000   45.0000    0.0000 1816.2301   10.1730
   -7.5000  -45.0000    7.5000 2567.2190    5.4741
    0.0000  -45.0000    7.5000 2576.1028    5.4617
    7.5000  -45.0000    7.5000 2544.0996    5.5931
   -7.5000  -37.5000    7.5000 2691.0906    4.9958
    0.0000  -37.5000    7.5000 2699.5098    4.9837
    7.5000  -37.5000    7.5000 2663.8508    5.1170
   -7.5000  -30.0000    7.5000 2796.0684    4.6315
    0.0000  -30.0000    7.5000 2807.0505    4.6168
    7.5000  -30.0000    7.5000 2760.1914    4.7627
   -7.5000  -22.5000    7.5000 2869.1814    4.4214
    0.0000  -22.5000    7.5000 2882.1240    4.4017
    7.5000  -22.5000    7.5000 2833.2781    4.5623
   -7.5000  -15.0000    7.5000 2898.0847    4.3918
    0.0000  -15.0000    7.5000 2920.6631    4.3615
    7.5000  -15.0000    7.5000 2858.3738    4.5306
   -7.5000   -7.5000    7.5000 2872.2048    4.5266
    0.0000   -7.5000    7.5000 2892.7827    4.5006
    7.5000   -7.5000    7.5000 2828.3118    4.6591
   -7.5000    0.0000    7.5000 2791.8281    4.8221
    0.0000    0.0000    7.5000 2810.8462    4.7945
    7.5000    0.0000    7.5000 2747.7026    4.9360
   -7.5000    7.5000    7.5000 2679.5474    5.2256
    0.0000    7.5000    7.5000 2691.7539    5.2001
    7.5000    7.5000    7.5000 2635.0979    5.3353
   -7.5000   15.0000    7.5000 2539.0259    5.7411
    0.0000   15.0000    7.5000 2547.0222    5.7120
    7.5000   15.0000    7.5000 2492.1628    5.8515
   -7.5000   22.5000    7.5000 2376.1016    6.4012
    0.0000   22.5000    7.5000 2382.0400    6.3683
    7.5000   22.5000    7.5000 2333.7310    6.5089
   -7.5000   30.0000    7.5000 2198.4133    7.2400
    0.0000   30.0000    7.5000 2201.4763    7.2020
    7.5000   30.0000    7.5000 2164.8865    7.3499
   -7.5000   37.5000    7.5000 2025.6924    8.2964
    0.0000   37.5000    7.5000 2028.7335    8.2614
    7.5000   37.5000    7.5000 1999.6229    8.4300
   -7.5000   45.0000    7.5000 1862.2028    9.6585
    0.0000   45.0000    7.5000 1863.7184    9.6290
    7.5000   45.0000    7.5000 1836.3212    9.8206
   -7.5000  -45.0000   15.0000 2579.6543    5.4120
    0.0000  -45.0000   15.0000 2591.6897    5.3925
    7.5000  -45.0000   15.0000 2559.0562    5.5197
   -7.5000  -37.5000   15.0000 2713.7385    4.9143
    0.0000  -37.5000   15.0000 2726.2444    4.8929
    7.5000  -37.5000   15.0000 2685.3308    5.0269
   -7.5000  -30.0000   15.0000 2827.2244    4.5225
    0.0000  -30.0000   15.0000 2841.8738    4.5025
    7.5000  -30.0000   15.0000 2790.2224    4.6595
   -7.5000  -22.5000   15.0000 2909.4014    4.2888
    0.0000  -22.5000   15.0000 2923.3767    4.2622
    7.5000  -22.5000   15.0000 2868.4207    4.4481
   -7.5000  -15.0000   15.0000 2945.5476    4.2511
    0.0000  -15.0000   15.0000 2966.5000    4.2196
    7.5000  -15.0000   15.0000 2899.1829    4.3986
   -7.5000   -7.5000   15.0000 2915.0747    4.4018
    0.0000   -7.5000   15.0000 2939.2007    4.3615
    7.5000   -7.5000   15.0000 2868.5776    4.5244
   -7.5000    0.0000   15.0000 2828.1213    4.7136
    0.0000    0.0000   15.0000 2847.2410    4.6679
    7.5000    0.0000   15.0000 2784.0254    4.8189
   -7.5000    7.5000   15.0000 2705.9275    5.1236
    0.0000    7.5000   15.0000 2720.3486    5.0812
    7.5000    7.5000   15.0000 2662.8286    5.2301
   -7.5000   15.0000   15.0000 2560.0371    5.6388
    0.0000   15.0000   15.0000 2571.5859    5.6025
    7.5000   15.0000   15.0000 2515.8984    5.7511
   -7.5000   22.5000   15.0000 2391.1191    6.2911
    0.0000   22.5000   15.0000 2399.9458    6.2509
    7.5000   22.5000   15.0000 2353.3748    6.4059
   -7.5000   30.0000   15.0000 2207.7864    7.1103
    0.0000   30.0000   15.0000 2213.4211    7.0657
    7.5000   30.0000   15.0000 2179.6177    7.2287
   -7.5000   37.5000   15.0000 2031.4199    8.1392
    0.0000   37.5000   15.0000 2037.3014    8.0901
    7.5000   37.5000   15.0000 2008.0662    8.2783
   -7.5000   45.0000   15.0000 1866.8938    9.4503
    0.0000   45.0000   15.0000 1872.3728    9.3972
    7.5000   45.0000   15.0000 1842.7274    9.6234
   -7.5000  -45.0000   22.5000 2575.3579    5.4518
    0.0000  -45.0000   22.5000 2589.4382    5.4298
    7.5000  -45.0000   22.5000 2554.0471    5.5482
   -7.5000  -37.5000   22.5000 2707.5820    4.9501
    0.0000  -37.5000   22.5000 2723.6699    4.9263
    7.5000  -37.5000   22.5000 2681.8293    5.0567
   -7.5000  -30.0000   22.5000 2823.3591    4.5580
    0.0000  -30.0000   22.5000 2842.7134    4.5350
    7.5000  -30.0000   22.5000 2789.7402    4.6954
   -7.5000  -22.5000   22.5000 2910.0576    4.3331
    0.0000  -22.5000   22.5000 2926.7817    4.3043
    7.5000  -22.5000   22.5000 2868.5754    4.4761
   -7.5000  -15.0000   22.5000 2942.4634    4.2935
    0.0000  -15.0000   22.5000 2962.7100    4.2493
    7.5000  -15.0000   22.5000 2895.9375    4.4117
   -7.5000   -7.5000   22.5000 2907.8218    4.4337
    0.0000   -7.5000   22.5000 2929.8723    4.3856
    7.5000   -7.5000   22.5000 2865.1072    4.5360
   -7.5000    0.0000   22.5000 2821.1516    4.7262
    0.0000    0.0000   22.5000 2839.3164    4.6732
    7.5000    0.0000   22.5000 2782.2976    4.8205
   -7.5000    7.5000   22.5000 2704.0398    5.1247
    0.0000    7.5000   22.5000 2718.8284    5.0788
    7.5000    7.5000   22.5000 2664.8284    5.2228
   -7.5000   15.0000   22.5000 2557.7217    5.6349
    0.0000   15.0000   22.5000 2568.9978    5.5973
    7.5000   15.0000   22.5000 2518.7097    5.7407
   -7.5000   22.5000   22.5000 2386.5930    6.2799
    0.0000   22.5000   22.5000 2396.2175    6.2439
    7.5000   22.5000   22.5000 2353.6079    6.3891
   -7.5000   30.0000   22.5000 2201.8694    7.0831
    0.0000   30.0000   22.5000 2210.0007    7.0450
    7.5000   30.0000   22.5000 2179.9619    7.2011
   -7.5000   37.5000   22.5000 2030.6188    8.0972
    0.0000   37.5000   22.5000 2035.5719    8.0534
    7.5000   37.5000   22.5000 2007.7358    8.2317
   -7.5000   45.0000   22.5000 1862.5026    9.3893
    0.0000   45.0000   22.5000 1868.3890    9.3318
    7.5000   45.0000   22.5000 1838.1509    9.5527
   -7.5000  -45.0000   30.0000 2553.0081    5.5752
    0.0000  -45.0000   30.0000 2569.1030    5.5501
    7.5000  -45.0000   30.0000 2534.4104    5.6694
   -7.5000  -37.5000   30.0000 2679.2380    5.0853
    0.0000  -37.5000   30.0000 2693.2029    5.0601
    7.5000  -37.5000   30.0000 2656.6274    5.1910
   -7.5000  -30.0000   30.0000 2790.0586    4.7201
    0.0000  -30.0000   30.0000 2803.3889    4.7034
    7.5000  -30.0000   30.0000 2757.1990    4.8467
   -7.5000  -22.5000   30.0000 2861.5879    4.5348
    0.0000  -22.5000   30.0000 2874.0200    4.5171
    7.5000  -22.5000   30.0000 2821.4497    4.6435
   -7.5000  -15.0000   30.0000 2881.0522    4.5082
    0.0000  -15.0000   30.0000 2895.3452    4.4809
    7.5000  -15.0000   30.0000 2843.0034    4.5924
   -7.5000   -7.5000   30.0000 2852.0969    4.6149
    0.0000   -7.5000   30.0000 2865.8074    4.5842
    7.5000   -7.5000   30.0000 2815.3213    4.6956
   -7.5000    0.0000   30.0000 2774.9644    4.8526
    0.0000    0.0000   30.0000 2787.7200    4.8168
    7.5000    0.0000   30.0000 2742.2144    4.9368
   -7.5000    7.5000   30.0000 2669.6914    5.2141
    0.0000    7.5000   30.0000 2682.2207    5.1790
    7.5000    7.5000   30.0000 2633.8662    5.3062
   -7.5000   15.0000   30.0000 2530.1812    5.7079
    0.0000   15.0000   30.0000 2539.3027    5.6767
    7.5000   15.0000   30.0000 2497.8987    5.8115
   -7.5000   22.5000   30.0000 2361.8140    6.3489
    0.0000   22.5000   30.0000 2370.9224    6.3102
    7.5000   22.5000   30.0000 2335.4382    6.4589
   -7.5000   30.0000   30.0000 2184.7249    7.1499
    0.0000   30.0000   30.0000 2192.4004    7.1070
    7.5000   30.0000   30.0000 2164.5813    7.2711
   -7.5000   37.5000   30.0000 2019.6804    8.1566
    0.0000   37.5000   30.0000 2025.3131    8.1107
    7.5000   37.5000   30.0000 1993.7966    8.2956
   -7.5000   45.0000   30.0000 1848.7000    9.4298
    0.0000   45.0000   30.0000 1853.1608    9.3869
    7.5000   45.0000   30.0000 1819.7819    9.6007
   -7.5000  -45.0000   37.5000 2517.4834    5.7954
    0.0000  -45.0000   37.5000 2527.1951    5.7620
    7.5000  -45.0000   37.5000 2500.6877    5.8867
   -7.5000  -37.5000   37.5000 2631.8396    5.3253
    0.0000  -37.5000   37.5000 2639.8345    5.3033
    7.5000  -37.5000   37.5000 2609.8423    5.4344
   -7.5000  -30.0000   37.5000 2724.3828    5.0062
    0.0000  -30.0000   37.5000 2733.6436    4.9946
    7.5000  -30.0000   37.5000 2692.9609    5.1119
   -7.5000  -22.5000   37.5000 2779.1704    4.8550
    0.0000  -22.5000   37.5000 2786.7869    4.8418
    7.5000  -22.5000   37.5000 2745.7683    4.9374
   -7.5000  -15.0000   37.5000 2787.7351    4.8269
    0.0000  -15.0000   37.5000 2799.1467    4.8021
    7.5000  -15.0000   37.5000 2759.5259    4.8874
   -7.5000   -7.5000   37.5000 2765.0884    4.9065
    0.0000   -7.5000   37.5000 2775.3435    4.8832
    7.5000   -7.5000   37.5000 2734.4258    4.9688
   -7.5000    0.0000   37.5000 2699.4338    5.1043
    0.0000    0.0000   37.5000 2708.1465    5.0880
    7.5000    0.0000   37.5000 2669.5562    5.1742
   -7.5000    7.5000   37.5000 2605.2017    5.4148
    0.0000    7.5000   37.5000 2613.7085    5.3982
    7.5000    7.5000   37.5000 2575.0623    5.4965
   -7.5000   15.0000   37.5000 2475.9517    5.8690
    0.0000   15.0000   37.5000 2484.3313    5.8388
    7.5000   15.0000   37.5000 2449.1924    5.9622
   -7.5000   22.5000   37.5000 2318.7358    6.4907
    0.0000   22.5000   37.5000 2326.4944    6.4562
    7.5000   22.5000   37.5000 2296.2153    6.5980
   -7.5000   30.0000   37.5000 2157.4043    7.2937
    0.0000   30.0000   37.5000 2164.2910    7.2485
    7.5000   30.0000   37.5000 2134.7026    7.4130
   -7.5000   37.5000   37.5000 1999.8661    8.3067
    0.0000   37.5000   37.5000 2005.2500    8.2501
    7.5000   37.5000   37.5000 1971.9644    8.4429
   -7.5000   45.0000   37.5000 1825.7301    9.5958
    0.0000   45.0000   37.5000 1829.8572    9.5382
    7.5000   45.0000   37.5000 1795.5057    9.7504
   -7.5000  -45.0000   45.0000 2459.0334    6.1296
    0.0000  -45.0000   45.0000 2467.2092    6.1023
    7.5000  -45.0000   45.0000 2443.6604    6.2309
   -7.5000  -37.5000   45.0000 2563.7268    5.6837
    0.0000  -37.5000   45.0000 2571.6582    5.6674
    7.5000  -37.5000   45.0000 2542.5442    5.7883
   -7.5000  -30.0000   45.0000 2638.9592    5.3931
    0.0000  -30.0000   45.0000 2643.8682    5.3843
    7.5000  -30.0000   45.0000 2613.7048    5.4811
   -7.5000  -22.5000   45.0000 2678.9543    5.2526
    0.0000  -22.5000   45.0000 2685.9578    5.2373
    7.5000  -22.5000   45.0000 2651.6794    5.3166
   -7.5000  -15.0000   45.0000 2685.3440    5.2063
    0.0000  -15.0000   45.0000 2693.5000    5.1872
    7.5000  -15.0000   45.0000 2662.1016    5.2579
   -7.5000   -7.5000   45.0000 2663.4050    5.2591
    0.0000   -7.5000   45.0000 2671.5288    5.2392
    7.5000   -7.5000   45.0000 2639.1248    5.3117
   -7.5000    0.0000   45.0000 2606.9397    5.4271
    0.0000    0.0000   45.0000 2613.7136    5.4143
    7.5000    0.0000   45.0000 2580.7024    5.4868
   -7.5000    7.5000   45.0000 2523.3708    5.7068
    0.0000    7.5000   45.0000 2527.4316    5.6993
    7.5000    7.5000   45.0000 2494.5400    5.7785
   -7.5000   15.0000   45.0000 2404.2356    6.1304
    0.0000   15.0000   45.0000 2410.5532    6.1131
    7.5000   15.0000   45.0000 2378.6946    6.2190
   -7.5000   22.5000   45.0000 2261.7336    6.7365
    0.0000   22.5000   45.0000 2267.4885    6.7079
    7.5000   22.5000   45.0000 2241.3635    6.8366
   -7.5000   30.0000   45.0000 2115.8501    7.5330
    0.0000   30.0000   45.0000 2122.3423    7.4953
    7.5000   30.0000   45.0000 2093.0730    7.6415
   -7.5000   37.5000   45.0000 1961.1322    8.5478
    0.0000   37.5000   45.0000 1967.6240    8.4995
    7.5000   37.5000   45.0000 1939.7329    8.6761
   -7.5000   45.0000   45.0000 1792.4047    9.8574
    0.0000   45.0000   45.0000 1794.6107    9.8041
    7.5000   45.0000   45.0000 1763.8551   10.0073

---------------------------------------------------------------------
imgreg_4dfp /opt/freesurfer/average/711-2C_as_mni_average_305 /opt/freesurfer/average/711-2B_as_mni_average_305_mask talsrcimg_g11 none talsrcimg_to_711-2C_as_mni_average_305_t4 1283
---------------------------------------------------------------------

freesurfer imgreg_4dfp.c
/opt/freesurfer/average/711-2C_as_mni_average_305.4dfp.img
       256       256       256         1
  1.000000  1.000000  1.000000
orientation T byte_order littleendian
Reading image: /opt/freesurfer/average/711-2C_as_mni_average_305.4dfp.img
dimensions:      256       256       256
mmppix:       1.0000   -1.0000   -1.0000
center:     128.0000 -129.0000 -129.0000
/opt/freesurfer/average/711-2B_as_mni_average_305_mask.4dfp.img
       256       256       256         1
  1.000000  1.000000  1.000000
orientation T byte_order littleendian
Reading mask: /opt/freesurfer/average/711-2B_as_mni_average_305_mask.4dfp.img (2306576 pixels)
talsrcimg_g11.4dfp.img
       256       256       256         1
  1.000000  1.000000  1.000000
orientation T byte_order littleendian
Reading image: talsrcimg_g11.4dfp.img
dimensions:      256       256       256
mmppix:       1.0000   -1.0000   -1.0000
center:     128.0000 -129.0000 -129.0000
rotation matrix determinant  1.000000
fimgreg.f
image alignment mode   1283 decimal      503 hex
parameters
    0.0000  -15.0000   15.0000    0.0000    0.0000    0.0000
eta,q 0.93338  4.19002
niter,ni,del,rscale     5    3   12.0000    1.2000
parameter  4  0.584630 ->  0.500000 qaram    1.1500
parameters
   -2.1136  -14.3526   17.1815   -3.4500    0.7411    0.6329
eta,q 0.93716  4.17288
  0.0691  0.0775  0.0787  0.0638  0.0677  0.0670
  0.0656  0.0706  0.0727  0.0631  0.0657  0.0647
  0.0649  0.0662  0.0679  0.0631  0.0640  0.0633
  0.0662  0.0648  0.0649  0.0641  0.0630  0.0629
  0.0694  0.0662  0.0641  0.0664  0.0630  0.0629
  0.0748  0.0689  0.0650  0.0692  0.0644  0.0636
  0.0817  0.0721  0.0672  0.0719  0.0660  0.0656
niter,ni,del,rscale     5    3   12.0000    1.2000
parameters
   -2.1231  -14.0832   16.9057   -3.4726    0.4638    0.6819
eta,q 0.93715  4.17484
  0.0726  0.0736  0.0694  0.0684  0.0665  0.0663
  0.0667  0.0675  0.0654  0.0651  0.0646  0.0643
  0.0632  0.0638  0.0634  0.0633  0.0632  0.0633
  0.0628  0.0628  0.0629  0.0629  0.0629  0.0629
  0.0640  0.0642  0.0640  0.0632  0.0636  0.0629
  0.0668  0.0673  0.0665  0.0651  0.0654  0.0640
  0.0724  0.0710  0.0704  0.0686  0.0670  0.0664
niter,ni,del,rscale     4    3   12.0000    1.2000
parameters
   -2.0115  -14.0377   16.8790   -3.4918    0.3507    0.6945
eta,q 0.93711  4.17603
  0.0732  0.0727  0.0700  0.0684  0.0667  0.0663
  0.0671  0.0669  0.0657  0.0651  0.0647  0.0643
  0.0633  0.0636  0.0635  0.0634  0.0633  0.0633
  0.0629  0.0629  0.0629  0.0629  0.0629  0.0629
  0.0640  0.0645  0.0638  0.0632  0.0635  0.0630
  0.0667  0.0676  0.0662  0.0651  0.0652  0.0641
  0.0721  0.0715  0.0698  0.0685  0.0668  0.0665
niter,ni,del,rscale     3    3   12.0000    1.2000
parameters
   -1.9639  -14.0342   16.8673   -3.4958    0.3051    0.7010
eta,q 0.93709  4.17632
  0.0730  0.0726  0.0700  0.0684  0.0668  0.0663
  0.0670  0.0668  0.0658  0.0651  0.0648  0.0644
  0.0632  0.0635  0.0635  0.0634  0.0634  0.0633
  0.0629  0.0629  0.0629  0.0629  0.0629  0.0629
  0.0641  0.0646  0.0638  0.0632  0.0634  0.0630
  0.0669  0.0677  0.0661  0.0651  0.0652  0.0641
  0.0723  0.0716  0.0698  0.0685  0.0667  0.0665
registration optimization eta report
parameter search radius
    6.0000    6.0000    6.0000    6.9000    6.0000    6.0000
100000*second partial in parameter space
       28.       25.       19.       12.       11.       10.
  0.0730  0.0726  0.0700  0.0684  0.0668  0.0663
  0.0670  0.0668  0.0658  0.0651  0.0648  0.0644
  0.0632  0.0635  0.0635  0.0634  0.0634  0.0633
  0.0629  0.0629  0.0629  0.0629  0.0629  0.0629
  0.0641  0.0646  0.0638  0.0632  0.0634  0.0630
  0.0669  0.0677  0.0661  0.0651  0.0652  0.0641
  0.0723  0.0716  0.0698  0.0685  0.0667  0.0665
   -1.9639  -14.0342   16.8673   -3.4958    0.3051    0.7010
eta,q 0.93709  4.17632

---------------------------------------------------------------------
imgreg_4dfp /opt/freesurfer/average/711-2C_as_mni_average_305 /opt/freesurfer/average/711-2B_as_mni_average_305_mask talsrcimg_g11 none talsrcimg_to_711-2C_as_mni_average_305_t4 3335
---------------------------------------------------------------------

freesurfer imgreg_4dfp.c
/opt/freesurfer/average/711-2C_as_mni_average_305.4dfp.img
       256       256       256         1
  1.000000  1.000000  1.000000
orientation T byte_order littleendian
Reading image: /opt/freesurfer/average/711-2C_as_mni_average_305.4dfp.img
dimensions:      256       256       256
mmppix:       1.0000   -1.0000   -1.0000
center:     128.0000 -129.0000 -129.0000
/opt/freesurfer/average/711-2B_as_mni_average_305_mask.4dfp.img
       256       256       256         1
  1.000000  1.000000  1.000000
orientation T byte_order littleendian
Reading mask: /opt/freesurfer/average/711-2B_as_mni_average_305_mask.4dfp.img (2306576 pixels)
talsrcimg_g11.4dfp.img
       256       256       256         1
  1.000000  1.000000  1.000000
orientation T byte_order littleendian
Reading image: talsrcimg_g11.4dfp.img
dimensions:      256       256       256
mmppix:       1.0000   -1.0000   -1.0000
center:     128.0000 -129.0000 -129.0000
fimgreg.f
image alignment mode   3335 decimal      D07 hex
parameters
   -1.9639  -14.0342   16.8673   -0.0089   -0.1931   -0.1875
   -1.1887   -0.6061    1.2235    6.0905    0.5325   -6.0974
eta,q 0.93750  4.18722
niter,ni,del,rscale     5    3    5.0000    1.2000
parameter  4  1.737827 ->  0.500000 qaram    1.1500
parameter  5  1.931637 ->  0.500000 qaram    1.1500
parameter  6  1.040034 ->  0.500000 qaram    1.1500
parameter 12 -0.923752 -> -0.500000 qaram    1.1500
parameters
   -2.1269  -13.6502   18.0144   -4.1489   -4.3331   -4.3275
   -1.1448   -1.2896    0.3226    6.1352   -1.6928   -1.9574
eta,q 0.95091  3.81583
  0.0639  0.0641  0.0643  0.0562  0.0508  0.0491  0.0520  0.0520  0.0509  0.0523  0.0504  0.0530
  0.0632  0.0633  0.0635  0.0575  0.0525  0.0498  0.0511  0.0509  0.0503  0.0510  0.0500  0.0517
  0.0627  0.0628  0.0629  0.0596  0.0549  0.0511  0.0504  0.0501  0.0500  0.0502  0.0499  0.0507
  0.0625  0.0625  0.0625  0.0622  0.0580  0.0531  0.0500  0.0500  0.0500  0.0500  0.0500  0.0499
  0.0627  0.0625  0.0623  0.0654  0.0618  0.0560  0.0503  0.0505  0.0502  0.0503  0.0503  0.0494
  0.0634  0.0628  0.0623  0.0691  0.0659  0.0599  0.0509  0.0515  0.0507  0.0510  0.0508  0.0490
  0.0644  0.0633  0.0625  0.0733  0.0704  0.0644  0.0520  0.0529  0.0515  0.0522  0.0515  0.0490
niter,ni,del,rscale     7    3    5.0000    1.2000
parameter  3  0.749012 ->  0.500000 qaram    1.1500
parameter  4  0.568013 ->  0.500000 qaram    1.3225
parameter  5  0.849461 ->  0.500000 qaram    1.3225
parameter  6  0.646982 ->  0.500000 qaram    1.3225
parameters
   -2.3135  -13.1566   16.6344   -8.9099   -9.0941   -9.0885
   -0.8129   -1.1710    1.5868    7.2008   -2.4956    1.6740
eta,q 0.95618  3.59144
  0.0505  0.0508  0.0486  0.0480  0.0449  0.0441  0.0453  0.0450  0.0447  0.0453  0.0443  0.0459
  0.0497  0.0499  0.0485  0.0476  0.0452  0.0441  0.0448  0.0445  0.0444  0.0448  0.0441  0.0451
  0.0492  0.0494  0.0487  0.0476  0.0460  0.0444  0.0444  0.0442  0.0442  0.0444  0.0441  0.0445
  0.0491  0.0491  0.0490  0.0486  0.0476  0.0454  0.0441  0.0441  0.0441  0.0441  0.0440  0.0440
  0.0494  0.0491  0.0496  0.0506  0.0500  0.0470  0.0442  0.0442  0.0441  0.0441  0.0441  0.0438
  0.0500  0.0493  0.0503  0.0535  0.0535  0.0497  0.0445  0.0445  0.0442  0.0443  0.0442  0.0439
  0.0510  0.0498  0.0513  0.0572  0.0577  0.0535  0.0452  0.0450  0.0444  0.0448  0.0445  0.0442
niter,ni,del,rscale     7    3    5.0000    1.2000
parameter 10 -0.522412 -> -0.500000 qaram    1.1500
parameters
   -2.0674  -12.4498   16.5322   -9.6816  -13.4040  -13.3793
   -0.8934   -1.0002    2.0893   11.3408   -4.3005    3.2053
eta,q 0.95688  3.53429
  0.0448  0.0449  0.0443  0.0456  0.0440  0.0434  0.0440  0.0437  0.0435  0.0440  0.0432  0.0442
  0.0443  0.0444  0.0440  0.0449  0.0436  0.0433  0.0437  0.0435  0.0434  0.0437  0.0432  0.0437
  0.0440  0.0440  0.0438  0.0443  0.0434  0.0433  0.0435  0.0434  0.0433  0.0435  0.0431  0.0433
  0.0438  0.0438  0.0438  0.0438  0.0439  0.0434  0.0433  0.0433  0.0433  0.0433  0.0432  0.0431
  0.0438  0.0438  0.0438  0.0437  0.0451  0.0441  0.0434  0.0433  0.0433  0.0432  0.0432  0.0432
  0.0441  0.0438  0.0441  0.0448  0.0472  0.0457  0.0436  0.0434  0.0433  0.0432  0.0433  0.0433
  0.0445  0.0441  0.0445  0.0472  0.0506  0.0482  0.0442  0.0437  0.0434  0.0433  0.0434  0.0436
niter,ni,del,rscale     7    3    5.0000    1.2000
parameter  2 -0.808833 -> -0.500000 qaram    1.1500
parameters
   -1.7458  -11.0698   16.9282   -9.7465  -15.9197  -16.9223
   -1.2012   -1.6015    1.4212   14.4997   -7.6731    4.6620
eta,q 0.95735  3.52506
  0.0438  0.0441  0.0433  0.0444  0.0438  0.0431  0.0435  0.0431  0.0429  0.0435  0.0427  0.0437
  0.0435  0.0437  0.0431  0.0439  0.0434  0.0429  0.0432  0.0429  0.0429  0.0432  0.0427  0.0432
  0.0433  0.0434  0.0430  0.0434  0.0430  0.0428  0.0429  0.0428  0.0428  0.0430  0.0427  0.0428
  0.0431  0.0431  0.0429  0.0428  0.0429  0.0429  0.0428  0.0428  0.0428  0.0428  0.0427  0.0427
  0.0431  0.0429  0.0429  0.0427  0.0434  0.0432  0.0429  0.0429  0.0428  0.0427  0.0428  0.0427
  0.0433  0.0429  0.0430  0.0434  0.0446  0.0440  0.0432  0.0430  0.0429  0.0427  0.0429  0.0429
  0.0435  0.0429  0.0432  0.0451  0.0468  0.0455  0.0438  0.0432  0.0430  0.0429  0.0430  0.0431
niter,ni,del,rscale     7    3    5.0000    1.2000
parameters
   -1.3715  -10.0568   17.1784  -10.4126  -17.5569  -19.7284
   -1.2401   -2.1937    1.1907   16.1310   -9.1855    5.8074
eta,q 0.95742  3.51722
  0.0435  0.0435  0.0430  0.0439  0.0438  0.0431  0.0435  0.0430  0.0428  0.0432  0.0427  0.0435
  0.0431  0.0431  0.0428  0.0435  0.0433  0.0428  0.0431  0.0428  0.0427  0.0430  0.0426  0.0430
  0.0428  0.0428  0.0427  0.0430  0.0428  0.0427  0.0428  0.0427  0.0427  0.0428  0.0426  0.0427
  0.0426  0.0426  0.0426  0.0425  0.0426  0.0427  0.0426  0.0426  0.0426  0.0426  0.0426  0.0426
  0.0427  0.0426  0.0426  0.0425  0.0429  0.0430  0.0427  0.0427  0.0427  0.0426  0.0426  0.0426
  0.0428  0.0426  0.0427  0.0433  0.0439  0.0436  0.0430  0.0428  0.0427  0.0427  0.0427  0.0428
  0.0431  0.0428  0.0429  0.0450  0.0457  0.0446  0.0435  0.0431  0.0429  0.0430  0.0428  0.0431
niter,ni,del,rscale     6    3    5.0000    1.2000
parameters
   -1.2002   -9.6812   17.3303  -10.7949  -18.4416  -21.5387
   -1.1819   -2.0947    1.2246   17.4009   -9.4283    6.8782
eta,q 0.95737  3.51390
  0.0433  0.0432  0.0429  0.0439  0.0439  0.0432  0.0435  0.0431  0.0429  0.0432  0.0428  0.0435
  0.0429  0.0429  0.0428  0.0434  0.0434  0.0429  0.0431  0.0429  0.0428  0.0430  0.0427  0.0430
  0.0427  0.0427  0.0426  0.0430  0.0429  0.0427  0.0428  0.0427  0.0427  0.0428  0.0426  0.0427
  0.0426  0.0426  0.0426  0.0426  0.0426  0.0427  0.0427  0.0427  0.0427  0.0427  0.0426  0.0426
  0.0426  0.0426  0.0426  0.0425  0.0427  0.0428  0.0427  0.0427  0.0427  0.0426  0.0427  0.0427
  0.0428  0.0427  0.0427  0.0431  0.0435  0.0433  0.0431  0.0428  0.0428  0.0427  0.0427  0.0428
  0.0431  0.0430  0.0429  0.0446  0.0450  0.0442  0.0435  0.0431  0.0429  0.0430  0.0428  0.0431
niter,ni,del,rscale     5    3    5.0000    1.2000
parameters
   -1.2112   -9.5336   17.2610  -10.7632  -18.9880  -23.1093
   -1.2349   -1.9751    1.3987   18.6043   -9.3964    7.8898
eta,q 0.95737  3.51275
  0.0432  0.0432  0.0429  0.0439  0.0440  0.0432  0.0435  0.0431  0.0429  0.0432  0.0428  0.0434
  0.0429  0.0429  0.0428  0.0435  0.0435  0.0429  0.0431  0.0429  0.0428  0.0430  0.0427  0.0430
  0.0427  0.0427  0.0427  0.0430  0.0429  0.0427  0.0428  0.0427  0.0427  0.0428  0.0426  0.0427
  0.0426  0.0426  0.0426  0.0426  0.0426  0.0427  0.0427  0.0427  0.0427  0.0427  0.0426  0.0426
  0.0427  0.0427  0.0427  0.0425  0.0427  0.0428  0.0427  0.0427  0.0427  0.0426  0.0427  0.0427
  0.0429  0.0428  0.0428  0.0430  0.0433  0.0432  0.0431  0.0428  0.0428  0.0427  0.0427  0.0428
  0.0432  0.0431  0.0430  0.0444  0.0448  0.0440  0.0435  0.0431  0.0429  0.0430  0.0428  0.0431
niter,ni,del,rscale     4    3    5.0000    1.2000
parameters
   -1.2446   -9.4237   17.0272  -10.6844  -19.4154  -24.6802
   -1.3600   -1.9206    1.6030   19.8753   -9.3500    8.7798
eta,q 0.95739  3.51182
  0.0432  0.0432  0.0429  0.0439  0.0440  0.0432  0.0434  0.0431  0.0429  0.0432  0.0428  0.0434
  0.0429  0.0429  0.0427  0.0435  0.0435  0.0429  0.0431  0.0429  0.0428  0.0430  0.0427  0.0430
  0.0427  0.0427  0.0427  0.0430  0.0430  0.0427  0.0428  0.0427  0.0427  0.0428  0.0426  0.0427
  0.0426  0.0426  0.0426  0.0426  0.0426  0.0426  0.0427  0.0427  0.0427  0.0427  0.0426  0.0426
  0.0427  0.0427  0.0427  0.0425  0.0427  0.0428  0.0427  0.0427  0.0427  0.0426  0.0426  0.0427
  0.0429  0.0428  0.0428  0.0430  0.0433  0.0432  0.0431  0.0429  0.0427  0.0427  0.0427  0.0428
  0.0432  0.0431  0.0430  0.0443  0.0447  0.0439  0.0435  0.0431  0.0429  0.0430  0.0428  0.0431
niter,ni,del,rscale     3    3    5.0000    1.2000
parameters
   -1.2590   -9.3118   16.7320  -10.6466  -19.8097  -26.2040
   -1.4874   -1.9661    1.9619   21.0703   -9.7565    9.6572
eta,q 0.95740  3.51092
  0.0431  0.0432  0.0428  0.0438  0.0440  0.0431  0.0434  0.0431  0.0429  0.0432  0.0427  0.0434
  0.0428  0.0429  0.0427  0.0434  0.0435  0.0429  0.0430  0.0429  0.0428  0.0430  0.0427  0.0429
  0.0427  0.0427  0.0426  0.0430  0.0429  0.0427  0.0427  0.0427  0.0427  0.0428  0.0426  0.0427
  0.0426  0.0426  0.0426  0.0426  0.0426  0.0426  0.0426  0.0426  0.0426  0.0426  0.0426  0.0426
  0.0427  0.0426  0.0427  0.0424  0.0427  0.0427  0.0427  0.0427  0.0427  0.0426  0.0426  0.0426
  0.0429  0.0428  0.0428  0.0430  0.0433  0.0431  0.0430  0.0429  0.0427  0.0427  0.0427  0.0428
  0.0431  0.0431  0.0430  0.0443  0.0447  0.0438  0.0435  0.0431  0.0428  0.0431  0.0428  0.0431
niter,ni,del,rscale     2    3    5.0000    1.2000
parameters
   -1.2094   -9.1837   16.4150  -10.7172  -20.2320  -27.6339
   -1.6172   -2.1640    2.5691   22.1817  -10.5582   10.5281
eta,q 0.95740  3.50976
  0.0432  0.0432  0.0428  0.0438  0.0440  0.0431  0.0434  0.0431  0.0429  0.0433  0.0427  0.0433
  0.0428  0.0429  0.0427  0.0434  0.0435  0.0429  0.0430  0.0428  0.0428  0.0430  0.0426  0.0429
  0.0427  0.0427  0.0426  0.0430  0.0430  0.0427  0.0427  0.0427  0.0427  0.0428  0.0426  0.0427
  0.0426  0.0426  0.0426  0.0426  0.0426  0.0426  0.0426  0.0427  0.0427  0.0426  0.0426  0.0426
  0.0427  0.0426  0.0426  0.0424  0.0427  0.0427  0.0427  0.0427  0.0427  0.0426  0.0426  0.0426
  0.0428  0.0428  0.0428  0.0430  0.0433  0.0431  0.0430  0.0429  0.0427  0.0427  0.0427  0.0428
  0.0431  0.0431  0.0429  0.0443  0.0447  0.0438  0.0434  0.0431  0.0428  0.0431  0.0428  0.0431
niter,ni,del,rscale     1    3    5.0000    1.2000
parameters
   -1.1069   -9.0419   16.1256  -10.9323  -20.6987  -28.8823
   -1.7380   -2.5130    3.2805   23.0785  -11.6518   11.4136
eta,q 0.95738  3.50790
  0.0431  0.0432  0.0428  0.0437  0.0440  0.0432  0.0433  0.0431  0.0429  0.0433  0.0427  0.0433
  0.0428  0.0429  0.0427  0.0434  0.0435  0.0429  0.0430  0.0429  0.0428  0.0430  0.0427  0.0430
  0.0427  0.0427  0.0426  0.0430  0.0430  0.0427  0.0427  0.0427  0.0427  0.0428  0.0426  0.0427
  0.0426  0.0426  0.0426  0.0426  0.0426  0.0426  0.0427  0.0427  0.0427  0.0427  0.0426  0.0426
  0.0426  0.0426  0.0426  0.0425  0.0427  0.0427  0.0427  0.0427  0.0427  0.0426  0.0427  0.0427
  0.0428  0.0428  0.0427  0.0430  0.0434  0.0431  0.0430  0.0429  0.0427  0.0427  0.0427  0.0428
  0.0430  0.0431  0.0429  0.0443  0.0448  0.0437  0.0434  0.0432  0.0428  0.0432  0.0428  0.0431
registration optimization eta report
parameter search radius
    2.4000    2.7600    2.7600    9.5220    9.5220    9.5220
    7.2000    7.2000    7.2000    8.2800    7.2000    8.2800
100000*second partial in parameter space
        9.        7.        4.        2.        2.        1.
        1.        1.        0.        1.        0.        1.
  0.0431  0.0432  0.0428  0.0437  0.0440  0.0432  0.0433  0.0431  0.0429  0.0433  0.0427  0.0433
  0.0428  0.0429  0.0427  0.0434  0.0435  0.0429  0.0430  0.0429  0.0428  0.0430  0.0427  0.0430
  0.0427  0.0427  0.0426  0.0430  0.0430  0.0427  0.0427  0.0427  0.0427  0.0428  0.0426  0.0427
  0.0426  0.0426  0.0426  0.0426  0.0426  0.0426  0.0427  0.0427  0.0427  0.0427  0.0426  0.0426
  0.0426  0.0426  0.0426  0.0425  0.0427  0.0427  0.0427  0.0427  0.0427  0.0426  0.0427  0.0427
  0.0428  0.0428  0.0427  0.0430  0.0434  0.0431  0.0430  0.0429  0.0427  0.0427  0.0427  0.0428
  0.0430  0.0431  0.0429  0.0443  0.0448  0.0437  0.0434  0.0432  0.0428  0.0432  0.0428  0.0431
   -1.1069   -9.0419   16.1256  -10.9323  -20.6987  -28.8823
   -1.7380   -2.5130    3.2805   23.0785  -11.6518   11.4136
eta,q 0.95738  3.50790

---------------------------------------------------------------------
imgreg_4dfp /opt/freesurfer/average/711-2C_as_mni_average_305 /opt/freesurfer/average/711-2B_as_mni_average_305_mask talsrcimg_g11 none talsrcimg_to_711-2C_as_mni_average_305_t4 2311
---------------------------------------------------------------------

freesurfer imgreg_4dfp.c
/opt/freesurfer/average/711-2C_as_mni_average_305.4dfp.img
       256       256       256         1
  1.000000  1.000000  1.000000
orientation T byte_order littleendian
Reading image: /opt/freesurfer/average/711-2C_as_mni_average_305.4dfp.img
dimensions:      256       256       256
mmppix:       1.0000   -1.0000   -1.0000
center:     128.0000 -129.0000 -129.0000
/opt/freesurfer/average/711-2B_as_mni_average_305_mask.4dfp.img
       256       256       256         1
  1.000000  1.000000  1.000000
orientation T byte_order littleendian
Reading mask: /opt/freesurfer/average/711-2B_as_mni_average_305_mask.4dfp.img (2306576 pixels)
talsrcimg_g11.4dfp.img
       256       256       256         1
  1.000000  1.000000  1.000000
orientation T byte_order littleendian
Reading image: talsrcimg_g11.4dfp.img
dimensions:      256       256       256
mmppix:       1.0000   -1.0000   -1.0000
center:     128.0000 -129.0000 -129.0000
fimgreg.f
image alignment mode   2311 decimal      907 hex
parameters
   -1.1069   -9.0419   16.1256  -10.9323  -20.6987  -28.8823
   -1.7380   -2.5130    3.2805   23.0785  -11.6518   11.4136
eta,q 0.95738  3.50790
niter,ni,del,rscale     5    3    5.0000    0.8000
parameters
   -0.9892   -8.8227   15.9859   -8.8549  -20.3816  -29.0051
   -1.9056   -2.0157    3.2161   22.9171  -12.1019   10.6888
eta,q 0.95754  3.52084
  0.0428  0.0428  0.0427  0.0432  0.0430  0.0427  0.0429  0.0429  0.0426  0.0427  0.0425  0.0426
  0.0427  0.0427  0.0426  0.0430  0.0428  0.0426  0.0426  0.0426  0.0425  0.0426  0.0425  0.0425
  0.0426  0.0427  0.0426  0.0428  0.0426  0.0425  0.0425  0.0425  0.0425  0.0425  0.0425  0.0425
  0.0426  0.0426  0.0426  0.0426  0.0425  0.0425  0.0425  0.0425  0.0425  0.0425  0.0425  0.0425
  0.0426  0.0426  0.0426  0.0425  0.0425  0.0425  0.0425  0.0425  0.0425  0.0425  0.0425  0.0425
  0.0427  0.0427  0.0427  0.0425  0.0426  0.0426  0.0427  0.0426  0.0425  0.0426  0.0425  0.0426
  0.0428  0.0427  0.0427  0.0427  0.0430  0.0427  0.0429  0.0427  0.0426  0.0427  0.0426  0.0427
niter,ni,del,rscale     4    3    5.0000    0.7000
parameter  3  0.560705 ->  0.500000 qaram    1.1500
parameters
   -1.0735   -8.7713   15.1809   -8.7206  -19.6272  -28.5232
   -1.8848   -1.8438    3.4776   22.8599  -12.2541    9.3129
eta,q 0.95762  3.52044
  0.0427  0.0426  0.0424  0.0429  0.0429  0.0426  0.0427  0.0427  0.0425  0.0426  0.0425  0.0425
  0.0425  0.0425  0.0424  0.0427  0.0427  0.0425  0.0425  0.0425  0.0425  0.0425  0.0424  0.0424
  0.0425  0.0425  0.0424  0.0425  0.0425  0.0424  0.0424  0.0424  0.0424  0.0424  0.0424  0.0424
  0.0425  0.0425  0.0425  0.0424  0.0424  0.0424  0.0424  0.0424  0.0424  0.0424  0.0424  0.0424
  0.0425  0.0425  0.0425  0.0424  0.0424  0.0424  0.0424  0.0424  0.0424  0.0424  0.0424  0.0424
  0.0426  0.0425  0.0425  0.0426  0.0425  0.0424  0.0425  0.0425  0.0424  0.0425  0.0424  0.0425
  0.0427  0.0426  0.0426  0.0429  0.0427  0.0425  0.0427  0.0426  0.0425  0.0426  0.0425  0.0426
niter,ni,del,rscale     4    3    5.0000    0.7000
parameters
   -1.1089   -8.5058   14.5374   -8.5596  -19.2647  -28.0036
   -1.9588   -1.7090    3.4430   22.9639  -12.0758    7.6878
eta,q 0.95769  3.51984
  0.0426  0.0426  0.0424  0.0428  0.0428  0.0425  0.0427  0.0426  0.0425  0.0425  0.0424  0.0424
  0.0425  0.0425  0.0424  0.0426  0.0426  0.0425  0.0425  0.0425  0.0424  0.0424  0.0424  0.0423
  0.0424  0.0424  0.0424  0.0425  0.0424  0.0424  0.0424  0.0424  0.0424  0.0424  0.0423  0.0423
  0.0424  0.0424  0.0424  0.0424  0.0424  0.0423  0.0423  0.0423  0.0423  0.0423  0.0423  0.0423
  0.0424  0.0424  0.0424  0.0423  0.0424  0.0423  0.0424  0.0424  0.0423  0.0423  0.0423  0.0424
  0.0425  0.0424  0.0425  0.0425  0.0425  0.0424  0.0425  0.0425  0.0424  0.0424  0.0424  0.0425
  0.0426  0.0425  0.0426  0.0428  0.0427  0.0425  0.0427  0.0426  0.0425  0.0425  0.0424  0.0426
niter,ni,del,rscale     3    3    5.0000    0.6000
parameters
   -1.1636   -8.1956   14.0651   -8.1906  -18.9603  -27.4631
   -1.9549   -1.4721    3.0754   23.2038  -11.4484    5.9989
eta,q 0.95777  3.52199
  0.0425  0.0425  0.0423  0.0427  0.0426  0.0424  0.0425  0.0425  0.0423  0.0424  0.0423  0.0423
  0.0424  0.0424  0.0423  0.0425  0.0425  0.0424  0.0424  0.0424  0.0423  0.0423  0.0423  0.0422
  0.0423  0.0423  0.0423  0.0424  0.0423  0.0423  0.0423  0.0423  0.0423  0.0423  0.0423  0.0422
  0.0423  0.0423  0.0423  0.0423  0.0423  0.0423  0.0423  0.0423  0.0423  0.0423  0.0423  0.0423
  0.0423  0.0423  0.0423  0.0423  0.0423  0.0423  0.0423  0.0423  0.0423  0.0423  0.0423  0.0423
  0.0424  0.0423  0.0424  0.0424  0.0424  0.0423  0.0424  0.0423  0.0423  0.0423  0.0423  0.0424
  0.0425  0.0424  0.0424  0.0426  0.0425  0.0424  0.0425  0.0424  0.0424  0.0424  0.0423  0.0425
niter,ni,del,rscale     2    3    5.0000    0.5000
parameter 12  0.521118 ->  0.500000 qaram    1.1500
parameters
   -1.2525   -7.8998   13.5760   -7.7440  -18.6395  -27.1851
   -1.8976   -1.2089    2.5182   23.5116  -10.5459    4.2739
eta,q 0.95785  3.52448
  0.0423  0.0424  0.0422  0.0425  0.0424  0.0423  0.0424  0.0424  0.0422  0.0423  0.0423  0.0422
  0.0423  0.0423  0.0422  0.0424  0.0423  0.0422  0.0423  0.0423  0.0422  0.0422  0.0422  0.0422
  0.0422  0.0423  0.0422  0.0423  0.0422  0.0422  0.0422  0.0422  0.0422  0.0422  0.0422  0.0422
  0.0422  0.0422  0.0422  0.0422  0.0422  0.0422  0.0422  0.0422  0.0422  0.0422  0.0422  0.0422
  0.0423  0.0422  0.0422  0.0422  0.0422  0.0422  0.0422  0.0422  0.0422  0.0422  0.0422  0.0422
  0.0423  0.0422  0.0423  0.0423  0.0422  0.0422  0.0423  0.0422  0.0422  0.0422  0.0422  0.0423
  0.0424  0.0423  0.0423  0.0424  0.0424  0.0423  0.0424  0.0423  0.0423  0.0423  0.0422  0.0423
niter,ni,del,rscale     2    3    5.0000    0.5000
parameters
   -1.3823   -7.6416   13.1028   -7.4284  -18.3520  -26.8976
   -1.7143   -1.0206    1.8497   23.7639   -9.6716    3.1594
eta,q 0.95791  3.52672
  0.0423  0.0423  0.0422  0.0424  0.0424  0.0422  0.0424  0.0423  0.0422  0.0422  0.0422  0.0422
  0.0422  0.0422  0.0421  0.0423  0.0423  0.0422  0.0422  0.0422  0.0421  0.0422  0.0422  0.0421
  0.0422  0.0422  0.0421  0.0422  0.0422  0.0421  0.0421  0.0421  0.0421  0.0421  0.0421  0.0421
  0.0422  0.0422  0.0421  0.0421  0.0421  0.0421  0.0421  0.0421  0.0421  0.0421  0.0421  0.0421
  0.0422  0.0421  0.0422  0.0421  0.0421  0.0421  0.0421  0.0421  0.0421  0.0421  0.0421  0.0422
  0.0422  0.0422  0.0422  0.0422  0.0422  0.0421  0.0422  0.0422  0.0422  0.0421  0.0421  0.0422
  0.0423  0.0422  0.0423  0.0424  0.0423  0.0422  0.0423  0.0423  0.0422  0.0422  0.0421  0.0423
niter,ni,del,rscale     1    3    5.0000    0.4000
parameters
   -1.4778   -7.4724   12.8015   -7.0989  -18.1968  -26.8189
   -1.5756   -0.8426    1.3457   24.1197   -9.0989    2.4211
eta,q 0.95794  3.52992
  0.0422  0.0422  0.0421  0.0423  0.0422  0.0421  0.0422  0.0422  0.0421  0.0421  0.0421  0.0421
  0.0421  0.0421  0.0421  0.0422  0.0422  0.0421  0.0421  0.0421  0.0421  0.0421  0.0421  0.0421
  0.0421  0.0421  0.0421  0.0421  0.0421  0.0421  0.0421  0.0421  0.0421  0.0421  0.0421  0.0421
  0.0421  0.0421  0.0421  0.0421  0.0421  0.0421  0.0421  0.0421  0.0421  0.0421  0.0421  0.0421
  0.0421  0.0421  0.0421  0.0421  0.0421  0.0421  0.0421  0.0421  0.0421  0.0421  0.0421  0.0421
  0.0422  0.0421  0.0421  0.0421  0.0421  0.0421  0.0421  0.0421  0.0421  0.0421  0.0421  0.0421
  0.0422  0.0421  0.0422  0.0422  0.0422  0.0421  0.0422  0.0422  0.0422  0.0421  0.0421  0.0422
registration optimization eta report
parameter search radius
    0.8000    0.8000    0.9200    2.4000    2.4000    2.4000
    2.4000    2.4000    2.4000    2.4000    2.4000    2.7600
100000*second partial in parameter space
       14.        8.        5.        3.        3.        1.
        3.        2.        1.        1.        1.        1.
  0.0422  0.0422  0.0421  0.0423  0.0422  0.0421  0.0422  0.0422  0.0421  0.0421  0.0421  0.0421
  0.0421  0.0421  0.0421  0.0422  0.0422  0.0421  0.0421  0.0421  0.0421  0.0421  0.0421  0.0421
  0.0421  0.0421  0.0421  0.0421  0.0421  0.0421  0.0421  0.0421  0.0421  0.0421  0.0421  0.0421
  0.0421  0.0421  0.0421  0.0421  0.0421  0.0421  0.0421  0.0421  0.0421  0.0421  0.0421  0.0421
  0.0421  0.0421  0.0421  0.0421  0.0421  0.0421  0.0421  0.0421  0.0421  0.0421  0.0421  0.0421
  0.0422  0.0421  0.0421  0.0421  0.0421  0.0421  0.0421  0.0421  0.0421  0.0421  0.0421  0.0421
  0.0422  0.0421  0.0422  0.0422  0.0422  0.0421  0.0422  0.0422  0.0422  0.0421  0.0421  0.0422
   -1.4778   -7.4724   12.8015   -7.0989  -18.1968  -26.8189
   -1.5756   -0.8426    1.3457   24.1197   -9.0989    2.4211
eta,q 0.95794  3.52992

---------------------------------------------------------------------
imgreg_4dfp /opt/freesurfer/average/711-2C_as_mni_average_305 /opt/freesurfer/average/711-2B_as_mni_average_305_mask talsrcimg_g11 none talsrcimg_to_711-2C_as_mni_average_305_t4 2311
---------------------------------------------------------------------

freesurfer imgreg_4dfp.c
/opt/freesurfer/average/711-2C_as_mni_average_305.4dfp.img
       256       256       256         1
  1.000000  1.000000  1.000000
orientation T byte_order littleendian
Reading image: /opt/freesurfer/average/711-2C_as_mni_average_305.4dfp.img
dimensions:      256       256       256
mmppix:       1.0000   -1.0000   -1.0000
center:     128.0000 -129.0000 -129.0000
/opt/freesurfer/average/711-2B_as_mni_average_305_mask.4dfp.img
       256       256       256         1
  1.000000  1.000000  1.000000
orientation T byte_order littleendian
Reading mask: /opt/freesurfer/average/711-2B_as_mni_average_305_mask.4dfp.img (2306576 pixels)
talsrcimg_g11.4dfp.img
       256       256       256         1
  1.000000  1.000000  1.000000
orientation T byte_order littleendian
Reading image: talsrcimg_g11.4dfp.img
dimensions:      256       256       256
mmppix:       1.0000   -1.0000   -1.0000
center:     128.0000 -129.0000 -129.0000
fimgreg.f
image alignment mode   2311 decimal      907 hex
parameters
   -1.4778   -7.4724   12.8015   -7.0989  -18.1968  -26.8189
   -1.5756   -0.8426    1.3457   24.1197   -9.0989    2.4211
eta,q 0.95794  3.52992
niter,ni,del,rscale     5    3    5.0000    0.8000
parameters
   -1.5567   -7.4302   12.5467   -7.4864  -18.3292  -27.0213
   -1.4065   -1.1285    1.0869   24.2626   -8.7227    2.4023
eta,q 0.95792  3.52393
  0.0424  0.0423  0.0421  0.0426  0.0426  0.0423  0.0426  0.0424  0.0422  0.0423  0.0422  0.0423
  0.0422  0.0422  0.0421  0.0424  0.0424  0.0422  0.0423  0.0422  0.0422  0.0422  0.0421  0.0422
  0.0421  0.0421  0.0421  0.0422  0.0422  0.0421  0.0422  0.0421  0.0421  0.0421  0.0421  0.0421
  0.0421  0.0421  0.0421  0.0421  0.0421  0.0421  0.0421  0.0421  0.0421  0.0421  0.0421  0.0421
  0.0421  0.0421  0.0421  0.0421  0.0421  0.0421  0.0421  0.0421  0.0421  0.0421  0.0421  0.0421
  0.0423  0.0422  0.0421  0.0424  0.0423  0.0422  0.0423  0.0423  0.0422  0.0422  0.0421  0.0422
  0.0425  0.0423  0.0422  0.0429  0.0428  0.0424  0.0425  0.0425  0.0423  0.0423  0.0422  0.0423
niter,ni,del,rscale     4    3    5.0000    0.7000
parameters
   -1.5596   -7.2905   12.6228   -7.4459  -18.3826  -27.1129
   -1.2121   -1.1366    0.8638   24.4672   -8.6375    2.2475
eta,q 0.95793  3.52595
  0.0423  0.0423  0.0422  0.0425  0.0425  0.0422  0.0425  0.0423  0.0422  0.0423  0.0422  0.0423
  0.0422  0.0422  0.0421  0.0424  0.0423  0.0422  0.0423  0.0422  0.0421  0.0422  0.0421  0.0421
  0.0421  0.0421  0.0421  0.0422  0.0421  0.0421  0.0421  0.0421  0.0421  0.0421  0.0421  0.0421
  0.0421  0.0421  0.0421  0.0421  0.0421  0.0421  0.0421  0.0421  0.0421  0.0421  0.0421  0.0421
  0.0421  0.0421  0.0421  0.0421  0.0421  0.0421  0.0421  0.0421  0.0421  0.0421  0.0421  0.0421
  0.0422  0.0421  0.0421  0.0423  0.0423  0.0422  0.0422  0.0422  0.0422  0.0421  0.0421  0.0422
  0.0423  0.0422  0.0422  0.0426  0.0426  0.0423  0.0424  0.0424  0.0422  0.0423  0.0422  0.0423
niter,ni,del,rscale     3    3    5.0000    0.6000
parameters
   -1.5706   -7.2629   12.5523   -7.2582  -18.3777  -27.1361
   -1.1351   -1.0029    0.7323   24.6310   -8.5885    2.1166
eta,q 0.95794  3.52756
  0.0423  0.0422  0.0421  0.0425  0.0424  0.0422  0.0424  0.0423  0.0422  0.0422  0.0421  0.0422
  0.0422  0.0421  0.0421  0.0423  0.0422  0.0421  0.0422  0.0422  0.0421  0.0421  0.0421  0.0421
  0.0421  0.0421  0.0421  0.0422  0.0421  0.0421  0.0421  0.0421  0.0421  0.0421  0.0421  0.0421
  0.0421  0.0421  0.0421  0.0421  0.0421  0.0421  0.0421  0.0421  0.0421  0.0421  0.0421  0.0421
  0.0421  0.0421  0.0421  0.0421  0.0421  0.0421  0.0421  0.0421  0.0421  0.0421  0.0421  0.0421
  0.0422  0.0421  0.0421  0.0422  0.0422  0.0421  0.0422  0.0422  0.0421  0.0421  0.0421  0.0421
  0.0423  0.0422  0.0421  0.0424  0.0424  0.0422  0.0423  0.0423  0.0422  0.0422  0.0421  0.0422
niter,ni,del,rscale     2    3    5.0000    0.5000
parameters
   -1.5887   -7.2305   12.4711   -7.0315  -18.3796  -27.0990
   -1.1314   -0.8463    0.6993   24.7285   -8.4711    1.9323
eta,q 0.95795  3.52902
  0.0422  0.0422  0.0421  0.0424  0.0423  0.0421  0.0423  0.0422  0.0421  0.0422  0.0421  0.0421
  0.0421  0.0421  0.0421  0.0422  0.0422  0.0421  0.0421  0.0421  0.0421  0.0421  0.0421  0.0421
  0.0421  0.0421  0.0421  0.0421  0.0421  0.0421  0.0421  0.0421  0.0421  0.0421  0.0421  0.0421
  0.0421  0.0421  0.0421  0.0421  0.0421  0.0421  0.0421  0.0421  0.0421  0.0421  0.0421  0.0420
  0.0421  0.0421  0.0421  0.0421  0.0421  0.0421  0.0421  0.0421  0.0421  0.0421  0.0421  0.0421
  0.0421  0.0421  0.0421  0.0421  0.0422  0.0421  0.0422  0.0421  0.0421  0.0421  0.0421  0.0421
  0.0422  0.0421  0.0421  0.0423  0.0423  0.0422  0.0423  0.0422  0.0421  0.0421  0.0421  0.0422
niter,ni,del,rscale     1    3    5.0000    0.4000
parameters
   -1.6285   -7.2074   12.3413   -6.8060  -18.3508  -27.0047
   -1.1947   -0.7691    0.6845   24.8564   -8.2811    1.6835
eta,q 0.95796  3.53061
  0.0421  0.0421  0.0421  0.0423  0.0422  0.0421  0.0422  0.0422  0.0421  0.0421  0.0421  0.0421
  0.0421  0.0421  0.0421  0.0422  0.0421  0.0421  0.0421  0.0421  0.0421  0.0421  0.0421  0.0421
  0.0421  0.0421  0.0421  0.0421  0.0421  0.0421  0.0421  0.0421  0.0421  0.0421  0.0420  0.0420
  0.0421  0.0420  0.0421  0.0421  0.0420  0.0420  0.0420  0.0420  0.0420  0.0420  0.0420  0.0420
  0.0421  0.0421  0.0421  0.0420  0.0421  0.0420  0.0421  0.0421  0.0421  0.0420  0.0420  0.0421
  0.0421  0.0421  0.0421  0.0421  0.0421  0.0421  0.0421  0.0421  0.0421  0.0421  0.0421  0.0421
  0.0422  0.0421  0.0421  0.0422  0.0422  0.0421  0.0422  0.0421  0.0421  0.0421  0.0421  0.0421
registration optimization eta report
parameter search radius
    0.8000    0.8000    0.8000    2.4000    2.4000    2.4000
    2.4000    2.4000    2.4000    2.4000    2.4000    2.4000
100000*second partial in parameter space
       15.        9.        5.        3.        3.        1.
        2.        2.        1.        1.        0.        1.
  0.0421  0.0421  0.0421  0.0423  0.0422  0.0421  0.0422  0.0422  0.0421  0.0421  0.0421  0.0421
  0.0421  0.0421  0.0421  0.0422  0.0421  0.0421  0.0421  0.0421  0.0421  0.0421  0.0421  0.0421
  0.0421  0.0421  0.0421  0.0421  0.0421  0.0421  0.0421  0.0421  0.0421  0.0421  0.0420  0.0420
  0.0421  0.0420  0.0421  0.0421  0.0420  0.0420  0.0420  0.0420  0.0420  0.0420  0.0420  0.0420
  0.0421  0.0421  0.0421  0.0420  0.0421  0.0420  0.0421  0.0421  0.0421  0.0420  0.0420  0.0421
  0.0421  0.0421  0.0421  0.0421  0.0421  0.0421  0.0421  0.0421  0.0421  0.0421  0.0421  0.0421
  0.0422  0.0421  0.0421  0.0422  0.0422  0.0421  0.0422  0.0421  0.0421  0.0421  0.0421  0.0421
   -1.6285   -7.2074   12.3413   -6.8060  -18.3508  -27.0047
   -1.1947   -0.7691    0.6845   24.8564   -8.2811    1.6835
eta,q 0.95796  3.53061

---------------------------------------------------------------------
compute_vox2vox talsrcimg talsrcimg_to_711-2C_as_mni_average_305_t4 /opt/freesurfer/average/711-2C_as_mni_average_305
---------------------------------------------------------------------

freesurfer compute_vox2vox.c
Reading: talsrcimg.4dfp.ifh
Reading: talsrcimg_to_711-2C_as_mni_average_305_t4
Reading: /opt/freesurfer/average/711-2C_as_mni_average_305.4dfp.ifh
Writing: talsrcimg_to_711-2C_as_mni_average_305_t4_vox2vox.txt

start time Wed Dec 13 15:36:11 UTC 2023
end		time Wed Dec 13 15:36:34 UTC 2023

mpr2mni305 success

avi2talxfm orig_nu.mgz /opt/freesurfer/average/mni305.cor.mgz talsrcimg_to_711-2C_as_mni_average_305_t4_vox2vox.txt transforms/talairach.auto.xfm
avi2talxfm done
mv -f /output/sourcedata/freesurfer/sub-1009/mri/talsrcimg_to_711-2C_as_mni_average_305_t4_vox2vox.txt /output/sourcedata/freesurfer/sub-1009/mri/transforms/talsrcimg_to_711-2C_as_mni_average_305_t4_vox2vox.txt
lta_convert --src orig_nu.mgz --trg /opt/freesurfer/average/mni305.cor.mgz --inxfm transforms/talairach.auto.xfm --outlta transforms/talairach.auto.xfm.lta --subject fsaverage
7.3.2

--src: orig_nu.mgz src image (geometry).
--trg: /opt/freesurfer/average/mni305.cor.mgz trg image (geometry).
--inmni: transforms/talairach.auto.xfm input MNI/XFM transform.
--outlta: transforms/talairach.auto.xfm.lta output LTA.
--s: fsaverage subject name
 LTA read, type : 1
 1.07345   0.00600   0.01558   0.71883;
 0.12285   1.38032  -0.02666  -16.76958;
-0.04640  -0.42026   1.23274   13.62198;
 0.00000   0.00000   0.00000   1.00000;
setting subject to fsaverage
Writing  LTA to file transforms/talairach.auto.xfm.lta...
lta_convert successful.
 
 
Started at Wed Dec 13 15:36:09 UTC 2023
Ended   at Wed Dec 13 15:36:35 UTC 2023
talairach_avi done
