/output/sourcedata/freesurfer/sub-1012/mri
/opt/freesurfer/bin/talairach_avi
--i orig_nu.mgz --xfm transforms/talairach.auto.xfm
talairach_avi 7.3.2
Linux 3934f843f4df 5.15.133.1-microsoft-standard-WSL2 #1 SMP Thu Oct 5 21:02:42 UTC 2023 x86_64 x86_64 x86_64 GNU/Linux
Wed Dec 13 15:35:57 UTC 2023
mri_convert orig_nu.mgz talsrcimg.img 
reading from orig_nu.mgz...
TR=0.00, TE=0.00, TI=0.00, flip angle=0.00
i_ras = (-1, 0, 0)
j_ras = (0, 0, -1)
k_ras = (0, 1, 0)
writing to talsrcimg.img...
Analyze Output Matrix
-1.00000   0.00000   0.00000   130.00000;
 0.00000   0.00000   1.00000  -129.00000;
 0.00000  -1.00000   0.00000   129.00000;
 0.00000   0.00000   0.00000   1.00000;
--------------------
INFO: set hdr.hist.orient to -1
mpr2mni305 talsrcimg
Wed Dec 13 15:35:58 UTC 2023
/opt/freesurfer/bin/mpr2mni305 talsrcimg
mpr2mni305 7.3.2
target=711-2C_as_mni_average_305

---------------------------------------------------------------------
analyzeto4dfp talsrcimg -O0 -y
---------------------------------------------------------------------

freesurfer ifh2hdr.c
Wed Dec 13 15:35:58 2023
Writing: talsrcimg.4dfp.hdr
freesurfer analyzeto4dfp.c
Reading: talsrcimg.hdr
header size 348 bytes
hdr.dime.datatype	offset=70	value=2
hdr.dime.bitpix		offset=72	value=8
hdr.hist.orient		offset=252	value=-1
dimensionality     4
dimensions       256       256       256         1
Reading: talsrcimg.img
Writing: talsrcimg.4dfp.img
Writing: talsrcimg.4dfp.ifh
ifh2hdr talsrcimg -r0to255
ori=2

---------------------------------------------------------------------
gauss_4dfp talsrcimg 1.1
---------------------------------------------------------------------

freesurfer gauss_4dfp.c
Reading: talsrcimg.4dfp.img
Writing: talsrcimg_g11.4dfp.img
image dimensions 256 256 256 padded to 288 288 288
processing volume 1freesurfer ifh2hdr.c
Wed Dec 13 15:36:00 2023
Writing: talsrcimg_g11.4dfp.hdr

Writing: talsrcimg_g11.4dfp.ifh
including: talsrcimg.4dfp.img.rec in talsrcimg_g11.4dfp.img.rec

---------------------------------------------------------------------
imgreg_4dfp /opt/freesurfer/average/711-2C_as_mni_average_305 none talsrcimg_g11 none talsrcimg_to_711-2C_as_mni_average_305_t4 4355
---------------------------------------------------------------------

freesurfer imgreg_4dfp.c
/opt/freesurfer/average/711-2C_as_mni_average_305.4dfp.img
       256       256       256         1
  1.000000  1.000000  1.000000
orientation T byte_order littleendian
Reading image: /opt/freesurfer/average/711-2C_as_mni_average_305.4dfp.img
dimensions:      256       256       256
mmppix:       1.0000   -1.0000   -1.0000
center:     128.0000 -129.0000 -129.0000
talsrcimg_g11.4dfp.img
       256       256       256         1
  1.000000  1.000000  1.000000
orientation T byte_order littleendian
Reading image: talsrcimg_g11.4dfp.img
dimensions:      256       256       256
mmppix:       1.0000   -1.0000   -1.0000
center:     128.0000 -129.0000 -129.0000
t4_read: open error in t4_sub.f l:  41 t4_file(1:l)talsrcimg_to_711-2C_as_mni_average_305_t4 
t4_read: transform initialized to I4
rotation matrix determinant  1.000000
image alignment mode   4355 decimal     1103 hex
   -7.5000  -45.0000  -45.0000 7524.4399    8.3501
    0.0000  -45.0000  -45.0000 7820.6309    8.4234
    7.5000  -45.0000  -45.0000 7441.1074    8.4688
   -7.5000  -37.5000  -45.0000 7892.8120    8.3387
    0.0000  -37.5000  -45.0000 8211.7686    8.4124
    7.5000  -37.5000  -45.0000 7793.9272    8.4588
   -7.5000  -30.0000  -45.0000 8514.5303    8.3335
    0.0000  -30.0000  -45.0000 8848.9248    8.4099
    7.5000  -30.0000  -45.0000 8396.0098    8.4590
   -7.5000  -22.5000  -45.0000 9100.9053    8.3378
    0.0000  -22.5000  -45.0000 9465.2383    8.4169
    7.5000  -22.5000  -45.0000 8965.0566    8.4676
   -7.5000  -15.0000  -45.0000 9618.8936    8.3466
    0.0000  -15.0000  -45.0000 9986.3135    8.4255
    7.5000  -15.0000  -45.0000 9473.3984    8.4752
   -7.5000   -7.5000  -45.000010087.4668    8.3504
    0.0000   -7.5000  -45.000010488.7070    8.4263
    7.5000   -7.5000  -45.0000 9932.2744    8.4732
   -7.5000    0.0000  -45.000010532.6064    8.3469
    0.0000    0.0000  -45.000010945.2207    8.4201
    7.5000    0.0000  -45.000010348.6572    8.4655
   -7.5000    7.5000  -45.000010136.6836    8.3387
    0.0000    7.5000  -45.000010512.7012    8.4124
    7.5000    7.5000  -45.0000 9927.6084    8.4588
   -7.5000   15.0000  -45.0000 9588.7021    8.3335
    0.0000   15.0000  -45.0000 9940.2812    8.4099
    7.5000   15.0000  -45.0000 9370.2998    8.4590
   -7.5000   22.5000  -45.0000 8981.2705    8.3367
    0.0000   22.5000  -45.0000 9293.4785    8.4157
    7.5000   22.5000  -45.0000 8733.4268    8.4665
   -7.5000   30.0000  -45.0000 8284.6816    8.2354
    0.0000   30.0000  -45.0000 8567.5654    8.3132
    7.5000   30.0000  -45.0000 8039.9355    8.3623
   -7.5000   37.5000  -45.0000 7831.6641    8.2391
    0.0000   37.5000  -45.0000 8073.8657    8.3140
    7.5000   37.5000  -45.0000 7582.9961    8.3603
   -7.5000   45.0000  -45.0000 6977.4468    8.0347
    0.0000   45.0000  -45.0000 7190.4966    8.1053
    7.5000   45.0000  -45.0000 6741.1826    8.1490
   -7.5000  -45.0000  -37.5000 8092.6797    8.3212
    0.0000  -45.0000  -37.5000 8404.8311    8.3943
    7.5000  -45.0000  -37.5000 7984.2979    8.4406
   -7.5000  -37.5000  -37.5000 8477.8447    8.3122
    0.0000  -37.5000  -37.5000 8823.4873    8.3855
    7.5000  -37.5000  -37.5000 8354.4238    8.4330
   -7.5000  -30.0000  -37.5000 9130.1641    8.3071
    0.0000  -30.0000  -37.5000 9512.8848    8.3828
    7.5000  -30.0000  -37.5000 8995.4795    8.4325
   -7.5000  -22.5000  -37.5000 9733.2305    8.3090
    0.0000  -22.5000  -37.500010149.3174    8.3869
    7.5000  -22.5000  -37.5000 9592.0732    8.4377
   -7.5000  -15.0000  -37.500010282.6172    8.3154
    0.0000  -15.0000  -37.500010717.5000    8.3932
    7.5000  -15.0000  -37.500010126.9668    8.4426
   -7.5000   -7.5000  -37.500010800.4980    8.3193
    0.0000   -7.5000  -37.500011270.8643    8.3947
    7.5000   -7.5000  -37.500010630.1289    8.4417
   -7.5000    0.0000  -37.500011248.6543    8.3180
    0.0000    0.0000  -37.500011719.7510    8.3910
    7.5000    0.0000  -37.500011052.8643    8.4372
   -7.5000    7.5000  -37.500010784.4268    8.3122
    0.0000    7.5000  -37.500011204.8770    8.3855
    7.5000    7.5000  -37.500010568.4023    8.4330
   -7.5000   15.0000  -37.500010204.4307    8.3071
    0.0000   15.0000  -37.500010571.1406    8.3828
    7.5000   15.0000  -37.5000 9958.0195    8.4325
   -7.5000   22.5000  -37.5000 9547.2783    8.3078
    0.0000   22.5000  -37.5000 9882.0869    8.3857
    7.5000   22.5000  -37.5000 9288.2061    8.4366
   -7.5000   30.0000  -37.5000 8789.1152    8.2046
    0.0000   30.0000  -37.5000 9076.7100    8.2814
    7.5000   30.0000  -37.5000 8525.6836    8.3301
   -7.5000   37.5000  -37.5000 8292.8105    8.2084
    0.0000   37.5000  -37.5000 8537.6475    8.2828
    7.5000   37.5000  -37.5000 8015.5830    8.3292
   -7.5000   45.0000  -37.5000 7382.2349    8.0068
    0.0000   45.0000  -37.5000 7600.7339    8.0772
    7.5000   45.0000  -37.5000 7117.2153    8.1218
   -7.5000  -45.0000  -30.0000 8798.0215    8.6674
    0.0000  -45.0000  -30.0000 9152.4619    8.7439
    7.5000  -45.0000  -30.0000 8687.5586    8.7945
   -7.5000  -37.5000  -30.0000 9222.7842    8.6567
    0.0000  -37.5000  -30.0000 9606.3916    8.7336
    7.5000  -37.5000  -30.0000 9092.7832    8.7861
   -7.5000  -30.0000  -30.0000 9929.2061    8.6501
    0.0000  -30.0000  -30.000010351.5674    8.7288
    7.5000  -30.0000  -30.0000 9783.0928    8.7834
   -7.5000  -22.5000  -30.000010562.5586    8.6518
    0.0000  -22.5000  -30.000011005.1895    8.7319
    7.5000  -22.5000  -30.000010401.0117    8.7864
   -7.5000  -15.0000  -30.000011143.5479    8.6596
    0.0000  -15.0000  -30.000011626.6650    8.7394
    7.5000  -15.0000  -30.000010976.2100    8.7915
   -7.5000   -7.5000  -30.000011698.2715    8.6651
    0.0000   -7.5000  -30.000012207.3281    8.7431
    7.5000   -7.5000  -30.000011505.3086    8.7933
   -7.5000    0.0000  -30.000012145.9336    8.6640
    0.0000    0.0000  -30.000012646.8750    8.7404
    7.5000    0.0000  -30.000011925.1895    8.7909
   -7.5000    7.5000  -30.000011605.6572    8.6567
    0.0000    7.5000  -30.000012050.9873    8.7336
    7.5000    7.5000  -30.000011381.3408    8.7861
   -7.5000   15.0000  -30.000010966.5527    8.6501
    0.0000   15.0000  -30.000011375.8389    8.7288
    7.5000   15.0000  -30.000010733.1836    8.7834
   -7.5000   22.5000  -30.000010264.2021    8.6497
    0.0000   22.5000  -30.000010626.4287    8.7298
    7.5000   22.5000  -30.000010004.1230    8.7843
   -7.5000   30.0000  -30.0000 9446.5059    8.5450
    0.0000   30.0000  -30.0000 9749.3418    8.6237
    7.5000   30.0000  -30.0000 9154.4043    8.6752
   -7.5000   37.5000  -30.0000 8872.5039    8.5504
    0.0000   37.5000  -30.0000 9137.1162    8.6274
    7.5000   37.5000  -30.0000 8572.8115    8.6769
   -7.5000   45.0000  -30.0000 7875.1274    8.3459
    0.0000   45.0000  -30.0000 8117.0771    8.4196
    7.5000   45.0000  -30.0000 7596.4272    8.4684
   -7.5000  -45.0000  -22.5000 9518.3076    8.9708
    0.0000  -45.0000  -22.5000 9896.4541    9.0498
    7.5000  -45.0000  -22.5000 9389.0732    9.1035
   -7.5000  -37.5000  -22.5000 9978.6992    8.9559
    0.0000  -37.5000  -22.500010374.5645    9.0356
    7.5000  -37.5000  -22.5000 9835.3301    9.0919
   -7.5000  -30.0000  -22.500010730.2949    8.9469
    0.0000  -30.0000  -22.500011172.0781    9.0284
    7.5000  -30.0000  -22.500010567.3203    9.0868
   -7.5000  -22.5000  -22.500011387.2236    8.9508
    0.0000  -22.5000  -22.500011857.5938    9.0330
    7.5000  -22.5000  -22.500011226.8428    9.0907
   -7.5000  -15.0000  -22.500011983.0977    8.9626
    0.0000  -15.0000  -22.500012494.1445    9.0441
    7.5000  -15.0000  -22.500011826.2734    9.0989
   -7.5000   -7.5000  -22.500012539.6992    8.9701
    0.0000   -7.5000  -22.500013090.3545    9.0500
    7.5000   -7.5000  -22.500012393.5605    9.1028
   -7.5000    0.0000  -22.500012980.2197    8.9673
    0.0000    0.0000  -22.500013529.6943    9.0461
    7.5000    0.0000  -22.500012822.4785    9.0998
   -7.5000    7.5000  -22.500012376.4326    8.9559
    0.0000    7.5000  -22.500012879.6357    9.0356
    7.5000    7.5000  -22.500012192.0410    9.0919
   -7.5000   15.0000  -22.500011681.7432    8.9469
    0.0000   15.0000  -22.500012138.7715    9.0284
    7.5000   15.0000  -22.500011464.8076    9.0868
   -7.5000   22.5000  -22.500010935.6318    8.9480
    0.0000   22.5000  -22.500011327.6211    9.0302
    7.5000   22.5000  -22.500010668.4541    9.0879
   -7.5000   30.0000  -22.500010025.0010    8.8454
    0.0000   30.0000  -22.500010358.5107    8.9258
    7.5000   30.0000  -22.5000 9735.2705    8.9798
   -7.5000   37.5000  -22.5000 9403.8379    8.8527
    0.0000   37.5000  -22.5000 9702.7861    8.9316
    7.5000   37.5000  -22.5000 9105.8301    8.9837
   -7.5000   45.0000  -22.5000 8345.9082    8.6445
    0.0000   45.0000  -22.5000 8603.5088    8.7207
    7.5000   45.0000  -22.5000 8062.8477    8.7725
   -7.5000  -45.0000  -15.000010278.8867    9.1941
    0.0000  -45.0000  -15.000010685.3623    9.2744
    7.5000  -45.0000  -15.000010140.0254    9.3286
   -7.5000  -37.5000  -15.000010750.9141    9.1763
    0.0000  -37.5000  -15.000011173.8711    9.2578
    7.5000  -37.5000  -15.000010604.1816    9.3144
   -7.5000  -30.0000  -15.000011546.0176    9.1667
    0.0000  -30.0000  -15.000012017.4209    9.2504
    7.5000  -30.0000  -15.000011391.3398    9.3096
   -7.5000  -22.5000  -15.000012224.8555    9.1731
    0.0000  -22.5000  -15.000012729.7168    9.2579
    7.5000  -22.5000  -15.000012086.0283    9.3169
   -7.5000  -15.0000  -15.000012831.4287    9.1876
    0.0000  -15.0000  -15.000013368.0850    9.2715
    7.5000  -15.0000  -15.000012730.1895    9.3278
   -7.5000   -7.5000  -15.000013396.4033    9.1953
    0.0000   -7.5000  -15.000013963.5850    9.2770
    7.5000   -7.5000  -15.000013297.8721    9.3310
   -7.5000    0.0000  -15.000013854.8828    9.1905
    0.0000    0.0000  -15.000014421.0957    9.2708
    7.5000    0.0000  -15.000013728.7168    9.3248
   -7.5000    7.5000  -15.000013152.1357    9.1763
    0.0000    7.5000  -15.000013690.4502    9.2578
    7.5000    7.5000  -15.000013008.2100    9.3144
   -7.5000   15.0000  -15.000012357.0361    9.1667
    0.0000   15.0000  -15.000012855.7354    9.2504
    7.5000   15.0000  -15.000012184.7314    9.3096
   -7.5000   22.5000  -15.000011515.5322    9.1699
    0.0000   22.5000  -15.000011943.0820    9.2546
    7.5000   22.5000  -15.000011286.9805    9.3136
   -7.5000   30.0000  -15.000010546.9111    9.0687
    0.0000   30.0000  -15.000010913.7695    9.1515
    7.5000   30.0000  -15.000010297.5508    9.2071
   -7.5000   37.5000  -15.0000 9900.5312    9.0763
    0.0000   37.5000  -15.000010218.7100    9.1569
    7.5000   37.5000  -15.0000 9626.3984    9.2102
   -7.5000   45.0000  -15.0000 8798.6787    8.8651
    0.0000   45.0000  -15.0000 9070.2344    8.9427
    7.5000   45.0000  -15.0000 8528.9014    8.9949
   -7.5000  -45.0000   -7.500011134.9697    9.3029
    0.0000  -45.0000   -7.500011574.7627    9.3841
    7.5000  -45.0000   -7.500010968.0293    9.4359
   -7.5000  -37.5000   -7.500011575.2617    9.2867
    0.0000  -37.5000   -7.500012037.9775    9.3688
    7.5000  -37.5000   -7.500011409.3730    9.4223
   -7.5000  -30.0000   -7.500012381.9316    9.2787
    0.0000  -30.0000   -7.500012894.0332    9.3636
    7.5000  -30.0000   -7.500012221.2754    9.4203
   -7.5000  -22.5000   -7.500013063.4980    9.2851
    0.0000  -22.5000   -7.500013590.1143    9.3722
    7.5000  -22.5000   -7.500012959.8018    9.4301
   -7.5000  -15.0000   -7.500013693.9678    9.2981
    0.0000  -15.0000   -7.500014262.6299    9.3847
    7.5000  -15.0000   -7.500013632.4932    9.4408
   -7.5000   -7.5000   -7.500014267.6953    9.3042
    0.0000   -7.5000   -7.500014867.1777    9.3877
    7.5000   -7.5000   -7.500014190.3418    9.4408
   -7.5000    0.0000   -7.500014715.1250    9.2993
    0.0000    0.0000   -7.500015326.7715    9.3804
    7.5000    0.0000   -7.500014611.7314    9.4321
   -7.5000    7.5000   -7.500013947.9238    9.2867
    0.0000    7.5000   -7.500014517.7021    9.3688
    7.5000    7.5000   -7.500013844.4238    9.4223
   -7.5000   15.0000   -7.500013053.3164    9.2787
    0.0000   15.0000   -7.500013565.6729    9.3636
    7.5000   15.0000   -7.500012926.2646    9.4203
   -7.5000   22.5000   -7.500012102.4590    9.2809
    0.0000   22.5000   -7.500012547.8467    9.3678
    7.5000   22.5000   -7.500011936.0264    9.4257
   -7.5000   30.0000   -7.500011068.0625    9.1775
    0.0000   30.0000   -7.500011432.2012    9.2630
    7.5000   30.0000   -7.500010879.8066    9.3184
   -7.5000   37.5000   -7.500010406.1035    9.1835
    0.0000   37.5000   -7.500010727.7314    9.2660
    7.5000   37.5000   -7.500010187.1250    9.3184
   -7.5000   45.0000   -7.5000 9266.7109    8.9718
    0.0000   45.0000   -7.5000 9548.7363    9.0502
    7.5000   45.0000   -7.5000 9046.5566    9.1002
   -7.5000  -45.0000    0.000011959.4238    9.3164
    0.0000  -45.0000    0.000012433.1992    9.3980
    7.5000  -45.0000    0.000011758.4688    9.4482
   -7.5000  -37.5000    0.000012386.8174    9.3040
    0.0000  -37.5000    0.000012886.0010    9.3860
    7.5000  -37.5000    0.000012189.7305    9.4374
   -7.5000  -30.0000    0.000013142.6660    9.2978
    0.0000  -30.0000    0.000013674.5957    9.3828
    7.5000  -30.0000    0.000012993.7285    9.4374
   -7.5000  -22.5000    0.000013777.2754    9.3021
    0.0000  -22.5000    0.000014320.4141    9.3899
    7.5000  -22.5000    0.000013718.9941    9.4464
   -7.5000  -15.0000    0.000014432.6133    9.3116
    0.0000  -15.0000    0.000015027.9570    9.3993
    7.5000  -15.0000    0.000014381.8115    9.4544
   -7.5000   -7.5000    0.000015048.2949    9.3161
    0.0000   -7.5000    0.000015651.8467    9.4005
    7.5000   -7.5000    0.000014961.3516    9.4525
   -7.5000    0.0000    0.000015493.2852    9.3128
    0.0000    0.0000    0.000016120.4463    9.3943
    7.5000    0.0000    0.000015403.2451    9.4445
   -7.5000    7.5000    0.000014662.2695    9.3040
    0.0000    7.5000    0.000015259.4688    9.3860
    7.5000    7.5000    0.000014586.7607    9.4374
   -7.5000   15.0000    0.000013690.4473    9.2978
    0.0000   15.0000    0.000014225.2578    9.3828
    7.5000   15.0000    0.000013602.0293    9.4374
   -7.5000   22.5000    0.000012634.5283    9.2978
    0.0000   22.5000    0.000013101.9629    9.3856
    7.5000   22.5000    0.000012531.8193    9.4420
   -7.5000   30.0000    0.000011527.5488    9.1911
    0.0000   30.0000    0.000011912.9199    9.2776
    7.5000   30.0000    0.000011420.3428    9.3321
   -7.5000   37.5000    0.000010841.8887    9.1955
    0.0000   37.5000    0.000011188.5762    9.2789
    7.5000   37.5000    0.000010695.9053    9.3302
   -7.5000   45.0000    0.0000 9685.5781    8.9855
    0.0000   45.0000    0.0000 9979.4961    9.0643
    7.5000   45.0000    0.0000 9523.0996    9.1128
   -7.5000  -45.0000    7.500011837.6758    9.3089
    0.0000  -45.0000    7.500012321.2266    9.3907
    7.5000  -45.0000    7.500011637.7578    9.4424
   -7.5000  -37.5000    7.500012227.0371    9.2987
    0.0000  -37.5000    7.500012735.7578    9.3808
    7.5000  -37.5000    7.500012033.6895    9.4338
   -7.5000  -30.0000    7.500012820.6455    9.2930
    0.0000  -30.0000    7.500013309.0713    9.3777
    7.5000  -30.0000    7.500012729.0918    9.4334
   -7.5000  -22.5000    7.500013323.3906    9.2952
    0.0000  -22.5000    7.500013841.3008    9.3823
    7.5000  -22.5000    7.500013343.9971    9.4392
   -7.5000  -15.0000    7.500013981.8652    9.3025
    0.0000  -15.0000    7.500014559.7900    9.3895
    7.5000  -15.0000    7.500013949.2627    9.4447
   -7.5000   -7.5000    7.500014589.8359    9.3068
    0.0000   -7.5000    7.500015186.7461    9.3911
    7.5000   -7.5000    7.500014532.9551    9.4437
   -7.5000    0.0000    7.500015009.1865    9.3053
    0.0000    0.0000    7.500015628.6191    9.3870
    7.5000    0.0000    7.500014981.6182    9.4386
   -7.5000    7.5000    7.500014204.5781    9.2987
    0.0000    7.5000    7.500014776.2432    9.3808
    7.5000    7.5000    7.500014197.4111    9.4338
   -7.5000   15.0000    7.500013235.7207    9.2930
    0.0000   15.0000    7.500013757.1299    9.3777
    7.5000   15.0000    7.500013230.7959    9.4334
   -7.5000   22.5000    7.500012213.1826    9.2909
    0.0000   22.5000    7.500012667.6055    9.3780
    7.5000   22.5000    7.500012187.3584    9.4348
   -7.5000   30.0000    7.500011141.2295    9.1821
    0.0000   30.0000    7.500011513.4570    9.2680
    7.5000   30.0000    7.500011086.4219    9.3224
   -7.5000   37.5000    7.500010487.4248    9.1864
    0.0000   37.5000    7.500010822.1455    9.2696
    7.5000   37.5000    7.500010394.9424    9.3215
   -7.5000   45.0000    7.5000 9397.5488    8.9783
    0.0000   45.0000    7.5000 9667.7568    9.0572
    7.5000   45.0000    7.5000 9259.2051    9.1072
   -7.5000  -45.0000   15.000011563.0225    9.3063
    0.0000  -45.0000   15.000012054.3037    9.3883
    7.5000  -45.0000   15.000011379.9502    9.4427
   -7.5000  -37.5000   15.000011909.0703    9.2948
    0.0000  -37.5000   15.000012381.7598    9.3773
    7.5000  -37.5000   15.000011758.3809    9.4337
   -7.5000  -30.0000   15.000012391.7891    9.2877
    0.0000  -30.0000   15.000012817.7158    9.3721
    7.5000  -30.0000   15.000012372.8936    9.4307
   -7.5000  -22.5000   15.000012866.2607    9.2895
    0.0000  -22.5000   15.000013334.7705    9.3755
    7.5000  -22.5000   15.000012876.9883    9.4340
   -7.5000  -15.0000   15.000013504.8906    9.2980
    0.0000  -15.0000   15.000014039.0234    9.3836
    7.5000  -15.0000   15.000013430.3311    9.4395
   -7.5000   -7.5000   15.000014052.6582    9.3039
    0.0000   -7.5000   15.000014615.9258    9.3875
    7.5000   -7.5000   15.000014003.8506    9.4414
   -7.5000    0.0000   15.000014458.3799    9.3026
    0.0000    0.0000   15.000015041.7764    9.3846
    7.5000    0.0000   15.000014475.0713    9.4388
   -7.5000    7.5000   15.000013684.0723    9.2948
    0.0000    7.5000   15.000014222.2881    9.3773
    7.5000    7.5000   15.000013730.2900    9.4337
   -7.5000   15.0000   15.000012781.7256    9.2877
    0.0000   15.0000   15.000013267.6279    9.3721
    7.5000   15.0000   15.000012808.8945    9.4307
   -7.5000   22.5000   15.000011783.0400    9.2853
    0.0000   22.5000   15.000012213.0801    9.3712
    7.5000   22.5000   15.000011798.1084    9.4296
   -7.5000   30.0000   15.000010738.4248    9.1776
    0.0000   30.0000   15.000011099.1016    9.2621
    7.5000   30.0000   15.000010720.9561    9.3173
   -7.5000   37.5000   15.000010084.2510    9.1834
    0.0000   37.5000   15.000010408.0234    9.2660
    7.5000   37.5000   15.000010025.3779    9.3192
   -7.5000   45.0000   15.0000 9012.6152    8.9756
    0.0000   45.0000   15.0000 9286.9346    9.0548
    7.5000   45.0000   15.0000 8899.9463    9.1073
   -7.5000  -45.0000   22.500011098.0117    9.3124
    0.0000  -45.0000   22.500011601.4561    9.3944
    7.5000  -45.0000   22.500010946.4912    9.4502
   -7.5000  -37.5000   22.500011439.2002    9.2969
    0.0000  -37.5000   22.500011932.6943    9.3797
    7.5000  -37.5000   22.500011352.7725    9.4382
   -7.5000  -30.0000   22.500011993.7822    9.2876
    0.0000  -30.0000   22.500012441.5967    9.3722
    7.5000  -30.0000   22.500011972.3633    9.4329
   -7.5000  -22.5000   22.500012524.2930    9.2917
    0.0000  -22.5000   22.500012940.1436    9.3770
    7.5000  -22.5000   22.500012451.2070    9.4369
   -7.5000  -15.0000   22.500013086.9678    9.3039
    0.0000  -15.0000   22.500013512.6357    9.3886
    7.5000  -15.0000   22.500012949.7061    9.4454
   -7.5000   -7.5000   22.500013579.7148    9.3117
    0.0000   -7.5000   22.500014029.7471    9.3946
    7.5000   -7.5000   22.500013477.9941    9.4494
   -7.5000    0.0000   22.500013973.4648    9.3088
    0.0000    0.0000   22.500014462.9688    9.3907
    7.5000    0.0000   22.500013937.7422    9.4464
   -7.5000    7.5000   22.500013250.5039    9.2969
    0.0000    7.5000   22.500013754.3662    9.3797
    7.5000    7.5000   22.500013248.1533    9.4382
   -7.5000   15.0000   22.500012375.1387    9.2876
    0.0000   15.0000   22.500012854.1846    9.3722
    7.5000   15.0000   22.500012362.6914    9.4329
   -7.5000   22.5000   22.500011369.1279    9.2874
    0.0000   22.5000   22.500011799.1143    9.3727
    7.5000   22.5000   22.500011346.4717    9.4326
   -7.5000   30.0000   22.500010297.4385    9.1835
    0.0000   30.0000   22.500010661.8867    9.2671
    7.5000   30.0000   22.500010260.9023    9.3231
   -7.5000   37.5000   22.5000 9627.1035    9.1912
    0.0000   37.5000   22.5000 9951.2539    9.2730
    7.5000   37.5000   22.5000 9569.8477    9.3271
   -7.5000   45.0000   22.5000 8570.9131    8.9815
    0.0000   45.0000   22.5000 8840.9668    9.0607
    7.5000   45.0000   22.5000 8476.5908    9.1145
   -7.5000  -45.0000   30.000010491.4316    9.3264
    0.0000  -45.0000   30.000010948.8506    9.4079
    7.5000  -45.0000   30.000010371.2021    9.4629
   -7.5000  -37.5000   30.000010851.8135    9.3083
    0.0000  -37.5000   30.000011310.7295    9.3911
    7.5000  -37.5000   30.000010773.4873    9.4485
   -7.5000  -30.0000   30.000011496.1270    9.2985
    0.0000  -30.0000   30.000011974.8408    9.3836
    7.5000  -30.0000   30.000011432.7744    9.4436
   -7.5000  -22.5000   30.000012073.2637    9.3051
    0.0000  -22.5000   30.000012577.2568    9.3912
    7.5000  -22.5000   30.000011994.6621    9.4511
   -7.5000  -15.0000   30.000012603.3955    9.3199
    0.0000  -15.0000   30.000013109.4668    9.4051
    7.5000  -15.0000   30.000012505.3418    9.4622
   -7.5000   -7.5000   30.000013079.6914    9.3277
    0.0000   -7.5000   30.000013577.5742    9.4106
    7.5000   -7.5000   30.000012962.2363    9.4654
   -7.5000    0.0000   30.000013460.9121    9.3227
    0.0000    0.0000   30.000013965.2441    9.4042
    7.5000    0.0000   30.000013345.9150    9.4591
   -7.5000    7.5000   30.000012754.9053    9.3083
    0.0000    7.5000   30.000013241.7734    9.3911
    7.5000    7.5000   30.000012666.0068    9.4485
   -7.5000   15.0000   30.000011891.1875    9.2985
    0.0000   15.0000   30.000012335.9951    9.3836
    7.5000   15.0000   30.000011806.0898    9.4436
   -7.5000   22.5000   30.000010890.1934    9.3008
    0.0000   22.5000   30.000011298.2539    9.3869
    7.5000   22.5000   30.000010824.9531    9.4467
   -7.5000   30.0000   30.0000 9836.4414    9.1993
    0.0000   30.0000   30.000010180.1309    9.2833
    7.5000   30.0000   30.0000 9755.9180    9.3398
   -7.5000   37.5000   30.0000 9120.7891    9.2070
    0.0000   37.5000   30.0000 9432.9092    9.2888
    7.5000   37.5000   30.0000 9047.7549    9.3429
   -7.5000   45.0000   30.0000 8052.9282    8.9951
    0.0000   45.0000   30.0000 8324.6416    9.0738
    7.5000   45.0000   30.0000 7970.1304    9.1268
   -7.5000  -45.0000   37.500010205.6377    9.3369
    0.0000  -45.0000   37.500010610.4043    9.4185
    7.5000  -45.0000   37.500010090.9355    9.4705
   -7.5000  -37.5000   37.500010591.1514    9.3206
    0.0000  -37.5000   37.500011017.8545    9.4031
    7.5000  -37.5000   37.500010484.4736    9.4569
   -7.5000  -30.0000   37.500011297.1807    9.3126
    0.0000  -30.0000   37.500011787.4180    9.3980
    7.5000  -30.0000   37.500011178.5947    9.4549
   -7.5000  -22.5000   37.500011935.3311    9.3191
    0.0000  -22.5000   37.500012446.1865    9.4066
    7.5000  -22.5000   37.500011792.2578    9.4648
   -7.5000  -15.0000   37.500012482.0547    9.3321
    0.0000  -15.0000   37.500013006.2803    9.4192
    7.5000  -15.0000   37.500012334.6875    9.4756
   -7.5000   -7.5000   37.500012949.4238    9.3382
    0.0000   -7.5000   37.500013490.0459    9.4222
    7.5000   -7.5000   37.500012801.5654    9.4755
   -7.5000    0.0000   37.500013294.0928    9.3333
    0.0000    0.0000   37.500013853.4980    9.4148
    7.5000    0.0000   37.500013152.5703    9.4668
   -7.5000    7.5000   37.500012557.0068    9.3206
    0.0000    7.5000   37.500013078.8457    9.4031
    7.5000    7.5000   37.500012433.8096    9.4569
   -7.5000   15.0000   37.500011665.3066    9.3126
    0.0000   15.0000   37.500012138.6270    9.3980
    7.5000   15.0000   37.500011566.2334    9.4549
   -7.5000   22.5000   37.500010673.8438    9.3148
    0.0000   22.5000   37.500011096.5625    9.4023
    7.5000   22.5000   37.500010594.6826    9.4604
   -7.5000   30.0000   37.5000 9649.7109    9.2113
    0.0000   30.0000   37.500010006.6875    9.2973
    7.5000   30.0000   37.5000 9555.7246    9.3529
   -7.5000   37.5000   37.5000 8920.7715    9.2174
    0.0000   37.5000   37.5000 9235.2129    9.3002
    7.5000   37.5000   37.5000 8823.5703    9.3529
   -7.5000   45.0000   37.5000 7838.4922    9.0053
    0.0000   45.0000   37.5000 8110.6709    9.0841
    7.5000   45.0000   37.5000 7748.1504    9.1343
   -7.5000  -45.0000   45.0000 9410.6201    9.2803
    0.0000  -45.0000   45.0000 9801.3154    9.3617
    7.5000  -45.0000   45.0000 9296.6182    9.4118
   -7.5000  -37.5000   45.0000 9791.8965    9.2678
    0.0000  -37.5000   45.000010202.0273    9.3497
    7.5000  -37.5000   45.0000 9680.1807    9.4010
   -7.5000  -30.0000   45.000010471.4385    9.2617
    0.0000  -30.0000   45.000010906.6113    9.3466
    7.5000  -30.0000   45.000010344.0957    9.4010
   -7.5000  -22.5000   45.000011073.3721    9.2660
    0.0000  -22.5000   45.000011526.9023    9.3537
    7.5000  -22.5000   45.000010915.7637    9.4100
   -7.5000  -15.0000   45.000011582.0039    9.2755
    0.0000  -15.0000   45.000012067.5879    9.3631
    7.5000  -15.0000   45.000011430.7344    9.4181
   -7.5000   -7.5000   45.000012028.7285    9.2800
    0.0000   -7.5000   45.000012522.9834    9.3643
    7.5000   -7.5000   45.000011874.8613    9.4163
   -7.5000    0.0000   45.000012353.7949    9.2767
    0.0000    0.0000   45.000012868.6338    9.3581
    7.5000    0.0000   45.000012198.5225    9.4081
   -7.5000    7.5000   45.000011672.6279    9.2678
    0.0000    7.5000   45.000012150.9912    9.3497
    7.5000    7.5000   45.000011538.1406    9.4010
   -7.5000   15.0000   45.000010852.2549    9.2617
    0.0000   15.0000   45.000011301.7100    9.3466
    7.5000   15.0000   45.000010745.2676    9.4010
   -7.5000   22.5000   45.0000 9941.0361    9.2617
    0.0000   22.5000   45.000010339.8623    9.3494
    7.5000   22.5000   45.0000 9845.6455    9.4056
   -7.5000   30.0000   45.0000 9000.1162    9.1546
    0.0000   30.0000   45.0000 9337.6553    9.2411
    7.5000   30.0000   45.0000 8892.4854    9.2955
   -7.5000   37.5000   45.0000 8294.1670    9.1591
    0.0000   37.5000   45.0000 8595.9678    9.2423
    7.5000   37.5000   45.0000 8195.7988    9.2936
   -7.5000   45.0000   45.0000 7272.9546    8.9547
    0.0000   45.0000   45.0000 7533.7979    9.0335
    7.5000   45.0000   45.0000 7182.9053    9.0819

---------------------------------------------------------------------
imgreg_4dfp /opt/freesurfer/average/711-2C_as_mni_average_305 /opt/freesurfer/average/711-2B_as_mni_average_305_mask talsrcimg_g11 none talsrcimg_to_711-2C_as_mni_average_305_t4 4355
---------------------------------------------------------------------

freesurfer imgreg_4dfp.c
/opt/freesurfer/average/711-2C_as_mni_average_305.4dfp.img
       256       256       256         1
  1.000000  1.000000  1.000000
orientation T byte_order littleendian
Reading image: /opt/freesurfer/average/711-2C_as_mni_average_305.4dfp.img
dimensions:      256       256       256
mmppix:       1.0000   -1.0000   -1.0000
center:     128.0000 -129.0000 -129.0000
/opt/freesurfer/average/711-2B_as_mni_average_305_mask.4dfp.img
       256       256       256         1
  1.000000  1.000000  1.000000
orientation T byte_order littleendian
Reading mask: /opt/freesurfer/average/711-2B_as_mni_average_305_mask.4dfp.img (2306576 pixels)
talsrcimg_g11.4dfp.img
       256       256       256         1
  1.000000  1.000000  1.000000
orientation T byte_order littleendian
Reading image: talsrcimg_g11.4dfp.img
dimensions:      256       256       256
mmppix:       1.0000   -1.0000   -1.0000
center:     128.0000 -129.0000 -129.0000
rotation matrix determinant  1.000000
image alignment mode   4355 decimal     1103 hex
   -7.5000  -45.0000  -45.0000 1975.2710    8.7217
    0.0000  -45.0000  -45.0000 1984.2848    8.7567
    7.5000  -45.0000  -45.0000 1960.4409    8.9353
   -7.5000  -37.5000  -45.0000 2035.2634    8.1666
    0.0000  -37.5000  -45.0000 2045.1315    8.2098
    7.5000  -37.5000  -45.0000 2018.8212    8.3705
   -7.5000  -30.0000  -45.0000 2077.0078    7.7954
    0.0000  -30.0000  -45.0000 2089.3511    7.8310
    7.5000  -30.0000  -45.0000 2060.5989    7.9900
   -7.5000  -22.5000  -45.0000 2106.9182    7.5880
    0.0000  -22.5000  -45.0000 2115.7942    7.6339
    7.5000  -22.5000  -45.0000 2081.2983    7.8079
   -7.5000  -15.0000  -45.0000 2099.8704    7.6157
    0.0000  -15.0000  -45.0000 2111.8560    7.6548
    7.5000  -15.0000  -45.0000 2072.9421    7.8564
   -7.5000   -7.5000  -45.0000 2072.3186    7.8171
    0.0000   -7.5000  -45.0000 2085.6633    7.8611
    7.5000   -7.5000  -45.0000 2046.0349    8.0618
   -7.5000    0.0000  -45.0000 2032.7893    8.1811
    0.0000    0.0000  -45.0000 2045.3125    8.2281
    7.5000    0.0000  -45.0000 2007.9010    8.4324
   -7.5000    7.5000  -45.0000 1980.2849    8.6896
    0.0000    7.5000  -45.0000 1991.8672    8.7436
    7.5000    7.5000  -45.0000 1953.8356    8.9840
   -7.5000   15.0000  -45.0000 1908.4161    9.3825
    0.0000   15.0000  -45.0000 1921.0809    9.4714
    7.5000   15.0000  -45.0000 1877.3478    9.7418
   -7.5000   22.5000  -45.0000 1818.6068   10.3301
    0.0000   22.5000  -45.0000 1830.8745   10.4323
    7.5000   22.5000  -45.0000 1787.1766   10.7334
   -7.5000   30.0000  -45.0000 1710.0197   11.6340
    0.0000   30.0000  -45.0000 1725.7507   11.7814
    7.5000   30.0000  -45.0000 1683.1309   12.0907
   -7.5000   37.5000  -45.0000 1595.8854   13.4202
    0.0000   37.5000  -45.0000 1607.0381   13.6148
    7.5000   37.5000  -45.0000 1573.7933   13.9720
   -7.5000   45.0000  -45.0000 1467.1971   15.8952
    0.0000   45.0000  -45.0000 1480.6764   16.1343
    7.5000   45.0000  -45.0000 1448.3961   16.5590
   -7.5000  -45.0000  -37.5000 2076.6628    7.9773
    0.0000  -45.0000  -37.5000 2086.6604    8.0073
    7.5000  -45.0000  -37.5000 2057.0813    8.1803
   -7.5000  -37.5000  -37.5000 2137.7136    7.4690
    0.0000  -37.5000  -37.5000 2148.1033    7.5183
    7.5000  -37.5000  -37.5000 2118.7041    7.6676
   -7.5000  -30.0000  -37.5000 2177.8298    7.1264
    0.0000  -30.0000  -37.5000 2193.9587    7.1606
    7.5000  -30.0000  -37.5000 2159.7898    7.3143
   -7.5000  -22.5000  -37.5000 2201.2815    6.9376
    0.0000  -22.5000  -37.5000 2215.5603    6.9778
    7.5000  -22.5000  -37.5000 2179.6099    7.1308
   -7.5000  -15.0000  -37.5000 2199.3857    6.9305
    0.0000  -15.0000  -37.5000 2212.7646    6.9733
    7.5000  -15.0000  -37.5000 2173.0908    7.1589
   -7.5000   -7.5000  -37.5000 2176.0701    7.0994
    0.0000   -7.5000  -37.5000 2190.0334    7.1490
    7.5000   -7.5000  -37.5000 2148.2573    7.3405
   -7.5000    0.0000  -37.5000 2137.3054    7.4032
    0.0000    0.0000  -37.5000 2151.6870    7.4519
    7.5000    0.0000  -37.5000 2110.7959    7.6646
   -7.5000    7.5000  -37.5000 2077.4451    7.8777
    0.0000    7.5000  -37.5000 2092.9219    7.9187
    7.5000    7.5000  -37.5000 2049.5796    8.1579
   -7.5000   15.0000  -37.5000 2002.0884    8.5085
    0.0000   15.0000  -37.5000 2015.1761    8.5770
    7.5000   15.0000  -37.5000 1970.7130    8.8319
   -7.5000   22.5000  -37.5000 1907.9440    9.3750
    0.0000   22.5000  -37.5000 1922.3259    9.4517
    7.5000   22.5000  -37.5000 1875.6250    9.7432
   -7.5000   30.0000  -37.5000 1798.9161   10.5200
    0.0000   30.0000  -37.5000 1809.5323   10.6591
    7.5000   30.0000  -37.5000 1767.1086   10.9631
   -7.5000   37.5000  -37.5000 1673.6099   12.1191
    0.0000   37.5000  -37.5000 1684.7043   12.2835
    7.5000   37.5000  -37.5000 1650.1306   12.6166
   -7.5000   45.0000  -37.5000 1541.5736   14.2623
    0.0000   45.0000  -37.5000 1556.7909   14.4614
    7.5000   45.0000  -37.5000 1520.8516   14.8491
   -7.5000  -45.0000  -30.0000 2211.4727    7.5712
    0.0000  -45.0000  -30.0000 2221.6746    7.5993
    7.5000  -45.0000  -30.0000 2189.7493    7.7861
   -7.5000  -37.5000  -30.0000 2282.5459    7.0690
    0.0000  -37.5000  -30.0000 2294.4023    7.1107
    7.5000  -37.5000  -30.0000 2258.6780    7.2764
   -7.5000  -30.0000  -30.0000 2327.6572    6.7350
    0.0000  -30.0000  -30.0000 2342.9524    6.7717
    7.5000  -30.0000  -30.0000 2304.2966    6.9314
   -7.5000  -22.5000  -30.0000 2344.2725    6.5777
    0.0000  -22.5000  -30.0000 2359.3381    6.6128
    7.5000  -22.5000  -30.0000 2320.7532    6.7663
   -7.5000  -15.0000  -30.0000 2346.7161    6.5509
    0.0000  -15.0000  -30.0000 2360.2000    6.5921
    7.5000  -15.0000  -30.0000 2322.0142    6.7618
   -7.5000   -7.5000  -30.0000 2330.3701    6.6840
    0.0000   -7.5000  -30.0000 2345.0759    6.7261
    7.5000   -7.5000  -30.0000 2300.2554    6.9180
   -7.5000    0.0000  -30.0000 2288.7717    6.9621
    0.0000    0.0000  -30.0000 2302.6416    7.0076
    7.5000    0.0000  -30.0000 2258.0830    7.2091
   -7.5000    7.5000  -30.0000 2224.3806    7.4115
    0.0000    7.5000  -30.0000 2237.7222    7.4531
    7.5000    7.5000  -30.0000 2191.9912    7.6728
   -7.5000   15.0000  -30.0000 2139.2791    8.0181
    0.0000   15.0000  -30.0000 2151.7036    8.0756
    7.5000   15.0000  -30.0000 2104.8098    8.3251
   -7.5000   22.5000  -30.0000 2036.5900    8.8438
    0.0000   22.5000  -30.0000 2048.1765    8.9122
    7.5000   22.5000  -30.0000 2003.5603    9.1885
   -7.5000   30.0000  -30.0000 1918.5195    9.9383
    0.0000   30.0000  -30.0000 1927.8054   10.0518
    7.5000   30.0000  -30.0000 1882.2609   10.3461
   -7.5000   37.5000  -30.0000 1784.1123   11.4020
    0.0000   37.5000  -30.0000 1792.4602   11.5462
    7.5000   37.5000  -30.0000 1752.9729   11.8774
   -7.5000   45.0000  -30.0000 1640.9731   13.3828
    0.0000   45.0000  -30.0000 1655.1636   13.5698
    7.5000   45.0000  -30.0000 1616.3154   13.9164
   -7.5000  -45.0000  -22.5000 2317.9998    7.1369
    0.0000  -45.0000  -22.5000 2328.1089    7.1630
    7.5000  -45.0000  -22.5000 2291.4834    7.3639
   -7.5000  -37.5000  -22.5000 2400.5698    6.6407
    0.0000  -37.5000  -22.5000 2412.8687    6.6735
    7.5000  -37.5000  -22.5000 2371.8718    6.8552
   -7.5000  -30.0000  -22.5000 2451.5740    6.3099
    0.0000  -30.0000  -22.5000 2466.4714    6.3427
    7.5000  -30.0000  -22.5000 2423.1519    6.5162
   -7.5000  -22.5000  -22.5000 2475.5063    6.1539
    0.0000  -22.5000  -22.5000 2493.4502    6.1922
    7.5000  -22.5000  -22.5000 2447.2390    6.3602
   -7.5000  -15.0000  -22.5000 2482.6597    6.1196
    0.0000  -15.0000  -22.5000 2499.8750    6.1659
    7.5000  -15.0000  -22.5000 2453.9944    6.3365
   -7.5000   -7.5000  -22.5000 2463.7900    6.2438
    0.0000   -7.5000  -22.5000 2485.3469    6.2793
    7.5000   -7.5000  -22.5000 2433.4424    6.4701
   -7.5000    0.0000  -22.5000 2422.5796    6.5097
    0.0000    0.0000  -22.5000 2437.3843    6.5438
    7.5000    0.0000  -22.5000 2389.7424    6.7443
   -7.5000    7.5000  -22.5000 2355.4939    6.9290
    0.0000    7.5000  -22.5000 2370.8267    6.9679
    7.5000    7.5000  -22.5000 2319.6829    7.1843
   -7.5000   15.0000  -22.5000 2259.0024    7.5202
    0.0000   15.0000  -22.5000 2273.2136    7.5696
    7.5000   15.0000  -22.5000 2220.9119    7.8085
   -7.5000   22.5000  -22.5000 2145.7334    8.2993
    0.0000   22.5000  -22.5000 2153.3406    8.3691
    7.5000   22.5000  -22.5000 2106.9519    8.6206
   -7.5000   30.0000  -22.5000 2013.0586    9.3402
    0.0000   30.0000  -22.5000 2020.6591    9.4266
    7.5000   30.0000  -22.5000 1975.1718    9.7051
   -7.5000   37.5000  -22.5000 1871.4082   10.7045
    0.0000   37.5000  -22.5000 1881.2301   10.8163
    7.5000   37.5000  -22.5000 1838.8817   11.1288
   -7.5000   45.0000  -22.5000 1725.0432   12.5218
    0.0000   45.0000  -22.5000 1738.4768   12.6909
    7.5000   45.0000  -22.5000 1696.6968   13.0271
   -7.5000  -45.0000  -15.0000 2395.9729    6.7459
    0.0000  -45.0000  -15.0000 2409.4622    6.7723
    7.5000  -45.0000  -15.0000 2369.1748    6.9644
   -7.5000  -37.5000  -15.0000 2488.5017    6.2410
    0.0000  -37.5000  -15.0000 2502.0356    6.2742
    7.5000  -37.5000  -15.0000 2458.0381    6.4671
   -7.5000  -30.0000  -15.0000 2552.2825    5.9048
    0.0000  -30.0000  -15.0000 2568.2393    5.9375
    7.5000  -30.0000  -15.0000 2521.1514    6.1248
   -7.5000  -22.5000  -15.0000 2588.5049    5.7399
    0.0000  -22.5000  -15.0000 2607.7549    5.7750
    7.5000  -22.5000  -15.0000 2555.0571    5.9579
   -7.5000  -15.0000  -15.0000 2602.1099    5.7110
    0.0000  -15.0000  -15.0000 2622.7913    5.7484
    7.5000  -15.0000  -15.0000 2566.2839    5.9323
   -7.5000   -7.5000  -15.0000 2584.8127    5.8301
    0.0000   -7.5000  -15.0000 2606.8354    5.8606
    7.5000   -7.5000  -15.0000 2550.6355    6.0485
   -7.5000    0.0000  -15.0000 2541.5698    6.0834
    0.0000    0.0000  -15.0000 2559.8677    6.1101
    7.5000    0.0000  -15.0000 2502.1423    6.3064
   -7.5000    7.5000  -15.0000 2465.1965    6.4870
    0.0000    7.5000  -15.0000 2482.8386    6.5205
    7.5000    7.5000  -15.0000 2421.6931    6.7256
   -7.5000   15.0000  -15.0000 2356.6167    7.0645
    0.0000   15.0000  -15.0000 2372.9539    7.1104
    7.5000   15.0000  -15.0000 2311.2485    7.3169
   -7.5000   22.5000  -15.0000 2228.0186    7.8099
    0.0000   22.5000  -15.0000 2239.8882    7.8668
    7.5000   22.5000  -15.0000 2185.9468    8.0917
   -7.5000   30.0000  -15.0000 2083.9717    8.7737
    0.0000   30.0000  -15.0000 2093.7002    8.8477
    7.5000   30.0000  -15.0000 2048.5386    9.1111
   -7.5000   37.5000  -15.0000 1937.5552   10.0548
    0.0000   37.5000  -15.0000 1947.3679   10.1366
    7.5000   37.5000  -15.0000 1906.3383   10.4468
   -7.5000   45.0000  -15.0000 1786.0742   11.7322
    0.0000   45.0000  -15.0000 1800.3685   11.8545
    7.5000   45.0000  -15.0000 1756.7897   12.2104
   -7.5000  -45.0000   -7.5000 2462.9214    6.3938
    0.0000  -45.0000   -7.5000 2476.3706    6.4230
    7.5000  -45.0000   -7.5000 2432.8125    6.5948
   -7.5000  -37.5000   -7.5000 2558.8201    5.8837
    0.0000  -37.5000   -7.5000 2573.4912    5.9082
    7.5000  -37.5000   -7.5000 2525.8638    6.0963
   -7.5000  -30.0000   -7.5000 2636.4070    5.5297
    0.0000  -30.0000   -7.5000 2654.1519    5.5564
    7.5000  -30.0000   -7.5000 2600.5337    5.7455
   -7.5000  -22.5000   -7.5000 2688.5308    5.3468
    0.0000  -22.5000   -7.5000 2707.6038    5.3708
    7.5000  -22.5000   -7.5000 2651.0347    5.5665
   -7.5000  -15.0000   -7.5000 2708.9731    5.3221
    0.0000  -15.0000   -7.5000 2733.0764    5.3487
    7.5000  -15.0000   -7.5000 2667.1526    5.5384
   -7.5000   -7.5000   -7.5000 2694.0635    5.4426
    0.0000   -7.5000   -7.5000 2717.7949    5.4667
    7.5000   -7.5000   -7.5000 2648.7195    5.6511
   -7.5000    0.0000   -7.5000 2641.0481    5.6916
    0.0000    0.0000   -7.5000 2662.3662    5.7207
    7.5000    0.0000   -7.5000 2594.5830    5.9010
   -7.5000    7.5000   -7.5000 2552.0288    6.0905
    0.0000    7.5000   -7.5000 2572.6990    6.1271
    7.5000    7.5000   -7.5000 2507.0854    6.3056
   -7.5000   15.0000   -7.5000 2434.3997    6.6488
    0.0000   15.0000   -7.5000 2452.0176    6.6982
    7.5000   15.0000   -7.5000 2387.9478    6.8782
   -7.5000   22.5000   -7.5000 2295.8547    7.3563
    0.0000   22.5000   -7.5000 2311.5322    7.4148
    7.5000   22.5000   -7.5000 2250.8413    7.6291
   -7.5000   30.0000   -7.5000 2139.8755    8.2698
    0.0000   30.0000   -7.5000 2151.7402    8.3437
    7.5000   30.0000   -7.5000 2105.7124    8.5800
   -7.5000   37.5000   -7.5000 1984.7765    9.4724
    0.0000   37.5000   -7.5000 1997.2255    9.5545
    7.5000   37.5000   -7.5000 1954.2623    9.8334
   -7.5000   45.0000   -7.5000 1834.0872   11.0216
    0.0000   45.0000   -7.5000 1847.0023   11.1359
    7.5000   45.0000   -7.5000 1806.0409   11.4755
   -7.5000  -45.0000    0.0000 2515.9785    6.1122
    0.0000  -45.0000    0.0000 2528.0525    6.1366
    7.5000  -45.0000    0.0000 2483.3608    6.3012
   -7.5000  -37.5000    0.0000 2619.5725    5.6037
    0.0000  -37.5000    0.0000 2635.5369    5.6270
    7.5000  -37.5000    0.0000 2585.7488    5.8023
   -7.5000  -30.0000    0.0000 2713.7288    5.2259
    0.0000  -30.0000    0.0000 2731.3291    5.2488
    7.5000  -30.0000    0.0000 2672.9724    5.4346
   -7.5000  -22.5000    0.0000 2780.5559    5.0191
    0.0000  -22.5000    0.0000 2798.7356    5.0382
    7.5000  -22.5000    0.0000 2737.7473    5.2399
   -7.5000  -15.0000    0.0000 2806.9172    4.9938
    0.0000  -15.0000    0.0000 2834.1895    5.0085
    7.5000  -15.0000    0.0000 2760.1047    5.2024
   -7.5000   -7.5000    0.0000 2792.9944    5.1159
    0.0000   -7.5000    0.0000 2816.0215    5.1351
    7.5000   -7.5000    0.0000 2738.8252    5.3190
   -7.5000    0.0000    0.0000 2726.7617    5.3817
    0.0000    0.0000    0.0000 2748.9119    5.4037
    7.5000    0.0000    0.0000 2675.1951    5.5803
   -7.5000    7.5000    0.0000 2625.0835    5.7847
    0.0000    7.5000    0.0000 2647.0684    5.8169
    7.5000    7.5000    0.0000 2578.0637    5.9859
   -7.5000   15.0000    0.0000 2496.4490    6.3249
    0.0000   15.0000    0.0000 2515.6650    6.3664
    7.5000   15.0000    0.0000 2452.2932    6.5435
   -7.5000   22.5000    0.0000 2348.8091    7.0062
    0.0000   22.5000    0.0000 2367.4338    7.0537
    7.5000   22.5000    0.0000 2305.5342    7.2567
   -7.5000   30.0000    0.0000 2180.2290    7.8899
    0.0000   30.0000    0.0000 2196.1653    7.9494
    7.5000   30.0000    0.0000 2148.3433    8.1747
   -7.5000   37.5000    0.0000 2018.2076    9.0368
    0.0000   37.5000    0.0000 2033.7676    9.1127
    7.5000   37.5000    0.0000 1989.7611    9.3686
   -7.5000   45.0000    0.0000 1865.3253   10.5032
    0.0000   45.0000    0.0000 1876.3197   10.6138
    7.5000   45.0000    0.0000 1840.9418   10.9191
   -7.5000  -45.0000    7.5000 2548.4341    5.9156
    0.0000  -45.0000    7.5000 2559.4441    5.9360
    7.5000  -45.0000    7.5000 2513.6370    6.1042
   -7.5000  -37.5000    7.5000 2667.7703    5.4005
    0.0000  -37.5000    7.5000 2686.0796    5.4186
    7.5000  -37.5000    7.5000 2632.5115    5.5903
   -7.5000  -30.0000    7.5000 2774.4500    5.0105
    0.0000  -30.0000    7.5000 2794.8386    5.0268
    7.5000  -30.0000    7.5000 2732.0032    5.2161
   -7.5000  -22.5000    7.5000 2857.0210    4.7743
    0.0000  -22.5000    7.5000 2877.1379    4.7922
    7.5000  -22.5000    7.5000 2807.6768    4.9985
   -7.5000  -15.0000    7.5000 2891.7502    4.7457
    0.0000  -15.0000    7.5000 2922.1147    4.7560
    7.5000  -15.0000    7.5000 2836.8540    4.9511
   -7.5000   -7.5000    7.5000 2870.9111    4.8769
    0.0000   -7.5000    7.5000 2898.2925    4.8824
    7.5000   -7.5000    7.5000 2813.7227    5.0708
   -7.5000    0.0000    7.5000 2789.3821    5.1566
    0.0000    0.0000    7.5000 2813.3730    5.1711
    7.5000    0.0000    7.5000 2738.1792    5.3470
   -7.5000    7.5000    7.5000 2677.9880    5.5679
    0.0000    7.5000    7.5000 2700.8118    5.5880
    7.5000    7.5000    7.5000 2630.8921    5.7620
   -7.5000   15.0000    7.5000 2538.8691    6.0909
    0.0000   15.0000    7.5000 2559.9558    6.1203
    7.5000   15.0000    7.5000 2495.8145    6.3034
   -7.5000   22.5000    7.5000 2380.7004    6.7641
    0.0000   22.5000    7.5000 2400.0898    6.8028
    7.5000   22.5000    7.5000 2341.6443    7.0038
   -7.5000   30.0000    7.5000 2207.6157    7.6276
    0.0000   30.0000    7.5000 2222.4500    7.6814
    7.5000   30.0000    7.5000 2176.1189    7.8988
   -7.5000   37.5000    7.5000 2039.3085    8.7340
    0.0000   37.5000    7.5000 2053.4009    8.8073
    7.5000   37.5000    7.5000 2012.3523    9.0524
   -7.5000   45.0000    7.5000 1883.8517   10.1465
    0.0000   45.0000    7.5000 1893.0463   10.2427
    7.5000   45.0000    7.5000 1859.4344   10.5415
   -7.5000  -45.0000   15.0000 2558.6572    5.8360
    0.0000  -45.0000   15.0000 2572.2292    5.8495
    7.5000  -45.0000   15.0000 2524.8992    6.0236
   -7.5000  -37.5000   15.0000 2694.1487    5.3120
    0.0000  -37.5000   15.0000 2711.6096    5.3217
    7.5000  -37.5000   15.0000 2655.8481    5.4975
   -7.5000  -30.0000   15.0000 2810.8967    4.9061
    0.0000  -30.0000   15.0000 2835.3210    4.9128
    7.5000  -30.0000   15.0000 2764.3152    5.1152
   -7.5000  -22.5000   15.0000 2904.5342    4.6628
    0.0000  -22.5000   15.0000 2930.1809    4.6597
    7.5000  -22.5000   15.0000 2844.4441    4.8849
   -7.5000  -15.0000   15.0000 2944.7349    4.6320
    0.0000  -15.0000   15.0000 2976.9387    4.6296
    7.5000  -15.0000   15.0000 2877.6704    4.8151
   -7.5000   -7.5000   15.0000 2911.4092    4.7597
    0.0000   -7.5000   15.0000 2943.8772    4.7492
    7.5000   -7.5000   15.0000 2855.4929    4.9292
   -7.5000    0.0000   15.0000 2820.6104    5.0480
    0.0000    0.0000   15.0000 2849.8013    5.0406
    7.5000    0.0000   15.0000 2773.2493    5.2240
   -7.5000    7.5000   15.0000 2700.5151    5.4564
    0.0000    7.5000   15.0000 2726.3965    5.4511
    7.5000    7.5000   15.0000 2657.4387    5.6421
   -7.5000   15.0000   15.0000 2554.6157    5.9806
    0.0000   15.0000   15.0000 2577.6724    5.9892
    7.5000   15.0000   15.0000 2512.7756    6.1938
   -7.5000   22.5000   15.0000 2389.9233    6.6485
    0.0000   22.5000   15.0000 2410.0381    6.6657
    7.5000   22.5000   15.0000 2354.7976    6.8805
   -7.5000   30.0000   15.0000 2216.3877    7.4984
    0.0000   30.0000   15.0000 2229.7932    7.5284
    7.5000   30.0000   15.0000 2184.8557    7.7554
   -7.5000   37.5000   15.0000 2046.2947    8.5702
    0.0000   37.5000   15.0000 2058.0122    8.6139
    7.5000   37.5000   15.0000 2018.0515    8.8727
   -7.5000   45.0000   15.0000 1888.6625    9.9260
    0.0000   45.0000   15.0000 1896.6600    9.9955
    7.5000   45.0000   15.0000 1858.2896   10.3054
   -7.5000  -45.0000   22.5000 2556.5383    5.8731
    0.0000  -45.0000   22.5000 2572.4778    5.8922
    7.5000  -45.0000   22.5000 2521.6511    6.0528
   -7.5000  -37.5000   22.5000 2691.9426    5.3439
    0.0000  -37.5000   22.5000 2710.1689    5.3610
    7.5000  -37.5000   22.5000 2651.1685    5.5349
   -7.5000  -30.0000   22.5000 2811.1726    4.9469
    0.0000  -30.0000   22.5000 2835.2874    4.9496
    7.5000  -30.0000   22.5000 2759.5779    5.1518
   -7.5000  -22.5000   22.5000 2906.3408    4.7199
    0.0000  -22.5000   22.5000 2929.7458    4.7080
    7.5000  -22.5000   22.5000 2840.4072    4.9091
   -7.5000  -15.0000   22.5000 2939.6418    4.6774
    0.0000  -15.0000   22.5000 2966.4233    4.6583
    7.5000  -15.0000   22.5000 2869.6914    4.8357
   -7.5000   -7.5000   22.5000 2901.2798    4.7950
    0.0000   -7.5000   22.5000 2930.5291    4.7719
    7.5000   -7.5000   22.5000 2845.4895    4.9476
   -7.5000    0.0000   22.5000 2814.0164    5.0672
    0.0000    0.0000   22.5000 2841.9373    5.0407
    7.5000    0.0000   22.5000 2767.7798    5.2260
   -7.5000    7.5000   22.5000 2695.8242    5.4547
    0.0000    7.5000   22.5000 2723.0950    5.4399
    7.5000    7.5000   22.5000 2655.1348    5.6355
   -7.5000   15.0000   22.5000 2550.6382    5.9697
    0.0000   15.0000   22.5000 2572.6492    5.9750
    7.5000   15.0000   22.5000 2512.7410    6.1691
   -7.5000   22.5000   22.5000 2386.7280    6.6318
    0.0000   22.5000   22.5000 2403.0920    6.6545
    7.5000   22.5000   22.5000 2352.2354    6.8501
   -7.5000   30.0000   22.5000 2213.7346    7.4750
    0.0000   30.0000   22.5000 2224.0413    7.5062
    7.5000   30.0000   22.5000 2181.7798    7.7247
   -7.5000   37.5000   22.5000 2044.6339    8.5386
    0.0000   37.5000   22.5000 2053.4866    8.5750
    7.5000   37.5000   22.5000 2014.0533    8.8185
   -7.5000   45.0000   22.5000 1881.6565    9.8774
    0.0000   45.0000   22.5000 1889.7928    9.9259
    7.5000   45.0000   22.5000 1848.3358   10.2321
   -7.5000  -45.0000   30.0000 2536.2371    6.0196
    0.0000  -45.0000   30.0000 2552.8354    6.0278
    7.5000  -45.0000   30.0000 2503.4062    6.1944
   -7.5000  -37.5000   30.0000 2664.3416    5.4939
    0.0000  -37.5000   30.0000 2681.9475    5.5036
    7.5000  -37.5000   30.0000 2625.1143    5.6830
   -7.5000  -30.0000   30.0000 2775.8965    5.1196
    0.0000  -30.0000   30.0000 2796.2817    5.1233
    7.5000  -30.0000   30.0000 2724.6543    5.3113
   -7.5000  -22.5000   30.0000 2852.1116    4.9183
    0.0000  -22.5000   30.0000 2870.2715    4.9277
    7.5000  -22.5000   30.0000 2794.0872    5.0834
   -7.5000  -15.0000   30.0000 2875.6814    4.8738
    0.0000  -15.0000   30.0000 2894.1685    4.8750
    7.5000  -15.0000   30.0000 2815.2241    5.0285
   -7.5000   -7.5000   30.0000 2844.7551    4.9688
    0.0000   -7.5000   30.0000 2864.2966    4.9617
    7.5000   -7.5000   30.0000 2790.8704    5.1170
   -7.5000    0.0000   30.0000 2768.0396    5.2003
    0.0000    0.0000   30.0000 2788.8936    5.1862
    7.5000    0.0000   30.0000 2722.2671    5.3482
   -7.5000    7.5000   30.0000 2660.8047    5.5592
    0.0000    7.5000   30.0000 2681.5645    5.5454
    7.5000    7.5000   30.0000 2620.9453    5.7215
   -7.5000   15.0000   30.0000 2525.5029    6.0545
    0.0000   15.0000   30.0000 2542.7271    6.0610
    7.5000   15.0000   30.0000 2487.5010    6.2419
   -7.5000   22.5000   30.0000 2364.7617    6.7162
    0.0000   22.5000   30.0000 2379.3550    6.7256
    7.5000   22.5000   30.0000 2331.9739    6.9235
   -7.5000   30.0000   30.0000 2198.4011    7.5470
    0.0000   30.0000   30.0000 2206.1736    7.5781
    7.5000   30.0000   30.0000 2162.6062    7.8011
   -7.5000   37.5000   30.0000 2032.5435    8.5995
    0.0000   37.5000   30.0000 2040.4529    8.6490
    7.5000   37.5000   30.0000 1998.1583    8.8983
   -7.5000   45.0000   30.0000 1864.5447    9.9271
    0.0000   45.0000   30.0000 1872.9242   10.0040
    7.5000   45.0000   30.0000 1830.1884   10.3042
   -7.5000  -45.0000   37.5000 2500.4443    6.2683
    0.0000  -45.0000   37.5000 2513.3613    6.2588
    7.5000  -45.0000   37.5000 2469.3281    6.4428
   -7.5000  -37.5000   37.5000 2615.0195    5.7719
    0.0000  -37.5000   37.5000 2628.4524    5.7709
    7.5000  -37.5000   37.5000 2575.4768    5.9583
   -7.5000  -30.0000   37.5000 2708.0979    5.4291
    0.0000  -30.0000   37.5000 2723.6350    5.4492
    7.5000  -30.0000   37.5000 2660.5298    5.6038
   -7.5000  -22.5000   37.5000 2762.1567    5.2547
    0.0000  -22.5000   37.5000 2776.7812    5.2703
    7.5000  -22.5000   37.5000 2713.8440    5.4089
   -7.5000  -15.0000   37.5000 2773.3130    5.2054
    0.0000  -15.0000   37.5000 2788.4307    5.2197
    7.5000  -15.0000   37.5000 2727.9480    5.3495
   -7.5000   -7.5000   37.5000 2750.9900    5.2715
    0.0000   -7.5000   37.5000 2763.5154    5.2833
    7.5000   -7.5000   37.5000 2704.2778    5.4174
   -7.5000    0.0000   37.5000 2688.2124    5.4548
    0.0000    0.0000   37.5000 2702.6208    5.4724
    7.5000    0.0000   37.5000 2644.3679    5.6168
   -7.5000    7.5000   37.5000 2595.5481    5.7631
    0.0000    7.5000   37.5000 2607.7808    5.7869
    7.5000    7.5000   37.5000 2555.0581    5.9423
   -7.5000   15.0000   37.5000 2473.0232    6.2215
    0.0000   15.0000   37.5000 2486.0874    6.2392
    7.5000   15.0000   37.5000 2435.8474    6.4214
   -7.5000   22.5000   37.5000 2326.8706    6.8625
    0.0000   22.5000   37.5000 2336.0884    6.8841
    7.5000   22.5000   37.5000 2288.9587    7.0850
   -7.5000   30.0000   37.5000 2170.0623    7.6886
    0.0000   30.0000   37.5000 2177.6067    7.7281
    7.5000   30.0000   37.5000 2132.5867    7.9551
   -7.5000   37.5000   37.5000 2009.2692    8.7499
    0.0000   37.5000   37.5000 2018.0557    8.8008
    7.5000   37.5000   37.5000 1974.5094    9.0656
   -7.5000   45.0000   37.5000 1837.4464   10.0942
    0.0000   45.0000   37.5000 1846.2616   10.1728
    7.5000   45.0000   37.5000 1806.0359   10.4748
   -7.5000  -45.0000   45.0000 2441.4607    6.6514
    0.0000  -45.0000   45.0000 2454.2075    6.6480
    7.5000  -45.0000   45.0000 2411.2195    6.8256
   -7.5000  -37.5000   45.0000 2545.4951    6.1707
    0.0000  -37.5000   45.0000 2559.9023    6.1832
    7.5000  -37.5000   45.0000 2509.8706    6.3503
   -7.5000  -30.0000   45.0000 2619.6760    5.8486
    0.0000  -30.0000   45.0000 2631.0720    5.8732
    7.5000  -30.0000   45.0000 2582.1230    6.0138
   -7.5000  -22.5000   45.0000 2659.1675    5.6740
    0.0000  -22.5000   45.0000 2671.1758    5.6951
    7.5000  -22.5000   45.0000 2619.1189    5.8279
   -7.5000  -15.0000   45.0000 2661.3528    5.6143
    0.0000  -15.0000   45.0000 2674.9297    5.6372
    7.5000  -15.0000   45.0000 2624.9106    5.7571
   -7.5000   -7.5000   45.0000 2642.0176    5.6533
    0.0000   -7.5000   45.0000 2653.5898    5.6780
    7.5000   -7.5000   45.0000 2604.1411    5.8058
   -7.5000    0.0000   45.0000 2589.7651    5.8062
    0.0000    0.0000   45.0000 2601.6814    5.8345
    7.5000    0.0000   45.0000 2552.6704    5.9649
   -7.5000    7.5000   45.0000 2511.6094    6.0825
    0.0000    7.5000   45.0000 2520.1714    6.1224
    7.5000    7.5000   45.0000 2473.4810    6.2627
   -7.5000   15.0000   45.0000 2403.0156    6.4998
    0.0000   15.0000   45.0000 2413.4712    6.5393
    7.5000   15.0000   45.0000 2365.3274    6.7121
   -7.5000   22.5000   45.0000 2272.4187    7.1050
    0.0000   22.5000   45.0000 2280.3142    7.1497
    7.5000   22.5000   45.0000 2236.0015    7.3541
   -7.5000   30.0000   45.0000 2128.5085    7.9293
    0.0000   30.0000   45.0000 2135.4619    7.9896
    7.5000   30.0000   45.0000 2091.4167    8.2138
   -7.5000   37.5000   45.0000 1972.1951    9.0013
    0.0000   37.5000   45.0000 1979.6174    9.0581
    7.5000   37.5000   45.0000 1937.7622    9.3211
   -7.5000   45.0000   45.0000 1803.2477   10.3488
    0.0000   45.0000   45.0000 1811.1870   10.4324
    7.5000   45.0000   45.0000 1768.8422   10.7392

---------------------------------------------------------------------
imgreg_4dfp /opt/freesurfer/average/711-2C_as_mni_average_305 /opt/freesurfer/average/711-2B_as_mni_average_305_mask talsrcimg_g11 none talsrcimg_to_711-2C_as_mni_average_305_t4 1283
---------------------------------------------------------------------

freesurfer imgreg_4dfp.c
/opt/freesurfer/average/711-2C_as_mni_average_305.4dfp.img
       256       256       256         1
  1.000000  1.000000  1.000000
orientation T byte_order littleendian
Reading image: /opt/freesurfer/average/711-2C_as_mni_average_305.4dfp.img
dimensions:      256       256       256
mmppix:       1.0000   -1.0000   -1.0000
center:     128.0000 -129.0000 -129.0000
/opt/freesurfer/average/711-2B_as_mni_average_305_mask.4dfp.img
       256       256       256         1
  1.000000  1.000000  1.000000
orientation T byte_order littleendian
Reading mask: /opt/freesurfer/average/711-2B_as_mni_average_305_mask.4dfp.img (2306576 pixels)
talsrcimg_g11.4dfp.img
       256       256       256         1
  1.000000  1.000000  1.000000
orientation T byte_order littleendian
Reading image: talsrcimg_g11.4dfp.img
dimensions:      256       256       256
mmppix:       1.0000   -1.0000   -1.0000
center:     128.0000 -129.0000 -129.0000
rotation matrix determinant  1.000000
fimgreg.f
image alignment mode   1283 decimal      503 hex
parameters
    0.0000  -15.0000   15.0000    0.0000    0.0000    0.0000
eta,q 0.93518  4.59430
niter,ni,del,rscale     5    3   12.0000    1.2000
parameters
   -1.9147  -14.9224   17.0212   -2.4848   -0.1027    1.0370
eta,q 0.93912  4.63311
  0.0669  0.0741  0.0804  0.0635  0.0668  0.0652
  0.0634  0.0676  0.0735  0.0619  0.0629  0.0628
  0.0636  0.0642  0.0672  0.0617  0.0607  0.0613
  0.0630  0.0635  0.0635  0.0629  0.0617  0.0616
  0.0661  0.0646  0.0629  0.0643  0.0619  0.0605
  0.0724  0.0678  0.0644  0.0664  0.0637  0.0613
  0.0809  0.0730  0.0670  0.0694  0.0665  0.0631
niter,ni,del,rscale     4    3   12.0000    1.2000
parameters
   -1.9083  -14.4467   16.9566   -2.5566   -0.2030    0.8189
eta,q 0.93899  4.63857
  0.0714  0.0722  0.0704  0.0652  0.0669  0.0638
  0.0656  0.0657  0.0650  0.0628  0.0631  0.0616
  0.0617  0.0618  0.0617  0.0614  0.0607  0.0614
  0.0609  0.0609  0.0610  0.0610  0.0610  0.0609
  0.0615  0.0620  0.0626  0.0616  0.0620  0.0608
  0.0647  0.0646  0.0657  0.0630  0.0639  0.0623
  0.0720  0.0683  0.0702  0.0653  0.0666  0.0643
niter,ni,del,rscale     3    3   12.0000    1.2000
parameters
   -1.8744  -14.4091   16.9380   -2.5966   -0.2042    0.8063
eta,q 0.93896  4.64009
  0.0712  0.0707  0.0706  0.0654  0.0671  0.0640
  0.0654  0.0647  0.0652  0.0630  0.0632  0.0617
  0.0616  0.0614  0.0619  0.0615  0.0608  0.0614
  0.0610  0.0610  0.0610  0.0610  0.0610  0.0610
  0.0614  0.0625  0.0626  0.0617  0.0620  0.0607
  0.0644  0.0655  0.0657  0.0631  0.0637  0.0621
  0.0715  0.0694  0.0702  0.0654  0.0664  0.0640
registration optimization eta report
parameter search radius
    6.0000    6.0000    6.0000    6.0000    6.0000    6.0000
100000*second partial in parameter space
       30.       25.       26.       12.       16.        9.
  0.0712  0.0707  0.0706  0.0654  0.0671  0.0640
  0.0654  0.0647  0.0652  0.0630  0.0632  0.0617
  0.0616  0.0614  0.0619  0.0615  0.0608  0.0614
  0.0610  0.0610  0.0610  0.0610  0.0610  0.0610
  0.0614  0.0625  0.0626  0.0617  0.0620  0.0607
  0.0644  0.0655  0.0657  0.0631  0.0637  0.0621
  0.0715  0.0694  0.0702  0.0654  0.0664  0.0640
   -1.8744  -14.4091   16.9380   -2.5966   -0.2042    0.8063
eta,q 0.93896  4.64009

---------------------------------------------------------------------
imgreg_4dfp /opt/freesurfer/average/711-2C_as_mni_average_305 /opt/freesurfer/average/711-2B_as_mni_average_305_mask talsrcimg_g11 none talsrcimg_to_711-2C_as_mni_average_305_t4 3335
---------------------------------------------------------------------

freesurfer imgreg_4dfp.c
/opt/freesurfer/average/711-2C_as_mni_average_305.4dfp.img
       256       256       256         1
  1.000000  1.000000  1.000000
orientation T byte_order littleendian
Reading image: /opt/freesurfer/average/711-2C_as_mni_average_305.4dfp.img
dimensions:      256       256       256
mmppix:       1.0000   -1.0000   -1.0000
center:     128.0000 -129.0000 -129.0000
/opt/freesurfer/average/711-2B_as_mni_average_305_mask.4dfp.img
       256       256       256         1
  1.000000  1.000000  1.000000
orientation T byte_order littleendian
Reading mask: /opt/freesurfer/average/711-2B_as_mni_average_305_mask.4dfp.img (2306576 pixels)
talsrcimg_g11.4dfp.img
       256       256       256         1
  1.000000  1.000000  1.000000
orientation T byte_order littleendian
Reading image: talsrcimg_g11.4dfp.img
dimensions:      256       256       256
mmppix:       1.0000   -1.0000   -1.0000
center:     128.0000 -129.0000 -129.0000
fimgreg.f
image alignment mode   3335 decimal      D07 hex
parameters
   -1.8744  -14.4091   16.9380   -0.0105   -0.1128   -0.1033
   -1.4219    0.2922    1.4071    4.5350   -0.3563   -4.5304
eta,q 0.93903  4.59514
niter,ni,del,rscale     5    3    5.0000    1.2000
parameter  4  1.687122 ->  0.500000 qaram    1.1500
parameter  5  2.432772 ->  0.500000 qaram    1.1500
parameter  6  1.187907 ->  0.500000 qaram    1.1500
parameter 12 -0.568563 -> -0.500000 qaram    1.1500
parameters
   -1.9342  -13.9662   17.5593   -4.1505   -4.2528   -4.2433
   -0.6878   -0.7568    0.2182    4.7313   -2.2855   -0.3904
eta,q 0.95343  4.15255
  0.0633  0.0626  0.0626  0.0541  0.0485  0.0457  0.0501  0.0498  0.0480  0.0499  0.0477  0.0500
  0.0617  0.0618  0.0618  0.0556  0.0504  0.0467  0.0487  0.0481  0.0474  0.0484  0.0472  0.0487
  0.0610  0.0612  0.0612  0.0579  0.0531  0.0484  0.0474  0.0471  0.0471  0.0474  0.0470  0.0477
  0.0610  0.0609  0.0609  0.0608  0.0562  0.0511  0.0471  0.0472  0.0471  0.0471  0.0471  0.0470
  0.0614  0.0609  0.0608  0.0643  0.0598  0.0546  0.0474  0.0477  0.0474  0.0474  0.0475  0.0467
  0.0621  0.0611  0.0610  0.0684  0.0637  0.0591  0.0478  0.0496  0.0480  0.0482  0.0481  0.0466
  0.0632  0.0617  0.0614  0.0731  0.0680  0.0643  0.0491  0.0520  0.0489  0.0495  0.0490  0.0468
niter,ni,del,rscale     7    3    5.0000    1.2000
parameter  3  0.611586 ->  0.500000 qaram    1.1500
parameter  4  0.667880 ->  0.500000 qaram    1.3225
parameter  5  0.900983 ->  0.500000 qaram    1.3225
parameter  6  0.647370 ->  0.500000 qaram    1.3225
parameters
   -2.2510  -13.4916   16.1793   -8.9115   -9.0138   -9.0043
   -0.5247   -0.6113    0.5021    4.9974   -2.7893    1.1918
eta,q 0.95966  3.85071
  0.0480  0.0483  0.0462  0.0446  0.0416  0.0406  0.0427  0.0426  0.0415  0.0419  0.0409  0.0419
  0.0468  0.0474  0.0460  0.0444  0.0418  0.0404  0.0416  0.0415  0.0409  0.0412  0.0406  0.0412
  0.0464  0.0468  0.0461  0.0448  0.0427  0.0408  0.0405  0.0406  0.0405  0.0407  0.0404  0.0407
  0.0466  0.0465  0.0464  0.0460  0.0444  0.0420  0.0404  0.0404  0.0404  0.0404  0.0404  0.0404
  0.0470  0.0465  0.0470  0.0483  0.0470  0.0442  0.0407  0.0404  0.0405  0.0405  0.0405  0.0403
  0.0476  0.0467  0.0478  0.0516  0.0504  0.0475  0.0412  0.0413  0.0408  0.0409  0.0407  0.0406
  0.0489  0.0473  0.0487  0.0558  0.0545  0.0521  0.0426  0.0426  0.0413  0.0418  0.0411  0.0411
niter,ni,del,rscale     7    3    5.0000    1.2000
parameters
   -1.9042  -12.8440   16.0787  -10.0650  -13.3946  -11.9983
   -0.9010   -0.3674    0.9643    7.8879   -3.3939    2.1651
eta,q 0.96008  3.76954
  0.0424  0.0417  0.0412  0.0425  0.0405  0.0412  0.0417  0.0416  0.0407  0.0411  0.0402  0.0409
  0.0411  0.0411  0.0407  0.0416  0.0403  0.0406  0.0407  0.0408  0.0404  0.0407  0.0401  0.0404
  0.0405  0.0406  0.0404  0.0408  0.0401  0.0402  0.0400  0.0402  0.0402  0.0403  0.0400  0.0401
  0.0403  0.0404  0.0403  0.0403  0.0404  0.0402  0.0402  0.0401  0.0401  0.0401  0.0399  0.0399
  0.0404  0.0403  0.0405  0.0406  0.0415  0.0411  0.0403  0.0400  0.0401  0.0400  0.0400  0.0400
  0.0407  0.0405  0.0408  0.0421  0.0437  0.0428  0.0408  0.0406  0.0403  0.0400  0.0401  0.0402
  0.0413  0.0408  0.0414  0.0448  0.0468  0.0458  0.0421  0.0415  0.0405  0.0402  0.0403  0.0405
niter,ni,del,rscale     6    3    5.0000    1.2000
parameter  2 -0.533902 -> -0.500000 qaram    1.1500
parameters
   -1.6293  -11.4640   16.0921   -9.6079  -16.2776  -13.4523
   -1.3733   -0.2457    0.3653    9.7701   -3.4218    1.3599
eta,q 0.96024  3.74497
  0.0415  0.0410  0.0404  0.0422  0.0403  0.0412  0.0414  0.0413  0.0402  0.0405  0.0401  0.0403
  0.0404  0.0405  0.0401  0.0413  0.0401  0.0406  0.0404  0.0406  0.0400  0.0402  0.0399  0.0400
  0.0400  0.0402  0.0399  0.0405  0.0398  0.0401  0.0397  0.0400  0.0399  0.0400  0.0398  0.0398
  0.0399  0.0399  0.0398  0.0398  0.0398  0.0398  0.0399  0.0398  0.0398  0.0398  0.0398  0.0398
  0.0400  0.0398  0.0399  0.0396  0.0401  0.0400  0.0401  0.0397  0.0399  0.0398  0.0398  0.0399
  0.0402  0.0398  0.0401  0.0404  0.0411  0.0411  0.0406  0.0404  0.0401  0.0398  0.0399  0.0402
  0.0407  0.0399  0.0404  0.0424  0.0431  0.0431  0.0419  0.0413  0.0403  0.0401  0.0401  0.0406
niter,ni,del,rscale     6    3    5.0000    1.2000
parameters
   -1.4757  -10.2914   15.7614   -9.3495  -17.8458  -14.2465
   -1.4951   -0.1177   -0.2974   10.9531   -3.2469    0.2811
eta,q 0.96030  3.73333
  0.0412  0.0406  0.0401  0.0420  0.0404  0.0412  0.0414  0.0413  0.0402  0.0404  0.0400  0.0402
  0.0402  0.0402  0.0398  0.0411  0.0401  0.0406  0.0405  0.0405  0.0399  0.0401  0.0399  0.0399
  0.0398  0.0400  0.0397  0.0403  0.0398  0.0400  0.0397  0.0399  0.0398  0.0399  0.0398  0.0397
  0.0398  0.0398  0.0397  0.0397  0.0397  0.0397  0.0398  0.0398  0.0398  0.0398  0.0397  0.0397
  0.0399  0.0397  0.0398  0.0396  0.0398  0.0398  0.0399  0.0397  0.0399  0.0397  0.0398  0.0399
  0.0401  0.0397  0.0400  0.0404  0.0404  0.0406  0.0404  0.0403  0.0401  0.0398  0.0398  0.0401
  0.0408  0.0399  0.0403  0.0424  0.0417  0.0423  0.0416  0.0413  0.0403  0.0401  0.0400  0.0405
niter,ni,del,rscale     5    3    5.0000    1.2000
parameters
   -1.4132   -9.4831   15.3304   -9.2291  -18.2729  -14.7911
   -1.4340    0.0040   -0.7727   11.9377   -3.2041   -0.7664
eta,q 0.96033  3.73075
  0.0411  0.0403  0.0400  0.0419  0.0406  0.0411  0.0415  0.0412  0.0401  0.0403  0.0400  0.0402
  0.0401  0.0400  0.0398  0.0411  0.0402  0.0405  0.0405  0.0404  0.0399  0.0400  0.0398  0.0399
  0.0397  0.0398  0.0397  0.0403  0.0399  0.0400  0.0397  0.0399  0.0397  0.0398  0.0397  0.0397
  0.0397  0.0397  0.0397  0.0397  0.0396  0.0397  0.0397  0.0397  0.0397  0.0397  0.0397  0.0397
  0.0398  0.0397  0.0397  0.0395  0.0396  0.0397  0.0399  0.0396  0.0398  0.0397  0.0397  0.0398
  0.0401  0.0397  0.0399  0.0404  0.0400  0.0404  0.0402  0.0403  0.0400  0.0398  0.0398  0.0401
  0.0408  0.0399  0.0403  0.0424  0.0411  0.0420  0.0415  0.0412  0.0403  0.0401  0.0400  0.0404
niter,ni,del,rscale     4    3    5.0000    1.2000
parameters
   -1.3815   -9.0153   14.8444   -9.1411  -18.2718  -15.2134
   -1.3269    0.1188   -1.0622   12.9262   -3.2517   -1.6029
eta,q 0.96037  3.73141
  0.0409  0.0402  0.0399  0.0418  0.0406  0.0411  0.0415  0.0412  0.0401  0.0402  0.0399  0.0402
  0.0400  0.0400  0.0397  0.0410  0.0403  0.0405  0.0405  0.0404  0.0399  0.0400  0.0398  0.0398
  0.0396  0.0398  0.0397  0.0402  0.0399  0.0400  0.0396  0.0398  0.0397  0.0398  0.0397  0.0397
  0.0397  0.0397  0.0396  0.0396  0.0396  0.0396  0.0397  0.0397  0.0397  0.0397  0.0396  0.0396
  0.0398  0.0396  0.0397  0.0395  0.0396  0.0396  0.0398  0.0396  0.0397  0.0396  0.0397  0.0398
  0.0400  0.0397  0.0399  0.0404  0.0399  0.0403  0.0402  0.0402  0.0399  0.0398  0.0398  0.0401
  0.0408  0.0400  0.0403  0.0424  0.0410  0.0418  0.0415  0.0412  0.0402  0.0400  0.0399  0.0404
niter,ni,del,rscale     3    3    5.0000    1.2000
parameters
   -1.3588   -8.6362   14.3285   -9.0969  -18.2909  -15.7296
   -1.2313    0.2053   -1.2303   14.0460   -3.2863   -2.2367
eta,q 0.96039  3.73166
  0.0409  0.0401  0.0399  0.0418  0.0406  0.0410  0.0415  0.0411  0.0401  0.0402  0.0399  0.0402
  0.0400  0.0399  0.0397  0.0410  0.0403  0.0404  0.0405  0.0404  0.0399  0.0400  0.0397  0.0398
  0.0396  0.0397  0.0396  0.0402  0.0399  0.0399  0.0396  0.0398  0.0397  0.0397  0.0396  0.0397
  0.0396  0.0396  0.0396  0.0396  0.0396  0.0396  0.0396  0.0396  0.0396  0.0396  0.0396  0.0396
  0.0398  0.0396  0.0397  0.0395  0.0395  0.0396  0.0398  0.0395  0.0397  0.0396  0.0396  0.0397
  0.0400  0.0397  0.0399  0.0404  0.0399  0.0403  0.0402  0.0402  0.0399  0.0397  0.0397  0.0400
  0.0407  0.0400  0.0402  0.0424  0.0410  0.0418  0.0415  0.0412  0.0402  0.0400  0.0399  0.0404
niter,ni,del,rscale     2    3    5.0000    1.2000
parameters
   -1.3484   -8.2530   13.8151   -9.0478  -18.4293  -16.4207
   -1.1531    0.2625   -1.3082   15.3517   -3.3422   -2.7042
eta,q 0.96042  3.73162
  0.0408  0.0401  0.0398  0.0418  0.0406  0.0409  0.0414  0.0411  0.0401  0.0402  0.0399  0.0402
  0.0399  0.0399  0.0397  0.0410  0.0403  0.0403  0.0405  0.0403  0.0399  0.0399  0.0397  0.0398
  0.0396  0.0397  0.0396  0.0402  0.0399  0.0399  0.0396  0.0397  0.0397  0.0397  0.0396  0.0396
  0.0396  0.0396  0.0396  0.0396  0.0396  0.0396  0.0396  0.0396  0.0396  0.0396  0.0396  0.0396
  0.0397  0.0396  0.0397  0.0395  0.0395  0.0396  0.0397  0.0395  0.0397  0.0396  0.0396  0.0397
  0.0400  0.0397  0.0399  0.0403  0.0399  0.0403  0.0402  0.0402  0.0399  0.0397  0.0397  0.0400
  0.0407  0.0399  0.0402  0.0424  0.0411  0.0418  0.0415  0.0412  0.0402  0.0399  0.0399  0.0403
niter,ni,del,rscale     1    3    5.0000    1.2000
parameters
   -1.3552   -7.8648   13.2516   -8.9468  -18.6401  -17.3658
   -1.0713    0.2730   -1.2501   16.9656   -3.6800   -3.0931
eta,q 0.96045  3.73211
  0.0407  0.0401  0.0398  0.0417  0.0406  0.0407  0.0414  0.0410  0.0402  0.0402  0.0398  0.0402
  0.0399  0.0399  0.0397  0.0409  0.0403  0.0402  0.0404  0.0403  0.0399  0.0399  0.0397  0.0398
  0.0396  0.0397  0.0396  0.0402  0.0399  0.0398  0.0396  0.0397  0.0397  0.0397  0.0396  0.0396
  0.0396  0.0396  0.0396  0.0395  0.0395  0.0395  0.0396  0.0396  0.0396  0.0396  0.0396  0.0395
  0.0397  0.0396  0.0397  0.0394  0.0395  0.0396  0.0397  0.0395  0.0397  0.0395  0.0396  0.0397
  0.0399  0.0397  0.0399  0.0403  0.0399  0.0404  0.0401  0.0402  0.0398  0.0396  0.0397  0.0399
  0.0407  0.0399  0.0402  0.0423  0.0412  0.0418  0.0414  0.0411  0.0401  0.0399  0.0399  0.0403
registration optimization eta report
parameter search radius
    2.4000    2.7600    2.7600    9.5220    9.5220    9.5220
    7.2000    7.2000    7.2000    7.2000    7.2000    8.2800
100000*second partial in parameter space
       20.        6.        6.        3.        2.        2.
        4.        3.        1.        1.        1.        1.
  0.0407  0.0401  0.0398  0.0417  0.0406  0.0407  0.0414  0.0410  0.0402  0.0402  0.0398  0.0402
  0.0399  0.0399  0.0397  0.0409  0.0403  0.0402  0.0404  0.0403  0.0399  0.0399  0.0397  0.0398
  0.0396  0.0397  0.0396  0.0402  0.0399  0.0398  0.0396  0.0397  0.0397  0.0397  0.0396  0.0396
  0.0396  0.0396  0.0396  0.0395  0.0395  0.0395  0.0396  0.0396  0.0396  0.0396  0.0396  0.0395
  0.0397  0.0396  0.0397  0.0394  0.0395  0.0396  0.0397  0.0395  0.0397  0.0395  0.0396  0.0397
  0.0399  0.0397  0.0399  0.0403  0.0399  0.0404  0.0401  0.0402  0.0398  0.0396  0.0397  0.0399
  0.0407  0.0399  0.0402  0.0423  0.0412  0.0418  0.0414  0.0411  0.0401  0.0399  0.0399  0.0403
   -1.3552   -7.8648   13.2516   -8.9468  -18.6401  -17.3658
   -1.0713    0.2730   -1.2501   16.9656   -3.6800   -3.0931
eta,q 0.96045  3.73211

---------------------------------------------------------------------
imgreg_4dfp /opt/freesurfer/average/711-2C_as_mni_average_305 /opt/freesurfer/average/711-2B_as_mni_average_305_mask talsrcimg_g11 none talsrcimg_to_711-2C_as_mni_average_305_t4 2311
---------------------------------------------------------------------

freesurfer imgreg_4dfp.c
/opt/freesurfer/average/711-2C_as_mni_average_305.4dfp.img
       256       256       256         1
  1.000000  1.000000  1.000000
orientation T byte_order littleendian
Reading image: /opt/freesurfer/average/711-2C_as_mni_average_305.4dfp.img
dimensions:      256       256       256
mmppix:       1.0000   -1.0000   -1.0000
center:     128.0000 -129.0000 -129.0000
/opt/freesurfer/average/711-2B_as_mni_average_305_mask.4dfp.img
       256       256       256         1
  1.000000  1.000000  1.000000
orientation T byte_order littleendian
Reading mask: /opt/freesurfer/average/711-2B_as_mni_average_305_mask.4dfp.img (2306576 pixels)
talsrcimg_g11.4dfp.img
       256       256       256         1
  1.000000  1.000000  1.000000
orientation T byte_order littleendian
Reading image: talsrcimg_g11.4dfp.img
dimensions:      256       256       256
mmppix:       1.0000   -1.0000   -1.0000
center:     128.0000 -129.0000 -129.0000
fimgreg.f
image alignment mode   2311 decimal      907 hex
parameters
   -1.3552   -7.8648   13.2516   -8.9468  -18.6401  -17.3658
   -1.0713    0.2730   -1.2501   16.9656   -3.6800   -3.0931
eta,q 0.96045  3.73211
niter,ni,del,rscale     5    3    5.0000    0.8000
parameters
   -1.5272   -7.2909   12.6187   -7.0662  -18.3806  -17.4315
   -0.6830    0.7536   -1.2295   17.4648   -3.8875   -4.7020
eta,q 0.96071  3.75315
  0.0398  0.0398  0.0396  0.0405  0.0398  0.0397  0.0403  0.0402  0.0397  0.0397  0.0395  0.0394
  0.0396  0.0397  0.0395  0.0401  0.0396  0.0395  0.0396  0.0396  0.0395  0.0395  0.0394  0.0393
  0.0395  0.0396  0.0395  0.0398  0.0394  0.0394  0.0393  0.0394  0.0394  0.0394  0.0393  0.0393
  0.0395  0.0395  0.0395  0.0395  0.0393  0.0393  0.0393  0.0394  0.0393  0.0393  0.0393  0.0393
  0.0396  0.0395  0.0396  0.0394  0.0394  0.0394  0.0394  0.0392  0.0394  0.0393  0.0394  0.0394
  0.0397  0.0395  0.0397  0.0394  0.0395  0.0395  0.0395  0.0394  0.0395  0.0394  0.0394  0.0396
  0.0399  0.0396  0.0398  0.0397  0.0397  0.0398  0.0399  0.0400  0.0397  0.0396  0.0395  0.0398
niter,ni,del,rscale     4    3    5.0000    0.7000
parameter  3  0.539838 ->  0.500000 qaram    1.1500
parameters
   -1.9545   -7.4554   11.8137   -6.5034  -17.5491  -17.5795
   -0.3029    0.5034   -0.8107   18.5000   -2.9380   -5.4709
eta,q 0.96085  3.76593
  0.0394  0.0393  0.0392  0.0399  0.0395  0.0394  0.0401  0.0396  0.0395  0.0395  0.0394  0.0393
  0.0392  0.0393  0.0392  0.0396  0.0394  0.0393  0.0394  0.0393  0.0394  0.0394  0.0393  0.0392
  0.0392  0.0392  0.0392  0.0393  0.0392  0.0392  0.0391  0.0393  0.0393  0.0393  0.0392  0.0392
  0.0393  0.0392  0.0392  0.0392  0.0391  0.0391  0.0391  0.0392  0.0392  0.0392  0.0392  0.0392
  0.0394  0.0392  0.0393  0.0391  0.0391  0.0391  0.0393  0.0391  0.0392  0.0392  0.0392  0.0392
  0.0395  0.0393  0.0394  0.0393  0.0392  0.0393  0.0394  0.0393  0.0393  0.0392  0.0392  0.0393
  0.0397  0.0394  0.0395  0.0397  0.0393  0.0395  0.0396  0.0399  0.0394  0.0393  0.0393  0.0395
niter,ni,del,rscale     4    3    5.0000    0.7000
parameters
   -2.2512   -7.4140   11.3375   -6.5443  -17.5277  -18.2105
   -0.1463    0.0578   -0.6760   19.3187   -2.1650   -5.6373
eta,q 0.96088  3.76357
  0.0394  0.0393  0.0392  0.0397  0.0394  0.0393  0.0400  0.0395  0.0394  0.0395  0.0393  0.0393
  0.0391  0.0392  0.0391  0.0394  0.0393  0.0392  0.0393  0.0392  0.0393  0.0393  0.0392  0.0392
  0.0391  0.0391  0.0391  0.0392  0.0391  0.0391  0.0390  0.0392  0.0392  0.0392  0.0392  0.0391
  0.0392  0.0391  0.0391  0.0391  0.0391  0.0391  0.0391  0.0391  0.0391  0.0391  0.0391  0.0391
  0.0393  0.0391  0.0391  0.0391  0.0391  0.0391  0.0393  0.0390  0.0392  0.0391  0.0391  0.0392
  0.0394  0.0392  0.0393  0.0393  0.0392  0.0393  0.0394  0.0393  0.0393  0.0392  0.0392  0.0392
  0.0395  0.0393  0.0394  0.0398  0.0395  0.0396  0.0396  0.0399  0.0394  0.0393  0.0392  0.0394
niter,ni,del,rscale     3    3    5.0000    0.6000
parameters
   -2.5202   -7.1711   10.9809   -6.3667  -17.6519  -18.8464
   -0.2006   -0.2172   -0.2946   20.0338   -1.6440   -5.9048
eta,q 0.96096  3.76371
  0.0393  0.0393  0.0391  0.0396  0.0393  0.0392  0.0397  0.0394  0.0393  0.0393  0.0392  0.0392
  0.0391  0.0392  0.0391  0.0393  0.0392  0.0391  0.0392  0.0392  0.0392  0.0392  0.0391  0.0391
  0.0391  0.0391  0.0390  0.0391  0.0391  0.0391  0.0390  0.0391  0.0391  0.0391  0.0391  0.0391
  0.0391  0.0391  0.0391  0.0390  0.0390  0.0391  0.0390  0.0390  0.0391  0.0391  0.0390  0.0390
  0.0392  0.0391  0.0391  0.0391  0.0391  0.0391  0.0393  0.0390  0.0391  0.0390  0.0390  0.0391
  0.0393  0.0391  0.0392  0.0392  0.0392  0.0392  0.0394  0.0392  0.0391  0.0391  0.0391  0.0391
  0.0394  0.0391  0.0393  0.0395  0.0394  0.0395  0.0395  0.0396  0.0392  0.0392  0.0391  0.0392
niter,ni,del,rscale     2    3    5.0000    0.5000
parameters
   -2.6870   -7.0170   10.6677   -6.1619  -17.7077  -19.3618
   -0.4627   -0.4038    0.1027   20.5406   -1.3148   -6.1995
eta,q 0.96104  3.76504
  0.0392  0.0392  0.0391  0.0394  0.0392  0.0391  0.0395  0.0392  0.0392  0.0392  0.0391  0.0391
  0.0391  0.0391  0.0390  0.0392  0.0391  0.0391  0.0391  0.0391  0.0391  0.0391  0.0390  0.0390
  0.0390  0.0390  0.0390  0.0391  0.0390  0.0390  0.0389  0.0390  0.0390  0.0390  0.0390  0.0390
  0.0390  0.0390  0.0390  0.0390  0.0390  0.0390  0.0390  0.0390  0.0390  0.0390  0.0390  0.0390
  0.0391  0.0390  0.0390  0.0390  0.0390  0.0390  0.0392  0.0390  0.0390  0.0390  0.0390  0.0390
  0.0392  0.0390  0.0391  0.0391  0.0391  0.0391  0.0393  0.0391  0.0390  0.0390  0.0390  0.0390
  0.0393  0.0391  0.0392  0.0393  0.0392  0.0393  0.0394  0.0394  0.0391  0.0391  0.0390  0.0391
niter,ni,del,rscale     1    3    5.0000    0.4000
parameters
   -2.7579   -6.9184   10.3911   -5.9696  -17.7461  -19.7547
   -0.7384   -0.4530    0.3670   21.0077   -1.2619   -6.4948
eta,q 0.96108  3.76653
  0.0392  0.0391  0.0390  0.0392  0.0391  0.0390  0.0393  0.0391  0.0391  0.0391  0.0390  0.0390
  0.0390  0.0390  0.0390  0.0391  0.0390  0.0390  0.0390  0.0390  0.0390  0.0390  0.0389  0.0389
  0.0390  0.0390  0.0390  0.0390  0.0390  0.0390  0.0389  0.0390  0.0389  0.0390  0.0389  0.0389
  0.0390  0.0390  0.0390  0.0390  0.0390  0.0389  0.0390  0.0389  0.0389  0.0389  0.0389  0.0389
  0.0390  0.0390  0.0390  0.0390  0.0390  0.0390  0.0391  0.0389  0.0389  0.0389  0.0389  0.0389
  0.0391  0.0390  0.0390  0.0390  0.0390  0.0390  0.0392  0.0390  0.0390  0.0389  0.0389  0.0390
  0.0392  0.0390  0.0391  0.0392  0.0391  0.0391  0.0394  0.0392  0.0390  0.0390  0.0390  0.0390
registration optimization eta report
parameter search radius
    0.8000    0.8000    0.9200    2.4000    2.4000    2.4000
    2.4000    2.4000    2.4000    2.4000    2.4000    2.4000
100000*second partial in parameter space
       33.       11.        8.        4.        3.        2.
        6.        4.        2.        2.        1.        1.
  0.0392  0.0391  0.0390  0.0392  0.0391  0.0390  0.0393  0.0391  0.0391  0.0391  0.0390  0.0390
  0.0390  0.0390  0.0390  0.0391  0.0390  0.0390  0.0390  0.0390  0.0390  0.0390  0.0389  0.0389
  0.0390  0.0390  0.0390  0.0390  0.0390  0.0390  0.0389  0.0390  0.0389  0.0390  0.0389  0.0389
  0.0390  0.0390  0.0390  0.0390  0.0390  0.0389  0.0390  0.0389  0.0389  0.0389  0.0389  0.0389
  0.0390  0.0390  0.0390  0.0390  0.0390  0.0390  0.0391  0.0389  0.0389  0.0389  0.0389  0.0389
  0.0391  0.0390  0.0390  0.0390  0.0390  0.0390  0.0392  0.0390  0.0390  0.0389  0.0389  0.0390
  0.0392  0.0390  0.0391  0.0392  0.0391  0.0391  0.0394  0.0392  0.0390  0.0390  0.0390  0.0390
   -2.7579   -6.9184   10.3911   -5.9696  -17.7461  -19.7547
   -0.7384   -0.4530    0.3670   21.0077   -1.2619   -6.4948
eta,q 0.96108  3.76653

---------------------------------------------------------------------
imgreg_4dfp /opt/freesurfer/average/711-2C_as_mni_average_305 /opt/freesurfer/average/711-2B_as_mni_average_305_mask talsrcimg_g11 none talsrcimg_to_711-2C_as_mni_average_305_t4 2311
---------------------------------------------------------------------

freesurfer imgreg_4dfp.c
/opt/freesurfer/average/711-2C_as_mni_average_305.4dfp.img
       256       256       256         1
  1.000000  1.000000  1.000000
orientation T byte_order littleendian
Reading image: /opt/freesurfer/average/711-2C_as_mni_average_305.4dfp.img
dimensions:      256       256       256
mmppix:       1.0000   -1.0000   -1.0000
center:     128.0000 -129.0000 -129.0000
/opt/freesurfer/average/711-2B_as_mni_average_305_mask.4dfp.img
       256       256       256         1
  1.000000  1.000000  1.000000
orientation T byte_order littleendian
Reading mask: /opt/freesurfer/average/711-2B_as_mni_average_305_mask.4dfp.img (2306576 pixels)
talsrcimg_g11.4dfp.img
       256       256       256         1
  1.000000  1.000000  1.000000
orientation T byte_order littleendian
Reading image: talsrcimg_g11.4dfp.img
dimensions:      256       256       256
mmppix:       1.0000   -1.0000   -1.0000
center:     128.0000 -129.0000 -129.0000
fimgreg.f
image alignment mode   2311 decimal      907 hex
parameters
   -2.7579   -6.9184   10.3911   -5.9696  -17.7461  -19.7547
   -0.7384   -0.4530    0.3670   21.0077   -1.2619   -6.4948
eta,q 0.96108  3.76653
niter,ni,del,rscale     5    3    5.0000    0.8000
parameters
   -2.4887   -6.8877   10.1979   -6.4571  -17.9778  -20.4669
   -0.2924   -0.4100   -0.5320   21.3827   -1.6305   -6.0127
eta,q 0.96097  3.75631
  0.0402  0.0393  0.0391  0.0397  0.0394  0.0393  0.0403  0.0399  0.0393  0.0394  0.0392  0.0394
  0.0395  0.0391  0.0390  0.0393  0.0392  0.0391  0.0395  0.0393  0.0391  0.0392  0.0391  0.0392
  0.0390  0.0390  0.0390  0.0391  0.0391  0.0390  0.0390  0.0391  0.0390  0.0391  0.0390  0.0391
  0.0389  0.0390  0.0390  0.0389  0.0390  0.0390  0.0390  0.0390  0.0390  0.0390  0.0390  0.0390
  0.0390  0.0390  0.0390  0.0391  0.0390  0.0390  0.0393  0.0390  0.0391  0.0390  0.0391  0.0390
  0.0392  0.0391  0.0391  0.0394  0.0392  0.0393  0.0395  0.0393  0.0393  0.0391  0.0391  0.0391
  0.0394  0.0392  0.0392  0.0402  0.0396  0.0397  0.0397  0.0399  0.0395  0.0393  0.0392  0.0392
niter,ni,del,rscale     4    3    5.0000    0.7000
parameters
   -2.4780   -6.7048   10.0974   -6.3932  -18.0090  -20.8795
   -0.1344   -0.2237   -0.6548   21.7333   -1.6285   -6.0816
eta,q 0.96097  3.75748
  0.0395  0.0393  0.0391  0.0397  0.0394  0.0393  0.0399  0.0397  0.0393  0.0393  0.0392  0.0392
  0.0391  0.0392  0.0391  0.0394  0.0392  0.0391  0.0392  0.0392  0.0391  0.0392  0.0391  0.0391
  0.0390  0.0391  0.0390  0.0391  0.0391  0.0391  0.0389  0.0391  0.0391  0.0391  0.0390  0.0390
  0.0390  0.0390  0.0390  0.0390  0.0390  0.0390  0.0390  0.0391  0.0390  0.0390  0.0390  0.0390
  0.0391  0.0390  0.0390  0.0391  0.0390  0.0391  0.0393  0.0390  0.0391  0.0390  0.0390  0.0391
  0.0392  0.0391  0.0391  0.0393  0.0392  0.0392  0.0394  0.0391  0.0392  0.0391  0.0391  0.0391
  0.0394  0.0392  0.0392  0.0397  0.0395  0.0395  0.0396  0.0396  0.0393  0.0393  0.0392  0.0392
niter,ni,del,rscale     3    3    5.0000    0.6000
parameters
   -2.6146   -6.6381    9.8771   -6.1421  -17.9949  -21.1428
   -0.1796   -0.3557   -0.3866   21.9958   -1.4586   -6.3140
eta,q 0.96101  3.75999
  0.0393  0.0392  0.0391  0.0395  0.0393  0.0392  0.0396  0.0394  0.0392  0.0392  0.0391  0.0391
  0.0391  0.0391  0.0390  0.0393  0.0392  0.0391  0.0391  0.0391  0.0391  0.0391  0.0390  0.0390
  0.0390  0.0390  0.0390  0.0391  0.0390  0.0390  0.0389  0.0390  0.0390  0.0390  0.0390  0.0390
  0.0390  0.0390  0.0390  0.0390  0.0390  0.0390  0.0390  0.0390  0.0390  0.0390  0.0390  0.0390
  0.0392  0.0390  0.0390  0.0390  0.0390  0.0390  0.0392  0.0390  0.0390  0.0390  0.0390  0.0390
  0.0392  0.0391  0.0391  0.0391  0.0391  0.0391  0.0393  0.0391  0.0391  0.0390  0.0390  0.0391
  0.0393  0.0391  0.0391  0.0394  0.0393  0.0393  0.0394  0.0395  0.0392  0.0392  0.0391  0.0392
niter,ni,del,rscale     2    3    5.0000    0.5000
parameters
   -2.7512   -6.6090    9.7166   -5.9496  -17.9815  -21.2644
   -0.3889   -0.4539   -0.0223   22.2159   -1.3689   -6.5367
eta,q 0.96107  3.76239
  0.0392  0.0391  0.0390  0.0394  0.0392  0.0391  0.0394  0.0392  0.0391  0.0391  0.0390  0.0390
  0.0390  0.0390  0.0390  0.0392  0.0391  0.0390  0.0391  0.0391  0.0390  0.0390  0.0390  0.0390
  0.0390  0.0390  0.0390  0.0390  0.0390  0.0390  0.0389  0.0390  0.0390  0.0390  0.0389  0.0389
  0.0390  0.0390  0.0390  0.0390  0.0390  0.0390  0.0390  0.0389  0.0389  0.0389  0.0389  0.0389
  0.0391  0.0390  0.0390  0.0390  0.0390  0.0390  0.0391  0.0389  0.0389  0.0389  0.0389  0.0390
  0.0392  0.0390  0.0390  0.0391  0.0390  0.0390  0.0393  0.0390  0.0390  0.0390  0.0390  0.0390
  0.0393  0.0391  0.0391  0.0393  0.0392  0.0392  0.0394  0.0393  0.0391  0.0391  0.0390  0.0391
niter,ni,del,rscale     1    3    5.0000    0.4000
parameters
   -2.7962   -6.5751    9.6113   -5.8211  -17.9884  -21.3215
   -0.6808   -0.4770    0.2798   22.3787   -1.3468   -6.7476
eta,q 0.96110  3.76404
  0.0391  0.0390  0.0390  0.0392  0.0391  0.0390  0.0393  0.0391  0.0390  0.0390  0.0389  0.0390
  0.0390  0.0390  0.0389  0.0391  0.0390  0.0390  0.0390  0.0390  0.0390  0.0390  0.0389  0.0389
  0.0389  0.0389  0.0389  0.0390  0.0390  0.0389  0.0389  0.0389  0.0389  0.0389  0.0389  0.0389
  0.0389  0.0389  0.0389  0.0389  0.0389  0.0389  0.0389  0.0389  0.0389  0.0389  0.0389  0.0389
  0.0390  0.0389  0.0389  0.0389  0.0389  0.0389  0.0391  0.0389  0.0389  0.0389  0.0389  0.0389
  0.0391  0.0390  0.0390  0.0390  0.0390  0.0390  0.0392  0.0390  0.0389  0.0389  0.0389  0.0389
  0.0392  0.0390  0.0390  0.0392  0.0391  0.0391  0.0393  0.0392  0.0390  0.0390  0.0389  0.0390
registration optimization eta report
parameter search radius
    0.8000    0.8000    0.8000    2.4000    2.4000    2.4000
    2.4000    2.4000    2.4000    2.4000    2.4000    2.4000
100000*second partial in parameter space
       34.       11.        8.        4.        3.        2.
        6.        4.        2.        2.        1.        1.
  0.0391  0.0390  0.0390  0.0392  0.0391  0.0390  0.0393  0.0391  0.0390  0.0390  0.0389  0.0390
  0.0390  0.0390  0.0389  0.0391  0.0390  0.0390  0.0390  0.0390  0.0390  0.0390  0.0389  0.0389
  0.0389  0.0389  0.0389  0.0390  0.0390  0.0389  0.0389  0.0389  0.0389  0.0389  0.0389  0.0389
  0.0389  0.0389  0.0389  0.0389  0.0389  0.0389  0.0389  0.0389  0.0389  0.0389  0.0389  0.0389
  0.0390  0.0389  0.0389  0.0389  0.0389  0.0389  0.0391  0.0389  0.0389  0.0389  0.0389  0.0389
  0.0391  0.0390  0.0390  0.0390  0.0390  0.0390  0.0392  0.0390  0.0389  0.0389  0.0389  0.0389
  0.0392  0.0390  0.0390  0.0392  0.0391  0.0391  0.0393  0.0392  0.0390  0.0390  0.0389  0.0390
   -2.7962   -6.5751    9.6113   -5.8211  -17.9884  -21.3215
   -0.6808   -0.4770    0.2798   22.3787   -1.3468   -6.7476
eta,q 0.96110  3.76404

---------------------------------------------------------------------
compute_vox2vox talsrcimg talsrcimg_to_711-2C_as_mni_average_305_t4 /opt/freesurfer/average/711-2C_as_mni_average_305
---------------------------------------------------------------------

freesurfer compute_vox2vox.c
Reading: talsrcimg.4dfp.ifh
Reading: talsrcimg_to_711-2C_as_mni_average_305_t4
Reading: /opt/freesurfer/average/711-2C_as_mni_average_305.4dfp.ifh
Writing: talsrcimg_to_711-2C_as_mni_average_305_t4_vox2vox.txt

start time Wed Dec 13 15:35:58 UTC 2023
end		time Wed Dec 13 15:36:09 UTC 2023

mpr2mni305 success

avi2talxfm orig_nu.mgz /opt/freesurfer/average/mni305.cor.mgz talsrcimg_to_711-2C_as_mni_average_305_t4_vox2vox.txt transforms/talairach.auto.xfm
avi2talxfm done
mv -f /output/sourcedata/freesurfer/sub-1012/mri/talsrcimg_to_711-2C_as_mni_average_305_t4_vox2vox.txt /output/sourcedata/freesurfer/sub-1012/mri/transforms/talsrcimg_to_711-2C_as_mni_average_305_t4_vox2vox.txt
lta_convert --src orig_nu.mgz --trg /opt/freesurfer/average/mni305.cor.mgz --inxfm transforms/talairach.auto.xfm --outlta transforms/talairach.auto.xfm.lta --subject fsaverage
7.3.2

--src: orig_nu.mgz src image (geometry).
--trg: /opt/freesurfer/average/mni305.cor.mgz trg image (geometry).
--inmni: transforms/talairach.auto.xfm input MNI/XFM transform.
--outlta: transforms/talairach.auto.xfm.lta output LTA.
--s: fsaverage subject name
 LTA read, type : 1
 1.06184   0.00384   0.00913   1.93427;
 0.01746   1.24199   0.10233  -10.99100;
-0.00839  -0.33892   1.19139   10.73698;
 0.00000   0.00000   0.00000   1.00000;
setting subject to fsaverage
Writing  LTA to file transforms/talairach.auto.xfm.lta...
lta_convert successful.
 
 
Started at Wed Dec 13 15:35:57 UTC 2023
Ended   at Wed Dec 13 15:36:09 UTC 2023
talairach_avi done
