status file for recon-all
Wed Dec 13 18:07:03 UTC 2023
#@# Tessellate rh Wed Dec 13 18:07:03 UTC 2023
#@# Smooth1 rh Wed Dec 13 18:07:05 UTC 2023
#@# Inflation1 rh Wed Dec 13 18:07:06 UTC 2023
#@# QSphere rh Wed Dec 13 18:07:08 UTC 2023
#@# Fix Topology rh Wed Dec 13 18:07:21 UTC 2023
#@# Smooth2 rh Wed Dec 13 18:08:43 UTC 2023
#@# Inflation2 rh Wed Dec 13 18:08:43 UTC 2023
#@# Curv .H and .K rh Wed Dec 13 18:08:46 UTC 2023
#@# Sphere rh Wed Dec 13 18:08:59 UTC 2023
#@# Surf Reg rh Wed Dec 13 18:09:15 UTC 2023
#@# Jacobian white rh Wed Dec 13 18:09:56 UTC 2023
#@# AvgCurv rh Wed Dec 13 18:09:56 UTC 2023
#@# Cortical Parc rh Wed Dec 13 18:09:56 UTC 2023
#@# white curv rh Wed Dec 13 18:11:56 UTC 2023
#@# white area rh Wed Dec 13 18:11:56 UTC 2023
#@# pial curv rh Wed Dec 13 18:11:57 UTC 2023
#@# pial area rh Wed Dec 13 18:11:57 UTC 2023
#@# thickness rh Wed Dec 13 18:11:57 UTC 2023
#@# area and vertex vol rh Wed Dec 13 18:12:04 UTC 2023
#@# Curvature Stats rh Wed Dec 13 18:12:04 UTC 2023
#@# Cortical Parc 2 rh Wed Dec 13 18:12:05 UTC 2023
#@# Cortical Parc 3 rh Wed Dec 13 18:12:09 UTC 2023
#@# WM/GM Contrast rh Wed Dec 13 18:12:12 UTC 2023
recon-all -s sub-1016 finished without error at Wed Dec 13 18:12:14 UTC 2023



#New# invocation of recon-all 



status file for recon-all
Wed Dec 13 18:14:21 UTC 2023
#@# white curv rh Wed Dec 13 18:14:21 UTC 2023
#@# white area rh Wed Dec 13 18:14:21 UTC 2023
#@# pial curv rh Wed Dec 13 18:14:21 UTC 2023
#@# pial area rh Wed Dec 13 18:14:21 UTC 2023
#@# thickness rh Wed Dec 13 18:14:21 UTC 2023
#@# area and vertex vol rh Wed Dec 13 18:14:21 UTC 2023
#@# Parcellation Stats rh Wed Dec 13 18:14:21 UTC 2023
#@# Parcellation Stats 2 rh Wed Dec 13 18:14:25 UTC 2023
#@# Parcellation Stats 3 rh Wed Dec 13 18:14:27 UTC 2023
#@# BA_exvivo Labels rh Wed Dec 13 18:14:29 UTC 2023
recon-all -s sub-1016 finished without error at Wed Dec 13 18:15:31 UTC 2023
