/output/sourcedata/freesurfer/sub-2002/mri
/opt/freesurfer/bin/talairach_avi
--i orig_nu.mgz --xfm transforms/talairach.auto.xfm
talairach_avi 7.3.2
Linux 8aba84eda66e 5.15.133.1-microsoft-standard-WSL2 #1 SMP Thu Oct 5 21:02:42 UTC 2023 x86_64 x86_64 x86_64 GNU/Linux
Wed Dec 13 20:49:17 UTC 2023
mri_convert orig_nu.mgz talsrcimg.img 
reading from orig_nu.mgz...
TR=0.00, TE=0.00, TI=0.00, flip angle=0.00
i_ras = (-1, 0, 0)
j_ras = (0, 0, -1)
k_ras = (0, 1, 0)
writing to talsrcimg.img...
Analyze Output Matrix
-1.00000   0.00000   0.00000   130.00000;
 0.00000   0.00000   1.00000  -134.00000;
 0.00000  -1.00000   0.00000   136.00000;
 0.00000   0.00000   0.00000   1.00000;
--------------------
INFO: set hdr.hist.orient to -1
mpr2mni305 talsrcimg
Wed Dec 13 20:49:18 UTC 2023
/opt/freesurfer/bin/mpr2mni305 talsrcimg
mpr2mni305 7.3.2
target=711-2C_as_mni_average_305

---------------------------------------------------------------------
analyzeto4dfp talsrcimg -O0 -y
---------------------------------------------------------------------

freesurfer ifh2hdr.c
Wed Dec 13 20:49:20 2023
Writing: talsrcimg.4dfp.hdr
freesurfer analyzeto4dfp.c
Reading: talsrcimg.hdr
header size 348 bytes
hdr.dime.datatype	offset=70	value=2
hdr.dime.bitpix		offset=72	value=8
hdr.hist.orient		offset=252	value=-1
dimensionality     4
dimensions       256       256       256         1
Reading: talsrcimg.img
Writing: talsrcimg.4dfp.img
Writing: talsrcimg.4dfp.ifh
ifh2hdr talsrcimg -r0to255
ori=2

---------------------------------------------------------------------
gauss_4dfp talsrcimg 1.1
---------------------------------------------------------------------

freesurfer gauss_4dfp.c
Reading: talsrcimg.4dfp.img
Writing: talsrcimg_g11.4dfp.img
image dimensions 256 256 256 padded to 288 288 288
processing volume 1freesurfer ifh2hdr.c
Wed Dec 13 20:49:24 2023
Writing: talsrcimg_g11.4dfp.hdr

Writing: talsrcimg_g11.4dfp.ifh
including: talsrcimg.4dfp.img.rec in talsrcimg_g11.4dfp.img.rec

---------------------------------------------------------------------
imgreg_4dfp /opt/freesurfer/average/711-2C_as_mni_average_305 none talsrcimg_g11 none talsrcimg_to_711-2C_as_mni_average_305_t4 4355
---------------------------------------------------------------------

freesurfer imgreg_4dfp.c
/opt/freesurfer/average/711-2C_as_mni_average_305.4dfp.img
       256       256       256         1
  1.000000  1.000000  1.000000
orientation T byte_order littleendian
Reading image: /opt/freesurfer/average/711-2C_as_mni_average_305.4dfp.img
dimensions:      256       256       256
mmppix:       1.0000   -1.0000   -1.0000
center:     128.0000 -129.0000 -129.0000
talsrcimg_g11.4dfp.img
       256       256       256         1
  1.000000  1.000000  1.000000
orientation T byte_order littleendian
Reading image: talsrcimg_g11.4dfp.img
dimensions:      256       256       256
mmppix:       1.0000   -1.0000   -1.0000
center:     128.0000 -129.0000 -129.0000
t4_read: open error in t4_sub.f l:  41 t4_file(1:l)talsrcimg_to_711-2C_as_mni_average_305_t4 
t4_read: transform initialized to I4
rotation matrix determinant  1.000000
image alignment mode   4355 decimal     1103 hex
   -7.5000  -45.0000  -45.0000 5840.9756   18.7630
    0.0000  -45.0000  -45.0000 6069.2095   18.8084
    7.5000  -45.0000  -45.0000 5761.3442   18.8566
   -7.5000  -37.5000  -45.0000 6264.0381   18.7594
    0.0000  -37.5000  -45.0000 6506.3135   18.8082
    7.5000  -37.5000  -45.0000 6177.1831   18.8640
   -7.5000  -30.0000  -45.0000 6886.2241   18.7581
    0.0000  -30.0000  -45.0000 7158.7598   18.8104
    7.5000  -30.0000  -45.0000 6795.6201   18.8739
   -7.5000  -22.5000  -45.0000 7502.4595   18.7579
    0.0000  -22.5000  -45.0000 7797.2661   18.8102
    7.5000  -22.5000  -45.0000 7399.0093   18.8744
   -7.5000  -15.0000  -45.0000 8068.8311   18.7598
    0.0000  -15.0000  -45.0000 8378.0986   18.8101
    7.5000  -15.0000  -45.0000 7943.7236   18.8679
   -7.5000   -7.5000  -45.0000 8535.8252   18.7636
    0.0000   -7.5000  -45.0000 8876.8828   18.8105
    7.5000   -7.5000  -45.0000 8432.2305   18.8599
   -7.5000    0.0000  -45.0000 8939.7402   18.7630
    0.0000    0.0000  -45.0000 9297.7930   18.8084
    7.5000    0.0000  -45.0000 8846.6299   18.8566
   -7.5000    7.5000  -45.0000 8607.7900   18.7594
    0.0000    7.5000  -45.0000 8956.4600   18.8082
    7.5000    7.5000  -45.0000 8557.3203   18.8640
   -7.5000   15.0000  -45.0000 8227.6230   18.7581
    0.0000   15.0000  -45.0000 8562.4092   18.8104
    7.5000   15.0000  -45.0000 8208.3877   18.8739
   -7.5000   22.5000  -45.0000 7862.6299   18.7553
    0.0000   22.5000  -45.0000 8171.1343   18.8076
    7.5000   22.5000  -45.0000 7858.5708   18.8719
   -7.5000   30.0000  -45.0000 7494.2651   18.5098
    0.0000   30.0000  -45.0000 7758.6543   18.5595
    7.5000   30.0000  -45.0000 7450.1689   18.6164
   -7.5000   37.5000  -45.0000 7280.2466   18.5136
    0.0000   37.5000  -45.0000 7531.5430   18.5598
    7.5000   37.5000  -45.0000 7226.4365   18.6086
   -7.5000   45.0000  -45.0000 6789.9907   18.0429
    0.0000   45.0000  -45.0000 7018.2163   18.0866
    7.5000   45.0000  -45.0000 6708.4360   18.1329
   -7.5000  -45.0000  -37.5000 6318.1538   18.7091
    0.0000  -45.0000  -37.5000 6571.7729   18.7580
    7.5000  -45.0000  -37.5000 6223.8057   18.8095
   -7.5000  -37.5000  -37.5000 6778.5044   18.7037
    0.0000  -37.5000  -37.5000 7056.2056   18.7557
    7.5000  -37.5000  -37.5000 6687.1079   18.8157
   -7.5000  -30.0000  -37.5000 7461.5771   18.7035
    0.0000  -30.0000  -37.5000 7761.4907   18.7572
    7.5000  -30.0000  -37.5000 7367.2393   18.8246
   -7.5000  -22.5000  -37.5000 8092.2266   18.7071
    0.0000  -22.5000  -37.5000 8416.8545   18.7595
    7.5000  -22.5000  -37.5000 8003.9907   18.8265
   -7.5000  -15.0000  -37.5000 8665.3408   18.7104
    0.0000  -15.0000  -37.5000 9010.5088   18.7611
    7.5000  -15.0000  -37.5000 8563.9873   18.8208
   -7.5000   -7.5000  -37.5000 9157.9199   18.7122
    0.0000   -7.5000  -37.5000 9531.1416   18.7611
    7.5000   -7.5000  -37.5000 9071.2939   18.8126
   -7.5000    0.0000  -37.5000 9564.0107   18.7091
    0.0000    0.0000  -37.5000 9948.1924   18.7580
    7.5000    0.0000  -37.5000 9494.4180   18.8095
   -7.5000    7.5000  -37.5000 9212.4961   18.7037
    0.0000    7.5000  -37.5000 9594.3604   18.7557
    7.5000    7.5000  -37.5000 9174.2090   18.8157
   -7.5000   15.0000  -37.5000 8834.9492   18.7035
    0.0000   15.0000  -37.5000 9199.3057   18.7572
    7.5000   15.0000  -37.5000 8830.8135   18.8246
   -7.5000   22.5000  -37.5000 8444.9277   18.7045
    0.0000   22.5000  -37.5000 8780.6650   18.7569
    7.5000   22.5000  -37.5000 8462.0303   18.8240
   -7.5000   30.0000  -37.5000 8004.5913   18.4611
    0.0000   30.0000  -37.5000 8301.0410   18.5111
    7.5000   30.0000  -37.5000 7982.5342   18.5700
   -7.5000   37.5000  -37.5000 7756.6929   18.4629
    0.0000   37.5000  -37.5000 8027.0913   18.5111
    7.5000   37.5000  -37.5000 7719.3306   18.5619
   -7.5000   45.0000  -37.5000 7209.3516   17.9911
    0.0000   45.0000  -37.5000 7460.2461   18.0381
    7.5000   45.0000  -37.5000 7153.9067   18.0875
   -7.5000  -45.0000  -30.0000 6920.9795   19.4830
    0.0000  -45.0000  -30.0000 7205.3643   19.5346
    7.5000  -45.0000  -30.0000 6831.5078   19.5894
   -7.5000  -37.5000  -30.0000 7432.7402   19.4824
    0.0000  -37.5000  -30.0000 7735.8101   19.5351
    7.5000  -37.5000  -30.0000 7343.7847   19.5973
   -7.5000  -30.0000  -30.0000 8168.7603   19.4871
    0.0000  -30.0000  -30.0000 8505.3232   19.5413
    7.5000  -30.0000  -30.0000 8093.2500   19.6118
   -7.5000  -22.5000  -30.0000 8832.0840   19.4917
    0.0000  -22.5000  -30.0000 9185.7178   19.5463
    7.5000  -22.5000  -30.0000 8757.5508   19.6181
   -7.5000  -15.0000  -30.0000 9409.9521   19.4917
    0.0000  -15.0000  -30.0000 9787.5605   19.5463
    7.5000  -15.0000  -30.0000 9334.8398   19.6116
   -7.5000   -7.5000  -30.0000 9956.9824   19.4879
    0.0000   -7.5000  -30.000010340.6123   19.5408
    7.5000   -7.5000  -30.0000 9864.5088   19.5975
   -7.5000    0.0000  -30.000010366.4023   19.4830
    0.0000    0.0000  -30.000010774.7607   19.5346
    7.5000    0.0000  -30.000010298.5742   19.5894
   -7.5000    7.5000  -30.0000 9979.2646   19.4824
    0.0000    7.5000  -30.000010381.5732   19.5351
    7.5000    7.5000  -30.0000 9936.9590   19.5973
   -7.5000   15.0000  -30.0000 9574.6611   19.4871
    0.0000   15.0000  -30.0000 9945.8682   19.5413
    7.5000   15.0000  -30.0000 9558.1523   19.6118
   -7.5000   22.5000  -30.0000 9139.6543   19.4870
    0.0000   22.5000  -30.0000 9492.8262   19.5416
    7.5000   22.5000  -30.0000 9139.2041   19.6134
   -7.5000   30.0000  -30.0000 8597.6270   19.2338
    0.0000   30.0000  -30.0000 8915.3350   19.2877
    7.5000   30.0000  -30.0000 8586.3496   19.3521
   -7.5000   37.5000  -30.0000 8297.8662   19.2300
    0.0000   37.5000  -30.0000 8587.3271   19.2823
    7.5000   37.5000  -30.0000 8287.3398   19.3382
   -7.5000   45.0000  -30.0000 7711.1763   18.7490
    0.0000   45.0000  -30.0000 7984.9019   18.7986
    7.5000   45.0000  -30.0000 7694.8472   18.8514
   -7.5000  -45.0000  -22.5000 7538.9077   20.1663
    0.0000  -45.0000  -22.5000 7837.6450   20.2172
    7.5000  -45.0000  -22.5000 7450.5742   20.2716
   -7.5000  -37.5000  -22.5000 8078.5874   20.1740
    0.0000  -37.5000  -22.5000 8401.9307   20.2235
    7.5000  -37.5000  -22.5000 7997.2056   20.2822
   -7.5000  -30.0000  -22.5000 8861.9707   20.1832
    0.0000  -30.0000  -22.5000 9220.4473   20.2360
    7.5000  -30.0000  -22.5000 8769.5605   20.3044
   -7.5000  -22.5000  -22.5000 9558.2764   20.1839
    0.0000  -22.5000  -22.5000 9926.1709   20.2414
    7.5000  -22.5000  -22.5000 9452.8359   20.3145
   -7.5000  -15.0000  -22.500010150.4014   20.1779
    0.0000  -15.0000  -22.500010527.7197   20.2376
    7.5000  -15.0000  -22.500010051.8311   20.3066
   -7.5000   -7.5000  -22.500010688.5068   20.1696
    0.0000   -7.5000  -22.500011094.9463   20.2260
    7.5000   -7.5000  -22.500010588.3896   20.2858
   -7.5000    0.0000  -22.500011105.3086   20.1663
    0.0000    0.0000  -22.500011545.8564   20.2172
    7.5000    0.0000  -22.500011031.5039   20.2716
   -7.5000    7.5000  -22.500010694.3936   20.1740
    0.0000    7.5000  -22.500011120.4902   20.2235
    7.5000    7.5000  -22.500010650.4023   20.2822
   -7.5000   15.0000  -22.500010236.6172   20.1832
    0.0000   15.0000  -22.500010615.7129   20.2360
    7.5000   15.0000  -22.500010218.5752   20.3044
   -7.5000   22.5000  -22.5000 9742.5967   20.1777
    0.0000   22.5000  -22.500010106.6230   20.2351
    7.5000   22.5000  -22.5000 9736.7344   20.3082
   -7.5000   30.0000  -22.5000 9123.6650   19.9140
    0.0000   30.0000  -22.5000 9457.4414   19.9729
    7.5000   30.0000  -22.5000 9123.0400   20.0410
   -7.5000   37.5000  -22.5000 8771.8896   19.9057
    0.0000   37.5000  -22.5000 9075.2539   19.9614
    7.5000   37.5000  -22.5000 8782.1523   20.0205
   -7.5000   45.0000  -22.5000 8145.9043   19.4211
    0.0000   45.0000  -22.5000 8432.1465   19.4702
    7.5000   45.0000  -22.5000 8155.3550   19.5225
   -7.5000  -45.0000  -15.0000 8155.8042   20.6740
    0.0000  -45.0000  -15.0000 8469.6533   20.7234
    7.5000  -45.0000  -15.0000 8079.4497   20.7753
   -7.5000  -37.5000  -15.0000 8733.3623   20.6842
    0.0000  -37.5000  -15.0000 9074.3779   20.7317
    7.5000  -37.5000  -15.0000 8647.9932   20.7869
   -7.5000  -30.0000  -15.0000 9539.8779   20.6920
    0.0000  -30.0000  -15.0000 9930.7920   20.7445
    7.5000  -30.0000  -15.0000 9433.9512   20.8100
   -7.5000  -22.5000  -15.000010251.2217   20.6881
    0.0000  -22.5000  -15.000010654.9453   20.7473
    7.5000  -22.5000  -15.000010141.6318   20.8192
   -7.5000  -15.0000  -15.000010844.8682   20.6804
    0.0000  -15.0000  -15.000011258.5693   20.7422
    7.5000  -15.0000  -15.000010744.7451   20.8110
   -7.5000   -7.5000  -15.000011383.2080   20.6741
    0.0000   -7.5000  -15.000011826.4531   20.7312
    7.5000   -7.5000  -15.000011270.3428   20.7902
   -7.5000    0.0000  -15.000011812.6182   20.6740
    0.0000    0.0000  -15.000012288.9863   20.7234
    7.5000    0.0000  -15.000011713.2441   20.7753
   -7.5000    7.5000  -15.000011375.6621   20.6842
    0.0000    7.5000  -15.000011823.2090   20.7317
    7.5000    7.5000  -15.000011311.2676   20.7869
   -7.5000   15.0000  -15.000010864.6514   20.6920
    0.0000   15.0000  -15.000011274.8008   20.7445
    7.5000   15.0000  -15.000010830.6758   20.8100
   -7.5000   22.5000  -15.000010321.4580   20.6808
    0.0000   22.5000  -15.000010704.3057   20.7400
    7.5000   22.5000  -15.000010323.6074   20.8118
   -7.5000   30.0000  -15.0000 9601.6045   20.4128
    0.0000   30.0000  -15.0000 9951.3242   20.4738
    7.5000   30.0000  -15.0000 9625.5059   20.5417
   -7.5000   37.5000  -15.0000 9189.3213   20.4066
    0.0000   37.5000  -15.0000 9516.1279   20.4629
    7.5000   37.5000  -15.0000 9228.9824   20.5212
   -7.5000   45.0000  -15.0000 8520.4531   19.9221
    0.0000   45.0000  -15.0000 8818.1299   19.9697
    7.5000   45.0000  -15.0000 8563.1064   20.0197
   -7.5000  -45.0000   -7.5000 8823.9072   20.9265
    0.0000  -45.0000   -7.5000 9159.8389   20.9755
    7.5000  -45.0000   -7.5000 8731.9541   21.0271
   -7.5000  -37.5000   -7.5000 9412.0879   20.9306
    0.0000  -37.5000   -7.5000 9783.4521   20.9806
    7.5000  -37.5000   -7.5000 9297.6553   21.0377
   -7.5000  -30.0000   -7.500010245.8877   20.9326
    0.0000  -30.0000   -7.500010661.6016   20.9880
    7.5000  -30.0000   -7.500010118.2266   21.0548
   -7.5000  -22.5000   -7.500010964.4824   20.9279
    0.0000  -22.5000   -7.500011399.6650   20.9873
    7.5000  -22.5000   -7.500010832.7324   21.0582
   -7.5000  -15.0000   -7.500011538.8037   20.9244
    0.0000  -15.0000   -7.500011978.7881   20.9839
    7.5000  -15.0000   -7.500011418.9941   21.0498
   -7.5000   -7.5000   -7.500012068.0459   20.9250
    0.0000   -7.5000   -7.500012531.5352   20.9794
    7.5000   -7.5000   -7.500011938.8740   21.0357
   -7.5000    0.0000   -7.500012527.5986   20.9265
    0.0000    0.0000   -7.500013024.2539   20.9755
    7.5000    0.0000   -7.500012382.3779   21.0271
   -7.5000    7.5000   -7.500012044.2354   20.9306
    0.0000    7.5000   -7.500012505.9287   20.9806
    7.5000    7.5000   -7.500011931.6445   21.0377
   -7.5000   15.0000   -7.500011484.0693   20.9326
    0.0000   15.0000   -7.500011930.4727   20.9880
    7.5000   15.0000   -7.500011435.9502   21.0548
   -7.5000   22.5000   -7.500010883.3359   20.9182
    0.0000   22.5000   -7.500011296.2129   20.9776
    7.5000   22.5000   -7.500010877.8701   21.0484
   -7.5000   30.0000   -7.500010081.6494   20.6530
    0.0000   30.0000   -7.500010453.3438   20.7118
    7.5000   30.0000   -7.500010114.3916   20.7768
   -7.5000   37.5000   -7.5000 9616.9521   20.6536
    0.0000   37.5000   -7.5000 9971.8125   20.7073
    7.5000   37.5000   -7.5000 9677.8232   20.7629
   -7.5000   45.0000   -7.5000 8888.2061   20.1692
    0.0000   45.0000   -7.5000 9201.3232   20.2165
    7.5000   45.0000   -7.5000 8944.0820   20.2662
   -7.5000  -45.0000    0.0000 9464.4531   20.9577
    0.0000  -45.0000    0.0000 9837.1699   21.0090
    7.5000  -45.0000    0.0000 9348.6309   21.0631
   -7.5000  -37.5000    0.000010036.0459   20.9540
    0.0000  -37.5000    0.000010446.2256   21.0090
    7.5000  -37.5000    0.0000 9928.1201   21.0717
   -7.5000  -30.0000    0.000010891.9248   20.9522
    0.0000  -30.0000    0.000011326.3506   21.0112
    7.5000  -30.0000    0.000010760.9873   21.0825
   -7.5000  -22.5000    0.000011600.5049   20.9513
    0.0000  -22.5000    0.000012052.7979   21.0104
    7.5000  -22.5000    0.000011476.1963   21.0824
   -7.5000  -15.0000    0.000012160.7871   20.9531
    0.0000  -15.0000    0.000012629.1328   21.0100
    7.5000  -15.0000    0.000012052.3447   21.0747
   -7.5000   -7.5000    0.000012709.4932   20.9577
    0.0000   -7.5000    0.000013196.5195   21.0107
    7.5000   -7.5000    0.000012564.4805   21.0661
   -7.5000    0.0000    0.000013217.6445   20.9577
    0.0000    0.0000    0.000013747.8154   21.0090
    7.5000    0.0000    0.000013031.6758   21.0631
   -7.5000    7.5000    0.000012674.8984   20.9540
    0.0000    7.5000    0.000013178.7959   21.0090
    7.5000    7.5000    0.000012524.1924   21.0717
   -7.5000   15.0000    0.000012049.9561   20.9522
    0.0000   15.0000    0.000012546.1309   21.0112
    7.5000   15.0000    0.000011975.8252   21.0825
   -7.5000   22.5000    0.000011371.7793   20.9416
    0.0000   22.5000    0.000011809.7686   21.0007
    7.5000   22.5000    0.000011343.3574   21.0727
   -7.5000   30.0000    0.000010507.4580   20.6819
    0.0000   30.0000    0.000010908.2871   20.7381
    7.5000   30.0000    0.000010535.6318   20.8020
   -7.5000   37.5000    0.000010002.1455   20.6865
    0.0000   37.5000    0.000010371.9160   20.7387
    7.5000   37.5000    0.000010055.4463   20.7935
   -7.5000   45.0000    0.0000 9208.7412   20.2008
    0.0000   45.0000    0.0000 9520.0049   20.2502
    7.5000   45.0000    0.0000 9262.6445   20.3024
   -7.5000  -45.0000    7.5000 9389.6494   20.9340
    0.0000  -45.0000    7.5000 9774.6084   20.9887
    7.5000  -45.0000    7.5000 9280.1689   21.0462
   -7.5000  -37.5000    7.5000 9926.1729   20.9279
    0.0000  -37.5000    7.500010334.7725   20.9861
    7.5000  -37.5000    7.5000 9797.6895   21.0532
   -7.5000  -30.0000    7.500010690.5947   20.9275
    0.0000  -30.0000    7.500011111.0195   20.9876
    7.5000  -30.0000    7.500010567.2266   21.0631
   -7.5000  -22.5000    7.500011329.9219   20.9316
    0.0000  -22.5000    7.500011757.0137   20.9902
    7.5000  -22.5000    7.500011243.3730   21.0652
   -7.5000  -15.0000    7.500011889.0332   20.9354
    0.0000  -15.0000    7.500012363.5459   20.9920
    7.5000  -15.0000    7.500011810.3389   21.0587
   -7.5000   -7.5000    7.500012480.9551   20.9374
    0.0000   -7.5000    7.500012981.8662   20.9920
    7.5000   -7.5000    7.500012337.7939   21.0496
   -7.5000    0.0000    7.500012987.1855   20.9340
    0.0000    0.0000    7.500013506.8838   20.9887
    7.5000    0.0000    7.500012773.7871   21.0462
   -7.5000    7.5000    7.500012417.4287   20.9279
    0.0000    7.5000    7.500012910.3125   20.9861
    7.5000    7.5000    7.500012227.7881   21.0532
   -7.5000   15.0000    7.500011753.6074   20.9275
    0.0000   15.0000    7.500012223.6309   20.9876
    7.5000   15.0000    7.500011616.9189   21.0631
   -7.5000   22.5000    7.500011032.8359   20.9219
    0.0000   22.5000    7.500011468.3672   20.9805
    7.5000   22.5000    7.500010969.4922   21.0555
   -7.5000   30.0000    7.500010171.2949   20.6644
    0.0000   30.0000    7.500010561.1416   20.7203
    7.5000   30.0000    7.500010176.9502   20.7862
   -7.5000   37.5000    7.5000 9675.2354   20.6665
    0.0000   37.5000    7.500010037.4551   20.7204
    7.5000   37.5000    7.5000 9717.0752   20.7772
   -7.5000   45.0000    7.5000 8861.0146   20.1780
    0.0000   45.0000    7.5000 9170.7256   20.2307
    7.5000   45.0000    7.5000 8914.8184   20.2861
   -7.5000  -45.0000   15.0000 9234.1875   20.9215
    0.0000  -45.0000   15.0000 9617.5430   20.9769
    7.5000  -45.0000   15.0000 9120.3818   21.0358
   -7.5000  -37.5000   15.0000 9727.1641   20.9209
    0.0000  -37.5000   15.000010121.8633   20.9775
    7.5000  -37.5000   15.0000 9596.9502   21.0442
   -7.5000  -30.0000   15.000010386.7070   20.9260
    0.0000  -30.0000   15.000010780.8086   20.9842
    7.5000  -30.0000   15.000010300.8418   21.0599
   -7.5000  -22.5000   15.000010917.8760   20.9309
    0.0000  -22.5000   15.000011324.1963   20.9895
    7.5000  -22.5000   15.000010896.6650   21.0667
   -7.5000  -15.0000   15.000011550.4629   20.9309
    0.0000  -15.0000   15.000012019.5693   20.9895
    7.5000  -15.0000   15.000011466.8105   21.0596
   -7.5000   -7.5000   15.000012233.8877   20.9268
    0.0000   -7.5000   15.000012740.8135   20.9836
    7.5000   -7.5000   15.000012041.2344   21.0445
   -7.5000    0.0000   15.000012745.3760   20.9215
    0.0000    0.0000   15.000013258.1582   20.9769
    7.5000    0.0000   15.000012484.8135   21.0358
   -7.5000    7.5000   15.000012136.2354   20.9209
    0.0000    7.5000   15.000012609.4814   20.9775
    7.5000    7.5000   15.000011884.6357   21.0442
   -7.5000   15.0000   15.000011391.2627   20.9260
    0.0000   15.0000   15.000011843.0576   20.9842
    7.5000   15.0000   15.000011198.9678   21.0599
   -7.5000   22.5000   15.000010659.6758   20.9212
    0.0000   22.5000   15.000011086.9863   20.9798
    7.5000   22.5000   15.000010555.7021   21.0569
   -7.5000   30.0000   15.0000 9809.3018   20.6600
    0.0000   30.0000   15.000010189.7598   20.7179
    7.5000   30.0000   15.0000 9781.1748   20.7871
   -7.5000   37.5000   15.0000 9322.7949   20.6559
    0.0000   37.5000   15.0000 9682.7197   20.7121
    7.5000   37.5000   15.0000 9368.4639   20.7721
   -7.5000   45.0000   15.0000 8512.5771   20.1660
    0.0000   45.0000   15.0000 8819.4023   20.2193
    7.5000   45.0000   15.0000 8577.8613   20.2761
   -7.5000  -45.0000   22.5000 8990.9990   20.9342
    0.0000  -45.0000   22.5000 9365.7627   20.9871
    7.5000  -45.0000   22.5000 8873.7744   21.0435
   -7.5000  -37.5000   22.5000 9476.6172   20.9422
    0.0000  -37.5000   22.5000 9849.5322   20.9936
    7.5000  -37.5000   22.5000 9345.1670   21.0546
   -7.5000  -30.0000   22.500010030.0527   20.9518
    0.0000  -30.0000   22.500010402.2490   21.0066
    7.5000  -30.0000   22.5000 9988.9951   21.0776
   -7.5000  -22.5000   22.500010502.5674   20.9525
    0.0000  -22.5000   22.500010888.3926   21.0121
    7.5000  -22.5000   22.500010507.5400   21.0881
   -7.5000  -15.0000   22.500011158.0420   20.9463
    0.0000  -15.0000   22.500011613.1230   21.0082
    7.5000  -15.0000   22.500011069.5664   21.0799
   -7.5000   -7.5000   22.500011866.0967   20.9376
    0.0000   -7.5000   22.500012380.7871   20.9962
    7.5000   -7.5000   22.500011681.7529   21.0583
   -7.5000    0.0000   22.500012369.8408   20.9342
    0.0000    0.0000   22.500012878.2021   20.9871
    7.5000    0.0000   22.500012116.5088   21.0435
   -7.5000    7.5000   22.500011742.0605   20.9422
    0.0000    7.5000   22.500012209.2520   20.9936
    7.5000    7.5000   22.500011489.8633   21.0546
   -7.5000   15.0000   22.500010980.7061   20.9518
    0.0000   15.0000   22.500011415.4756   21.0066
    7.5000   15.0000   22.500010800.0850   21.0776
   -7.5000   22.5000   22.500010252.1611   20.9428
    0.0000   22.5000   22.500010647.9268   21.0025
    7.5000   22.5000   22.500010148.5088   21.0784
   -7.5000   30.0000   22.5000 9443.7158   20.6752
    0.0000   30.0000   22.5000 9801.0811   20.7363
    7.5000   30.0000   22.5000 9413.3477   20.8071
   -7.5000   37.5000   22.5000 8997.3594   20.6667
    0.0000   37.5000   22.5000 9328.6299   20.7245
    7.5000   37.5000   22.5000 9019.7861   20.7858
   -7.5000   45.0000   22.5000 8195.6318   20.1781
    0.0000   45.0000   22.5000 8491.0137   20.2291
    7.5000   45.0000   22.5000 8230.8955   20.2835
   -7.5000  -45.0000   30.0000 8625.7168   20.9577
    0.0000  -45.0000   30.0000 8987.6162   21.0078
    7.5000  -45.0000   30.0000 8515.4873   21.0604
   -7.5000  -37.5000   30.0000 9099.5459   20.9681
    0.0000  -37.5000   30.0000 9461.0713   21.0162
    7.5000  -37.5000   30.0000 8987.8291   21.0721
   -7.5000  -30.0000   30.0000 9680.4775   20.9760
    0.0000  -30.0000   30.000010023.3672   21.0292
    7.5000  -30.0000   30.0000 9620.7568   21.0956
   -7.5000  -22.5000   30.000010145.0527   20.9720
    0.0000  -22.5000   30.000010514.2861   21.0321
    7.5000  -22.5000   30.000010137.1240   21.1049
   -7.5000  -15.0000   30.000010729.3467   20.9642
    0.0000  -15.0000   30.000011161.6514   21.0269
    7.5000  -15.0000   30.000010676.0889   21.0966
   -7.5000   -7.5000   30.000011338.5244   20.9578
    0.0000   -7.5000   30.000011823.2383   21.0157
    7.5000   -7.5000   30.000011236.3271   21.0756
   -7.5000    0.0000   30.000011776.1240   20.9577
    0.0000    0.0000   30.000012246.8252   21.0078
    7.5000    0.0000   30.000011635.0391   21.0604
   -7.5000    7.5000   30.000011189.1045   20.9681
    0.0000    7.5000   30.000011632.4521   21.0162
    7.5000    7.5000   30.000011042.8809   21.0721
   -7.5000   15.0000   30.000010502.7451   20.9760
    0.0000   15.0000   30.000010924.0840   21.0292
    7.5000   15.0000   30.000010407.6143   21.0956
   -7.5000   22.5000   30.0000 9837.9131   20.9624
    0.0000   22.5000   30.000010221.0312   21.0224
    7.5000   22.5000   30.0000 9780.5547   21.0951
   -7.5000   30.0000   30.0000 9101.8018   20.6929
    0.0000   30.0000   30.0000 9432.9219   20.7548
    7.5000   30.0000   30.0000 9080.4961   20.8236
   -7.5000   37.5000   30.0000 8688.4609   20.6866
    0.0000   37.5000   30.0000 9002.9502   20.7437
    7.5000   37.5000   30.0000 8690.0107   20.8028
   -7.5000   45.0000   30.0000 7885.2368   20.2008
    0.0000   45.0000   30.0000 8163.9150   20.2491
    7.5000   45.0000   30.0000 7892.0181   20.2998
   -7.5000  -45.0000   37.5000 8494.0752   20.9687
    0.0000  -45.0000   37.5000 8846.9492   21.0179
    7.5000  -45.0000   37.5000 8382.8369   21.0695
   -7.5000  -37.5000   37.5000 8978.2012   20.9728
    0.0000  -37.5000   37.5000 9340.9121   21.0230
    7.5000  -37.5000   37.5000 8874.5518   21.0802
   -7.5000  -30.0000   37.5000 9604.1543   20.9748
    0.0000  -30.0000   37.5000 9965.1621   21.0303
    7.5000  -30.0000   37.5000 9526.8799   21.0973
   -7.5000  -22.5000   37.500010156.2695   20.9701
    0.0000  -22.5000   37.500010535.8506   21.0297
    7.5000  -22.5000   37.500010099.6572   21.1007
   -7.5000  -15.0000   37.500010725.2832   20.9666
    0.0000  -15.0000   37.500011154.5801   21.0263
    7.5000  -15.0000   37.500010683.2998   21.0923
   -7.5000   -7.5000   37.500011254.8350   20.9672
    0.0000   -7.5000   37.500011697.2061   21.0217
    7.5000   -7.5000   37.500011208.3750   21.0782
   -7.5000    0.0000   37.500011628.0146   20.9687
    0.0000    0.0000   37.500012080.1924   21.0179
    7.5000    0.0000   37.500011574.7383   21.0695
   -7.5000    7.5000   37.500011073.5801   20.9728
    0.0000    7.5000   37.500011508.7178   21.0230
    7.5000    7.5000   37.500011017.9990   21.0802
   -7.5000   15.0000   37.500010450.5176   20.9748
    0.0000   15.0000   37.500010864.7783   21.0303
    7.5000   15.0000   37.500010410.2266   21.0973
   -7.5000   22.5000   37.5000 9835.6426   20.9605
    0.0000   22.5000   37.500010212.9258   21.0200
    7.5000   22.5000   37.5000 9806.1885   21.0910
   -7.5000   30.0000   37.5000 9119.4062   20.6953
    0.0000   30.0000   37.5000 9455.0928   20.7541
    7.5000   30.0000   37.5000 9098.4766   20.8194
   -7.5000   37.5000   37.5000 8716.5000   20.6959
    0.0000   37.5000   37.5000 9038.7197   20.7497
    7.5000   37.5000   37.5000 8697.4727   20.8054
   -7.5000   45.0000   37.5000 7881.5420   20.2114
    0.0000   45.0000   37.5000 8174.3125   20.2588
    7.5000   45.0000   37.5000 7855.9966   20.3086
   -7.5000  -45.0000   45.0000 7911.0068   20.8195
    0.0000  -45.0000   45.0000 8234.4629   20.8705
    7.5000  -45.0000   45.0000 7806.1724   20.9242
   -7.5000  -37.5000   45.0000 8391.3984   20.8158
    0.0000  -37.5000   45.0000 8724.2305   20.8705
    7.5000  -37.5000   45.0000 8290.8105   20.9327
   -7.5000  -30.0000   45.0000 9025.9883   20.8141
    0.0000  -30.0000   45.0000 9378.4502   20.8727
    7.5000  -30.0000   45.0000 8945.7344   20.9435
   -7.5000  -22.5000   45.0000 9608.4482   20.8131
    0.0000  -22.5000   45.0000 9987.2002   20.8719
    7.5000  -22.5000   45.0000 9554.6768   20.9434
   -7.5000  -15.0000   45.000010180.0752   20.8149
    0.0000  -15.0000   45.000010587.3643   20.8715
    7.5000  -15.0000   45.000010131.2129   20.9357
   -7.5000   -7.5000   45.000010667.5986   20.8196
    0.0000   -7.5000   45.000011086.5439   20.8721
    7.5000   -7.5000   45.000010621.4600   20.9272
   -7.5000    0.0000   45.000011024.5273   20.8195
    0.0000    0.0000   45.000011447.7646   20.8705
    7.5000    0.0000   45.000010990.8350   20.9242
   -7.5000    7.5000   45.000010525.6924   20.8158
    0.0000    7.5000   45.000010921.9326   20.8705
    7.5000    7.5000   45.000010488.6572   20.9327
   -7.5000   15.0000   45.0000 9968.0020   20.8141
    0.0000   15.0000   45.000010349.0518   20.8727
    7.5000   15.0000   45.0000 9924.3799   20.9435
   -7.5000   22.5000   45.0000 9393.0645   20.8035
    0.0000   22.5000   45.0000 9745.2471   20.8622
    7.5000   22.5000   45.0000 9354.3105   20.9337
   -7.5000   30.0000   45.0000 8724.4355   20.5437
    0.0000   30.0000   45.0000 9050.1934   20.5995
    7.5000   30.0000   45.0000 8679.1348   20.6630
   -7.5000   37.5000   45.0000 8345.3877   20.5483
    0.0000   37.5000   45.0000 8659.0117   20.6002
    7.5000   37.5000   45.0000 8290.2021   20.6546
   -7.5000   45.0000   45.0000 7530.5000   20.0767
    0.0000   45.0000   45.0000 7814.5288   20.1258
    7.5000   45.0000   45.0000 7472.3433   20.1777

---------------------------------------------------------------------
imgreg_4dfp /opt/freesurfer/average/711-2C_as_mni_average_305 /opt/freesurfer/average/711-2B_as_mni_average_305_mask talsrcimg_g11 none talsrcimg_to_711-2C_as_mni_average_305_t4 4355
---------------------------------------------------------------------

freesurfer imgreg_4dfp.c
/opt/freesurfer/average/711-2C_as_mni_average_305.4dfp.img
       256       256       256         1
  1.000000  1.000000  1.000000
orientation T byte_order littleendian
Reading image: /opt/freesurfer/average/711-2C_as_mni_average_305.4dfp.img
dimensions:      256       256       256
mmppix:       1.0000   -1.0000   -1.0000
center:     128.0000 -129.0000 -129.0000
/opt/freesurfer/average/711-2B_as_mni_average_305_mask.4dfp.img
       256       256       256         1
  1.000000  1.000000  1.000000
orientation T byte_order littleendian
Reading mask: /opt/freesurfer/average/711-2B_as_mni_average_305_mask.4dfp.img (2306576 pixels)
talsrcimg_g11.4dfp.img
       256       256       256         1
  1.000000  1.000000  1.000000
orientation T byte_order littleendian
Reading image: talsrcimg_g11.4dfp.img
dimensions:      256       256       256
mmppix:       1.0000   -1.0000   -1.0000
center:     128.0000 -129.0000 -129.0000
rotation matrix determinant  1.000000
image alignment mode   4355 decimal     1103 hex
   -7.5000  -45.0000  -45.0000 1524.1265   22.0653
    0.0000  -45.0000  -45.0000 1527.4811   22.0530
    7.5000  -45.0000  -45.0000 1507.8468   22.4904
   -7.5000  -37.5000  -45.0000 1619.2222   19.7238
    0.0000  -37.5000  -45.0000 1621.7535   19.6918
    7.5000  -37.5000  -45.0000 1604.1917   20.1048
   -7.5000  -30.0000  -45.0000 1696.4592   17.9208
    0.0000  -30.0000  -45.0000 1701.3545   17.9036
    7.5000  -30.0000  -45.0000 1680.9131   18.2510
   -7.5000  -22.5000  -45.0000 1767.0676   16.5653
    0.0000  -22.5000  -45.0000 1769.3578   16.5579
    7.5000  -22.5000  -45.0000 1747.0891   16.8937
   -7.5000  -15.0000  -45.0000 1815.1785   15.6810
    0.0000  -15.0000  -45.0000 1817.3008   15.6669
    7.5000  -15.0000  -45.0000 1791.0840   16.0095
   -7.5000   -7.5000  -45.0000 1837.7936   15.2780
    0.0000   -7.5000  -45.0000 1840.0155   15.2653
    7.5000   -7.5000  -45.0000 1814.3969   15.6406
   -7.5000    0.0000  -45.0000 1840.6920   15.3215
    0.0000    0.0000  -45.0000 1842.3564   15.3210
    7.5000    0.0000  -45.0000 1815.6470   15.7393
   -7.5000    7.5000  -45.0000 1816.3799   15.9028
    0.0000    7.5000  -45.0000 1820.2899   15.8976
    7.5000    7.5000  -45.0000 1789.2579   16.3343
   -7.5000   15.0000  -45.0000 1762.1257   16.9583
    0.0000   15.0000  -45.0000 1767.7825   16.9208
    7.5000   15.0000  -45.0000 1739.1874   17.4096
   -7.5000   22.5000  -45.0000 1693.2648   18.4520
    0.0000   22.5000  -45.0000 1696.4031   18.4060
    7.5000   22.5000  -45.0000 1669.6869   18.9062
   -7.5000   30.0000  -45.0000 1607.0134   20.5321
    0.0000   30.0000  -45.0000 1609.5944   20.4364
    7.5000   30.0000  -45.0000 1584.1055   20.9902
   -7.5000   37.5000  -45.0000 1498.8777   23.4017
    0.0000   37.5000  -45.0000 1501.8832   23.3251
    7.5000   37.5000  -45.0000 1477.6110   23.9706
   -7.5000   45.0000  -45.0000 1382.2592   27.5251
    0.0000   45.0000  -45.0000 1387.1857   27.4272
    7.5000   45.0000  -45.0000 1359.2271   28.2410
   -7.5000  -45.0000  -37.5000 1606.2286   19.8681
    0.0000  -45.0000  -37.5000 1608.1744   19.8696
    7.5000  -45.0000  -37.5000 1587.2659   20.2867
   -7.5000  -37.5000  -37.5000 1712.4725   17.8229
    0.0000  -37.5000  -37.5000 1714.9214   17.8089
    7.5000  -37.5000  -37.5000 1693.9056   18.1936
   -7.5000  -30.0000  -37.5000 1800.5710   16.2360
    0.0000  -30.0000  -37.5000 1803.3110   16.2315
    7.5000  -30.0000  -37.5000 1779.8235   16.5875
   -7.5000  -22.5000  -37.5000 1869.8649   15.0210
    0.0000  -22.5000  -37.5000 1872.2843   15.0219
    7.5000  -22.5000  -37.5000 1849.5770   15.3613
   -7.5000  -15.0000  -37.5000 1920.1265   14.2169
    0.0000  -15.0000  -37.5000 1921.6879   14.2091
    7.5000  -15.0000  -37.5000 1895.1860   14.5402
   -7.5000   -7.5000  -37.5000 1942.3679   13.8385
    0.0000   -7.5000  -37.5000 1948.1272   13.8247
    7.5000   -7.5000  -37.5000 1921.1588   14.1583
   -7.5000    0.0000  -37.5000 1944.9324   13.8433
    0.0000    0.0000  -37.5000 1947.5773   13.8330
    7.5000    0.0000  -37.5000 1920.7743   14.1804
   -7.5000    7.5000  -37.5000 1914.5430   14.3152
    0.0000    7.5000  -37.5000 1920.7748   14.3044
    7.5000    7.5000  -37.5000 1887.2604   14.7093
   -7.5000   15.0000  -37.5000 1860.0610   15.2229
    0.0000   15.0000  -37.5000 1865.8761   15.1907
    7.5000   15.0000  -37.5000 1835.0909   15.6534
   -7.5000   22.5000  -37.5000 1785.3641   16.5433
    0.0000   22.5000  -37.5000 1790.5219   16.5155
    7.5000   22.5000  -37.5000 1762.3170   16.9747
   -7.5000   30.0000  -37.5000 1693.2043   18.3941
    0.0000   30.0000  -37.5000 1698.5610   18.3437
    7.5000   30.0000  -37.5000 1669.1757   18.8220
   -7.5000   37.5000  -37.5000 1583.0643   20.8848
    0.0000   37.5000  -37.5000 1584.3768   20.8401
    7.5000   37.5000  -37.5000 1560.8707   21.4124
   -7.5000   45.0000  -37.5000 1459.9858   24.4678
    0.0000   45.0000  -37.5000 1465.2911   24.3699
    7.5000   45.0000  -37.5000 1438.5964   25.0289
   -7.5000  -45.0000  -30.0000 1725.1489   18.6610
    0.0000  -45.0000  -30.0000 1727.5044   18.6735
    7.5000  -45.0000  -30.0000 1700.5159   19.0762
   -7.5000  -37.5000  -30.0000 1841.3433   16.7874
    0.0000  -37.5000  -30.0000 1843.6010   16.7856
    7.5000  -37.5000  -30.0000 1815.7668   17.1598
   -7.5000  -30.0000  -30.0000 1938.1803   15.3204
    0.0000  -30.0000  -30.0000 1939.8219   15.3118
    7.5000  -30.0000  -30.0000 1912.6869   15.6882
   -7.5000  -22.5000  -30.0000 2011.8005   14.2062
    0.0000  -22.5000  -30.0000 2014.1287   14.1907
    7.5000  -22.5000  -30.0000 1983.6454   14.5367
   -7.5000  -15.0000  -30.0000 2058.0476   13.4574
    0.0000  -15.0000  -30.0000 2062.3765   13.4477
    7.5000  -15.0000  -30.0000 2030.5115   13.7776
   -7.5000   -7.5000  -30.0000 2089.8367   13.0811
    0.0000   -7.5000  -30.0000 2095.6226   13.0504
    7.5000   -7.5000  -30.0000 2060.0840   13.3825
   -7.5000    0.0000  -30.0000 2086.3025   13.0782
    0.0000    0.0000  -30.0000 2090.1570   13.0552
    7.5000    0.0000  -30.0000 2056.5649   13.3843
   -7.5000    7.5000  -30.0000 2050.4717   13.4849
    0.0000    7.5000  -30.0000 2056.3513   13.4602
    7.5000    7.5000  -30.0000 2017.5587   13.8670
   -7.5000   15.0000  -30.0000 1988.3730   14.3234
    0.0000   15.0000  -30.0000 1993.7163   14.2966
    7.5000   15.0000  -30.0000 1958.7128   14.7066
   -7.5000   22.5000  -30.0000 1912.0968   15.5032
    0.0000   22.5000  -30.0000 1919.6138   15.4866
    7.5000   22.5000  -30.0000 1884.4285   15.9321
   -7.5000   30.0000  -30.0000 1811.8068   17.1669
    0.0000   30.0000  -30.0000 1818.4764   17.1567
    7.5000   30.0000  -30.0000 1786.5746   17.6107
   -7.5000   37.5000  -30.0000 1693.7072   19.4464
    0.0000   37.5000  -30.0000 1698.2206   19.4102
    7.5000   37.5000  -30.0000 1672.0563   19.9119
   -7.5000   45.0000  -30.0000 1563.9872   22.6941
    0.0000   45.0000  -30.0000 1569.9105   22.6257
    7.5000   45.0000  -30.0000 1541.0576   23.1566
   -7.5000  -45.0000  -22.5000 1824.0559   17.5091
    0.0000  -45.0000  -22.5000 1826.9828   17.4974
    7.5000  -45.0000  -22.5000 1797.0570   17.8973
   -7.5000  -37.5000  -22.5000 1946.7705   15.7440
    0.0000  -37.5000  -22.5000 1948.2185   15.7273
    7.5000  -37.5000  -22.5000 1919.0822   16.1180
   -7.5000  -30.0000  -22.5000 2047.2289   14.3900
    0.0000  -30.0000  -22.5000 2050.2363   14.3833
    7.5000  -30.0000  -22.5000 2016.3101   14.7211
   -7.5000  -22.5000  -22.5000 2123.9219   13.3893
    0.0000  -22.5000  -22.5000 2127.9204   13.3556
    7.5000  -22.5000  -22.5000 2092.9756   13.6737
   -7.5000  -15.0000  -22.5000 2176.1018   12.6846
    0.0000  -15.0000  -22.5000 2179.0046   12.6590
    7.5000  -15.0000  -22.5000 2145.2361   12.9654
   -7.5000   -7.5000  -22.5000 2210.1099   12.3078
    0.0000   -7.5000  -22.5000 2217.0027   12.2726
    7.5000   -7.5000  -22.5000 2175.3826   12.5887
   -7.5000    0.0000  -22.5000 2200.5503   12.3188
    0.0000    0.0000  -22.5000 2207.7771   12.3202
    7.5000    0.0000  -22.5000 2167.5217   12.6338
   -7.5000    7.5000  -22.5000 2165.8535   12.6858
    0.0000    7.5000  -22.5000 2172.3413   12.6730
    7.5000    7.5000  -22.5000 2131.4792   13.0200
   -7.5000   15.0000  -22.5000 2100.6445   13.4365
    0.0000   15.0000  -22.5000 2107.1318   13.4207
    7.5000   15.0000  -22.5000 2067.5669   13.7918
   -7.5000   22.5000  -22.5000 2018.9480   14.5003
    0.0000   22.5000  -22.5000 2024.0663   14.4718
    7.5000   22.5000  -22.5000 1987.0701   14.8723
   -7.5000   30.0000  -22.5000 1915.5983   15.9707
    0.0000   30.0000  -22.5000 1919.8445   15.9780
    7.5000   30.0000  -22.5000 1886.1796   16.3990
   -7.5000   37.5000  -22.5000 1786.9594   18.0662
    0.0000   37.5000  -22.5000 1793.0681   18.0607
    7.5000   37.5000  -22.5000 1763.6404   18.5012
   -7.5000   45.0000  -22.5000 1651.8015   21.0062
    0.0000   45.0000  -22.5000 1658.9620   20.9673
    7.5000   45.0000  -22.5000 1628.7146   21.4042
   -7.5000  -45.0000  -15.0000 1898.9868   16.4447
    0.0000  -45.0000  -15.0000 1900.8627   16.4200
    7.5000  -45.0000  -15.0000 1871.3428   16.8131
   -7.5000  -37.5000  -15.0000 2026.3859   14.8016
    0.0000  -37.5000  -15.0000 2029.3500   14.7934
    7.5000  -37.5000  -15.0000 1996.0222   15.1382
   -7.5000  -30.0000  -15.0000 2127.7957   13.5488
    0.0000  -30.0000  -15.0000 2134.3906   13.5403
    7.5000  -30.0000  -15.0000 2095.7014   13.8303
   -7.5000  -22.5000  -15.0000 2210.4375   12.6077
    0.0000  -22.5000  -15.0000 2216.1433   12.5890
    7.5000  -22.5000  -15.0000 2180.5266   12.8660
   -7.5000  -15.0000  -15.0000 2270.7866   11.9328
    0.0000  -15.0000  -15.0000 2276.2314   11.9349
    7.5000  -15.0000  -15.0000 2238.9255   12.2152
   -7.5000   -7.5000  -15.0000 2307.1982   11.6025
    0.0000   -7.5000  -15.0000 2315.7480   11.5743
    7.5000   -7.5000  -15.0000 2270.7073   11.8503
   -7.5000    0.0000  -15.0000 2303.4763   11.6200
    0.0000    0.0000  -15.0000 2312.6184   11.6215
    7.5000    0.0000  -15.0000 2260.5061   11.8979
   -7.5000    7.5000  -15.0000 2268.0862   11.9458
    0.0000    7.5000  -15.0000 2277.0193   11.9381
    7.5000    7.5000  -15.0000 2230.5793   12.2337
   -7.5000   15.0000  -15.0000 2202.7473   12.6078
    0.0000   15.0000  -15.0000 2208.8257   12.5941
    7.5000   15.0000  -15.0000 2164.4084   12.9245
   -7.5000   22.5000  -15.0000 2113.0000   13.5541
    0.0000   22.5000  -15.0000 2118.5803   13.5363
    7.5000   22.5000  -15.0000 2078.9817   13.8882
   -7.5000   30.0000  -15.0000 1998.5409   14.9199
    0.0000   30.0000  -15.0000 2003.5328   14.9026
    7.5000   30.0000  -15.0000 1967.4559   15.2816
   -7.5000   37.5000  -15.0000 1863.8357   16.8756
    0.0000   37.5000  -15.0000 1870.5066   16.8510
    7.5000   37.5000  -15.0000 1836.6770   17.2339
   -7.5000   45.0000  -15.0000 1720.1334   19.4996
    0.0000   45.0000  -15.0000 1727.2339   19.4600
    7.5000   45.0000  -15.0000 1699.5607   19.8520
   -7.5000  -45.0000   -7.5000 1954.4238   15.4960
    0.0000  -45.0000   -7.5000 1956.6012   15.4921
    7.5000  -45.0000   -7.5000 1926.5071   15.8535
   -7.5000  -37.5000   -7.5000 2087.7664   13.9443
    0.0000  -37.5000   -7.5000 2091.7327   13.9407
    7.5000  -37.5000   -7.5000 2054.1421   14.2307
   -7.5000  -30.0000   -7.5000 2195.3955   12.7748
    0.0000  -30.0000   -7.5000 2202.6006   12.7685
    7.5000  -30.0000   -7.5000 2163.4194   13.0202
   -7.5000  -22.5000   -7.5000 2285.6226   11.9037
    0.0000  -22.5000   -7.5000 2294.5984   11.8931
    7.5000  -22.5000   -7.5000 2254.4011   12.1373
   -7.5000  -15.0000   -7.5000 2350.2336   11.3095
    0.0000  -15.0000   -7.5000 2358.7195   11.2977
    7.5000  -15.0000   -7.5000 2317.8743   11.5482
   -7.5000   -7.5000   -7.5000 2394.0435   10.9909
    0.0000   -7.5000   -7.5000 2403.3018   10.9801
    7.5000   -7.5000   -7.5000 2354.4487   11.2102
   -7.5000    0.0000   -7.5000 2399.5083   10.9946
    0.0000    0.0000   -7.5000 2410.8062   10.9930
    7.5000    0.0000   -7.5000 2351.8872   11.2157
   -7.5000    7.5000   -7.5000 2367.1123   11.2736
    0.0000    7.5000   -7.5000 2376.3757   11.2721
    7.5000    7.5000   -7.5000 2322.2817   11.5147
   -7.5000   15.0000   -7.5000 2295.0295   11.8653
    0.0000   15.0000   -7.5000 2306.6934   11.8507
    7.5000   15.0000   -7.5000 2254.9863   12.1230
   -7.5000   22.5000   -7.5000 2195.1724   12.7136
    0.0000   22.5000   -7.5000 2202.7390   12.6927
    7.5000   22.5000   -7.5000 2159.4460   12.9959
   -7.5000   30.0000   -7.5000 2067.2078   13.9882
    0.0000   30.0000   -7.5000 2073.8503   13.9732
    7.5000   30.0000   -7.5000 2035.8861   14.2951
   -7.5000   37.5000   -7.5000 1926.0939   15.7908
    0.0000   37.5000   -7.5000 1934.4379   15.7499
    7.5000   37.5000   -7.5000 1900.1385   16.1002
   -7.5000   45.0000   -7.5000 1778.9358   18.1745
    0.0000   45.0000   -7.5000 1786.4219   18.1456
    7.5000   45.0000   -7.5000 1758.9535   18.5315
   -7.5000  -45.0000    0.0000 1996.1444   14.7635
    0.0000  -45.0000    0.0000 1997.8096   14.7705
    7.5000  -45.0000    0.0000 1963.2606   15.0846
   -7.5000  -37.5000    0.0000 2130.6560   13.2496
    0.0000  -37.5000    0.0000 2136.2012   13.2548
    7.5000  -37.5000    0.0000 2100.4653   13.5293
   -7.5000  -30.0000    0.0000 2252.3899   12.1192
    0.0000  -30.0000    0.0000 2260.5393   12.1322
    7.5000  -30.0000    0.0000 2220.2600   12.3794
   -7.5000  -22.5000    0.0000 2355.2178   11.3297
    0.0000  -22.5000    0.0000 2363.7102   11.3283
    7.5000  -22.5000    0.0000 2321.7466   11.5647
   -7.5000  -15.0000    0.0000 2425.9807   10.8199
    0.0000  -15.0000    0.0000 2436.9458   10.8147
    7.5000  -15.0000    0.0000 2391.3152   11.0269
   -7.5000   -7.5000    0.0000 2478.1646   10.5482
    0.0000   -7.5000    0.0000 2487.1548   10.5534
    7.5000   -7.5000    0.0000 2432.1086   10.7455
   -7.5000    0.0000    0.0000 2495.7478   10.5180
    0.0000    0.0000    0.0000 2507.4138   10.5259
    7.5000    0.0000    0.0000 2442.0547   10.7124
   -7.5000    7.5000    0.0000 2461.9983   10.7546
    0.0000    7.5000    0.0000 2471.2056   10.7487
    7.5000    7.5000    0.0000 2409.7192   10.9659
   -7.5000   15.0000    0.0000 2380.0029   11.2660
    0.0000   15.0000    0.0000 2390.5325   11.2729
    7.5000   15.0000    0.0000 2336.4255   11.4885
   -7.5000   22.5000    0.0000 2265.8433   12.0514
    0.0000   22.5000    0.0000 2273.5520   12.0457
    7.5000   22.5000    0.0000 2227.7522   12.3086
   -7.5000   30.0000    0.0000 2124.3569   13.2582
    0.0000   30.0000    0.0000 2134.6482   13.2377
    7.5000   30.0000    0.0000 2094.0940   13.5274
   -7.5000   37.5000    0.0000 1978.0203   14.9383
    0.0000   37.5000    0.0000 1985.5432   14.8939
    7.5000   37.5000    0.0000 1952.3096   15.2036
   -7.5000   45.0000    0.0000 1830.1188   17.1351
    0.0000   45.0000    0.0000 1833.2856   17.0862
    7.5000   45.0000    0.0000 1806.9330   17.4248
   -7.5000  -45.0000    7.5000 2021.9569   14.2221
    0.0000  -45.0000    7.5000 2026.2104   14.2384
    7.5000  -45.0000    7.5000 1988.3990   14.5521
   -7.5000  -37.5000    7.5000 2163.7678   12.7375
    0.0000  -37.5000    7.5000 2171.5950   12.7430
    7.5000  -37.5000    7.5000 2130.7136   13.0092
   -7.5000  -30.0000    7.5000 2296.7856   11.6380
    0.0000  -30.0000    7.5000 2304.4800   11.6467
    7.5000  -30.0000    7.5000 2262.4197   11.8939
   -7.5000  -22.5000    7.5000 2414.8491   10.8929
    0.0000  -22.5000    7.5000 2423.5015   10.8927
    7.5000  -22.5000    7.5000 2380.1914   11.1328
   -7.5000  -15.0000    7.5000 2500.0764   10.4700
    0.0000  -15.0000    7.5000 2513.6824   10.4739
    7.5000  -15.0000    7.5000 2464.0684   10.6592
   -7.5000   -7.5000    7.5000 2562.6492   10.2649
    0.0000   -7.5000    7.5000 2576.4985   10.2771
    7.5000   -7.5000    7.5000 2516.1177   10.4176
   -7.5000    0.0000    7.5000 2579.8706   10.2354
    0.0000    0.0000    7.5000 2592.7310   10.2471
    7.5000    0.0000    7.5000 2524.1895   10.3862
   -7.5000    7.5000    7.5000 2539.1504   10.4185
    0.0000    7.5000    7.5000 2549.4736   10.4265
    7.5000    7.5000    7.5000 2486.4395   10.5720
   -7.5000   15.0000    7.5000 2450.8245   10.8046
    0.0000   15.0000    7.5000 2458.1213   10.8193
    7.5000   15.0000    7.5000 2401.3308   11.0019
   -7.5000   22.5000    7.5000 2320.0784   11.5546
    0.0000   22.5000    7.5000 2330.1206   11.5504
    7.5000   22.5000    7.5000 2281.3030   11.7680
   -7.5000   30.0000    7.5000 2168.6147   12.6981
    0.0000   30.0000    7.5000 2178.6184   12.6867
    7.5000   30.0000    7.5000 2138.1428   12.9411
   -7.5000   37.5000    7.5000 2016.8097   14.2906
    0.0000   37.5000    7.5000 2023.6582   14.2613
    7.5000   37.5000    7.5000 1989.9587   14.5374
   -7.5000   45.0000    7.5000 1863.3040   16.3170
    0.0000   45.0000    7.5000 1866.5149   16.2841
    7.5000   45.0000    7.5000 1837.5929   16.5984
   -7.5000  -45.0000   15.0000 2030.5844   13.9191
    0.0000  -45.0000   15.0000 2036.1794   13.9255
    7.5000  -45.0000   15.0000 2000.3135   14.2459
   -7.5000  -37.5000   15.0000 2180.7271   12.4328
    0.0000  -37.5000   15.0000 2188.5386   12.4328
    7.5000  -37.5000   15.0000 2145.6987   12.7107
   -7.5000  -30.0000   15.0000 2322.9839   11.3188
    0.0000  -30.0000   15.0000 2331.8555   11.3255
    7.5000  -30.0000   15.0000 2288.9153   11.5982
   -7.5000  -22.5000   15.0000 2454.1250   10.5812
    0.0000  -22.5000   15.0000 2463.5398   10.5937
    7.5000  -22.5000   15.0000 2418.0703   10.8468
   -7.5000  -15.0000   15.0000 2559.4014   10.2418
    0.0000  -15.0000   15.0000 2573.5569   10.2538
    7.5000  -15.0000   15.0000 2517.2769   10.4225
   -7.5000   -7.5000   15.0000 2632.4670   10.1270
    0.0000   -7.5000   15.0000 2647.7961   10.1483
    7.5000   -7.5000   15.0000 2577.5967   10.2503
   -7.5000    0.0000   15.0000 2649.6433   10.1168
    0.0000    0.0000   15.0000 2661.9556   10.1384
    7.5000    0.0000   15.0000 2589.5608   10.2112
   -7.5000    7.5000   15.0000 2597.9482   10.2246
    0.0000    7.5000   15.0000 2611.1721   10.2210
    7.5000    7.5000   15.0000 2543.0168   10.3058
   -7.5000   15.0000   15.0000 2494.1790   10.5072
    0.0000   15.0000   15.0000 2503.8823   10.5151
    7.5000   15.0000   15.0000 2443.1934   10.6686
   -7.5000   22.5000   15.0000 2354.8013   11.1978
    0.0000   22.5000   15.0000 2363.4023   11.1984
    7.5000   22.5000   15.0000 2314.7119   11.3973
   -7.5000   30.0000   15.0000 2194.3140   12.3165
    0.0000   30.0000   15.0000 2201.5142   12.3229
    7.5000   30.0000   15.0000 2163.9023   12.5518
   -7.5000   37.5000   15.0000 2033.9331   13.8161
    0.0000   37.5000   15.0000 2042.0466   13.8069
    7.5000   37.5000   15.0000 2011.1088   14.0632
   -7.5000   45.0000   15.0000 1879.3098   15.7477
    0.0000   45.0000   15.0000 1885.4169   15.7365
    7.5000   45.0000   15.0000 1857.3894   16.0493
   -7.5000  -45.0000   22.5000 2031.8193   13.8597
    0.0000  -45.0000   22.5000 2038.1570   13.8682
    7.5000  -45.0000   22.5000 2002.0812   14.1864
   -7.5000  -37.5000   22.5000 2186.6526   12.3459
    0.0000  -37.5000   22.5000 2191.9026   12.3466
    7.5000  -37.5000   22.5000 2150.4116   12.6396
   -7.5000  -30.0000   22.5000 2328.5491   11.2159
    0.0000  -30.0000   22.5000 2337.7368   11.2224
    7.5000  -30.0000   22.5000 2293.1733   11.5081
   -7.5000  -22.5000   22.5000 2471.3982   10.4647
    0.0000  -22.5000   22.5000 2480.3574   10.4664
    7.5000  -22.5000   22.5000 2429.3833   10.7624
   -7.5000  -15.0000   22.5000 2584.7976   10.1457
    0.0000  -15.0000   22.5000 2598.8333   10.1672
    7.5000  -15.0000   22.5000 2539.2930   10.3369
   -7.5000   -7.5000   22.5000 2657.1958   10.1020
    0.0000   -7.5000   22.5000 2677.0476   10.1292
    7.5000   -7.5000   22.5000 2609.0889   10.1911
   -7.5000    0.0000   22.5000 2674.3330   10.1016
    0.0000    0.0000   22.5000 2688.2983   10.1267
    7.5000    0.0000   22.5000 2615.6372   10.1763
   -7.5000    7.5000   22.5000 2623.7153   10.1458
    0.0000    7.5000   22.5000 2636.5054   10.1562
    7.5000    7.5000   22.5000 2563.0432   10.2356
   -7.5000   15.0000   22.5000 2511.6660   10.3764
    0.0000   15.0000   22.5000 2522.9275   10.3884
    7.5000   15.0000   22.5000 2458.3081   10.5427
   -7.5000   22.5000   22.5000 2361.9558   11.0496
    0.0000   22.5000   22.5000 2369.3362   11.0545
    7.5000   22.5000   22.5000 2320.7659   11.2580
   -7.5000   30.0000   22.5000 2200.4341   12.1105
    0.0000   30.0000   22.5000 2207.2119   12.1096
    7.5000   30.0000   22.5000 2169.9172   12.3461
   -7.5000   37.5000   22.5000 2038.3851   13.5303
    0.0000   37.5000   22.5000 2043.8649   13.5373
    7.5000   37.5000   22.5000 2012.9004   13.7975
   -7.5000   45.0000   22.5000 1883.3187   15.3683
    0.0000   45.0000   22.5000 1888.5995   15.3714
    7.5000   45.0000   22.5000 1860.8658   15.6990
   -7.5000  -45.0000   30.0000 2023.0591   14.0225
    0.0000  -45.0000   30.0000 2029.9310   14.0391
    7.5000  -45.0000   30.0000 1992.9285   14.3602
   -7.5000  -37.5000   30.0000 2174.8416   12.4723
    0.0000  -37.5000   30.0000 2180.3433   12.4775
    7.5000  -37.5000   30.0000 2140.7444   12.7760
   -7.5000  -30.0000   30.0000 2317.7227   11.3383
    0.0000  -30.0000   30.0000 2323.9180   11.3415
    7.5000  -30.0000   30.0000 2280.2529   11.6425
   -7.5000  -22.5000   30.0000 2454.1902   10.5786
    0.0000  -22.5000   30.0000 2463.0623   10.5897
    7.5000  -22.5000   30.0000 2413.0054   10.8777
   -7.5000  -15.0000   30.0000 2565.0015   10.2294
    0.0000  -15.0000   30.0000 2581.6753   10.2483
    7.5000  -15.0000   30.0000 2523.8506   10.4415
   -7.5000   -7.5000   30.0000 2633.8145   10.1369
    0.0000   -7.5000   30.0000 2654.3708   10.1575
    7.5000   -7.5000   30.0000 2592.1055   10.2728
   -7.5000    0.0000   30.0000 2642.3953   10.1359
    0.0000    0.0000   30.0000 2655.6279   10.1504
    7.5000    0.0000   30.0000 2594.9194   10.2489
   -7.5000    7.5000   30.0000 2590.4297   10.1964
    0.0000    7.5000   30.0000 2602.3345   10.2048
    7.5000    7.5000   30.0000 2538.0337   10.3269
   -7.5000   15.0000   30.0000 2481.1956   10.4715
    0.0000   15.0000   30.0000 2492.2280   10.4908
    7.5000   15.0000   30.0000 2433.9480   10.6700
   -7.5000   22.5000   30.0000 2340.0359   11.1100
    0.0000   22.5000   30.0000 2347.9900   11.1214
    7.5000   22.5000   30.0000 2301.7249   11.3400
   -7.5000   30.0000   30.0000 2187.7280   12.0782
    0.0000   30.0000   30.0000 2192.5132   12.0846
    7.5000   30.0000   30.0000 2158.1042   12.3369
   -7.5000   37.5000   30.0000 2029.8674   13.4324
    0.0000   37.5000   30.0000 2034.5731   13.4319
    7.5000   37.5000   30.0000 2004.6912   13.7057
   -7.5000   45.0000   30.0000 1873.2791   15.1735
    0.0000   45.0000   30.0000 1880.5203   15.1561
    7.5000   45.0000   30.0000 1853.0192   15.5044
   -7.5000  -45.0000   37.5000 1998.3746   14.4364
    0.0000  -45.0000   37.5000 2004.4324   14.4238
    7.5000  -45.0000   37.5000 1964.7147   14.7823
   -7.5000  -37.5000   37.5000 2146.2920   12.8298
    0.0000  -37.5000   37.5000 2153.9202   12.8387
    7.5000  -37.5000   37.5000 2112.8936   13.1654
   -7.5000  -30.0000   37.5000 2285.0042   11.6655
    0.0000  -30.0000   37.5000 2294.5366   11.6673
    7.5000  -30.0000   37.5000 2246.1519   11.9902
   -7.5000  -22.5000   37.5000 2412.3289   10.9039
    0.0000  -22.5000   37.5000 2421.4663   10.9113
    7.5000  -22.5000   37.5000 2371.1121   11.1922
   -7.5000  -15.0000   37.5000 2508.7478   10.5279
    0.0000  -15.0000   37.5000 2527.2188   10.5315
    7.5000  -15.0000   37.5000 2474.2473   10.7501
   -7.5000   -7.5000   37.5000 2568.1487   10.3576
    0.0000   -7.5000   37.5000 2584.0854   10.3565
    7.5000   -7.5000   37.5000 2532.9500   10.5479
   -7.5000    0.0000   37.5000 2569.2112   10.3105
    0.0000    0.0000   37.5000 2582.1194   10.3121
    7.5000    0.0000   37.5000 2532.4929   10.4825
   -7.5000    7.5000   37.5000 2517.3364   10.4143
    0.0000    7.5000   37.5000 2530.8162   10.4113
    7.5000    7.5000   37.5000 2478.7974   10.5985
   -7.5000   15.0000   37.5000 2420.8896   10.7341
    0.0000   15.0000   37.5000 2432.7512   10.7318
    7.5000   15.0000   37.5000 2383.7104   10.9363
   -7.5000   22.5000   37.5000 2297.6360   11.3210
    0.0000   22.5000   37.5000 2305.5835   11.3266
    7.5000   22.5000   37.5000 2267.7969   11.5518
   -7.5000   30.0000   37.5000 2155.2378   12.2379
    0.0000   30.0000   37.5000 2161.8242   12.2446
    7.5000   30.0000   37.5000 2132.6309   12.4958
   -7.5000   37.5000   37.5000 2010.0441   13.5244
    0.0000   37.5000   37.5000 2017.4185   13.5161
    7.5000   37.5000   37.5000 1987.5012   13.7988
   -7.5000   45.0000   37.5000 1855.0645   15.2208
    0.0000   45.0000   37.5000 1862.9200   15.1927
    7.5000   45.0000   37.5000 1833.5997   15.5109
   -7.5000  -45.0000   45.0000 1955.5645   15.0922
    0.0000  -45.0000   45.0000 1962.8917   15.0712
    7.5000  -45.0000   45.0000 1921.3519   15.4633
   -7.5000  -37.5000   45.0000 2103.8940   13.4245
    0.0000  -37.5000   45.0000 2111.3733   13.4236
    7.5000  -37.5000   45.0000 2067.6016   13.7663
   -7.5000  -30.0000   45.0000 2230.7979   12.2221
    0.0000  -30.0000   45.0000 2241.1250   12.2279
    7.5000  -30.0000   45.0000 2193.7061   12.5560
   -7.5000  -22.5000   45.0000 2341.7717   11.4656
    0.0000  -22.5000   45.0000 2352.2114   11.4739
    7.5000  -22.5000   45.0000 2310.1099   11.7459
   -7.5000  -15.0000   45.0000 2422.6289   11.0591
    0.0000  -15.0000   45.0000 2437.0881   11.0579
    7.5000  -15.0000   45.0000 2395.3420   11.2860
   -7.5000   -7.5000   45.0000 2467.8660   10.8251
    0.0000   -7.5000   45.0000 2478.2881   10.8299
    7.5000   -7.5000   45.0000 2440.4617   11.0429
   -7.5000    0.0000   45.0000 2463.6858   10.7608
    0.0000    0.0000   45.0000 2472.8120   10.7603
    7.5000    0.0000   45.0000 2437.2483   10.9765
   -7.5000    7.5000   45.0000 2420.8354   10.8605
    0.0000    7.5000   45.0000 2428.4050   10.8579
    7.5000    7.5000   45.0000 2393.2151   11.0840
   -7.5000   15.0000   45.0000 2340.3752   11.1635
    0.0000   15.0000   45.0000 2351.1375   11.1480
    7.5000   15.0000   45.0000 2313.8052   11.3818
   -7.5000   22.5000   45.0000 2236.4893   11.7140
    0.0000   22.5000   45.0000 2245.0125   11.6956
    7.5000   22.5000   45.0000 2215.6301   11.9371
   -7.5000   30.0000   45.0000 2112.5527   12.5861
    0.0000   30.0000   45.0000 2121.8052   12.5738
    7.5000   30.0000   45.0000 2093.5635   12.8274
   -7.5000   37.5000   45.0000 1978.3268   13.8069
    0.0000   37.5000   45.0000 1987.8857   13.7947
    7.5000   37.5000   45.0000 1959.3472   14.0417
   -7.5000   45.0000   45.0000 1825.2651   15.4748
    0.0000   45.0000   45.0000 1837.0472   15.4384
    7.5000   45.0000   45.0000 1809.8723   15.7433

---------------------------------------------------------------------
imgreg_4dfp /opt/freesurfer/average/711-2C_as_mni_average_305 /opt/freesurfer/average/711-2B_as_mni_average_305_mask talsrcimg_g11 none talsrcimg_to_711-2C_as_mni_average_305_t4 1283
---------------------------------------------------------------------

freesurfer imgreg_4dfp.c
/opt/freesurfer/average/711-2C_as_mni_average_305.4dfp.img
       256       256       256         1
  1.000000  1.000000  1.000000
orientation T byte_order littleendian
Reading image: /opt/freesurfer/average/711-2C_as_mni_average_305.4dfp.img
dimensions:      256       256       256
mmppix:       1.0000   -1.0000   -1.0000
center:     128.0000 -129.0000 -129.0000
/opt/freesurfer/average/711-2B_as_mni_average_305_mask.4dfp.img
       256       256       256         1
  1.000000  1.000000  1.000000
orientation T byte_order littleendian
Reading mask: /opt/freesurfer/average/711-2B_as_mni_average_305_mask.4dfp.img (2306576 pixels)
talsrcimg_g11.4dfp.img
       256       256       256         1
  1.000000  1.000000  1.000000
orientation T byte_order littleendian
Reading image: talsrcimg_g11.4dfp.img
dimensions:      256       256       256
mmppix:       1.0000   -1.0000   -1.0000
center:     128.0000 -129.0000 -129.0000
rotation matrix determinant  1.000000
fimgreg.f
image alignment mode   1283 decimal      503 hex
parameters
    0.0000    0.0000   22.5000    0.0000    0.0000    0.0000
eta,q 0.84692 10.08448
niter,ni,del,rscale     5    3   12.0000    1.2000
parameter  2  0.644686 ->  0.500000 qaram    1.1500
parameter  4  0.514280 ->  0.500000 qaram    1.1500
parameters
   -2.4674   -3.4500   22.2888   -3.4500   -0.3113   -0.6790
eta,q 0.85059 10.11602
  0.1584  0.1519  0.1587  0.1505  0.1551  0.1523
  0.1548  0.1505  0.1545  0.1497  0.1522  0.1506
  0.1538  0.1515  0.1513  0.1494  0.1502  0.1494
  0.1561  0.1536  0.1503  0.1503  0.1495  0.1495
  0.1605  0.1553  0.1522  0.1524  0.1501  0.1506
  0.1656  0.1581  0.1558  0.1550  0.1526  0.1519
  0.1718  0.1631  0.1594  0.1576  0.1569  0.1532
niter,ni,del,rscale     6    3   12.0000    1.2000
parameters
   -2.1685   -1.4046   21.1060   -5.2588   -0.4214   -0.6958
eta,q 0.85311 10.07052
  0.1641  0.1644  0.1531  0.1512  0.1527  0.1515
  0.1586  0.1595  0.1494  0.1490  0.1495  0.1491
  0.1526  0.1541  0.1475  0.1470  0.1477  0.1474
  0.1494  0.1494  0.1479  0.1473  0.1469  0.1469
  0.1515  0.1479  0.1506  0.1502  0.1474  0.1476
  0.1566  0.1499  0.1544  0.1542  0.1496  0.1493
  0.1618  0.1547  0.1579  0.1577  0.1535  0.1514
niter,ni,del,rscale     5    3   12.0000    1.2000
parameters
   -2.1510   -0.7776   20.6416   -5.8860   -0.3421   -0.7943
eta,q 0.85332 10.05564
  0.1603  0.1613  0.1540  0.1525  0.1530  0.1509
  0.1542  0.1565  0.1499  0.1508  0.1495  0.1486
  0.1488  0.1505  0.1471  0.1481  0.1475  0.1471
  0.1469  0.1469  0.1466  0.1465  0.1467  0.1467
  0.1493  0.1476  0.1488  0.1479  0.1472  0.1473
  0.1543  0.1522  0.1522  0.1518  0.1491  0.1490
  0.1598  0.1582  0.1558  0.1561  0.1528  0.1511
niter,ni,del,rscale     4    3   12.0000    1.2000
parameters
   -2.1909   -0.4736   20.4878   -6.1486   -0.2690   -0.8961
eta,q 0.85324 10.05006
  0.1600  0.1606  0.1548  0.1528  0.1530  0.1508
  0.1538  0.1552  0.1507  0.1514  0.1495  0.1486
  0.1484  0.1493  0.1477  0.1488  0.1475  0.1472
  0.1467  0.1467  0.1466  0.1466  0.1468  0.1468
  0.1490  0.1482  0.1484  0.1472  0.1472  0.1474
  0.1542  0.1532  0.1516  0.1508  0.1492  0.1490
  0.1600  0.1589  0.1553  0.1554  0.1528  0.1510
niter,ni,del,rscale     3    3   12.0000    1.2000
parameters
   -2.2345   -0.3380   20.4277   -6.2682   -0.2143   -0.9733
eta,q 0.85317 10.04771
  0.1600  0.1602  0.1551  0.1529  0.1530  0.1508
  0.1537  0.1545  0.1511  0.1516  0.1495  0.1487
  0.1484  0.1488  0.1479  0.1490  0.1475  0.1473
  0.1468  0.1468  0.1468  0.1468  0.1468  0.1468
  0.1491  0.1486  0.1483  0.1470  0.1473  0.1474
  0.1542  0.1538  0.1515  0.1505  0.1492  0.1489
  0.1601  0.1591  0.1552  0.1551  0.1529  0.1509
niter,ni,del,rscale     2    3   12.0000    1.2000
parameters
   -2.2628   -0.2786   20.4058   -6.3284   -0.1815   -1.0159
eta,q 0.85313 10.04705
  0.1601  0.1600  0.1552  0.1529  0.1530  0.1508
  0.1538  0.1541  0.1512  0.1517  0.1495  0.1487
  0.1485  0.1485  0.1481  0.1492  0.1475  0.1473
  0.1468  0.1468  0.1468  0.1468  0.1469  0.1469
  0.1491  0.1489  0.1483  0.1470  0.1474  0.1474
  0.1541  0.1541  0.1515  0.1503  0.1493  0.1489
  0.1600  0.1592  0.1552  0.1550  0.1530  0.1508
registration optimization eta report
parameter search radius
    6.0000    6.9000    6.0000    6.9000    6.0000    6.0000
100000*second partial in parameter space
       36.       26.       22.       14.       17.       11.
  0.1601  0.1600  0.1552  0.1529  0.1530  0.1508
  0.1538  0.1541  0.1512  0.1517  0.1495  0.1487
  0.1485  0.1485  0.1481  0.1492  0.1475  0.1473
  0.1468  0.1468  0.1468  0.1468  0.1469  0.1469
  0.1491  0.1489  0.1483  0.1470  0.1474  0.1474
  0.1541  0.1541  0.1515  0.1503  0.1493  0.1489
  0.1600  0.1592  0.1552  0.1550  0.1530  0.1508
   -2.2628   -0.2786   20.4058   -6.3284   -0.1815   -1.0159
eta,q 0.85313 10.04705

---------------------------------------------------------------------
imgreg_4dfp /opt/freesurfer/average/711-2C_as_mni_average_305 /opt/freesurfer/average/711-2B_as_mni_average_305_mask talsrcimg_g11 none talsrcimg_to_711-2C_as_mni_average_305_t4 3335
---------------------------------------------------------------------

freesurfer imgreg_4dfp.c
/opt/freesurfer/average/711-2C_as_mni_average_305.4dfp.img
       256       256       256         1
  1.000000  1.000000  1.000000
orientation T byte_order littleendian
Reading image: /opt/freesurfer/average/711-2C_as_mni_average_305.4dfp.img
dimensions:      256       256       256
mmppix:       1.0000   -1.0000   -1.0000
center:     128.0000 -129.0000 -129.0000
/opt/freesurfer/average/711-2B_as_mni_average_305_mask.4dfp.img
       256       256       256         1
  1.000000  1.000000  1.000000
orientation T byte_order littleendian
Reading mask: /opt/freesurfer/average/711-2B_as_mni_average_305_mask.4dfp.img (2306576 pixels)
talsrcimg_g11.4dfp.img
       256       256       256         1
  1.000000  1.000000  1.000000
orientation T byte_order littleendian
Reading image: talsrcimg_g11.4dfp.img
dimensions:      256       256       256
mmppix:       1.0000   -1.0000   -1.0000
center:     128.0000 -129.0000 -129.0000
fimgreg.f
image alignment mode   3335 decimal      D07 hex
parameters
   -2.2628   -0.2786   20.4058   -0.0162   -0.6244   -0.6099
    1.7273    0.5102   -1.7730   11.0154   -0.3167  -11.0227
eta,q 0.85246 10.08726
niter,ni,del,rscale     5    3    5.0000    1.2000
parameter  4 11.403095 ->  0.500000 qaram    1.1500
parameter  5 18.187727 ->  0.500000 qaram    1.1500
parameter  6  5.393420 ->  0.500000 qaram    1.1500
parameter 12 -1.968630 -> -0.500000 qaram    1.1500
parameters
   -2.4070   -0.3717   20.5671   -4.1562   -4.7644   -4.7499
    1.2385    0.3600   -0.3586    8.3521   -1.0700   -6.8827
eta,q 0.89306  8.83551
  0.1491  0.1487  0.1488  0.1256  0.1124  0.1017  0.1110  0.1131  0.1112  0.1100  0.1098  0.1141
  0.1482  0.1480  0.1481  0.1325  0.1195  0.1076  0.1101  0.1111  0.1103  0.1092  0.1093  0.1122
  0.1477  0.1476  0.1477  0.1399  0.1269  0.1143  0.1095  0.1098  0.1097  0.1090  0.1090  0.1105
  0.1475  0.1475  0.1475  0.1475  0.1345  0.1215  0.1094  0.1094  0.1094  0.1093  0.1090  0.1090
  0.1478  0.1477  0.1476  0.1554  0.1422  0.1291  0.1097  0.1099  0.1094  0.1102  0.1092  0.1077
  0.1485  0.1482  0.1479  0.1634  0.1500  0.1371  0.1104  0.1113  0.1096  0.1116  0.1096  0.1067
  0.1495  0.1488  0.1485  0.1714  0.1578  0.1453  0.1114  0.1135  0.1102  0.1135  0.1103  0.1059
niter,ni,del,rscale     7    3    5.0000    1.2000
parameter  4  3.992237 ->  0.500000 qaram    1.3225
parameter  5  6.636736 ->  0.500000 qaram    1.3225
parameter  6  2.073153 ->  0.500000 qaram    1.3225
parameter 12 -0.790837 -> -0.500000 qaram    1.3225
parameters
   -2.4322    0.4214   20.1642   -8.9172   -9.5254   -9.5109
    1.3524    0.4130   -0.5778    8.1323   -0.4233   -2.1217
eta,q 0.93196  7.60814
  0.1094  0.1099  0.1077  0.0861  0.0712  0.0644  0.0717  0.0743  0.0711  0.0728  0.0711  0.0747
  0.1081  0.1085  0.1071  0.0920  0.0781  0.0680  0.0705  0.0716  0.0701  0.0708  0.0702  0.0725
  0.1072  0.1076  0.1067  0.0989  0.0857  0.0734  0.0697  0.0699  0.0695  0.0697  0.0696  0.0707
  0.1069  0.1069  0.1067  0.1067  0.0938  0.0801  0.0693  0.0693  0.0693  0.0693  0.0693  0.0693
  0.1073  0.1067  0.1071  0.1152  0.1024  0.0879  0.0696  0.0699  0.0696  0.0698  0.0694  0.0684
  0.1081  0.1069  0.1077  0.1241  0.1113  0.0966  0.0703  0.0715  0.0703  0.0711  0.0698  0.0680
  0.1095  0.1076  0.1087  0.1333  0.1202  0.1059  0.0716  0.0742  0.0714  0.0732  0.0706  0.0681
niter,ni,del,rscale     7    3    5.0000    1.2000
parameter  4  1.613939 ->  0.500000 qaram    1.5209
parameter  5  2.784127 ->  0.500000 qaram    1.5209
parameter  6  0.840427 ->  0.500000 qaram    1.5209
parameters
   -2.5339    1.2080   19.3617  -14.3924  -15.0006  -14.9860
    1.2223    0.2796   -0.9525    7.1405   -0.1787    0.4634
eta,q 0.96046  6.53139
  0.0709  0.0719  0.0684  0.0537  0.0386  0.0394  0.0426  0.0444  0.0421  0.0428  0.0413  0.0442
  0.0693  0.0701  0.0678  0.0565  0.0436  0.0396  0.0411  0.0419  0.0408  0.0408  0.0405  0.0420
  0.0683  0.0688  0.0676  0.0611  0.0500  0.0413  0.0402  0.0403  0.0401  0.0398  0.0399  0.0405
  0.0680  0.0680  0.0678  0.0676  0.0575  0.0452  0.0399  0.0399  0.0399  0.0399  0.0397  0.0397
  0.0685  0.0678  0.0684  0.0753  0.0659  0.0514  0.0402  0.0405  0.0402  0.0408  0.0399  0.0396
  0.0696  0.0681  0.0695  0.0843  0.0750  0.0596  0.0412  0.0422  0.0412  0.0425  0.0403  0.0400
  0.0715  0.0688  0.0710  0.0940  0.0847  0.0691  0.0428  0.0447  0.0426  0.0448  0.0411  0.0410
niter,ni,del,rscale     7    3    5.0000    1.2000
parameter  3  0.589896 ->  0.500000 qaram    1.1500
parameter  4  0.594108 ->  0.500000 qaram    1.7490
parameter  5  0.949038 ->  0.500000 qaram    1.7490
parameters
   -2.5973    1.9780   17.9817  -20.6888  -21.2970  -19.2709
    1.0133    0.0233   -0.8746    8.1760   -0.7614    1.1182
eta,q 0.97132  5.84635
  0.0427  0.0439  0.0390  0.0370  0.0289  0.0308  0.0308  0.0308  0.0311  0.0320  0.0294  0.0310
  0.0409  0.0418  0.0387  0.0361  0.0290  0.0294  0.0297  0.0297  0.0299  0.0305  0.0290  0.0298
  0.0399  0.0404  0.0388  0.0364  0.0313  0.0288  0.0290  0.0290  0.0291  0.0294  0.0288  0.0291
  0.0395  0.0395  0.0393  0.0387  0.0360  0.0294  0.0288  0.0288  0.0288  0.0288  0.0287  0.0287
  0.0400  0.0393  0.0401  0.0437  0.0426  0.0321  0.0291  0.0291  0.0291  0.0287  0.0288  0.0288
  0.0412  0.0396  0.0412  0.0508  0.0507  0.0373  0.0298  0.0299  0.0298  0.0294  0.0292  0.0294
  0.0430  0.0405  0.0426  0.0598  0.0598  0.0450  0.0310  0.0311  0.0310  0.0307  0.0297  0.0305
niter,ni,del,rscale     7    3    5.0000    1.2000
parameters
   -2.4969    2.5696   17.3342  -21.7826  -25.7931  -20.9366
    0.9553    0.0894   -0.8284   11.0136   -0.5256    0.7419
eta,q 0.97181  5.66542
  0.0308  0.0321  0.0292  0.0336  0.0314  0.0316  0.0300  0.0301  0.0299  0.0311  0.0288  0.0295
  0.0297  0.0305  0.0287  0.0316  0.0295  0.0300  0.0292  0.0293  0.0291  0.0300  0.0285  0.0288
  0.0290  0.0293  0.0285  0.0298  0.0283  0.0289  0.0287  0.0287  0.0287  0.0292  0.0283  0.0283
  0.0287  0.0287  0.0286  0.0285  0.0288  0.0284  0.0285  0.0285  0.0285  0.0285  0.0282  0.0282
  0.0288  0.0286  0.0289  0.0287  0.0321  0.0290  0.0287  0.0287  0.0286  0.0282  0.0282  0.0284
  0.0294  0.0290  0.0295  0.0316  0.0383  0.0313  0.0292  0.0292  0.0291  0.0283  0.0284  0.0289
  0.0305  0.0298  0.0303  0.0379  0.0466  0.0359  0.0300  0.0301  0.0299  0.0289  0.0287  0.0298
niter,ni,del,rscale     6    3    5.0000    1.2000
parameters
   -2.3597    3.3232   16.6772  -20.9997  -27.1958  -21.8373
    0.9853    0.2271   -1.1466   12.5665   -0.5624    0.1008
eta,q 0.97204  5.63386
  0.0298  0.0308  0.0285  0.0333  0.0331  0.0317  0.0295  0.0298  0.0293  0.0303  0.0286  0.0292
  0.0290  0.0296  0.0281  0.0314  0.0309  0.0300  0.0288  0.0289  0.0286  0.0293  0.0283  0.0285
  0.0284  0.0287  0.0280  0.0295  0.0289  0.0287  0.0283  0.0283  0.0282  0.0286  0.0280  0.0281
  0.0282  0.0282  0.0280  0.0280  0.0277  0.0280  0.0281  0.0281  0.0281  0.0281  0.0280  0.0280
  0.0283  0.0280  0.0283  0.0273  0.0283  0.0283  0.0283  0.0283  0.0283  0.0280  0.0280  0.0282
  0.0287  0.0282  0.0287  0.0287  0.0318  0.0303  0.0287  0.0288  0.0288  0.0282  0.0282  0.0287
  0.0295  0.0288  0.0294  0.0336  0.0382  0.0342  0.0295  0.0297  0.0296  0.0291  0.0286  0.0296
niter,ni,del,rscale     5    3    5.0000    1.2000
parameters
   -2.3732    3.7106   16.1669  -20.8224  -27.5903  -22.4076
    1.1463    0.2072   -1.2467   13.3675   -0.6178   -0.3644
eta,q 0.97204  5.62107
  0.0294  0.0299  0.0285  0.0330  0.0336  0.0319  0.0295  0.0297  0.0293  0.0300  0.0286  0.0292
  0.0286  0.0289  0.0281  0.0312  0.0314  0.0301  0.0287  0.0288  0.0286  0.0290  0.0282  0.0285
  0.0281  0.0283  0.0279  0.0294  0.0293  0.0287  0.0282  0.0282  0.0281  0.0284  0.0280  0.0281
  0.0280  0.0280  0.0279  0.0279  0.0278  0.0279  0.0280  0.0280  0.0280  0.0280  0.0280  0.0280
  0.0281  0.0280  0.0282  0.0274  0.0278  0.0282  0.0281  0.0282  0.0282  0.0280  0.0280  0.0282
  0.0286  0.0283  0.0286  0.0292  0.0305  0.0300  0.0286  0.0288  0.0286  0.0284  0.0283  0.0287
  0.0295  0.0289  0.0292  0.0345  0.0361  0.0338  0.0293  0.0297  0.0294  0.0294  0.0286  0.0295
niter,ni,del,rscale     4    3    5.0000    1.2000
parameters
   -2.4020    3.9331   15.8726  -20.7549  -27.7458  -22.7190
    1.2269    0.1776   -1.2840   13.8593   -0.6409   -0.6753
eta,q 0.97203  5.61578
  0.0294  0.0296  0.0287  0.0330  0.0337  0.0321  0.0294  0.0297  0.0293  0.0298  0.0286  0.0293
  0.0286  0.0287  0.0282  0.0312  0.0315  0.0303  0.0287  0.0288  0.0286  0.0289  0.0283  0.0286
  0.0281  0.0282  0.0280  0.0294  0.0295  0.0288  0.0282  0.0282  0.0281  0.0283  0.0281  0.0281
  0.0280  0.0280  0.0280  0.0279  0.0279  0.0280  0.0280  0.0280  0.0280  0.0280  0.0280  0.0280
  0.0281  0.0281  0.0281  0.0275  0.0277  0.0281  0.0281  0.0282  0.0282  0.0280  0.0280  0.0282
  0.0286  0.0284  0.0285  0.0294  0.0302  0.0298  0.0286  0.0288  0.0286  0.0285  0.0283  0.0287
  0.0295  0.0291  0.0291  0.0347  0.0356  0.0335  0.0294  0.0297  0.0293  0.0295  0.0286  0.0295
niter,ni,del,rscale     3    3    5.0000    1.2000
parameters
   -2.4189    4.0652   15.7025  -20.7286  -27.8398  -22.9078
    1.2542    0.1660   -1.3073   14.1616   -0.6708   -0.8466
eta,q 0.97200  5.61261
  0.0294  0.0295  0.0288  0.0330  0.0337  0.0322  0.0294  0.0297  0.0293  0.0298  0.0286  0.0293
  0.0286  0.0287  0.0283  0.0312  0.0315  0.0303  0.0287  0.0288  0.0286  0.0289  0.0283  0.0286
  0.0281  0.0281  0.0280  0.0294  0.0295  0.0289  0.0282  0.0282  0.0282  0.0283  0.0281  0.0282
  0.0280  0.0280  0.0280  0.0280  0.0280  0.0280  0.0280  0.0280  0.0280  0.0280  0.0280  0.0280
  0.0281  0.0281  0.0281  0.0275  0.0277  0.0281  0.0282  0.0282  0.0282  0.0280  0.0281  0.0282
  0.0286  0.0285  0.0285  0.0295  0.0302  0.0297  0.0286  0.0288  0.0286  0.0285  0.0283  0.0287
  0.0295  0.0292  0.0291  0.0348  0.0355  0.0333  0.0294  0.0298  0.0293  0.0297  0.0287  0.0294
niter,ni,del,rscale     2    3    5.0000    1.2000
parameters
   -2.4261    4.1465   15.6008  -20.7140  -27.9045  -23.0198
    1.2754    0.1590   -1.3129   14.3529   -0.6937   -0.9686
eta,q 0.97198  5.61076
  0.0294  0.0295  0.0289  0.0330  0.0337  0.0322  0.0294  0.0297  0.0293  0.0297  0.0287  0.0294
  0.0287  0.0286  0.0284  0.0312  0.0315  0.0304  0.0287  0.0288  0.0286  0.0289  0.0283  0.0286
  0.0282  0.0281  0.0281  0.0295  0.0295  0.0289  0.0282  0.0282  0.0282  0.0283  0.0281  0.0282
  0.0280  0.0280  0.0280  0.0280  0.0280  0.0280  0.0280  0.0280  0.0280  0.0280  0.0280  0.0280
  0.0282  0.0281  0.0281  0.0275  0.0277  0.0281  0.0282  0.0282  0.0282  0.0281  0.0281  0.0282
  0.0287  0.0286  0.0285  0.0295  0.0302  0.0297  0.0286  0.0288  0.0286  0.0286  0.0283  0.0287
  0.0295  0.0292  0.0290  0.0348  0.0354  0.0333  0.0294  0.0298  0.0293  0.0297  0.0287  0.0294
niter,ni,del,rscale     1    3    5.0000    1.2000
parameters
   -2.4294    4.1970   15.5347  -20.7054  -27.9455  -23.0916
    1.2809    0.1592   -1.3086   14.4753   -0.7083   -1.0290
eta,q 0.97197  5.60952
  0.0295  0.0294  0.0290  0.0331  0.0337  0.0323  0.0294  0.0298  0.0294  0.0297  0.0287  0.0294
  0.0287  0.0286  0.0284  0.0312  0.0315  0.0304  0.0287  0.0288  0.0286  0.0289  0.0283  0.0287
  0.0282  0.0282  0.0281  0.0295  0.0296  0.0290  0.0282  0.0282  0.0282  0.0283  0.0281  0.0282
  0.0280  0.0280  0.0280  0.0280  0.0280  0.0280  0.0280  0.0280  0.0280  0.0280  0.0280  0.0280
  0.0282  0.0282  0.0282  0.0276  0.0277  0.0281  0.0282  0.0282  0.0282  0.0281  0.0281  0.0282
  0.0287  0.0286  0.0285  0.0295  0.0302  0.0297  0.0287  0.0288  0.0286  0.0286  0.0283  0.0287
  0.0295  0.0292  0.0290  0.0348  0.0354  0.0332  0.0294  0.0298  0.0293  0.0298  0.0287  0.0294
registration optimization eta report
parameter search radius
    2.4000    2.4000    2.7600   12.5928   12.5928   10.9503
    7.2000    7.2000    7.2000    7.2000    7.2000    9.5220
100000*second partial in parameter space
       25.       23.       13.        4.        4.        4.
        3.        3.        3.        3.        1.        2.
  0.0295  0.0294  0.0290  0.0331  0.0337  0.0323  0.0294  0.0298  0.0294  0.0297  0.0287  0.0294
  0.0287  0.0286  0.0284  0.0312  0.0315  0.0304  0.0287  0.0288  0.0286  0.0289  0.0283  0.0287
  0.0282  0.0282  0.0281  0.0295  0.0296  0.0290  0.0282  0.0282  0.0282  0.0283  0.0281  0.0282
  0.0280  0.0280  0.0280  0.0280  0.0280  0.0280  0.0280  0.0280  0.0280  0.0280  0.0280  0.0280
  0.0282  0.0282  0.0282  0.0276  0.0277  0.0281  0.0282  0.0282  0.0282  0.0281  0.0281  0.0282
  0.0287  0.0286  0.0285  0.0295  0.0302  0.0297  0.0287  0.0288  0.0286  0.0286  0.0283  0.0287
  0.0295  0.0292  0.0290  0.0348  0.0354  0.0332  0.0294  0.0298  0.0293  0.0298  0.0287  0.0294
   -2.4294    4.1970   15.5347  -20.7054  -27.9455  -23.0916
    1.2809    0.1592   -1.3086   14.4753   -0.7083   -1.0290
eta,q 0.97197  5.60952

---------------------------------------------------------------------
imgreg_4dfp /opt/freesurfer/average/711-2C_as_mni_average_305 /opt/freesurfer/average/711-2B_as_mni_average_305_mask talsrcimg_g11 none talsrcimg_to_711-2C_as_mni_average_305_t4 2311
---------------------------------------------------------------------

freesurfer imgreg_4dfp.c
/opt/freesurfer/average/711-2C_as_mni_average_305.4dfp.img
       256       256       256         1
  1.000000  1.000000  1.000000
orientation T byte_order littleendian
Reading image: /opt/freesurfer/average/711-2C_as_mni_average_305.4dfp.img
dimensions:      256       256       256
mmppix:       1.0000   -1.0000   -1.0000
center:     128.0000 -129.0000 -129.0000
/opt/freesurfer/average/711-2B_as_mni_average_305_mask.4dfp.img
       256       256       256         1
  1.000000  1.000000  1.000000
orientation T byte_order littleendian
Reading mask: /opt/freesurfer/average/711-2B_as_mni_average_305_mask.4dfp.img (2306576 pixels)
talsrcimg_g11.4dfp.img
       256       256       256         1
  1.000000  1.000000  1.000000
orientation T byte_order littleendian
Reading image: talsrcimg_g11.4dfp.img
dimensions:      256       256       256
mmppix:       1.0000   -1.0000   -1.0000
center:     128.0000 -129.0000 -129.0000
fimgreg.f
image alignment mode   2311 decimal      907 hex
parameters
   -2.4294    4.1970   15.5347  -20.7054  -27.9455  -23.0917
    1.2809    0.1592   -1.3086   14.4753   -0.7083   -1.0290
eta,q 0.97197  5.60952
niter,ni,del,rscale     5    3    5.0000    0.8000
parameter  4 -0.821215 -> -0.500000 qaram    1.1500
parameters
   -2.4222    4.1745   15.4692  -17.9454  -25.5479  -21.7495
    1.2458    0.4993   -1.2544   13.8603   -0.6987   -1.4510
eta,q 0.97294  5.74453
  0.0287  0.0286  0.0283  0.0297  0.0294  0.0287  0.0280  0.0283  0.0280  0.0279  0.0275  0.0275
  0.0283  0.0283  0.0282  0.0291  0.0286  0.0280  0.0275  0.0277  0.0275  0.0274  0.0273  0.0272
  0.0281  0.0281  0.0281  0.0285  0.0280  0.0275  0.0272  0.0272  0.0272  0.0271  0.0271  0.0271
  0.0280  0.0280  0.0280  0.0280  0.0275  0.0272  0.0271  0.0271  0.0271  0.0271  0.0271  0.0271
  0.0281  0.0281  0.0281  0.0277  0.0272  0.0271  0.0272  0.0271  0.0272  0.0272  0.0271  0.0271
  0.0283  0.0283  0.0282  0.0275  0.0272  0.0272  0.0275  0.0274  0.0275  0.0277  0.0272  0.0274
  0.0287  0.0286  0.0284  0.0277  0.0276  0.0277  0.0280  0.0280  0.0280  0.0286  0.0275  0.0277
niter,ni,del,rscale     5    3    5.0000    0.8000
parameters
   -2.5091    3.9288   15.6033  -18.4332  -25.7708  -21.4724
    1.2660    0.3537   -1.2322   13.5992   -0.6374   -1.3004
eta,q 0.97294  5.72944
  0.0279  0.0276  0.0275  0.0284  0.0283  0.0282  0.0280  0.0280  0.0280  0.0280  0.0275  0.0276
  0.0274  0.0273  0.0273  0.0277  0.0277  0.0277  0.0275  0.0275  0.0275  0.0275  0.0272  0.0273
  0.0271  0.0271  0.0271  0.0273  0.0273  0.0273  0.0272  0.0272  0.0272  0.0272  0.0271  0.0271
  0.0271  0.0271  0.0270  0.0270  0.0271  0.0271  0.0271  0.0271  0.0271  0.0271  0.0271  0.0271
  0.0272  0.0272  0.0271  0.0272  0.0272  0.0271  0.0272  0.0272  0.0272  0.0272  0.0271  0.0271
  0.0275  0.0276  0.0272  0.0279  0.0277  0.0274  0.0275  0.0276  0.0275  0.0276  0.0272  0.0273
  0.0281  0.0281  0.0274  0.0293  0.0287  0.0281  0.0279  0.0282  0.0279  0.0283  0.0274  0.0275
niter,ni,del,rscale     4    3    5.0000    0.7000
parameters
   -2.5106    3.8707   15.7709  -18.2653  -25.6484  -21.1817
    1.2597    0.3691   -1.2483   13.4493   -0.6392   -1.2642
eta,q 0.97298  5.74221
  0.0277  0.0276  0.0274  0.0283  0.0281  0.0280  0.0277  0.0278  0.0277  0.0278  0.0273  0.0274
  0.0274  0.0273  0.0273  0.0278  0.0276  0.0275  0.0273  0.0274  0.0273  0.0274  0.0272  0.0272
  0.0271  0.0271  0.0271  0.0273  0.0272  0.0272  0.0271  0.0271  0.0271  0.0271  0.0271  0.0271
  0.0271  0.0271  0.0271  0.0271  0.0270  0.0270  0.0270  0.0270  0.0270  0.0270  0.0270  0.0270
  0.0271  0.0271  0.0271  0.0271  0.0271  0.0271  0.0271  0.0271  0.0271  0.0271  0.0271  0.0271
  0.0274  0.0274  0.0271  0.0275  0.0274  0.0273  0.0273  0.0274  0.0273  0.0274  0.0272  0.0272
  0.0277  0.0277  0.0273  0.0283  0.0281  0.0278  0.0277  0.0278  0.0277  0.0280  0.0273  0.0274
niter,ni,del,rscale     3    3    5.0000    0.6000
parameters
   -2.5069    3.8128   15.8725  -18.1488  -25.5431  -20.9813
    1.2479    0.3933   -1.2366   13.3601   -0.6146   -1.2493
eta,q 0.97300  5.75174
  0.0275  0.0275  0.0273  0.0280  0.0278  0.0277  0.0275  0.0276  0.0275  0.0276  0.0272  0.0273
  0.0273  0.0272  0.0271  0.0275  0.0274  0.0274  0.0272  0.0273  0.0272  0.0273  0.0271  0.0271
  0.0271  0.0271  0.0271  0.0272  0.0272  0.0271  0.0271  0.0271  0.0271  0.0271  0.0270  0.0270
  0.0270  0.0270  0.0270  0.0270  0.0270  0.0270  0.0270  0.0270  0.0270  0.0270  0.0270  0.0270
  0.0271  0.0271  0.0270  0.0270  0.0270  0.0270  0.0271  0.0271  0.0271  0.0271  0.0270  0.0270
  0.0272  0.0273  0.0271  0.0274  0.0273  0.0272  0.0272  0.0273  0.0272  0.0273  0.0271  0.0271
  0.0275  0.0275  0.0272  0.0280  0.0278  0.0276  0.0275  0.0276  0.0275  0.0277  0.0272  0.0273
niter,ni,del,rscale     2    3    5.0000    0.5000
parameters
   -2.5103    3.7724   15.9301  -18.0386  -25.4605  -20.8417
    1.2505    0.4009   -1.2442   13.2964   -0.6138   -1.2325
eta,q 0.97301  5.75946
  0.0274  0.0273  0.0272  0.0277  0.0276  0.0275  0.0274  0.0274  0.0274  0.0274  0.0272  0.0272
  0.0272  0.0271  0.0271  0.0274  0.0273  0.0272  0.0272  0.0272  0.0272  0.0272  0.0271  0.0271
  0.0270  0.0270  0.0270  0.0271  0.0271  0.0271  0.0270  0.0270  0.0270  0.0270  0.0270  0.0270
  0.0270  0.0270  0.0270  0.0270  0.0270  0.0270  0.0270  0.0270  0.0270  0.0270  0.0270  0.0270
  0.0270  0.0271  0.0270  0.0270  0.0270  0.0270  0.0270  0.0270  0.0270  0.0270  0.0270  0.0270
  0.0272  0.0272  0.0271  0.0272  0.0272  0.0271  0.0272  0.0272  0.0272  0.0272  0.0271  0.0271
  0.0274  0.0274  0.0272  0.0277  0.0276  0.0274  0.0274  0.0274  0.0274  0.0275  0.0272  0.0272
niter,ni,del,rscale     1    3    5.0000    0.4000
parameters
   -2.5123    3.7459   15.9725  -17.9607  -25.3818  -20.7436
    1.2438    0.4090   -1.2480   13.2683   -0.5964   -1.2544
eta,q 0.97301  5.76566
  0.0272  0.0272  0.0271  0.0274  0.0274  0.0273  0.0272  0.0273  0.0272  0.0273  0.0271  0.0271
  0.0271  0.0271  0.0270  0.0272  0.0272  0.0271  0.0271  0.0271  0.0271  0.0271  0.0270  0.0270
  0.0270  0.0270  0.0270  0.0271  0.0271  0.0270  0.0270  0.0270  0.0270  0.0270  0.0270  0.0270
  0.0270  0.0270  0.0270  0.0270  0.0270  0.0270  0.0270  0.0270  0.0270  0.0270  0.0270  0.0270
  0.0270  0.0270  0.0270  0.0270  0.0270  0.0270  0.0270  0.0270  0.0270  0.0270  0.0270  0.0270
  0.0271  0.0271  0.0270  0.0272  0.0271  0.0271  0.0271  0.0271  0.0271  0.0271  0.0270  0.0271
  0.0272  0.0272  0.0271  0.0274  0.0274  0.0273  0.0272  0.0273  0.0272  0.0273  0.0271  0.0271
registration optimization eta report
parameter search radius
    0.8000    0.8000    0.8000    2.7600    2.4000    2.4000
    2.4000    2.4000    2.4000    2.4000    2.4000    2.4000
100000*second partial in parameter space
       37.       34.       17.        6.        7.        5.
        4.        5.        4.        5.        2.        2.
  0.0272  0.0272  0.0271  0.0274  0.0274  0.0273  0.0272  0.0273  0.0272  0.0273  0.0271  0.0271
  0.0271  0.0271  0.0270  0.0272  0.0272  0.0271  0.0271  0.0271  0.0271  0.0271  0.0270  0.0270
  0.0270  0.0270  0.0270  0.0271  0.0271  0.0270  0.0270  0.0270  0.0270  0.0270  0.0270  0.0270
  0.0270  0.0270  0.0270  0.0270  0.0270  0.0270  0.0270  0.0270  0.0270  0.0270  0.0270  0.0270
  0.0270  0.0270  0.0270  0.0270  0.0270  0.0270  0.0270  0.0270  0.0270  0.0270  0.0270  0.0270
  0.0271  0.0271  0.0270  0.0272  0.0271  0.0271  0.0271  0.0271  0.0271  0.0271  0.0270  0.0271
  0.0272  0.0272  0.0271  0.0274  0.0274  0.0273  0.0272  0.0273  0.0272  0.0273  0.0271  0.0271
   -2.5123    3.7459   15.9725  -17.9607  -25.3818  -20.7436
    1.2438    0.4090   -1.2480   13.2683   -0.5964   -1.2544
eta,q 0.97301  5.76566

---------------------------------------------------------------------
imgreg_4dfp /opt/freesurfer/average/711-2C_as_mni_average_305 /opt/freesurfer/average/711-2B_as_mni_average_305_mask talsrcimg_g11 none talsrcimg_to_711-2C_as_mni_average_305_t4 2311
---------------------------------------------------------------------

freesurfer imgreg_4dfp.c
/opt/freesurfer/average/711-2C_as_mni_average_305.4dfp.img
       256       256       256         1
  1.000000  1.000000  1.000000
orientation T byte_order littleendian
Reading image: /opt/freesurfer/average/711-2C_as_mni_average_305.4dfp.img
dimensions:      256       256       256
mmppix:       1.0000   -1.0000   -1.0000
center:     128.0000 -129.0000 -129.0000
/opt/freesurfer/average/711-2B_as_mni_average_305_mask.4dfp.img
       256       256       256         1
  1.000000  1.000000  1.000000
orientation T byte_order littleendian
Reading mask: /opt/freesurfer/average/711-2B_as_mni_average_305_mask.4dfp.img (2306576 pixels)
talsrcimg_g11.4dfp.img
       256       256       256         1
  1.000000  1.000000  1.000000
orientation T byte_order littleendian
Reading image: talsrcimg_g11.4dfp.img
dimensions:      256       256       256
mmppix:       1.0000   -1.0000   -1.0000
center:     128.0000 -129.0000 -129.0000
fimgreg.f
image alignment mode   2311 decimal      907 hex
parameters
   -2.5123    3.7459   15.9725  -17.9607  -25.3818  -20.7436
    1.2438    0.4090   -1.2480   13.2683   -0.5964   -1.2544
eta,q 0.97301  5.76566
niter,ni,del,rscale     5    3    5.0000    0.8000
parameters
   -2.5126    3.7526   15.9980  -18.3383  -25.7039  -20.9805
    1.2472    0.3347   -1.2338   13.1768   -0.6399   -1.0922
eta,q 0.97298  5.74182
  0.0279  0.0279  0.0274  0.0281  0.0282  0.0280  0.0279  0.0280  0.0279  0.0280  0.0274  0.0275
  0.0274  0.0274  0.0272  0.0275  0.0276  0.0275  0.0274  0.0275  0.0274  0.0275  0.0272  0.0273
  0.0271  0.0271  0.0270  0.0272  0.0272  0.0272  0.0271  0.0271  0.0271  0.0272  0.0271  0.0271
  0.0270  0.0270  0.0270  0.0270  0.0270  0.0270  0.0270  0.0270  0.0270  0.0270  0.0270  0.0270
  0.0271  0.0271  0.0270  0.0271  0.0271  0.0271  0.0271  0.0271  0.0271  0.0271  0.0271  0.0271
  0.0274  0.0274  0.0272  0.0277  0.0277  0.0276  0.0274  0.0275  0.0274  0.0275  0.0272  0.0272
  0.0279  0.0278  0.0274  0.0287  0.0288  0.0284  0.0279  0.0281  0.0279  0.0282  0.0274  0.0275
niter,ni,del,rscale     4    3    5.0000    0.7000
parameters
   -2.5041    3.7424   15.9800  -18.1568  -25.6009  -20.9320
    1.2391    0.3753   -1.2316   13.1598   -0.6354   -1.1067
eta,q 0.97300  5.74987
  0.0277  0.0277  0.0273  0.0280  0.0281  0.0279  0.0277  0.0278  0.0277  0.0278  0.0273  0.0274
  0.0273  0.0273  0.0272  0.0276  0.0276  0.0274  0.0273  0.0274  0.0273  0.0274  0.0271  0.0272
  0.0271  0.0271  0.0271  0.0272  0.0272  0.0271  0.0271  0.0271  0.0271  0.0271  0.0270  0.0271
  0.0270  0.0270  0.0270  0.0270  0.0270  0.0270  0.0270  0.0270  0.0270  0.0270  0.0270  0.0270
  0.0271  0.0271  0.0271  0.0270  0.0271  0.0271  0.0271  0.0271  0.0271  0.0271  0.0270  0.0271
  0.0273  0.0273  0.0272  0.0273  0.0274  0.0273  0.0273  0.0274  0.0273  0.0273  0.0271  0.0272
  0.0277  0.0277  0.0274  0.0280  0.0281  0.0279  0.0277  0.0278  0.0277  0.0279  0.0273  0.0274
niter,ni,del,rscale     3    3    5.0000    0.6000
parameters
   -2.5059    3.7275   15.9780  -18.0608  -25.5098  -20.8506
    1.2454    0.4012   -1.2278   13.1678   -0.6291   -1.1526
eta,q 0.97301  5.75654
  0.0275  0.0275  0.0272  0.0278  0.0278  0.0276  0.0275  0.0276  0.0275  0.0276  0.0272  0.0273
  0.0272  0.0272  0.0271  0.0274  0.0274  0.0273  0.0272  0.0273  0.0272  0.0273  0.0271  0.0271
  0.0271  0.0271  0.0270  0.0271  0.0271  0.0271  0.0271  0.0271  0.0271  0.0271  0.0270  0.0270
  0.0270  0.0270  0.0270  0.0270  0.0270  0.0270  0.0270  0.0270  0.0270  0.0270  0.0270  0.0270
  0.0271  0.0271  0.0270  0.0270  0.0270  0.0270  0.0271  0.0271  0.0271  0.0270  0.0270  0.0270
  0.0272  0.0272  0.0271  0.0273  0.0273  0.0272  0.0272  0.0273  0.0272  0.0272  0.0271  0.0271
  0.0275  0.0275  0.0272  0.0277  0.0278  0.0276  0.0275  0.0276  0.0275  0.0276  0.0272  0.0273
niter,ni,del,rscale     2    3    5.0000    0.5000
parameters
   -2.5098    3.7190   15.9857  -17.9867  -25.4336  -20.7724
    1.2397    0.4136   -1.2350   13.1930   -0.6116   -1.1897
eta,q 0.97301  5.76234
  0.0274  0.0273  0.0272  0.0275  0.0276  0.0275  0.0274  0.0274  0.0274  0.0274  0.0272  0.0272
  0.0272  0.0271  0.0271  0.0273  0.0273  0.0272  0.0272  0.0272  0.0272  0.0272  0.0271  0.0271
  0.0270  0.0270  0.0270  0.0271  0.0271  0.0271  0.0270  0.0270  0.0270  0.0271  0.0270  0.0270
  0.0270  0.0270  0.0270  0.0270  0.0270  0.0270  0.0270  0.0270  0.0270  0.0270  0.0270  0.0270
  0.0270  0.0270  0.0270  0.0270  0.0270  0.0270  0.0270  0.0270  0.0270  0.0270  0.0270  0.0270
  0.0272  0.0271  0.0271  0.0272  0.0272  0.0272  0.0272  0.0272  0.0272  0.0272  0.0271  0.0271
  0.0274  0.0273  0.0272  0.0275  0.0276  0.0274  0.0274  0.0274  0.0274  0.0274  0.0272  0.0272
niter,ni,del,rscale     1    3    5.0000    0.4000
parameters
   -2.5098    3.7169   15.9932  -17.9198  -25.3705  -20.7061
    1.2446    0.4090   -1.2592   13.2094   -0.6199   -1.2048
eta,q 0.97302  5.76743
  0.0272  0.0272  0.0271  0.0273  0.0274  0.0273  0.0272  0.0273  0.0272  0.0273  0.0271  0.0271
  0.0271  0.0271  0.0270  0.0272  0.0272  0.0271  0.0271  0.0271  0.0271  0.0271  0.0270  0.0270
  0.0270  0.0270  0.0270  0.0270  0.0271  0.0270  0.0270  0.0270  0.0270  0.0270  0.0270  0.0270
  0.0270  0.0270  0.0270  0.0270  0.0270  0.0270  0.0270  0.0270  0.0270  0.0270  0.0270  0.0270
  0.0270  0.0270  0.0270  0.0270  0.0270  0.0270  0.0270  0.0270  0.0270  0.0270  0.0270  0.0270
  0.0271  0.0271  0.0270  0.0271  0.0271  0.0271  0.0271  0.0271  0.0271  0.0271  0.0270  0.0270
  0.0272  0.0272  0.0271  0.0273  0.0274  0.0273  0.0272  0.0273  0.0272  0.0273  0.0271  0.0271
registration optimization eta report
parameter search radius
    0.8000    0.8000    0.8000    2.4000    2.4000    2.4000
    2.4000    2.4000    2.4000    2.4000    2.4000    2.4000
100000*second partial in parameter space
       38.       34.       18.        6.        7.        5.
        4.        5.        4.        5.        2.        2.
  0.0272  0.0272  0.0271  0.0273  0.0274  0.0273  0.0272  0.0273  0.0272  0.0273  0.0271  0.0271
  0.0271  0.0271  0.0270  0.0272  0.0272  0.0271  0.0271  0.0271  0.0271  0.0271  0.0270  0.0270
  0.0270  0.0270  0.0270  0.0270  0.0271  0.0270  0.0270  0.0270  0.0270  0.0270  0.0270  0.0270
  0.0270  0.0270  0.0270  0.0270  0.0270  0.0270  0.0270  0.0270  0.0270  0.0270  0.0270  0.0270
  0.0270  0.0270  0.0270  0.0270  0.0270  0.0270  0.0270  0.0270  0.0270  0.0270  0.0270  0.0270
  0.0271  0.0271  0.0270  0.0271  0.0271  0.0271  0.0271  0.0271  0.0271  0.0271  0.0270  0.0270
  0.0272  0.0272  0.0271  0.0273  0.0274  0.0273  0.0272  0.0273  0.0272  0.0273  0.0271  0.0271
   -2.5098    3.7169   15.9932  -17.9198  -25.3705  -20.7061
    1.2446    0.4090   -1.2592   13.2094   -0.6199   -1.2048
eta,q 0.97302  5.76743

---------------------------------------------------------------------
compute_vox2vox talsrcimg talsrcimg_to_711-2C_as_mni_average_305_t4 /opt/freesurfer/average/711-2C_as_mni_average_305
---------------------------------------------------------------------

freesurfer compute_vox2vox.c
Reading: talsrcimg.4dfp.ifh
Reading: talsrcimg_to_711-2C_as_mni_average_305_t4
Reading: /opt/freesurfer/average/711-2C_as_mni_average_305.4dfp.ifh
Writing: talsrcimg_to_711-2C_as_mni_average_305_t4_vox2vox.txt

start time Wed Dec 13 20:49:18 UTC 2023
end		time Wed Dec 13 20:49:40 UTC 2023

mpr2mni305 success

avi2talxfm orig_nu.mgz /opt/freesurfer/average/mni305.cor.mgz talsrcimg_to_711-2C_as_mni_average_305_t4_vox2vox.txt transforms/talairach.auto.xfm
avi2talxfm done
mv -f /output/sourcedata/freesurfer/sub-2002/mri/talsrcimg_to_711-2C_as_mni_average_305_t4_vox2vox.txt /output/sourcedata/freesurfer/sub-2002/mri/transforms/talsrcimg_to_711-2C_as_mni_average_305_t4_vox2vox.txt
lta_convert --src orig_nu.mgz --trg /opt/freesurfer/average/mni305.cor.mgz --inxfm transforms/talairach.auto.xfm --outlta transforms/talairach.auto.xfm.lta --subject fsaverage
7.3.2

--src: orig_nu.mgz src image (geometry).
--trg: /opt/freesurfer/average/mni305.cor.mgz trg image (geometry).
--inmni: transforms/talairach.auto.xfm input MNI/XFM transform.
--outlta: transforms/talairach.auto.xfm.lta output LTA.
--s: fsaverage subject name
 LTA read, type : 1
 1.21799  -0.00289  -0.02036   2.08600;
 0.00981   1.25773   0.02014  -13.76971;
 0.01881  -0.22267   1.33604  -12.06464;
 0.00000   0.00000   0.00000   1.00000;
setting subject to fsaverage
Writing  LTA to file transforms/talairach.auto.xfm.lta...
lta_convert successful.
 
 
Started at Wed Dec 13 20:49:17 UTC 2023
Ended   at Wed Dec 13 20:49:41 UTC 2023
talairach_avi done
