Log file for defect2seg
Wed Dec 13 22:11:18 UTC 2023

setenv SUBJECTS_DIR /output/sourcedata/freesurfer
cd /output/sourcedata/freesurfer/sub-2002/scripts
/opt/freesurfer/bin/defect2seg --s sub-2002 --rh-only --cortex

freesurfer-linux-ubuntu22_x86_64-7.3.2-20220804-6354275
defect2seg 7.3.2
Linux 8aba84eda66e 5.15.133.1-microsoft-standard-WSL2 #1 SMP Thu Oct 5 21:02:42 UTC 2023 x86_64 x86_64 x86_64 GNU/Linux
pid 4077
mri_label2label --label-cortex /output/sourcedata/freesurfer/sub-2002/surf/rh.orig.nofix /output/sourcedata/freesurfer/sub-2002/mri/aseg.presurf.mgz 0 /output/sourcedata/freesurfer/sub-2002/label/rh.nofix.cortex.label

 Generating cortex label... RemoveHipAmgy=0
 NucAccIsMedialWall=0
 mris->useRealRAS=0
22 non-cortical segments detected
only using segment with 5638 vertices
erasing segment 1 (vno[0] = 26591)
erasing segment 2 (vno[0] = 28167)
erasing segment 3 (vno[0] = 30117)
erasing segment 4 (vno[0] = 33150)
erasing segment 5 (vno[0] = 34073)
erasing segment 6 (vno[0] = 34460)
erasing segment 7 (vno[0] = 37991)
erasing segment 8 (vno[0] = 38841)
erasing segment 9 (vno[0] = 47113)
erasing segment 10 (vno[0] = 51854)
erasing segment 11 (vno[0] = 54258)
erasing segment 12 (vno[0] = 56484)
erasing segment 13 (vno[0] = 58595)
erasing segment 14 (vno[0] = 59278)
erasing segment 15 (vno[0] = 59295)
erasing segment 16 (vno[0] = 59296)
erasing segment 17 (vno[0] = 64452)
erasing segment 18 (vno[0] = 64458)
erasing segment 19 (vno[0] = 65127)
erasing segment 20 (vno[0] = 71338)
erasing segment 21 (vno[0] = 74766)
mri_label2vol --defects /output/sourcedata/freesurfer/sub-2002/surf/rh.orig.nofix /output/sourcedata/freesurfer/sub-2002/surf/rh.defect_labels /output/sourcedata/freesurfer/sub-2002/mri/orig.mgz 2000 0 /output/sourcedata/freesurfer/sub-2002/mri/rh.surface.defects.mgz /output/sourcedata/freesurfer/sub-2002/label/rh.nofix.cortex.label
mri_label2vol supposed to be reproducible but seed not set
Contraining to label /output/sourcedata/freesurfer/sub-2002/label/rh.nofix.cortex.label
Changing input type 0 to MRI_INT
Converting defects to volume: offset=2000, merge=0
Writing to /output/sourcedata/freesurfer/sub-2002/mri/rh.surface.defects.mgz
mris_defects_pointset -s /output/sourcedata/freesurfer/sub-2002/surf/rh.orig.nofix -d /output/sourcedata/freesurfer/sub-2002/surf/rh.defect_labels -o /output/sourcedata/freesurfer/sub-2002/surf/rh.defects.pointset --label /output/sourcedata/freesurfer/sub-2002/label/rh.nofix.cortex.label
Reading in surface /output/sourcedata/freesurfer/sub-2002/surf/rh.orig.nofix
Reading in defect segmentation /output/sourcedata/freesurfer/sub-2002/surf/rh.defect_labels
Reading in label /output/sourcedata/freesurfer/sub-2002/label/rh.nofix.cortex.label
#VMPC# mris_defects_pointset 667964
mris_defects_pointset done
 
Started at Wed Dec 13 22:11:18 UTC 2023 
Ended   at Wed Dec 13 22:11:26 UTC 2023
Defect2seg-Run-Time-Sec 8
Defect2seg-Run-Time-Min 0.16
Defect2seg-Run-Time-Hours 0.00
 
defect2seg Done
