status file for recon-all
Wed Dec 13 20:47:20 UTC 2023
#@# MotionCor Wed Dec 13 20:47:22 UTC 2023
#@# Talairach Wed Dec 13 20:47:28 UTC 2023
#@# Talairach Failure Detection Wed Dec 13 20:49:43 UTC 2023
#@# Nu Intensity Correction Wed Dec 13 20:49:44 UTC 2023
#@# Intensity Normalization Wed Dec 13 20:51:47 UTC 2023
recon-all -s sub-2002 finished without error at Wed Dec 13 20:52:36 UTC 2023



#New# invocation of recon-all 



status file for recon-all
Wed Dec 13 20:58:53 UTC 2023
#@# EM Registration Wed Dec 13 20:58:53 UTC 2023
recon-all -s sub-2002 finished without error at Wed Dec 13 21:01:23 UTC 2023



#New# invocation of recon-all 



status file for recon-all
Wed Dec 13 21:01:27 UTC 2023
#@# CA Normalize Wed Dec 13 21:01:27 UTC 2023
#@# CA Reg Wed Dec 13 21:02:05 UTC 2023
#@# SubCort Seg Wed Dec 13 21:36:58 UTC 2023
#@# CC Seg Wed Dec 13 21:51:47 UTC 2023
#@# Merge ASeg Wed Dec 13 21:52:03 UTC 2023
#@# Intensity Normalization2 Wed Dec 13 21:52:04 UTC 2023
#@# Mask BFS Wed Dec 13 21:53:22 UTC 2023
#@# WM Segmentation Wed Dec 13 21:53:23 UTC 2023
#@# Fill Wed Dec 13 21:54:32 UTC 2023
recon-all -s sub-2002 finished without error at Wed Dec 13 21:55:16 UTC 2023



#New# invocation of recon-all 



status file for recon-all
Wed Dec 13 22:20:33 UTC 2023
#@# white curv lh Wed Dec 13 22:20:33 UTC 2023
#@# white area lh Wed Dec 13 22:20:34 UTC 2023
#@# pial curv lh Wed Dec 13 22:20:34 UTC 2023
#@# pial area lh Wed Dec 13 22:20:34 UTC 2023
#@# thickness lh Wed Dec 13 22:20:34 UTC 2023
#@# area and vertex vol lh Wed Dec 13 22:20:34 UTC 2023
#@# white curv rh Wed Dec 13 22:20:34 UTC 2023
#@# white area rh Wed Dec 13 22:20:34 UTC 2023
#@# pial curv rh Wed Dec 13 22:20:34 UTC 2023
#@# pial area rh Wed Dec 13 22:20:34 UTC 2023
#@# thickness rh Wed Dec 13 22:20:34 UTC 2023
#@# area and vertex vol rh Wed Dec 13 22:20:34 UTC 2023
#@# Cortical ribbon mask Wed Dec 13 22:20:34 UTC 2023
recon-all -s sub-2002 finished without error at Wed Dec 13 22:22:02 UTC 2023



#New# invocation of recon-all 



status file for recon-all
Wed Dec 13 22:26:24 UTC 2023
#@# white curv lh Wed Dec 13 22:26:25 UTC 2023
#@# white area lh Wed Dec 13 22:26:25 UTC 2023
#@# pial curv lh Wed Dec 13 22:26:25 UTC 2023
#@# pial area lh Wed Dec 13 22:26:25 UTC 2023
#@# thickness lh Wed Dec 13 22:26:25 UTC 2023
#@# area and vertex vol lh Wed Dec 13 22:26:25 UTC 2023
#@# white curv rh Wed Dec 13 22:26:25 UTC 2023
#@# white area rh Wed Dec 13 22:26:25 UTC 2023
#@# pial curv rh Wed Dec 13 22:26:25 UTC 2023
#@# pial area rh Wed Dec 13 22:26:25 UTC 2023
#@# thickness rh Wed Dec 13 22:26:25 UTC 2023
#@# area and vertex vol rh Wed Dec 13 22:26:25 UTC 2023
#@# Curvature Stats lh Wed Dec 13 22:26:25 UTC 2023
#@# Curvature Stats rh Wed Dec 13 22:26:27 UTC 2023
#@# Relabel Hypointensities Wed Dec 13 22:26:29 UTC 2023
#@# APas-to-ASeg Wed Dec 13 22:26:37 UTC 2023
#@# AParc-to-ASeg aparc Wed Dec 13 22:26:44 UTC 2023
#@# AParc-to-ASeg aparc.a2009s Wed Dec 13 22:27:00 UTC 2023
#@# AParc-to-ASeg aparc.DKTatlas Wed Dec 13 22:27:16 UTC 2023
#@# WMParc Wed Dec 13 22:27:32 UTC 2023
#@# ASeg Stats Wed Dec 13 22:29:15 UTC 2023
recon-all -s sub-2002 finished without error at Wed Dec 13 22:29:43 UTC 2023
