status file for recon-all
Wed Dec 13 21:55:23 UTC 2023
#@# Tessellate lh Wed Dec 13 21:55:23 UTC 2023
#@# Smooth1 lh Wed Dec 13 21:55:26 UTC 2023
#@# Inflation1 lh Wed Dec 13 21:55:28 UTC 2023
#@# QSphere lh Wed Dec 13 21:55:32 UTC 2023
#@# Fix Topology lh Wed Dec 13 21:55:57 UTC 2023
#@# Smooth2 lh Wed Dec 13 22:03:11 UTC 2023
#@# Inflation2 lh Wed Dec 13 22:03:13 UTC 2023
#@# Curv .H and .K lh Wed Dec 13 22:03:18 UTC 2023
#@# Sphere lh Wed Dec 13 22:03:42 UTC 2023
#@# Surf Reg lh Wed Dec 13 22:05:05 UTC 2023
#@# Jacobian white lh Wed Dec 13 22:06:28 UTC 2023
#@# AvgCurv lh Wed Dec 13 22:06:29 UTC 2023
#@# Cortical Parc lh Wed Dec 13 22:06:29 UTC 2023
#@# white curv lh Wed Dec 13 22:09:14 UTC 2023
#@# white area lh Wed Dec 13 22:09:15 UTC 2023
#@# pial curv lh Wed Dec 13 22:09:15 UTC 2023
#@# pial area lh Wed Dec 13 22:09:16 UTC 2023
#@# thickness lh Wed Dec 13 22:09:17 UTC 2023
#@# area and vertex vol lh Wed Dec 13 22:09:29 UTC 2023
#@# Curvature Stats lh Wed Dec 13 22:09:31 UTC 2023
#@# Cortical Parc 2 lh Wed Dec 13 22:09:32 UTC 2023
#@# Cortical Parc 3 lh Wed Dec 13 22:09:40 UTC 2023
#@# WM/GM Contrast lh Wed Dec 13 22:09:45 UTC 2023
recon-all -s sub-2002 finished without error at Wed Dec 13 22:09:49 UTC 2023



#New# invocation of recon-all 



status file for recon-all
Wed Dec 13 22:22:08 UTC 2023
#@# white curv lh Wed Dec 13 22:22:08 UTC 2023
#@# white area lh Wed Dec 13 22:22:08 UTC 2023
#@# pial curv lh Wed Dec 13 22:22:08 UTC 2023
#@# pial area lh Wed Dec 13 22:22:08 UTC 2023
#@# thickness lh Wed Dec 13 22:22:08 UTC 2023
#@# area and vertex vol lh Wed Dec 13 22:22:08 UTC 2023
#@# Parcellation Stats lh Wed Dec 13 22:22:08 UTC 2023
#@# Parcellation Stats 2 lh Wed Dec 13 22:22:17 UTC 2023
#@# Parcellation Stats 3 lh Wed Dec 13 22:22:21 UTC 2023
#@# BA_exvivo Labels lh Wed Dec 13 22:22:26 UTC 2023
recon-all -s sub-2002 finished without error at Wed Dec 13 22:24:08 UTC 2023
