/output/sourcedata/freesurfer/sub-2001/mri
/opt/freesurfer/bin/talairach_avi
--i orig_nu.mgz --xfm transforms/talairach.auto.xfm
talairach_avi 7.3.2
Linux 571c2ab4ed43 5.15.133.1-microsoft-standard-WSL2 #1 SMP Thu Oct 5 21:02:42 UTC 2023 x86_64 x86_64 x86_64 GNU/Linux
Wed Dec 13 18:31:27 UTC 2023
mri_convert orig_nu.mgz talsrcimg.img 
reading from orig_nu.mgz...
TR=0.00, TE=0.00, TI=0.00, flip angle=0.00
i_ras = (-1, 0, 0)
j_ras = (0, 0, -1)
k_ras = (0, 1, 0)
writing to talsrcimg.img...
Analyze Output Matrix
-1.00000   0.00000   0.00000   130.00000;
 0.00000   0.00000   1.00000  -134.00000;
 0.00000  -1.00000   0.00000   136.00000;
 0.00000   0.00000   0.00000   1.00000;
--------------------
INFO: set hdr.hist.orient to -1
mpr2mni305 talsrcimg
Wed Dec 13 18:31:28 UTC 2023
/opt/freesurfer/bin/mpr2mni305 talsrcimg
mpr2mni305 7.3.2
target=711-2C_as_mni_average_305

---------------------------------------------------------------------
analyzeto4dfp talsrcimg -O0 -y
---------------------------------------------------------------------

freesurfer ifh2hdr.c
Wed Dec 13 18:31:29 2023
Writing: talsrcimg.4dfp.hdr
freesurfer analyzeto4dfp.c
Reading: talsrcimg.hdr
header size 348 bytes
hdr.dime.datatype	offset=70	value=2
hdr.dime.bitpix		offset=72	value=8
hdr.hist.orient		offset=252	value=-1
dimensionality     4
dimensions       256       256       256         1
Reading: talsrcimg.img
Writing: talsrcimg.4dfp.img
Writing: talsrcimg.4dfp.ifh
ifh2hdr talsrcimg -r0to255
ori=2

---------------------------------------------------------------------
gauss_4dfp talsrcimg 1.1
---------------------------------------------------------------------

freesurfer gauss_4dfp.c
Reading: talsrcimg.4dfp.img
Writing: talsrcimg_g11.4dfp.img
image dimensions 256 256 256 padded to 288 288 288
processing volume 1freesurfer ifh2hdr.c
Wed Dec 13 18:31:34 2023
Writing: talsrcimg_g11.4dfp.hdr

Writing: talsrcimg_g11.4dfp.ifh
including: talsrcimg.4dfp.img.rec in talsrcimg_g11.4dfp.img.rec

---------------------------------------------------------------------
imgreg_4dfp /opt/freesurfer/average/711-2C_as_mni_average_305 none talsrcimg_g11 none talsrcimg_to_711-2C_as_mni_average_305_t4 4355
---------------------------------------------------------------------

freesurfer imgreg_4dfp.c
/opt/freesurfer/average/711-2C_as_mni_average_305.4dfp.img
       256       256       256         1
  1.000000  1.000000  1.000000
orientation T byte_order littleendian
Reading image: /opt/freesurfer/average/711-2C_as_mni_average_305.4dfp.img
dimensions:      256       256       256
mmppix:       1.0000   -1.0000   -1.0000
center:     128.0000 -129.0000 -129.0000
talsrcimg_g11.4dfp.img
       256       256       256         1
  1.000000  1.000000  1.000000
orientation T byte_order littleendian
Reading image: talsrcimg_g11.4dfp.img
dimensions:      256       256       256
mmppix:       1.0000   -1.0000   -1.0000
center:     128.0000 -129.0000 -129.0000
t4_read: open error in t4_sub.f l:  41 t4_file(1:l)talsrcimg_to_711-2C_as_mni_average_305_t4 
t4_read: transform initialized to I4
rotation matrix determinant  1.000000
image alignment mode   4355 decimal     1103 hex
   -7.5000  -45.0000  -45.0000 6599.4683   18.7182
    0.0000  -45.0000  -45.0000 6919.2739   18.7203
    7.5000  -45.0000  -45.0000 6604.8335   18.7245
   -7.5000  -37.5000  -45.0000 7016.0835   18.7185
    0.0000  -37.5000  -45.0000 7346.6890   18.7210
    7.5000  -37.5000  -45.0000 7024.9355   18.7286
   -7.5000  -30.0000  -45.0000 7682.0312   18.7227
    0.0000  -30.0000  -45.0000 8037.1694   18.7243
    7.5000  -30.0000  -45.0000 7671.7983   18.7328
   -7.5000  -22.5000  -45.0000 8326.4961   18.7259
    0.0000  -22.5000  -45.0000 8681.1406   18.7257
    7.5000  -22.5000  -45.0000 8275.5215   18.7315
   -7.5000  -15.0000  -45.0000 8901.3936   18.7239
    0.0000  -15.0000  -45.0000 9284.0859   18.7230
    7.5000  -15.0000  -45.0000 8824.8906   18.7268
   -7.5000   -7.5000  -45.0000 9399.1045   18.7203
    0.0000   -7.5000  -45.0000 9807.8564   18.7209
    7.5000   -7.5000  -45.0000 9327.8828   18.7241
   -7.5000    0.0000  -45.0000 9789.8145   18.7182
    0.0000    0.0000  -45.000010183.6006   18.7203
    7.5000    0.0000  -45.0000 9722.9961   18.7245
   -7.5000    7.5000  -45.0000 9400.0762   18.7185
    0.0000    7.5000  -45.0000 9789.9541   18.7210
    7.5000    7.5000  -45.0000 9374.4902   18.7286
   -7.5000   15.0000  -45.0000 8996.4629   18.7227
    0.0000   15.0000  -45.0000 9350.8584   18.7243
    7.5000   15.0000  -45.0000 8967.9414   18.7328
   -7.5000   22.5000  -45.0000 8581.5332   18.7234
    0.0000   22.5000  -45.0000 8906.5977   18.7231
    7.5000   22.5000  -45.0000 8531.9150   18.7289
   -7.5000   30.0000  -45.0000 8074.7622   18.4744
    0.0000   30.0000  -45.0000 8386.0811   18.4735
    7.5000   30.0000  -45.0000 8013.6499   18.4773
   -7.5000   37.5000  -45.0000 7796.4175   18.4708
    0.0000   37.5000  -45.0000 8099.6045   18.4714
    7.5000   37.5000  -45.0000 7728.8315   18.4746
   -7.5000   45.0000  -45.0000 7176.3408   17.9998
    0.0000   45.0000  -45.0000 7449.5825   18.0018
    7.5000   45.0000  -45.0000 7096.3130   18.0059
   -7.5000  -45.0000  -37.5000 7084.7002   18.7190
    0.0000  -45.0000  -37.5000 7419.1777   18.7232
    7.5000  -45.0000  -37.5000 7081.0513   18.7291
   -7.5000  -37.5000  -37.5000 7537.3643   18.7161
    0.0000  -37.5000  -37.5000 7878.0840   18.7207
    7.5000  -37.5000  -37.5000 7527.5322   18.7300
   -7.5000  -30.0000  -37.5000 8231.7891   18.7148
    0.0000  -30.0000  -37.5000 8594.4160   18.7184
    7.5000  -30.0000  -37.5000 8197.3525   18.7296
   -7.5000  -22.5000  -37.5000 8895.0469   18.7158
    0.0000  -22.5000  -37.5000 9270.2568   18.7175
    7.5000  -22.5000  -37.5000 8826.5254   18.7273
   -7.5000  -15.0000  -37.5000 9482.3086   18.7165
    0.0000  -15.0000  -37.5000 9888.3691   18.7177
    7.5000  -15.0000  -37.5000 9414.7871   18.7255
   -7.5000   -7.5000  -37.500010012.6768   18.7184
    0.0000   -7.5000  -37.500010420.7705   18.7211
    7.5000   -7.5000  -37.5000 9947.0156   18.7269
   -7.5000    0.0000  -37.500010418.0205   18.7190
    0.0000    0.0000  -37.500010844.9619   18.7232
    7.5000    0.0000  -37.500010376.5625   18.7291
   -7.5000    7.5000  -37.500010028.7666   18.7161
    0.0000    7.5000  -37.500010434.4609   18.7207
    7.5000    7.5000  -37.500010004.2607   18.7300
   -7.5000   15.0000  -37.5000 9617.2031   18.7148
    0.0000   15.0000  -37.5000 9984.3252   18.7184
    7.5000   15.0000  -37.5000 9578.7158   18.7296
   -7.5000   22.5000  -37.5000 9127.2812   18.7132
    0.0000   22.5000  -37.5000 9459.2881   18.7150
    7.5000   22.5000  -37.5000 9051.3311   18.7248
   -7.5000   30.0000  -37.5000 8563.1436   18.4671
    0.0000   30.0000  -37.5000 8876.0156   18.4683
    7.5000   30.0000  -37.5000 8472.8047   18.4760
   -7.5000   37.5000  -37.5000 8258.2393   18.4690
    0.0000   37.5000  -37.5000 8554.4414   18.4716
    7.5000   37.5000  -37.5000 8163.6758   18.4774
   -7.5000   45.0000  -37.5000 7609.9927   18.0006
    0.0000   45.0000  -37.5000 7877.5068   18.0046
    7.5000   45.0000  -37.5000 7513.9033   18.0103
   -7.5000  -45.0000  -30.0000 7730.4360   19.5076
    0.0000  -45.0000  -30.0000 8090.7192   19.5155
    7.5000  -45.0000  -30.0000 7710.9111   19.5219
   -7.5000  -37.5000  -30.0000 8216.9658   19.5060
    0.0000  -37.5000  -30.0000 8583.3516   19.5164
    7.5000  -37.5000  -30.0000 8184.4727   19.5274
   -7.5000  -30.0000  -30.0000 8956.2754   19.5007
    0.0000  -30.0000  -30.0000 9339.8340   19.5106
    7.5000  -30.0000  -30.0000 8904.7607   19.5251
   -7.5000  -22.5000  -30.0000 9631.1709   19.4966
    0.0000  -22.5000  -30.000010029.9600   19.5025
    7.5000  -22.5000  -30.0000 9557.5557   19.5159
   -7.5000  -15.0000  -30.000010252.7324   19.4955
    0.0000  -15.0000  -30.000010664.5596   19.4986
    7.5000  -15.0000  -30.000010180.7764   19.5087
   -7.5000   -7.5000  -30.000010796.8584   19.5012
    0.0000   -7.5000  -30.000011234.6602   19.5057
    7.5000   -7.5000  -30.000010763.2666   19.5123
   -7.5000    0.0000  -30.000011234.6084   19.5076
    0.0000    0.0000  -30.000011696.9932   19.5155
    7.5000    0.0000  -30.000011218.7871   19.5219
   -7.5000    7.5000  -30.000010837.2607   19.5060
    0.0000    7.5000  -30.000011256.0713   19.5164
    7.5000    7.5000  -30.000010805.7998   19.5274
   -7.5000   15.0000  -30.000010383.2949   19.5007
    0.0000   15.0000  -30.000010768.2412   19.5106
    7.5000   15.0000  -30.000010331.2363   19.5251
   -7.5000   22.5000  -30.0000 9797.2842   19.4919
    0.0000   22.5000  -30.000010147.4131   19.4978
    7.5000   22.5000  -30.0000 9713.0078   19.5112
   -7.5000   30.0000  -30.0000 9148.0127   19.2375
    0.0000   30.0000  -30.0000 9463.8770   19.2406
    7.5000   30.0000  -30.0000 9053.0820   19.2506
   -7.5000   37.5000  -30.0000 8805.7754   19.2431
    0.0000   37.5000  -30.0000 9099.4453   19.2476
    7.5000   37.5000  -30.0000 8701.7627   19.2541
   -7.5000   45.0000  -30.0000 8116.7412   18.7727
    0.0000   45.0000  -30.0000 8389.4404   18.7803
    7.5000   45.0000  -30.0000 8027.4629   18.7864
   -7.5000  -45.0000  -22.5000 8379.6562   20.1765
    0.0000  -45.0000  -22.5000 8753.3301   20.1856
    7.5000  -45.0000  -22.5000 8341.9814   20.1908
   -7.5000  -37.5000  -22.5000 8900.9111   20.1801
    0.0000  -37.5000  -22.5000 9279.8682   20.1937
    7.5000  -37.5000  -22.5000 8847.4805   20.2050
   -7.5000  -30.0000  -22.5000 9666.7930   20.1775
    0.0000  -30.0000  -22.500010057.5107   20.1911
    7.5000  -30.0000  -22.5000 9601.0303   20.2063
   -7.5000  -22.5000  -22.500010345.9629   20.1711
    0.0000  -22.5000  -22.500010750.0957   20.1789
    7.5000  -22.5000  -22.500010283.5439   20.1917
   -7.5000  -15.0000  -22.500010983.2568   20.1652
    0.0000  -15.0000  -22.500011405.0879   20.1681
    7.5000  -15.0000  -22.500010923.5645   20.1759
   -7.5000   -7.5000  -22.500011537.9854   20.1679
    0.0000   -7.5000  -22.500011987.5225   20.1722
    7.5000   -7.5000  -22.500011515.2969   20.1764
   -7.5000    0.0000  -22.500011990.6445   20.1765
    0.0000    0.0000  -22.500012463.6602   20.1856
    7.5000    0.0000  -22.500011992.7725   20.1908
   -7.5000    7.5000  -22.500011590.4902   20.1801
    0.0000    7.5000  -22.500012030.8906   20.1937
    7.5000    7.5000  -22.500011563.6865   20.2050
   -7.5000   15.0000  -22.500011096.6846   20.1775
    0.0000   15.0000  -22.500011489.1289   20.1911
    7.5000   15.0000  -22.500011042.6240   20.2063
   -7.5000   22.5000  -22.500010419.6104   20.1649
    0.0000   22.5000  -22.500010789.1318   20.1727
    7.5000   22.5000  -22.500010359.9375   20.1854
   -7.5000   30.0000  -22.5000 9685.5566   19.9015
    0.0000   30.0000  -22.500010008.4170   19.9043
    7.5000   30.0000  -22.5000 9609.7451   19.9120
   -7.5000   37.5000  -22.5000 9309.9805   19.9041
    0.0000   37.5000  -22.5000 9604.1113   19.9083
    7.5000   37.5000  -22.5000 9228.0586   19.9125
   -7.5000   45.0000  -22.5000 8577.5459   19.4310
    0.0000   45.0000  -22.5000 8857.3799   19.4397
    7.5000   45.0000  -22.5000 8504.9258   19.4447
   -7.5000  -45.0000  -15.0000 9039.3604   20.6578
    0.0000  -45.0000  -15.0000 9423.3096   20.6661
    7.5000  -45.0000  -15.0000 9010.0420   20.6700
   -7.5000  -37.5000  -15.0000 9577.8818   20.6650
    0.0000  -37.5000  -15.0000 9974.2363   20.6772
    7.5000  -37.5000  -15.0000 9528.9121   20.6878
   -7.5000  -30.0000  -15.000010359.7891   20.6689
    0.0000  -30.0000  -15.000010770.3770   20.6804
    7.5000  -30.0000  -15.000010310.5791   20.6944
   -7.5000  -22.5000  -15.000011031.4844   20.6656
    0.0000  -22.5000  -15.000011453.1914   20.6708
    7.5000  -22.5000  -15.000011006.8408   20.6804
   -7.5000  -15.0000  -15.000011657.2920   20.6566
    0.0000  -15.0000  -15.000012107.3828   20.6573
    7.5000  -15.0000  -15.000011640.7852   20.6614
   -7.5000   -7.5000  -15.000012215.6260   20.6528
    0.0000   -7.5000  -15.000012692.8330   20.6559
    7.5000   -7.5000  -15.000012212.2861   20.6576
   -7.5000    0.0000  -15.000012669.4668   20.6578
    0.0000    0.0000  -15.000013191.2500   20.6661
    7.5000    0.0000  -15.000012699.1377   20.6700
   -7.5000    7.5000  -15.000012245.2803   20.6650
    0.0000    7.5000  -15.000012717.6533   20.6772
    7.5000    7.5000  -15.000012251.9883   20.6878
   -7.5000   15.0000  -15.000011725.7432   20.6689
    0.0000   15.0000  -15.000012136.3818   20.6804
    7.5000   15.0000  -15.000011686.9658   20.6944
   -7.5000   22.5000  -15.000010994.0371   20.6582
    0.0000   22.5000  -15.000011367.1074   20.6634
    7.5000   22.5000  -15.000010955.1777   20.6731
   -7.5000   30.0000  -15.000010176.2559   20.3893
    0.0000   30.0000  -15.000010498.7012   20.3900
    7.5000   30.0000  -15.000010128.1738   20.3940
   -7.5000   37.5000  -15.0000 9758.8955   20.3855
    0.0000   37.5000  -15.000010053.7119   20.3885
    7.5000   37.5000  -15.0000 9705.1680   20.3903
   -7.5000   45.0000  -15.0000 8989.0156   19.9065
    0.0000   45.0000  -15.0000 9282.6924   19.9145
    7.5000   45.0000  -15.0000 8950.4473   19.9183
   -7.5000  -45.0000   -7.5000 9715.2666   20.8995
    0.0000  -45.0000   -7.500010120.8652   20.9046
    7.5000  -45.0000   -7.5000 9672.5361   20.9085
   -7.5000  -37.5000   -7.500010263.5225   20.9049
    0.0000  -37.5000   -7.500010684.5605   20.9121
    7.5000  -37.5000   -7.500010198.3242   20.9213
   -7.5000  -30.0000   -7.500011068.6680   20.9122
    0.0000  -30.0000   -7.500011506.0801   20.9180
    7.5000  -30.0000   -7.500011002.3340   20.9290
   -7.5000  -22.5000   -7.500011725.5625   20.9134
    0.0000  -22.5000   -7.500012176.7344   20.9148
    7.5000  -22.5000   -7.500011696.9385   20.9214
   -7.5000  -15.0000   -7.500012332.6455   20.9064
    0.0000  -15.0000   -7.500012807.3711   20.9051
    7.5000  -15.0000   -7.500012316.6914   20.9077
   -7.5000   -7.5000   -7.500012888.9033   20.8996
    0.0000   -7.5000   -7.500013405.4307   20.9009
    7.5000   -7.5000   -7.500012880.2207   20.9025
   -7.5000    0.0000   -7.500013384.0615   20.8995
    0.0000    0.0000   -7.500013928.5264   20.9046
    7.5000    0.0000   -7.500013395.2939   20.9085
   -7.5000    7.5000   -7.500012911.4365   20.9049
    0.0000    7.5000   -7.500013419.0068   20.9121
    7.5000    7.5000   -7.500012921.1846   20.9213
   -7.5000   15.0000   -7.500012294.1924   20.9122
    0.0000   15.0000   -7.500012751.3252   20.9180
    7.5000   15.0000   -7.500012297.4893   20.9290
   -7.5000   22.5000   -7.500011525.9072   20.9038
    0.0000   22.5000   -7.500011916.6377   20.9051
    7.5000   22.5000   -7.500011510.4697   20.9117
   -7.5000   30.0000   -7.500010636.6992   20.6352
    0.0000   30.0000   -7.500010980.1387   20.6340
    7.5000   30.0000   -7.500010624.1494   20.6366
   -7.5000   37.5000   -7.500010149.1602   20.6286
    0.0000   37.5000   -7.500010461.8271   20.6298
    7.5000   37.5000   -7.500010146.1133   20.6315
   -7.5000   45.0000   -7.5000 9355.2090   20.1432
    0.0000   45.0000   -7.5000 9638.4805   20.1481
    7.5000   45.0000   -7.5000 9350.4502   20.1518
   -7.5000  -45.0000    0.000010360.6680   20.9444
    0.0000  -45.0000    0.000010793.2637   20.9468
    7.5000  -45.0000    0.000010305.0156   20.9517
   -7.5000  -37.5000    0.000010928.8125   20.9448
    0.0000  -37.5000    0.000011389.8008   20.9476
    7.5000  -37.5000    0.000010843.2773   20.9562
   -7.5000  -30.0000    0.000011726.0459   20.9495
    0.0000  -30.0000    0.000012189.2383   20.9513
    7.5000  -30.0000    0.000011648.1709   20.9608
   -7.5000  -22.5000    0.000012314.9238   20.9531
    0.0000  -22.5000    0.000012805.8115   20.9529
    7.5000  -22.5000    0.000012331.6592   20.9594
   -7.5000  -15.0000    0.000012894.8965   20.9508
    0.0000  -15.0000    0.000013420.0869   20.9499
    7.5000  -15.0000    0.000012923.3867   20.9543
   -7.5000   -7.5000    0.000013507.8955   20.9467
    0.0000   -7.5000    0.000014079.0527   20.9475
    7.5000   -7.5000    0.000013500.9443   20.9513
   -7.5000    0.0000    0.000014057.2217   20.9444
    0.0000    0.0000    0.000014643.7520   20.9468
    7.5000    0.0000    0.000014036.4287   20.9517
   -7.5000    7.5000    0.000013524.6387   20.9448
    0.0000    7.5000    0.000014065.7285   20.9476
    7.5000    7.5000    0.000013512.8447   20.9562
   -7.5000   15.0000    0.000012800.5723   20.9495
    0.0000   15.0000    0.000013291.1729   20.9513
    7.5000   15.0000    0.000012808.3672   20.9608
   -7.5000   22.5000    0.000011946.7695   20.9434
    0.0000   22.5000    0.000012365.7178   20.9432
    7.5000   22.5000    0.000011959.3525   20.9498
   -7.5000   30.0000    0.000011005.7070   20.6796
    0.0000   30.0000    0.000011390.0801   20.6788
    7.5000   30.0000    0.000011036.0537   20.6831
   -7.5000   37.5000    0.000010487.6543   20.6756
    0.0000   37.5000    0.000010814.5166   20.6764
    7.5000   37.5000    0.000010497.5908   20.6801
   -7.5000   45.0000    0.0000 9630.3076   20.1880
    0.0000   45.0000    0.0000 9911.3008   20.1903
    7.5000   45.0000    0.0000 9637.1621   20.1950
   -7.5000  -45.0000    7.500010238.8623   20.9471
    0.0000  -45.0000    7.500010690.0322   20.9518
    7.5000  -45.0000    7.500010188.1064   20.9584
   -7.5000  -37.5000    7.500010789.4814   20.9438
    0.0000  -37.5000    7.500011251.8691   20.9490
    7.5000  -37.5000    7.500010681.7764   20.9593
   -7.5000  -30.0000    7.500011490.0400   20.9424
    0.0000  -30.0000    7.500011947.6748   20.9464
    7.5000  -30.0000    7.500011417.7275   20.9589
   -7.5000  -22.5000    7.500011950.4727   20.9435
    0.0000  -22.5000    7.500012422.0371   20.9454
    7.5000  -22.5000    7.500012017.2236   20.9564
   -7.5000  -15.0000    7.500012503.1357   20.9442
    0.0000  -15.0000    7.500013038.6611   20.9456
    7.5000  -15.0000    7.500012575.5049   20.9544
   -7.5000   -7.5000    7.500013157.3916   20.9464
    0.0000   -7.5000    7.500013745.5977   20.9494
    7.5000   -7.5000    7.500013142.9844   20.9559
   -7.5000    0.0000    7.500013696.9512   20.9471
    0.0000    0.0000    7.500014294.0391   20.9518
    7.5000    0.0000    7.500013637.7588   20.9584
   -7.5000    7.5000    7.500013138.2451   20.9438
    0.0000    7.5000    7.500013680.8291   20.9490
    7.5000    7.5000    7.500013087.6738   20.9593
   -7.5000   15.0000    7.500012390.1328   20.9424
    0.0000   15.0000    7.500012863.9883   20.9464
    7.5000   15.0000    7.500012368.9287   20.9589
   -7.5000   22.5000    7.500011507.9980   20.9338
    0.0000   22.5000    7.500011940.7402   20.9358
    7.5000   22.5000    7.500011519.8867   20.9467
   -7.5000   30.0000    7.500010579.2402   20.6732
    0.0000   30.0000    7.500010944.3525   20.6746
    7.5000   30.0000    7.500010614.2861   20.6832
   -7.5000   37.5000    7.500010072.7881   20.6754
    0.0000   37.5000    7.500010394.2090   20.6783
    7.5000   37.5000    7.500010094.9395   20.6847
   -7.5000   45.0000    7.5000 9214.4971   20.1906
    0.0000   45.0000    7.5000 9487.4072   20.1951
    7.5000   45.0000    7.5000 9226.9307   20.2014
   -7.5000  -45.0000   15.0000 9974.9033   20.9480
    0.0000  -45.0000   15.000010428.7031   20.9564
    7.5000  -45.0000   15.0000 9925.0771   20.9633
   -7.5000  -37.5000   15.000010509.5713   20.9463
    0.0000  -37.5000   15.000010984.0713   20.9574
    7.5000  -37.5000   15.000010418.3564   20.9693
   -7.5000  -30.0000   15.000011157.6992   20.9405
    0.0000  -30.0000   15.000011605.7754   20.9511
    7.5000  -30.0000   15.000011123.8008   20.9667
   -7.5000  -22.5000   15.000011559.9951   20.9361
    0.0000  -22.5000   15.000012002.3994   20.9425
    7.5000  -22.5000   15.000011651.0283   20.9569
   -7.5000  -15.0000   15.000012118.2744   20.9350
    0.0000  -15.0000   15.000012632.9844   20.9383
    7.5000  -15.0000   15.000012178.2822   20.9491
   -7.5000   -7.5000   15.000012788.3076   20.9410
    0.0000   -7.5000   15.000013378.8193   20.9460
    7.5000   -7.5000   15.000012752.1953   20.9530
   -7.5000    0.0000   15.000013274.8584   20.9480
    0.0000    0.0000   15.000013884.7852   20.9564
    7.5000    0.0000   15.000013192.5820   20.9633
   -7.5000    7.5000   15.000012686.1846   20.9463
    0.0000    7.5000   15.000013238.9512   20.9574
    7.5000    7.5000   15.000012601.6934   20.9693
   -7.5000   15.0000   15.000011930.6875   20.9405
    0.0000   15.0000   15.000012409.3271   20.9511
    7.5000   15.0000   15.000011878.6387   20.9667
   -7.5000   22.5000   15.000011045.2705   20.9265
    0.0000   22.5000   15.000011474.3438   20.9329
    7.5000   22.5000   15.000011051.7520   20.9473
   -7.5000   30.0000   15.000010147.7627   20.6640
    0.0000   30.0000   15.000010493.0020   20.6674
    7.5000   30.0000   15.000010191.1738   20.6780
   -7.5000   37.5000   15.0000 9640.2715   20.6700
    0.0000   37.5000   15.0000 9939.2871   20.6749
    7.5000   37.5000   15.0000 9672.7578   20.6818
   -7.5000   45.0000   15.0000 8794.7461   20.1914
    0.0000   45.0000   15.0000 9038.0547   20.1996
    7.5000   45.0000   15.0000 8811.7969   20.2062
   -7.5000  -45.0000   22.5000 9578.5352   20.9448
    0.0000  -45.0000   22.500010012.8301   20.9543
    7.5000  -45.0000   22.5000 9540.1445   20.9596
   -7.5000  -37.5000   22.500010099.6201   20.9486
    0.0000  -37.5000   22.500010547.9697   20.9627
    7.5000  -37.5000   22.500010047.4561   20.9744
   -7.5000  -30.0000   22.500010739.8057   20.9458
    0.0000  -30.0000   22.500011181.3281   20.9599
    7.5000  -30.0000   22.500010749.0645   20.9758
   -7.5000  -22.5000   22.500011239.2793   20.9392
    0.0000  -22.5000   22.500011674.6943   20.9473
    7.5000  -22.5000   22.500011292.0664   20.9606
   -7.5000  -15.0000   22.500011811.5107   20.9331
    0.0000  -15.0000   22.500012294.2373   20.9361
    7.5000  -15.0000   22.500011803.7900   20.9442
   -7.5000   -7.5000   22.500012371.4053   20.9359
    0.0000   -7.5000   22.500012903.6387   20.9403
    7.5000   -7.5000   22.500012301.6006   20.9447
   -7.5000    0.0000   22.500012772.5439   20.9448
    0.0000    0.0000   22.500013330.3789   20.9543
    7.5000    0.0000   22.500012688.3691   20.9596
   -7.5000    7.5000   22.500012163.7402   20.9486
    0.0000    7.5000   22.500012684.7461   20.9627
    7.5000    7.5000   22.500012090.0576   20.9744
   -7.5000   15.0000   22.500011437.7031   20.9458
    0.0000   15.0000   22.500011888.1523   20.9599
    7.5000   15.0000   22.500011388.5010   20.9758
   -7.5000   22.5000   22.500010613.7568   20.9296
    0.0000   22.5000   22.500010989.7510   20.9377
    7.5000   22.5000   22.500010604.4902   20.9509
   -7.5000   30.0000   22.5000 9772.7412   20.6622
    0.0000   30.0000   22.500010087.2236   20.6651
    7.5000   30.0000   22.5000 9798.9082   20.6731
   -7.5000   37.5000   22.5000 9271.5596   20.6649
    0.0000   37.5000   22.5000 9542.5107   20.6693
    7.5000   37.5000   22.5000 9300.2627   20.6737
   -7.5000   45.0000   22.5000 8429.4502   20.1884
    0.0000   45.0000   22.5000 8655.8438   20.1975
    7.5000   45.0000   22.5000 8446.1973   20.2027
   -7.5000  -45.0000   30.0000 9073.5742   20.9413
    0.0000  -45.0000   30.0000 9486.0342   20.9497
    7.5000  -45.0000   30.0000 9046.0254   20.9537
   -7.5000  -37.5000   30.0000 9556.4521   20.9486
    0.0000  -37.5000   30.0000 9976.3691   20.9609
    7.5000  -37.5000   30.0000 9543.0322   20.9717
   -7.5000  -30.0000   30.000010224.2480   20.9525
    0.0000  -30.0000   30.000010650.0088   20.9642
    7.5000  -30.0000   30.000010239.1709   20.9784
   -7.5000  -22.5000   30.000010835.7314   20.9492
    0.0000  -22.5000   30.000011274.6787   20.9544
    7.5000  -22.5000   30.000010841.3018   20.9642
   -7.5000  -15.0000   30.000011443.9658   20.9401
    0.0000  -15.0000   30.000011920.8066   20.9408
    7.5000  -15.0000   30.000011396.1963   20.9450
   -7.5000   -7.5000   30.000011932.8887   20.9362
    0.0000   -7.5000   30.000012407.5684   20.9393
    7.5000   -7.5000   30.000011850.1221   20.9411
   -7.5000    0.0000   30.000012251.7461   20.9413
    0.0000    0.0000   30.000012705.1895   20.9497
    7.5000    0.0000   30.000012167.6016   20.9537
   -7.5000    7.5000   30.000011650.6035   20.9486
    0.0000    7.5000   30.000012078.8936   20.9609
    7.5000    7.5000   30.000011591.5176   20.9717
   -7.5000   15.0000   30.000010968.0742   20.9525
    0.0000   15.0000   30.000011329.8613   20.9642
    7.5000   15.0000   30.000010929.7158   20.9784
   -7.5000   22.5000   30.000010207.5674   20.9395
    0.0000   22.5000   30.000010528.8379   20.9448
    7.5000   22.5000   30.000010205.2119   20.9546
   -7.5000   30.0000   30.0000 9423.8555   20.6691
    0.0000   30.0000   30.0000 9705.6006   20.6698
    7.5000   30.0000   30.0000 9438.0371   20.6739
   -7.5000   37.5000   30.0000 8933.4248   20.6653
    0.0000   37.5000   30.0000 9207.6455   20.6683
    7.5000   37.5000   30.0000 8931.2529   20.6701
   -7.5000   45.0000   30.0000 8089.8516   20.1850
    0.0000   45.0000   30.0000 8344.7783   20.1931
    7.5000   45.0000   30.0000 8089.0156   20.1969
   -7.5000  -45.0000   37.5000 8844.3154   20.9417
    0.0000  -45.0000   37.5000 9247.0967   20.9468
    7.5000  -45.0000   37.5000 8819.9512   20.9507
   -7.5000  -37.5000   37.5000 9299.8457   20.9471
    0.0000  -37.5000   37.5000 9702.3555   20.9543
    7.5000  -37.5000   37.5000 9304.7393   20.9635
   -7.5000  -30.0000   37.500010007.2773   20.9544
    0.0000  -30.0000   37.500010407.7217   20.9603
    7.5000  -30.0000   37.500010018.4473   20.9712
   -7.5000  -22.5000   37.500010703.7627   20.9556
    0.0000  -22.5000   37.500011138.9062   20.9570
    7.5000  -22.5000   37.500010686.6309   20.9636
   -7.5000  -15.0000   37.500011364.3418   20.9486
    0.0000  -15.0000   37.500011832.4209   20.9474
    7.5000  -15.0000   37.500011305.1768   20.9499
   -7.5000   -7.5000   37.500011852.2139   20.9418
    0.0000   -7.5000   37.500012323.2646   20.9431
    7.5000   -7.5000   37.500011790.8291   20.9447
   -7.5000    0.0000   37.500012179.2998   20.9417
    0.0000    0.0000   37.500012645.5078   20.9468
    7.5000    0.0000   37.500012133.4229   20.9507
   -7.5000    7.5000   37.500011587.2734   20.9471
    0.0000    7.5000   37.500012035.2832   20.9543
    7.5000    7.5000   37.500011559.2236   20.9635
   -7.5000   15.0000   37.500010914.2666   20.9544
    0.0000   15.0000   37.500011321.0820   20.9603
    7.5000   15.0000   37.500010902.5762   20.9712
   -7.5000   22.5000   37.500010161.1035   20.9460
    0.0000   22.5000   37.500010536.1660   20.9474
    7.5000   22.5000   37.500010179.8027   20.9539
   -7.5000   30.0000   37.5000 9400.9844   20.6775
    0.0000   30.0000   37.5000 9744.1621   20.6763
    7.5000   30.0000   37.5000 9407.0059   20.6788
   -7.5000   37.5000   37.5000 8913.9795   20.6708
    0.0000   37.5000   37.5000 9238.1738   20.6720
    7.5000   37.5000   37.5000 8904.9141   20.6737
   -7.5000   45.0000   37.5000 8042.3848   20.1854
    0.0000   45.0000   37.5000 8339.8467   20.1903
    7.5000   45.0000   37.5000 8035.0962   20.1941
   -7.5000  -45.0000   45.0000 8180.4600   20.8063
    0.0000  -45.0000   45.0000 8545.1094   20.8087
    7.5000  -45.0000   45.0000 8158.8315   20.8136
   -7.5000  -37.5000   45.0000 8605.0400   20.8067
    0.0000  -37.5000   45.0000 8964.7686   20.8095
    7.5000  -37.5000   45.0000 8599.4580   20.8180
   -7.5000  -30.0000   45.0000 9284.5762   20.8114
    0.0000  -30.0000   45.0000 9670.1738   20.8131
    7.5000  -30.0000   45.0000 9285.2139   20.8226
   -7.5000  -22.5000   45.0000 9975.1729   20.8149
    0.0000  -22.5000   45.000010395.2500   20.8147
    7.5000  -22.5000   45.0000 9958.2783   20.8212
   -7.5000  -15.0000   45.000010615.1328   20.8127
    0.0000  -15.0000   45.000011061.5615   20.8118
    7.5000  -15.0000   45.000010569.8379   20.8162
   -7.5000   -7.5000   45.000011119.1768   20.8086
    0.0000   -7.5000   45.000011577.9521   20.8094
    7.5000   -7.5000   45.000011073.2920   20.8132
   -7.5000    0.0000   45.000011484.8926   20.8063
    0.0000    0.0000   45.000011961.8154   20.8087
    7.5000    0.0000   45.000011463.1914   20.8136
   -7.5000    7.5000   45.000010975.2158   20.8067
    0.0000    7.5000   45.000011436.3057   20.8095
    7.5000    7.5000   45.000010960.3828   20.8180
   -7.5000   15.0000   45.000010337.9502   20.8114
    0.0000   15.0000   45.000010766.6152   20.8131
    7.5000   15.0000   45.000010337.7861   20.8226
   -7.5000   22.5000   45.0000 9626.9404   20.8053
    0.0000   22.5000   45.000010020.0078   20.8051
    7.5000   22.5000   45.0000 9642.6387   20.8116
   -7.5000   30.0000   45.0000 8917.6416   20.5415
    0.0000   30.0000   45.0000 9277.6748   20.5407
    7.5000   30.0000   45.0000 8919.7178   20.5450
   -7.5000   37.5000   45.0000 8442.1348   20.5375
    0.0000   37.5000   45.0000 8793.5850   20.5383
    7.5000   37.5000   45.0000 8436.7725   20.5420
   -7.5000   45.0000   45.0000 7598.3691   20.0639
    0.0000   45.0000   45.0000 7914.6958   20.0663
    7.5000   45.0000   45.0000 7593.8506   20.0710

---------------------------------------------------------------------
imgreg_4dfp /opt/freesurfer/average/711-2C_as_mni_average_305 /opt/freesurfer/average/711-2B_as_mni_average_305_mask talsrcimg_g11 none talsrcimg_to_711-2C_as_mni_average_305_t4 4355
---------------------------------------------------------------------

freesurfer imgreg_4dfp.c
/opt/freesurfer/average/711-2C_as_mni_average_305.4dfp.img
       256       256       256         1
  1.000000  1.000000  1.000000
orientation T byte_order littleendian
Reading image: /opt/freesurfer/average/711-2C_as_mni_average_305.4dfp.img
dimensions:      256       256       256
mmppix:       1.0000   -1.0000   -1.0000
center:     128.0000 -129.0000 -129.0000
/opt/freesurfer/average/711-2B_as_mni_average_305_mask.4dfp.img
       256       256       256         1
  1.000000  1.000000  1.000000
orientation T byte_order littleendian
Reading mask: /opt/freesurfer/average/711-2B_as_mni_average_305_mask.4dfp.img (2306576 pixels)
talsrcimg_g11.4dfp.img
       256       256       256         1
  1.000000  1.000000  1.000000
orientation T byte_order littleendian
Reading image: talsrcimg_g11.4dfp.img
dimensions:      256       256       256
mmppix:       1.0000   -1.0000   -1.0000
center:     128.0000 -129.0000 -129.0000
rotation matrix determinant  1.000000
image alignment mode   4355 decimal     1103 hex
   -7.5000  -45.0000  -45.0000 1699.6130   20.4182
    0.0000  -45.0000  -45.0000 1716.7688   20.2722
    7.5000  -45.0000  -45.0000 1700.9744   20.3943
   -7.5000  -37.5000  -45.0000 1784.8459   18.4411
    0.0000  -37.5000  -45.0000 1799.8160   18.3085
    7.5000  -37.5000  -45.0000 1790.1655   18.4404
   -7.5000  -30.0000  -45.0000 1862.7341   16.9601
    0.0000  -30.0000  -45.0000 1877.0670   16.8467
    7.5000  -30.0000  -45.0000 1864.0063   17.0055
   -7.5000  -22.5000  -45.0000 1921.8752   16.0378
    0.0000  -22.5000  -45.0000 1933.7751   15.9006
    7.5000  -22.5000  -45.0000 1915.7146   16.0852
   -7.5000  -15.0000  -45.0000 1958.7206   15.5081
    0.0000  -15.0000  -45.0000 1972.0305   15.3777
    7.5000  -15.0000  -45.0000 1950.4647   15.5897
   -7.5000   -7.5000  -45.0000 1973.1663   15.4650
    0.0000   -7.5000  -45.0000 1987.5543   15.3255
    7.5000   -7.5000  -45.0000 1966.8816   15.5662
   -7.5000    0.0000  -45.0000 1964.9711   15.8082
    0.0000    0.0000  -45.0000 1977.2277   15.6920
    7.5000    0.0000  -45.0000 1959.2561   15.9387
   -7.5000    7.5000  -45.0000 1931.8953   16.5184
    0.0000    7.5000  -45.0000 1947.5674   16.4021
    7.5000    7.5000  -45.0000 1927.1646   16.6614
   -7.5000   15.0000  -45.0000 1876.6189   17.5949
    0.0000   15.0000  -45.0000 1890.3484   17.4865
    7.5000   15.0000  -45.0000 1869.7448   17.7517
   -7.5000   22.5000  -45.0000 1805.4084   19.0744
    0.0000   22.5000  -45.0000 1818.4232   18.9594
    7.5000   22.5000  -45.0000 1795.4769   19.2560
   -7.5000   30.0000  -45.0000 1714.4370   21.1304
    0.0000   30.0000  -45.0000 1726.6821   21.0088
    7.5000   30.0000  -45.0000 1704.8837   21.3105
   -7.5000   37.5000  -45.0000 1608.3860   23.9455
    0.0000   37.5000  -45.0000 1616.3792   23.8455
    7.5000   37.5000  -45.0000 1596.1084   24.2071
   -7.5000   45.0000  -45.0000 1488.9965   27.8956
    0.0000   45.0000  -45.0000 1492.8344   27.7806
    7.5000   45.0000  -45.0000 1476.1543   28.1833
   -7.5000  -45.0000  -37.5000 1780.5284   18.6548
    0.0000  -45.0000  -37.5000 1794.4910   18.5499
    7.5000  -45.0000  -37.5000 1778.4845   18.6814
   -7.5000  -37.5000  -37.5000 1875.0406   16.8338
    0.0000  -37.5000  -37.5000 1885.9205   16.7337
    7.5000  -37.5000  -37.5000 1876.5349   16.8831
   -7.5000  -30.0000  -37.5000 1955.5908   15.4718
    0.0000  -30.0000  -37.5000 1965.9797   15.3742
    7.5000  -30.0000  -37.5000 1953.2871   15.5556
   -7.5000  -22.5000  -37.5000 2022.8778   14.5865
    0.0000  -22.5000  -37.5000 2036.6182   14.4422
    7.5000  -22.5000  -37.5000 2018.4095   14.6352
   -7.5000  -15.0000  -37.5000 2066.3264   14.0628
    0.0000  -15.0000  -37.5000 2081.6135   13.9439
    7.5000  -15.0000  -37.5000 2059.4224   14.1550
   -7.5000   -7.5000  -37.5000 2085.1174   13.9617
    0.0000   -7.5000  -37.5000 2098.1311   13.8292
    7.5000   -7.5000  -37.5000 2076.6824   14.0905
   -7.5000    0.0000  -37.5000 2073.3135   14.2859
    0.0000    0.0000  -37.5000 2088.5356   14.1664
    7.5000    0.0000  -37.5000 2066.1003   14.4333
   -7.5000    7.5000  -37.5000 2034.5208   14.9942
    0.0000    7.5000  -37.5000 2050.9941   14.8549
    7.5000    7.5000  -37.5000 2027.0673   15.1358
   -7.5000   15.0000  -37.5000 1974.2159   15.9792
    0.0000   15.0000  -37.5000 1988.9275   15.8523
    7.5000   15.0000  -37.5000 1966.0212   16.1541
   -7.5000   22.5000  -37.5000 1893.9976   17.3487
    0.0000   22.5000  -37.5000 1906.4121   17.2092
    7.5000   22.5000  -37.5000 1882.6344   17.5196
   -7.5000   30.0000  -37.5000 1797.5813   19.1894
    0.0000   30.0000  -37.5000 1807.9034   19.0358
    7.5000   30.0000  -37.5000 1785.0564   19.3681
   -7.5000   37.5000  -37.5000 1684.8938   21.7255
    0.0000   37.5000  -37.5000 1692.3972   21.5978
    7.5000   37.5000  -37.5000 1670.1788   21.9466
   -7.5000   45.0000  -37.5000 1560.5793   25.2240
    0.0000   45.0000  -37.5000 1564.9578   25.1129
    7.5000   45.0000  -37.5000 1546.8250   25.4670
   -7.5000  -45.0000  -30.0000 1901.6152   17.7158
    0.0000  -45.0000  -30.0000 1914.3944   17.6076
    7.5000  -45.0000  -30.0000 1895.6847   17.7877
   -7.5000  -37.5000  -30.0000 2003.9072   15.9938
    0.0000  -37.5000  -30.0000 2014.9200   15.9010
    7.5000  -37.5000  -30.0000 1999.3242   16.0930
   -7.5000  -30.0000  -30.0000 2091.0046   14.7034
    0.0000  -30.0000  -30.0000 2105.0393   14.6052
    7.5000  -30.0000  -30.0000 2086.9988   14.8241
   -7.5000  -22.5000  -30.0000 2164.3254   13.8113
    0.0000  -22.5000  -30.0000 2179.2288   13.6850
    7.5000  -22.5000  -30.0000 2158.0242   13.9207
   -7.5000  -15.0000  -30.0000 2210.2114   13.3192
    0.0000  -15.0000  -30.0000 2229.0232   13.1833
    7.5000  -15.0000  -30.0000 2205.6550   13.4313
   -7.5000   -7.5000  -30.0000 2229.5566   13.2068
    0.0000   -7.5000  -30.0000 2249.3608   13.0721
    7.5000   -7.5000  -30.0000 2225.4275   13.3330
   -7.5000    0.0000  -30.0000 2216.4434   13.5110
    0.0000    0.0000  -30.0000 2234.5688   13.3943
    7.5000    0.0000  -30.0000 2208.1011   13.6611
   -7.5000    7.5000  -30.0000 2172.1311   14.1643
    0.0000    7.5000  -30.0000 2190.6267   14.0188
    7.5000    7.5000  -30.0000 2163.9392   14.3244
   -7.5000   15.0000  -30.0000 2105.6814   15.0761
    0.0000   15.0000  -30.0000 2123.1567   14.9469
    7.5000   15.0000  -30.0000 2095.4185   15.2767
   -7.5000   22.5000  -30.0000 2017.4960   16.3794
    0.0000   22.5000  -30.0000 2031.9031   16.2170
    7.5000   22.5000  -30.0000 2004.9984   16.5520
   -7.5000   30.0000  -30.0000 1911.2686   18.1137
    0.0000   30.0000  -30.0000 1922.5992   17.9616
    7.5000   30.0000  -30.0000 1898.9480   18.2941
   -7.5000   37.5000  -30.0000 1792.2014   20.4680
    0.0000   37.5000  -30.0000 1802.5521   20.3308
    7.5000   37.5000  -30.0000 1776.7853   20.6709
   -7.5000   45.0000  -30.0000 1657.8644   23.6696
    0.0000   45.0000  -30.0000 1666.3331   23.5393
    7.5000   45.0000  -30.0000 1645.0087   23.8659
   -7.5000  -45.0000  -22.5000 2003.3119   16.7293
    0.0000  -45.0000  -22.5000 2016.8044   16.5938
    7.5000  -45.0000  -22.5000 1995.9329   16.8184
   -7.5000  -37.5000  -22.5000 2113.6050   15.1093
    0.0000  -37.5000  -22.5000 2126.4319   15.0035
    7.5000  -37.5000  -22.5000 2106.3855   15.2350
   -7.5000  -30.0000  -22.5000 2204.3162   13.8874
    0.0000  -30.0000  -22.5000 2217.8521   13.7878
    7.5000  -30.0000  -22.5000 2197.5588   14.0260
   -7.5000  -22.5000  -22.5000 2281.3855   13.0138
    0.0000  -22.5000  -22.5000 2296.6167   12.9023
    7.5000  -22.5000  -22.5000 2274.2776   13.1645
   -7.5000  -15.0000  -22.5000 2333.0208   12.5241
    0.0000  -15.0000  -22.5000 2354.0264   12.3942
    7.5000  -15.0000  -22.5000 2326.1882   12.6704
   -7.5000   -7.5000  -22.5000 2353.5339   12.4243
    0.0000   -7.5000  -22.5000 2373.4275   12.3044
    7.5000   -7.5000  -22.5000 2346.0930   12.5759
   -7.5000    0.0000  -22.5000 2334.7461   12.7027
    0.0000    0.0000  -22.5000 2353.7739   12.6023
    7.5000    0.0000  -22.5000 2326.3726   12.8838
   -7.5000    7.5000  -22.5000 2291.2212   13.2897
    0.0000    7.5000  -22.5000 2309.0732   13.1728
    7.5000    7.5000  -22.5000 2278.8948   13.4693
   -7.5000   15.0000  -22.5000 2221.6235   14.1498
    0.0000   15.0000  -22.5000 2238.1885   14.0232
    7.5000   15.0000  -22.5000 2207.4138   14.3423
   -7.5000   22.5000  -22.5000 2126.2151   15.3586
    0.0000   22.5000  -22.5000 2142.7964   15.2040
    7.5000   22.5000  -22.5000 2113.7668   15.5164
   -7.5000   30.0000  -22.5000 2010.5524   16.9761
    0.0000   30.0000  -22.5000 2023.7709   16.8219
    7.5000   30.0000  -22.5000 1997.2471   17.1359
   -7.5000   37.5000  -22.5000 1879.0977   19.1452
    0.0000   37.5000  -22.5000 1889.7012   18.9965
    7.5000   37.5000  -22.5000 1868.5493   19.3206
   -7.5000   45.0000  -22.5000 1736.7706   22.0778
    0.0000   45.0000  -22.5000 1749.0120   21.9091
    7.5000   45.0000  -22.5000 1729.0861   22.2160
   -7.5000  -45.0000  -15.0000 2072.3323   15.8557
    0.0000  -45.0000  -15.0000 2087.0491   15.7163
    7.5000  -45.0000  -15.0000 2068.9871   15.9718
   -7.5000  -37.5000  -15.0000 2191.3625   14.3094
    0.0000  -37.5000  -15.0000 2206.0176   14.1882
    7.5000  -37.5000  -15.0000 2185.5154   14.4380
   -7.5000  -30.0000  -15.0000 2290.4231   13.1322
    0.0000  -30.0000  -15.0000 2304.8083   13.0349
    7.5000  -30.0000  -15.0000 2284.2859   13.2938
   -7.5000  -22.5000  -15.0000 2373.1125   12.2798
    0.0000  -22.5000  -15.0000 2388.5251   12.1924
    7.5000  -22.5000  -15.0000 2366.3252   12.4662
   -7.5000  -15.0000  -15.0000 2430.2209   11.8148
    0.0000  -15.0000  -15.0000 2452.8994   11.6950
    7.5000  -15.0000  -15.0000 2425.7935   11.9681
   -7.5000   -7.5000  -15.0000 2454.3713   11.7132
    0.0000   -7.5000  -15.0000 2476.1206   11.6028
    7.5000   -7.5000  -15.0000 2446.0598   11.8705
   -7.5000    0.0000  -15.0000 2439.1538   11.9445
    0.0000    0.0000  -15.0000 2462.0125   11.8729
    7.5000    0.0000  -15.0000 2426.3103   12.1405
   -7.5000    7.5000  -15.0000 2394.3384   12.4734
    0.0000    7.5000  -15.0000 2414.7542   12.3750
    7.5000    7.5000  -15.0000 2379.8455   12.6537
   -7.5000   15.0000  -15.0000 2319.8164   13.2811
    0.0000   15.0000  -15.0000 2338.3652   13.1550
    7.5000   15.0000  -15.0000 2304.9814   13.4386
   -7.5000   22.5000  -15.0000 2218.4077   14.3983
    0.0000   22.5000  -15.0000 2232.9360   14.2515
    7.5000   22.5000  -15.0000 2204.2485   14.5263
   -7.5000   30.0000  -15.0000 2091.9287   15.9172
    0.0000   30.0000  -15.0000 2102.9021   15.7735
    7.5000   30.0000  -15.0000 2077.3457   16.0509
   -7.5000   37.5000  -15.0000 1952.0487   17.9509
    0.0000   37.5000  -15.0000 1963.4948   17.7865
    7.5000   37.5000  -15.0000 1942.2306   18.0559
   -7.5000   45.0000  -15.0000 1805.4023   20.6105
    0.0000   45.0000  -15.0000 1818.2301   20.4455
    7.5000   45.0000  -15.0000 1796.4288   20.7355
   -7.5000  -45.0000   -7.5000 2121.6621   15.0931
    0.0000  -45.0000   -7.5000 2136.5762   14.9712
    7.5000  -45.0000   -7.5000 2117.6052   15.2123
   -7.5000  -37.5000   -7.5000 2244.1807   13.5929
    0.0000  -37.5000   -7.5000 2262.4534   13.4850
    7.5000  -37.5000   -7.5000 2241.3057   13.7155
   -7.5000  -30.0000   -7.5000 2355.0862   12.4430
    0.0000  -30.0000   -7.5000 2373.7620   12.3553
    7.5000  -30.0000   -7.5000 2350.9060   12.6038
   -7.5000  -22.5000   -7.5000 2446.5391   11.6406
    0.0000  -22.5000   -7.5000 2464.4746   11.5684
    7.5000  -22.5000   -7.5000 2439.5015   11.8235
   -7.5000  -15.0000   -7.5000 2515.0583   11.2048
    0.0000  -15.0000   -7.5000 2535.3970   11.1165
    7.5000  -15.0000   -7.5000 2505.1980   11.3724
   -7.5000   -7.5000   -7.5000 2545.5581   11.1000
    0.0000   -7.5000   -7.5000 2568.9177   11.0235
    7.5000   -7.5000   -7.5000 2532.1350   11.2579
   -7.5000    0.0000   -7.5000 2537.6809   11.2823
    0.0000    0.0000   -7.5000 2565.6394   11.2091
    7.5000    0.0000   -7.5000 2521.3662   11.4638
   -7.5000    7.5000   -7.5000 2493.1790   11.7649
    0.0000    7.5000   -7.5000 2515.7056   11.6688
    7.5000    7.5000   -7.5000 2473.8335   11.9143
   -7.5000   15.0000   -7.5000 2408.6074   12.5218
    0.0000   15.0000   -7.5000 2429.9719   12.3935
    7.5000   15.0000   -7.5000 2391.4573   12.6415
   -7.5000   22.5000   -7.5000 2298.2769   13.5577
    0.0000   22.5000   -7.5000 2312.7058   13.4298
    7.5000   22.5000   -7.5000 2280.3303   13.6662
   -7.5000   30.0000   -7.5000 2158.5649   14.9882
    0.0000   30.0000   -7.5000 2171.1443   14.8444
    7.5000   30.0000   -7.5000 2144.3652   15.0745
   -7.5000   37.5000   -7.5000 2011.3152   16.8825
    0.0000   37.5000   -7.5000 2024.9961   16.7197
    7.5000   37.5000   -7.5000 2000.7317   16.9486
   -7.5000   45.0000   -7.5000 1860.7604   19.3611
    0.0000   45.0000   -7.5000 1873.9897   19.1730
    7.5000   45.0000   -7.5000 1850.5974   19.4334
   -7.5000  -45.0000    0.0000 2156.9253   14.5433
    0.0000  -45.0000    0.0000 2172.1028   14.4216
    7.5000  -45.0000    0.0000 2152.0696   14.6493
   -7.5000  -37.5000    0.0000 2284.9658   13.0723
    0.0000  -37.5000    0.0000 2304.8882   12.9838
    7.5000  -37.5000    0.0000 2281.4712   13.2022
   -7.5000  -30.0000    0.0000 2405.4697   11.9361
    0.0000  -30.0000    0.0000 2425.3887   11.8626
    7.5000  -30.0000    0.0000 2401.8220   12.0913
   -7.5000  -22.5000    0.0000 2504.8330   11.1396
    0.0000  -22.5000    0.0000 2526.1050   11.0866
    7.5000  -22.5000    0.0000 2501.2212   11.3439
   -7.5000  -15.0000    0.0000 2583.8311   10.7338
    0.0000  -15.0000    0.0000 2605.5342   10.6898
    7.5000  -15.0000    0.0000 2572.8069   10.9217
   -7.5000   -7.5000    0.0000 2630.5007   10.6535
    0.0000   -7.5000    0.0000 2655.5312   10.6058
    7.5000   -7.5000    0.0000 2611.7415   10.8160
   -7.5000    0.0000    0.0000 2631.8909   10.8120
    0.0000    0.0000    0.0000 2659.3853   10.7520
    7.5000    0.0000    0.0000 2608.7939   10.9672
   -7.5000    7.5000    0.0000 2582.2261   11.2242
    0.0000    7.5000    0.0000 2606.2041   11.1465
    7.5000    7.5000    0.0000 2558.9924   11.3483
   -7.5000   15.0000    0.0000 2485.6179   11.9183
    0.0000   15.0000    0.0000 2507.2158   11.8061
    7.5000   15.0000    0.0000 2463.2554   12.0218
   -7.5000   22.5000    0.0000 2362.2124   12.8908
    0.0000   22.5000    0.0000 2378.6575   12.7778
    7.5000   22.5000    0.0000 2344.0808   12.9931
   -7.5000   30.0000    0.0000 2212.5664   14.2582
    0.0000   30.0000    0.0000 2230.4758   14.1357
    7.5000   30.0000    0.0000 2199.8943   14.3356
   -7.5000   37.5000    0.0000 2059.0217   16.0294
    0.0000   37.5000    0.0000 2075.1995   15.8864
    7.5000   37.5000    0.0000 2047.2871   16.1012
   -7.5000   45.0000    0.0000 1902.1893   18.3544
    0.0000   45.0000    0.0000 1915.8949   18.1937
    7.5000   45.0000    0.0000 1893.1533   18.4450
   -7.5000  -45.0000    7.5000 2185.3013   14.1790
    0.0000  -45.0000    7.5000 2204.1948   14.0885
    7.5000  -45.0000    7.5000 2181.5876   14.2938
   -7.5000  -37.5000    7.5000 2314.9780   12.7273
    0.0000  -37.5000    7.5000 2334.9346   12.6529
    7.5000  -37.5000    7.5000 2308.9888   12.8564
   -7.5000  -30.0000    7.5000 2438.8289   11.5999
    0.0000  -30.0000    7.5000 2460.4927   11.5452
    7.5000  -30.0000    7.5000 2434.1333   11.7598
   -7.5000  -22.5000    7.5000 2551.6375   10.7930
    0.0000  -22.5000    7.5000 2575.6873   10.7457
    7.5000  -22.5000    7.5000 2544.0720   11.0124
   -7.5000  -15.0000    7.5000 2644.0857   10.4058
    0.0000  -15.0000    7.5000 2668.6902   10.3778
    7.5000  -15.0000    7.5000 2629.6519   10.6018
   -7.5000   -7.5000    7.5000 2703.0493   10.3624
    0.0000   -7.5000    7.5000 2732.7869   10.3404
    7.5000   -7.5000    7.5000 2678.9043   10.5112
   -7.5000    0.0000    7.5000 2703.6804   10.5221
    0.0000    0.0000    7.5000 2733.9978   10.4875
    7.5000    0.0000    7.5000 2675.3069   10.6355
   -7.5000    7.5000    7.5000 2648.4351   10.8539
    0.0000    7.5000    7.5000 2674.4033   10.7935
    7.5000    7.5000    7.5000 2622.1914   10.9462
   -7.5000   15.0000    7.5000 2545.3340   11.4626
    0.0000   15.0000    7.5000 2567.8220   11.3612
    7.5000   15.0000    7.5000 2522.4094   11.5398
   -7.5000   22.5000    7.5000 2411.1028   12.3898
    0.0000   22.5000    7.5000 2433.2119   12.2820
    7.5000   22.5000    7.5000 2392.7759   12.4793
   -7.5000   30.0000    7.5000 2251.8599   13.7027
    0.0000   30.0000    7.5000 2271.6565   13.5828
    7.5000   30.0000    7.5000 2240.4966   13.7852
   -7.5000   37.5000    7.5000 2089.4985   15.4003
    0.0000   37.5000    7.5000 2108.2437   15.2750
    7.5000   37.5000    7.5000 2078.7271   15.4901
   -7.5000   45.0000    7.5000 1928.3762   17.6040
    0.0000   45.0000    7.5000 1940.3069   17.4791
    7.5000   45.0000    7.5000 1920.9562   17.7195
   -7.5000  -45.0000   15.0000 2190.6377   14.0079
    0.0000  -45.0000   15.0000 2212.6746   13.9239
    7.5000  -45.0000   15.0000 2187.6245   14.1376
   -7.5000  -37.5000   15.0000 2327.4001   12.5561
    0.0000  -37.5000   15.0000 2349.0364   12.5008
    7.5000  -37.5000   15.0000 2322.5562   12.6955
   -7.5000  -30.0000   15.0000 2459.8726   11.4408
    0.0000  -30.0000   15.0000 2479.9888   11.3923
    7.5000  -30.0000   15.0000 2452.0889   11.6094
   -7.5000  -22.5000   15.0000 2581.5957   10.6295
    0.0000  -22.5000   15.0000 2602.6699   10.5892
    7.5000  -22.5000   15.0000 2568.1833   10.8431
   -7.5000  -15.0000   15.0000 2682.3174   10.2447
    0.0000  -15.0000   15.0000 2710.8291   10.2058
    7.5000  -15.0000   15.0000 2663.2932   10.4238
   -7.5000   -7.5000   15.0000 2742.9880   10.2134
    0.0000   -7.5000   15.0000 2776.2625   10.2002
    7.5000   -7.5000   15.0000 2719.2942   10.3071
   -7.5000    0.0000   15.0000 2739.1138   10.3473
    0.0000    0.0000   15.0000 2771.6646   10.3281
    7.5000    0.0000   15.0000 2713.1643   10.4069
   -7.5000    7.5000   15.0000 2680.6858   10.6086
    0.0000    7.5000   15.0000 2711.1123   10.5612
    7.5000    7.5000   15.0000 2654.4355   10.6759
   -7.5000   15.0000   15.0000 2576.0757   11.1526
    0.0000   15.0000   15.0000 2599.8887   11.0597
    7.5000   15.0000   15.0000 2556.2534   11.2128
   -7.5000   22.5000   15.0000 2433.4417   12.0460
    0.0000   22.5000   15.0000 2458.1228   11.9295
    7.5000   22.5000   15.0000 2418.9214   12.1212
   -7.5000   30.0000   15.0000 2271.4639   13.3088
    0.0000   30.0000   15.0000 2290.7612   13.1802
    7.5000   30.0000   15.0000 2260.3796   13.3955
   -7.5000   37.5000   15.0000 2102.6978   14.9451
    0.0000   37.5000   15.0000 2119.0818   14.8166
    7.5000   37.5000   15.0000 2093.1604   15.0492
   -7.5000   45.0000   15.0000 1939.0330   17.0742
    0.0000   45.0000   15.0000 1948.9187   16.9491
    7.5000   45.0000   15.0000 1930.6948   17.2075
   -7.5000  -45.0000   22.5000 2175.7485   14.0446
    0.0000  -45.0000   22.5000 2198.9763   13.9648
    7.5000  -45.0000   22.5000 2175.4038   14.1883
   -7.5000  -37.5000   22.5000 2321.9426   12.5968
    0.0000  -37.5000   22.5000 2344.5181   12.5230
    7.5000  -37.5000   22.5000 2318.1145   12.7476
   -7.5000  -30.0000   22.5000 2461.0649   11.4769
    0.0000  -30.0000   22.5000 2483.0935   11.4172
    7.5000  -30.0000   22.5000 2452.2397   11.6512
   -7.5000  -22.5000   22.5000 2591.6599   10.6858
    0.0000  -22.5000   22.5000 2612.0352   10.6351
    7.5000  -22.5000   22.5000 2574.2822   10.8775
   -7.5000  -15.0000   22.5000 2691.5415   10.3170
    0.0000  -15.0000   22.5000 2723.1111   10.2495
    7.5000  -15.0000   22.5000 2673.3567   10.4215
   -7.5000   -7.5000   22.5000 2745.6570   10.2060
    0.0000   -7.5000   22.5000 2780.3774   10.1497
    7.5000   -7.5000   22.5000 2725.6819   10.2434
   -7.5000    0.0000   22.5000 2735.2798   10.2620
    0.0000    0.0000   22.5000 2769.9668   10.2037
    7.5000    0.0000   22.5000 2717.6855   10.2701
   -7.5000    7.5000   22.5000 2674.6724   10.4994
    0.0000    7.5000   22.5000 2706.6011   10.4196
    7.5000    7.5000   22.5000 2655.7554   10.5071
   -7.5000   15.0000   22.5000 2569.3206   11.0157
    0.0000   15.0000   22.5000 2597.4678   10.8910
    7.5000   15.0000   22.5000 2550.4612   11.0548
   -7.5000   22.5000   22.5000 2426.7185   11.9242
    0.0000   22.5000   22.5000 2450.2397   11.7587
    7.5000   22.5000   22.5000 2414.6636   11.9684
   -7.5000   30.0000   22.5000 2265.4612   13.1571
    0.0000   30.0000   22.5000 2283.7151   12.9749
    7.5000   30.0000   22.5000 2257.8208   13.2130
   -7.5000   37.5000   22.5000 2099.8020   14.7503
    0.0000   37.5000   22.5000 2113.8142   14.5630
    7.5000   37.5000   22.5000 2091.1497   14.8416
   -7.5000   45.0000   22.5000 1935.3702   16.8301
    0.0000   45.0000   22.5000 1945.7445   16.6378
    7.5000   45.0000   22.5000 1925.0441   16.9417
   -7.5000  -45.0000   30.0000 2152.1575   14.3128
    0.0000  -45.0000   30.0000 2173.5271   14.2236
    7.5000  -45.0000   30.0000 2150.8071   14.4667
   -7.5000  -37.5000   30.0000 2297.7410   12.8398
    0.0000  -37.5000   30.0000 2317.2021   12.7636
    7.5000  -37.5000   30.0000 2293.1033   13.0031
   -7.5000  -30.0000   30.0000 2437.8481   11.7192
    0.0000  -30.0000   30.0000 2459.4197   11.6445
    7.5000  -30.0000   30.0000 2426.5735   11.8921
   -7.5000  -22.5000   30.0000 2568.6599   10.9738
    0.0000  -22.5000   30.0000 2589.0488   10.8961
    7.5000  -22.5000   30.0000 2551.9846   11.1057
   -7.5000  -15.0000   30.0000 2661.1038   10.6068
    0.0000  -15.0000   30.0000 2694.4065   10.5112
    7.5000  -15.0000   30.0000 2647.0461   10.6245
   -7.5000   -7.5000   30.0000 2707.9375   10.4181
    0.0000   -7.5000   30.0000 2740.9668   10.3143
    7.5000   -7.5000   30.0000 2692.1431   10.4020
   -7.5000    0.0000   30.0000 2695.2117   10.3656
    0.0000    0.0000   30.0000 2726.0266   10.2539
    7.5000    0.0000   30.0000 2680.9761   10.3509
   -7.5000    7.5000   30.0000 2622.9312   10.6096
    0.0000    7.5000   30.0000 2655.2205   10.4560
    7.5000    7.5000   30.0000 2611.7793   10.5851
   -7.5000   15.0000   30.0000 2521.2502   11.1412
    0.0000   15.0000   30.0000 2544.7429   10.9592
    7.5000   15.0000   30.0000 2509.0652   11.1344
   -7.5000   22.5000   30.0000 2392.2629   11.9990
    0.0000   22.5000   30.0000 2411.5500   11.7972
    7.5000   22.5000   30.0000 2381.9531   12.0239
   -7.5000   30.0000   30.0000 2239.2798   13.1981
    0.0000   30.0000   30.0000 2253.7310   12.9890
    7.5000   30.0000   30.0000 2233.3022   13.2486
   -7.5000   37.5000   30.0000 2081.7080   14.7841
    0.0000   37.5000   30.0000 2093.4580   14.5748
    7.5000   37.5000   30.0000 2069.0007   14.8595
   -7.5000   45.0000   30.0000 1920.5217   16.8245
    0.0000   45.0000   30.0000 1930.6562   16.6253
    7.5000   45.0000   30.0000 1906.4061   16.9235
   -7.5000  -45.0000   37.5000 2122.9299   14.8118
    0.0000  -45.0000   37.5000 2140.0247   14.7111
    7.5000  -45.0000   37.5000 2117.0481   14.9719
   -7.5000  -37.5000   37.5000 2259.3765   13.2804
    0.0000  -37.5000   37.5000 2278.2463   13.1924
    7.5000  -37.5000   37.5000 2255.0234   13.4551
   -7.5000  -30.0000   37.5000 2394.0522   12.1718
    0.0000  -30.0000   37.5000 2412.6548   12.0784
    7.5000  -30.0000   37.5000 2383.0015   12.3309
   -7.5000  -22.5000   37.5000 2514.8015   11.4799
    0.0000  -22.5000   37.5000 2535.1179   11.3735
    7.5000  -22.5000   37.5000 2501.4192   11.5442
   -7.5000  -15.0000   37.5000 2599.4407   11.0879
    0.0000  -15.0000   37.5000 2627.2239   10.9634
    7.5000  -15.0000   37.5000 2585.2566   11.0757
   -7.5000   -7.5000   37.5000 2633.0076   10.8403
    0.0000   -7.5000   37.5000 2656.8572   10.7262
    7.5000   -7.5000   37.5000 2618.2646   10.8199
   -7.5000    0.0000   37.5000 2611.1929   10.7845
    0.0000    0.0000   37.5000 2632.5659   10.6516
    7.5000    0.0000   37.5000 2597.5435   10.7644
   -7.5000    7.5000   37.5000 2540.5955   11.0254
    0.0000    7.5000   37.5000 2563.0947   10.8663
    7.5000    7.5000   37.5000 2528.4109   11.0088
   -7.5000   15.0000   37.5000 2444.7517   11.5269
    0.0000   15.0000   37.5000 2465.5500   11.3533
    7.5000   15.0000   37.5000 2437.0774   11.5138
   -7.5000   22.5000   37.5000 2329.3000   12.3300
    0.0000   22.5000   37.5000 2345.4575   12.1376
    7.5000   22.5000   37.5000 2323.3372   12.3378
   -7.5000   30.0000   37.5000 2196.3167   13.4818
    0.0000   30.0000   37.5000 2205.9993   13.3053
    7.5000   30.0000   37.5000 2185.7041   13.5176
   -7.5000   37.5000   37.5000 2052.0425   15.0344
    0.0000   37.5000   37.5000 2062.5227   14.8348
    7.5000   37.5000   37.5000 2038.4441   15.0959
   -7.5000   45.0000   37.5000 1892.8644   17.0623
    0.0000   45.0000   37.5000 1903.7766   16.8697
    7.5000   45.0000   37.5000 1880.4254   17.1610
   -7.5000  -45.0000   45.0000 2079.2310   15.5291
    0.0000  -45.0000   45.0000 2096.5137   15.4249
    7.5000  -45.0000   45.0000 2069.5244   15.7260
   -7.5000  -37.5000   45.0000 2209.1099   13.9693
    0.0000  -37.5000   45.0000 2226.0828   13.8534
    7.5000  -37.5000   45.0000 2199.8140   14.1396
   -7.5000  -30.0000   45.0000 2329.4465   12.8649
    0.0000  -30.0000   45.0000 2347.8547   12.7537
    7.5000  -30.0000   45.0000 2318.4927   12.9839
   -7.5000  -22.5000   45.0000 2436.9976   12.1770
    0.0000  -22.5000   45.0000 2455.2493   12.0569
    7.5000  -22.5000   45.0000 2423.9277   12.2221
   -7.5000  -15.0000   45.0000 2507.7344   11.7635
    0.0000  -15.0000   45.0000 2525.3516   11.6444
    7.5000  -15.0000   45.0000 2491.1108   11.7631
   -7.5000   -7.5000   45.0000 2529.2136   11.5177
    0.0000   -7.5000   45.0000 2543.9622   11.4070
    7.5000   -7.5000   45.0000 2512.7390   11.5143
   -7.5000    0.0000   45.0000 2502.7158   11.4978
    0.0000    0.0000   45.0000 2517.2820   11.3824
    7.5000    0.0000   45.0000 2490.3137   11.4974
   -7.5000    7.5000   45.0000 2439.8081   11.7239
    0.0000    7.5000   45.0000 2454.5554   11.5993
    7.5000    7.5000   45.0000 2426.0735   11.7364
   -7.5000   15.0000   45.0000 2351.6667   12.1981
    0.0000   15.0000   45.0000 2365.3845   12.0519
    7.5000   15.0000   45.0000 2343.0659   12.2036
   -7.5000   22.5000   45.0000 2249.6804   12.9543
    0.0000   22.5000   45.0000 2259.6951   12.7868
    7.5000   22.5000   45.0000 2244.2908   12.9670
   -7.5000   30.0000   45.0000 2137.6753   14.0372
    0.0000   30.0000   45.0000 2144.4763   13.8943
    7.5000   30.0000   45.0000 2127.3091   14.0786
   -7.5000   37.5000   45.0000 2006.6936   15.5435
    0.0000   37.5000   45.0000 2015.7524   15.3892
    7.5000   37.5000   45.0000 1994.6476   15.6045
   -7.5000   45.0000   45.0000 1851.5770   17.5840
    0.0000   45.0000   45.0000 1863.3036   17.4173
    7.5000   45.0000   45.0000 1842.6969   17.6847

---------------------------------------------------------------------
imgreg_4dfp /opt/freesurfer/average/711-2C_as_mni_average_305 /opt/freesurfer/average/711-2B_as_mni_average_305_mask talsrcimg_g11 none talsrcimg_to_711-2C_as_mni_average_305_t4 1283
---------------------------------------------------------------------

freesurfer imgreg_4dfp.c
/opt/freesurfer/average/711-2C_as_mni_average_305.4dfp.img
       256       256       256         1
  1.000000  1.000000  1.000000
orientation T byte_order littleendian
Reading image: /opt/freesurfer/average/711-2C_as_mni_average_305.4dfp.img
dimensions:      256       256       256
mmppix:       1.0000   -1.0000   -1.0000
center:     128.0000 -129.0000 -129.0000
/opt/freesurfer/average/711-2B_as_mni_average_305_mask.4dfp.img
       256       256       256         1
  1.000000  1.000000  1.000000
orientation T byte_order littleendian
Reading mask: /opt/freesurfer/average/711-2B_as_mni_average_305_mask.4dfp.img (2306576 pixels)
talsrcimg_g11.4dfp.img
       256       256       256         1
  1.000000  1.000000  1.000000
orientation T byte_order littleendian
Reading image: talsrcimg_g11.4dfp.img
dimensions:      256       256       256
mmppix:       1.0000   -1.0000   -1.0000
center:     128.0000 -129.0000 -129.0000
rotation matrix determinant  1.000000
fimgreg.f
image alignment mode   1283 decimal      503 hex
parameters
    0.0000   -7.5000   22.5000    0.0000    0.0000    0.0000
eta,q 0.87609 10.10093
niter,ni,del,rscale     5    3   12.0000    1.2000
parameter  4  1.502550 ->  0.500000 qaram    1.1500
parameters
   -0.9081   -5.1373   19.6596   -3.4500   -0.3773    0.6690
eta,q 0.88113 10.01371
  0.1333  0.1405  0.1225  0.1175  0.1222  0.1229
  0.1274  0.1344  0.1212  0.1186  0.1209  0.1215
  0.1241  0.1286  0.1210  0.1199  0.1195  0.1199
  0.1246  0.1238  0.1221  0.1209  0.1191  0.1190
  0.1284  0.1219  0.1250  0.1231  0.1201  0.1191
  0.1331  0.1238  0.1300  0.1257  0.1216  0.1201
  0.1385  0.1266  0.1355  0.1284  0.1228  0.1218
niter,ni,del,rscale     5    3   12.0000    1.2000
parameter  4  1.851919 ->  0.500000 qaram    1.3225
parameters
   -0.8043   -3.5959   19.0326   -7.4175    0.0566    0.5660
eta,q 0.88454  9.99149
  0.1317  0.1317  0.1226  0.1137  0.1206  0.1183
  0.1254  0.1251  0.1207  0.1151  0.1187  0.1169
  0.1209  0.1207  0.1193  0.1167  0.1168  0.1159
  0.1189  0.1189  0.1188  0.1188  0.1155  0.1155
  0.1206  0.1189  0.1192  0.1214  0.1159  0.1159
  0.1251  0.1204  0.1214  0.1247  0.1175  0.1170
  0.1307  0.1224  0.1258  0.1277  0.1197  0.1186
niter,ni,del,rscale     5    3   12.0000    1.2000
parameter  4  0.977905 ->  0.500000 qaram    1.5209
parameters
   -1.1159   -1.1327   18.6213  -11.9801    0.4253    0.5897
eta,q 0.88954  9.95282
  0.1273  0.1273  0.1205  0.1102  0.1176  0.1152
  0.1212  0.1211  0.1171  0.1101  0.1143  0.1132
  0.1169  0.1173  0.1146  0.1118  0.1116  0.1113
  0.1155  0.1154  0.1140  0.1139  0.1105  0.1105
  0.1180  0.1142  0.1153  0.1181  0.1112  0.1111
  0.1232  0.1138  0.1184  0.1227  0.1134  0.1130
  0.1297  0.1163  0.1226  0.1273  0.1160  0.1153
niter,ni,del,rscale     5    3   12.0000    1.2000
parameters
   -1.3431   -0.2360   18.0810  -14.6461    0.6464   -0.0938
eta,q 0.89054  9.98370
  0.1243  0.1211  0.1178  0.1133  0.1165  0.1133
  0.1178  0.1152  0.1141  0.1104  0.1130  0.1116
  0.1127  0.1118  0.1116  0.1094  0.1102  0.1100
  0.1105  0.1105  0.1105  0.1106  0.1094  0.1095
  0.1130  0.1109  0.1121  0.1121  0.1106  0.1107
  0.1191  0.1126  0.1161  0.1164  0.1128  0.1131
  0.1268  0.1158  0.1213  0.1223  0.1151  0.1154
niter,ni,del,rscale     4    3   12.0000    1.2000
parameters
   -1.2619    0.3107   17.4859  -15.1186    0.7342   -0.4598
eta,q 0.89067  9.99733
  0.1254  0.1199  0.1170  0.1166  0.1161  0.1134
  0.1187  0.1136  0.1133  0.1115  0.1125  0.1118
  0.1127  0.1104  0.1104  0.1093  0.1099  0.1102
  0.1095  0.1094  0.1094  0.1094  0.1093  0.1093
  0.1113  0.1102  0.1115  0.1112  0.1106  0.1101
  0.1173  0.1124  0.1158  0.1127  0.1128  0.1124
  0.1254  0.1159  0.1207  0.1177  0.1151  0.1147
niter,ni,del,rscale     3    3   12.0000    1.2000
parameters
   -1.2181    0.3521   17.2804  -15.2365    0.7877   -0.5885
eta,q 0.89065 10.00065
  0.1250  0.1181  0.1178  0.1173  0.1160  0.1137
  0.1183  0.1124  0.1139  0.1119  0.1124  0.1120
  0.1124  0.1098  0.1107  0.1094  0.1098  0.1104
  0.1093  0.1093  0.1093  0.1094  0.1093  0.1093
  0.1113  0.1106  0.1106  0.1111  0.1107  0.1099
  0.1173  0.1131  0.1145  0.1124  0.1128  0.1120
  0.1253  0.1171  0.1194  0.1170  0.1151  0.1144
niter,ni,del,rscale     2    3   12.0000    1.2000
parameters
   -1.2127    0.3667   17.2228  -15.2767    0.8138   -0.6267
eta,q 0.89063 10.00177
  0.1248  0.1181  0.1182  0.1174  0.1159  0.1138
  0.1181  0.1124  0.1142  0.1121  0.1123  0.1121
  0.1123  0.1098  0.1109  0.1095  0.1098  0.1105
  0.1094  0.1093  0.1094  0.1094  0.1093  0.1094
  0.1114  0.1106  0.1104  0.1111  0.1107  0.1098
  0.1174  0.1132  0.1141  0.1124  0.1128  0.1119
  0.1255  0.1172  0.1189  0.1169  0.1152  0.1143
registration optimization eta report
parameter search radius
    6.0000    6.0000    6.0000    9.1253    6.0000    6.0000
100000*second partial in parameter space
       42.       23.       25.        9.       17.       13.
  0.1248  0.1181  0.1182  0.1174  0.1159  0.1138
  0.1181  0.1124  0.1142  0.1121  0.1123  0.1121
  0.1123  0.1098  0.1109  0.1095  0.1098  0.1105
  0.1094  0.1093  0.1094  0.1094  0.1093  0.1094
  0.1114  0.1106  0.1104  0.1111  0.1107  0.1098
  0.1174  0.1132  0.1141  0.1124  0.1128  0.1119
  0.1255  0.1172  0.1189  0.1169  0.1152  0.1143
   -1.2127    0.3667   17.2228  -15.2767    0.8138   -0.6267
eta,q 0.89063 10.00177

---------------------------------------------------------------------
imgreg_4dfp /opt/freesurfer/average/711-2C_as_mni_average_305 /opt/freesurfer/average/711-2B_as_mni_average_305_mask talsrcimg_g11 none talsrcimg_to_711-2C_as_mni_average_305_t4 3335
---------------------------------------------------------------------

freesurfer imgreg_4dfp.c
/opt/freesurfer/average/711-2C_as_mni_average_305.4dfp.img
       256       256       256         1
  1.000000  1.000000  1.000000
orientation T byte_order littleendian
Reading image: /opt/freesurfer/average/711-2C_as_mni_average_305.4dfp.img
dimensions:      256       256       256
mmppix:       1.0000   -1.0000   -1.0000
center:     128.0000 -129.0000 -129.0000
/opt/freesurfer/average/711-2B_as_mni_average_305_mask.4dfp.img
       256       256       256         1
  1.000000  1.000000  1.000000
orientation T byte_order littleendian
Reading mask: /opt/freesurfer/average/711-2B_as_mni_average_305_mask.4dfp.img (2306576 pixels)
talsrcimg_g11.4dfp.img
       256       256       256         1
  1.000000  1.000000  1.000000
orientation T byte_order littleendian
Reading image: talsrcimg_g11.4dfp.img
dimensions:      256       256       256
mmppix:       1.0000   -1.0000   -1.0000
center:     128.0000 -129.0000 -129.0000
fimgreg.f
image alignment mode   3335 decimal      D07 hex
parameters
   -1.2127    0.3667   17.2228   -0.0161   -3.5434   -3.5433
    1.4292   -1.0818   -1.0936   26.3615    1.4202  -26.3454
eta,q 0.89099 10.07694
niter,ni,del,rscale     5    3    5.0000    1.2000
parameter  4  4.660417 ->  0.500000 qaram    1.1500
parameter  5  6.391939 ->  0.500000 qaram    1.1500
parameter  6  3.322508 ->  0.500000 qaram    1.1500
parameter 10  1.776942 ->  0.500000 qaram    1.1500
parameter 12 -0.662539 -> -0.500000 qaram    1.1500
parameters
   -1.4894    0.1659   17.2233   -4.1561   -7.6834   -7.6833
   -0.1155   -2.9132   -2.5762   22.2215   -2.0728  -22.2054
eta,q 0.92873  8.74886
  0.1107  0.1102  0.1102  0.0921  0.0819  0.0714  0.0786  0.0793  0.0782  0.0703  0.0725  0.0762
  0.1097  0.1095  0.1095  0.0971  0.0869  0.0760  0.0778  0.0778  0.0775  0.0719  0.0721  0.0745
  0.1091  0.1091  0.1091  0.1028  0.0925  0.0817  0.0774  0.0772  0.0771  0.0741  0.0721  0.0731
  0.1090  0.1090  0.1090  0.1090  0.0986  0.0883  0.0775  0.0774  0.0771  0.0770  0.0724  0.0721
  0.1094  0.1092  0.1091  0.1157  0.1050  0.0955  0.0780  0.0785  0.0776  0.0806  0.0730  0.0714
  0.1103  0.1098  0.1095  0.1228  0.1115  0.1032  0.0790  0.0805  0.0785  0.0847  0.0740  0.0713
  0.1117  0.1107  0.1102  0.1300  0.1182  0.1113  0.0803  0.0832  0.0797  0.0892  0.0752  0.0715
niter,ni,del,rscale     7    3    5.0000    1.2000
parameter  4  1.984343 ->  0.500000 qaram    1.3225
parameter  5  2.482952 ->  0.500000 qaram    1.3225
parameter  6  1.406228 ->  0.500000 qaram    1.3225
parameter 10  0.963533 ->  0.500000 qaram    1.3225
parameters
   -1.7643    0.4523   16.5856   -8.9171  -12.4444  -12.4443
    0.1784   -2.2291   -2.1278   17.4605   -1.8533  -20.7355
eta,q 0.95741  7.56533
  0.0733  0.0739  0.0720  0.0583  0.0488  0.0429  0.0483  0.0509  0.0484  0.0421  0.0443  0.0457
  0.0720  0.0725  0.0714  0.0613  0.0524  0.0450  0.0471  0.0484  0.0471  0.0424  0.0434  0.0441
  0.0713  0.0716  0.0711  0.0656  0.0569  0.0485  0.0462  0.0467  0.0462  0.0436  0.0428  0.0431
  0.0713  0.0712  0.0712  0.0711  0.0624  0.0535  0.0458  0.0458  0.0458  0.0458  0.0426  0.0426
  0.0718  0.0713  0.0717  0.0775  0.0687  0.0600  0.0460  0.0461  0.0459  0.0489  0.0428  0.0427
  0.0728  0.0718  0.0726  0.0846  0.0756  0.0676  0.0468  0.0473  0.0466  0.0528  0.0433  0.0431
  0.0744  0.0728  0.0739  0.0925  0.0830  0.0761  0.0480  0.0493  0.0479  0.0574  0.0441  0.0440
niter,ni,del,rscale     7    3    5.0000    1.2000
parameter  3  0.613184 ->  0.500000 qaram    1.1500
parameter  4  0.728066 ->  0.500000 qaram    1.5209
parameter  5  0.939691 ->  0.500000 qaram    1.5209
parameter  6  0.609693 ->  0.500000 qaram    1.5209
parameters
   -1.7012    0.4568   15.2056  -14.3922  -17.9195  -17.9194
   -0.1068   -2.4567   -2.3208   16.6281   -1.8308  -19.9339
eta,q 0.96834  6.78985
  0.0455  0.0448  0.0422  0.0388  0.0335  0.0322  0.0334  0.0337  0.0335  0.0349  0.0324  0.0336
  0.0439  0.0435  0.0419  0.0386  0.0337  0.0316  0.0324  0.0325  0.0324  0.0333  0.0320  0.0326
  0.0429  0.0428  0.0421  0.0394  0.0354  0.0321  0.0318  0.0318  0.0318  0.0321  0.0318  0.0319
  0.0426  0.0426  0.0426  0.0419  0.0387  0.0340  0.0316  0.0316  0.0316  0.0316  0.0317  0.0317
  0.0429  0.0428  0.0435  0.0463  0.0432  0.0380  0.0319  0.0319  0.0319  0.0322  0.0317  0.0318
  0.0437  0.0435  0.0447  0.0523  0.0490  0.0441  0.0326  0.0327  0.0326  0.0340  0.0320  0.0322
  0.0452  0.0447  0.0462  0.0594  0.0559  0.0519  0.0337  0.0339  0.0337  0.0367  0.0325  0.0329
niter,ni,del,rscale     7    3    5.0000    1.2000
parameters
   -1.6183    0.6213   14.2801  -16.1598  -21.2990  -20.5686
   -0.1374   -2.3139   -2.5147   18.5139   -2.1140  -21.0778
eta,q 0.96848  6.60043
  0.0334  0.0337  0.0321  0.0347  0.0340  0.0344  0.0331  0.0332  0.0329  0.0348  0.0320  0.0323
  0.0325  0.0325  0.0317  0.0334  0.0327  0.0330  0.0324  0.0325  0.0323  0.0336  0.0317  0.0318
  0.0319  0.0319  0.0315  0.0322  0.0318  0.0320  0.0320  0.0320  0.0319  0.0326  0.0316  0.0315
  0.0317  0.0317  0.0317  0.0315  0.0318  0.0317  0.0318  0.0318  0.0318  0.0318  0.0316  0.0316
  0.0318  0.0318  0.0321  0.0321  0.0335  0.0328  0.0320  0.0320  0.0320  0.0315  0.0316  0.0318
  0.0323  0.0323  0.0328  0.0347  0.0374  0.0359  0.0324  0.0324  0.0324  0.0319  0.0318  0.0322
  0.0332  0.0331  0.0337  0.0396  0.0428  0.0417  0.0332  0.0331  0.0330  0.0334  0.0321  0.0328
niter,ni,del,rscale     6    3    5.0000    1.2000
parameters
   -1.4394    1.2199   13.3139  -15.5468  -22.2932  -21.8816
   -0.1611   -1.9504   -2.5286   19.9498   -2.2529  -22.6757
eta,q 0.96874  6.58007
  0.0329  0.0333  0.0317  0.0351  0.0347  0.0348  0.0328  0.0331  0.0326  0.0343  0.0317  0.0319
  0.0322  0.0324  0.0314  0.0337  0.0333  0.0332  0.0321  0.0322  0.0320  0.0332  0.0315  0.0315
  0.0317  0.0318  0.0314  0.0324  0.0321  0.0320  0.0317  0.0317  0.0316  0.0322  0.0314  0.0313
  0.0315  0.0315  0.0315  0.0314  0.0312  0.0314  0.0315  0.0315  0.0315  0.0315  0.0313  0.0313
  0.0316  0.0315  0.0317  0.0309  0.0315  0.0317  0.0317  0.0316  0.0317  0.0312  0.0314  0.0316
  0.0319  0.0317  0.0322  0.0320  0.0336  0.0338  0.0321  0.0320  0.0320  0.0317  0.0315  0.0320
  0.0325  0.0321  0.0329  0.0354  0.0376  0.0383  0.0328  0.0328  0.0326  0.0334  0.0318  0.0326
niter,ni,del,rscale     5    3    5.0000    1.2000
parameters
   -1.3369    1.6412   12.5808  -15.4284  -22.6156  -22.7257
   -0.1837   -1.7934   -2.4973   20.9692   -2.3781  -23.7362
eta,q 0.96884  6.57395
  0.0326  0.0327  0.0316  0.0348  0.0348  0.0349  0.0326  0.0329  0.0325  0.0341  0.0316  0.0320
  0.0319  0.0320  0.0313  0.0334  0.0334  0.0332  0.0319  0.0320  0.0318  0.0329  0.0314  0.0314
  0.0314  0.0315  0.0312  0.0322  0.0321  0.0319  0.0315  0.0315  0.0314  0.0319  0.0312  0.0312
  0.0313  0.0313  0.0312  0.0312  0.0311  0.0312  0.0313  0.0313  0.0313  0.0313  0.0312  0.0312
  0.0313  0.0313  0.0315  0.0309  0.0311  0.0314  0.0315  0.0314  0.0315  0.0311  0.0312  0.0314
  0.0317  0.0315  0.0319  0.0322  0.0328  0.0333  0.0319  0.0319  0.0318  0.0317  0.0314  0.0318
  0.0324  0.0319  0.0325  0.0358  0.0364  0.0374  0.0326  0.0327  0.0324  0.0335  0.0317  0.0324
niter,ni,del,rscale     4    3    5.0000    1.2000
parameters
   -1.2979    1.9252   12.0936  -15.4063  -22.8251  -23.3275
   -0.2008   -1.7514   -2.4288   21.6678   -2.5088  -24.3718
eta,q 0.96886  6.56973
  0.0324  0.0324  0.0317  0.0347  0.0348  0.0350  0.0326  0.0328  0.0324  0.0339  0.0316  0.0320
  0.0317  0.0317  0.0313  0.0333  0.0334  0.0333  0.0318  0.0319  0.0317  0.0328  0.0314  0.0315
  0.0313  0.0313  0.0311  0.0321  0.0321  0.0319  0.0314  0.0314  0.0313  0.0318  0.0312  0.0312
  0.0312  0.0312  0.0311  0.0311  0.0311  0.0312  0.0312  0.0312  0.0312  0.0312  0.0312  0.0312
  0.0313  0.0312  0.0313  0.0309  0.0310  0.0313  0.0314  0.0314  0.0314  0.0311  0.0312  0.0314
  0.0316  0.0315  0.0317  0.0322  0.0327  0.0330  0.0318  0.0319  0.0317  0.0318  0.0314  0.0317
  0.0323  0.0319  0.0322  0.0358  0.0362  0.0371  0.0326  0.0328  0.0323  0.0336  0.0316  0.0323
niter,ni,del,rscale     3    3    5.0000    1.2000
parameters
   -1.2908    2.1183   11.7529  -15.3964  -22.9839  -23.7650
   -0.2144   -1.7540   -2.3603   22.1502   -2.5837  -24.7774
eta,q 0.96884  6.56659
  0.0323  0.0323  0.0317  0.0347  0.0348  0.0351  0.0325  0.0328  0.0323  0.0338  0.0316  0.0321
  0.0317  0.0317  0.0314  0.0333  0.0334  0.0333  0.0318  0.0319  0.0317  0.0327  0.0314  0.0315
  0.0313  0.0313  0.0312  0.0321  0.0321  0.0319  0.0314  0.0314  0.0313  0.0318  0.0312  0.0312
  0.0311  0.0311  0.0311  0.0311  0.0311  0.0312  0.0312  0.0312  0.0312  0.0312  0.0312  0.0312
  0.0313  0.0312  0.0313  0.0309  0.0310  0.0313  0.0314  0.0314  0.0313  0.0311  0.0312  0.0313
  0.0317  0.0315  0.0316  0.0322  0.0326  0.0329  0.0318  0.0319  0.0317  0.0319  0.0314  0.0317
  0.0323  0.0319  0.0321  0.0358  0.0361  0.0368  0.0326  0.0328  0.0322  0.0338  0.0316  0.0322
niter,ni,del,rscale     2    3    5.0000    1.2000
parameters
   -1.2890    2.2643   11.5009  -15.3788  -23.1153  -24.0971
   -0.2258   -1.7651   -2.3059   22.5043   -2.6131  -25.0460
eta,q 0.96883  6.56424
  0.0323  0.0322  0.0318  0.0347  0.0348  0.0352  0.0325  0.0328  0.0323  0.0338  0.0316  0.0321
  0.0317  0.0316  0.0314  0.0333  0.0334  0.0334  0.0318  0.0319  0.0317  0.0326  0.0314  0.0315
  0.0313  0.0313  0.0312  0.0321  0.0321  0.0319  0.0314  0.0314  0.0313  0.0317  0.0312  0.0312
  0.0312  0.0312  0.0312  0.0311  0.0311  0.0312  0.0312  0.0312  0.0312  0.0312  0.0312  0.0312
  0.0313  0.0312  0.0313  0.0309  0.0310  0.0313  0.0314  0.0314  0.0313  0.0311  0.0312  0.0313
  0.0317  0.0315  0.0316  0.0322  0.0326  0.0328  0.0318  0.0319  0.0317  0.0319  0.0314  0.0317
  0.0323  0.0320  0.0321  0.0358  0.0360  0.0367  0.0325  0.0328  0.0322  0.0339  0.0316  0.0322
niter,ni,del,rscale     1    3    5.0000    1.2000
parameters
   -1.2951    2.3713   11.3112  -15.3681  -23.2247  -24.3519
   -0.2243   -1.7896   -2.2865   22.7573   -2.6495  -25.2274
eta,q 0.96881  6.56201
  0.0323  0.0322  0.0319  0.0347  0.0348  0.0352  0.0325  0.0328  0.0323  0.0338  0.0317  0.0322
  0.0317  0.0316  0.0315  0.0334  0.0334  0.0334  0.0318  0.0319  0.0317  0.0326  0.0314  0.0316
  0.0313  0.0313  0.0312  0.0321  0.0322  0.0320  0.0314  0.0314  0.0313  0.0317  0.0312  0.0313
  0.0312  0.0312  0.0312  0.0312  0.0312  0.0312  0.0312  0.0312  0.0312  0.0312  0.0312  0.0312
  0.0313  0.0313  0.0313  0.0309  0.0310  0.0313  0.0314  0.0314  0.0314  0.0312  0.0313  0.0314
  0.0317  0.0315  0.0316  0.0322  0.0326  0.0328  0.0318  0.0319  0.0317  0.0320  0.0314  0.0317
  0.0324  0.0320  0.0321  0.0359  0.0360  0.0366  0.0326  0.0328  0.0322  0.0339  0.0317  0.0322
registration optimization eta report
parameter search radius
    2.4000    2.4000    2.7600   10.9503   10.9503   10.9503
    7.2000    7.2000    7.2000    9.5220    7.2000    8.2800
100000*second partial in parameter space
       20.       16.       10.        3.        4.        4.
        3.        3.        2.        3.        1.        1.
  0.0323  0.0322  0.0319  0.0347  0.0348  0.0352  0.0325  0.0328  0.0323  0.0338  0.0317  0.0322
  0.0317  0.0316  0.0315  0.0334  0.0334  0.0334  0.0318  0.0319  0.0317  0.0326  0.0314  0.0316
  0.0313  0.0313  0.0312  0.0321  0.0322  0.0320  0.0314  0.0314  0.0313  0.0317  0.0312  0.0313
  0.0312  0.0312  0.0312  0.0312  0.0312  0.0312  0.0312  0.0312  0.0312  0.0312  0.0312  0.0312
  0.0313  0.0313  0.0313  0.0309  0.0310  0.0313  0.0314  0.0314  0.0314  0.0312  0.0313  0.0314
  0.0317  0.0315  0.0316  0.0322  0.0326  0.0328  0.0318  0.0319  0.0317  0.0320  0.0314  0.0317
  0.0324  0.0320  0.0321  0.0359  0.0360  0.0366  0.0326  0.0328  0.0322  0.0339  0.0317  0.0322
   -1.2951    2.3713   11.3112  -15.3681  -23.2247  -24.3519
   -0.2243   -1.7896   -2.2865   22.7573   -2.6495  -25.2274
eta,q 0.96881  6.56201

---------------------------------------------------------------------
imgreg_4dfp /opt/freesurfer/average/711-2C_as_mni_average_305 /opt/freesurfer/average/711-2B_as_mni_average_305_mask talsrcimg_g11 none talsrcimg_to_711-2C_as_mni_average_305_t4 2311
---------------------------------------------------------------------

freesurfer imgreg_4dfp.c
/opt/freesurfer/average/711-2C_as_mni_average_305.4dfp.img
       256       256       256         1
  1.000000  1.000000  1.000000
orientation T byte_order littleendian
Reading image: /opt/freesurfer/average/711-2C_as_mni_average_305.4dfp.img
dimensions:      256       256       256
mmppix:       1.0000   -1.0000   -1.0000
center:     128.0000 -129.0000 -129.0000
/opt/freesurfer/average/711-2B_as_mni_average_305_mask.4dfp.img
       256       256       256         1
  1.000000  1.000000  1.000000
orientation T byte_order littleendian
Reading mask: /opt/freesurfer/average/711-2B_as_mni_average_305_mask.4dfp.img (2306576 pixels)
talsrcimg_g11.4dfp.img
       256       256       256         1
  1.000000  1.000000  1.000000
orientation T byte_order littleendian
Reading image: talsrcimg_g11.4dfp.img
dimensions:      256       256       256
mmppix:       1.0000   -1.0000   -1.0000
center:     128.0000 -129.0000 -129.0000
fimgreg.f
image alignment mode   2311 decimal      907 hex
parameters
   -1.2951    2.3713   11.3112  -15.3681  -23.2247  -24.3519
   -0.2243   -1.7896   -2.2865   22.7573   -2.6495  -25.2273
eta,q 0.96881  6.56201
niter,ni,del,rscale     5    3    5.0000    0.8000
parameter  4 -0.585142 -> -0.500000 qaram    1.1500
parameters
   -1.2837    2.3911   11.1571  -12.6081  -21.8051  -23.1417
   -0.1246   -1.5562   -2.3666   22.6618   -2.8121  -25.6802
eta,q 0.96936  6.68851
  0.0317  0.0316  0.0314  0.0325  0.0322  0.0320  0.0315  0.0318  0.0314  0.0315  0.0309  0.0310
  0.0314  0.0314  0.0313  0.0320  0.0316  0.0314  0.0311  0.0312  0.0310  0.0311  0.0308  0.0308
  0.0313  0.0312  0.0312  0.0316  0.0312  0.0310  0.0308  0.0308  0.0307  0.0308  0.0307  0.0307
  0.0312  0.0312  0.0312  0.0312  0.0309  0.0307  0.0307  0.0307  0.0307  0.0307  0.0307  0.0307
  0.0312  0.0312  0.0312  0.0309  0.0307  0.0307  0.0307  0.0308  0.0308  0.0307  0.0307  0.0307
  0.0314  0.0314  0.0313  0.0309  0.0308  0.0308  0.0310  0.0311  0.0310  0.0310  0.0308  0.0309
  0.0317  0.0316  0.0315  0.0311  0.0313  0.0312  0.0314  0.0316  0.0314  0.0316  0.0310  0.0311
niter,ni,del,rscale     5    3    5.0000    0.8000
parameters
   -1.4041    2.2218   11.4821  -13.6476  -21.6871  -22.7241
   -0.1490   -1.8134   -2.2829   22.5662   -2.7052  -25.4996
eta,q 0.96939  6.66741
  0.0313  0.0311  0.0311  0.0315  0.0317  0.0317  0.0314  0.0315  0.0313  0.0314  0.0309  0.0311
  0.0309  0.0308  0.0309  0.0311  0.0312  0.0312  0.0310  0.0310  0.0309  0.0310  0.0307  0.0308
  0.0307  0.0306  0.0307  0.0307  0.0308  0.0308  0.0307  0.0307  0.0307  0.0307  0.0306  0.0307
  0.0306  0.0306  0.0306  0.0306  0.0306  0.0306  0.0306  0.0306  0.0306  0.0306  0.0306  0.0306
  0.0308  0.0307  0.0306  0.0309  0.0307  0.0306  0.0307  0.0308  0.0307  0.0307  0.0306  0.0307
  0.0311  0.0310  0.0307  0.0317  0.0310  0.0309  0.0310  0.0311  0.0309  0.0310  0.0307  0.0308
  0.0315  0.0313  0.0308  0.0330  0.0318  0.0315  0.0314  0.0317  0.0313  0.0316  0.0309  0.0310
niter,ni,del,rscale     4    3    5.0000    0.7000
parameters
   -1.3725    2.1677   11.7109  -13.6391  -21.5566  -22.3424
   -0.1719   -1.7972   -2.3224   22.4400   -2.7311  -25.3892
eta,q 0.96942  6.67646
  0.0312  0.0310  0.0310  0.0316  0.0315  0.0314  0.0312  0.0313  0.0311  0.0312  0.0308  0.0309
  0.0309  0.0308  0.0308  0.0312  0.0311  0.0310  0.0308  0.0309  0.0308  0.0309  0.0307  0.0307
  0.0307  0.0306  0.0307  0.0308  0.0308  0.0308  0.0306  0.0307  0.0306  0.0307  0.0306  0.0306
  0.0306  0.0306  0.0306  0.0306  0.0306  0.0306  0.0306  0.0306  0.0306  0.0306  0.0306  0.0306
  0.0307  0.0307  0.0306  0.0306  0.0306  0.0306  0.0306  0.0307  0.0307  0.0306  0.0306  0.0306
  0.0308  0.0308  0.0307  0.0310  0.0309  0.0308  0.0309  0.0309  0.0308  0.0309  0.0307  0.0307
  0.0311  0.0311  0.0308  0.0318  0.0315  0.0312  0.0312  0.0313  0.0311  0.0314  0.0308  0.0309
niter,ni,del,rscale     3    3    5.0000    0.6000
parameters
   -1.3603    2.1076   11.8837  -13.5173  -21.4507  -22.0542
   -0.1691   -1.7716   -2.3550   22.3353   -2.7183  -25.2995
eta,q 0.96944  6.68642
  0.0310  0.0309  0.0308  0.0314  0.0312  0.0312  0.0310  0.0311  0.0310  0.0310  0.0307  0.0308
  0.0308  0.0307  0.0307  0.0310  0.0309  0.0309  0.0308  0.0308  0.0307  0.0308  0.0306  0.0307
  0.0306  0.0306  0.0306  0.0307  0.0307  0.0307  0.0306  0.0306  0.0306  0.0306  0.0306  0.0306
  0.0306  0.0306  0.0306  0.0306  0.0306  0.0306  0.0306  0.0306  0.0306  0.0306  0.0306  0.0306
  0.0306  0.0306  0.0306  0.0306  0.0306  0.0306  0.0306  0.0306  0.0306  0.0306  0.0306  0.0306
  0.0307  0.0307  0.0306  0.0308  0.0308  0.0307  0.0308  0.0308  0.0308  0.0308  0.0306  0.0307
  0.0310  0.0309  0.0307  0.0314  0.0312  0.0311  0.0310  0.0311  0.0310  0.0311  0.0307  0.0308
niter,ni,del,rscale     2    3    5.0000    0.5000
parameters
   -1.3517    2.0700   12.0050  -13.4216  -21.3636  -21.8489
   -0.1593   -1.7659   -2.3858   22.2698   -2.7249  -25.2512
eta,q 0.96945  6.69452
  0.0308  0.0308  0.0307  0.0311  0.0310  0.0310  0.0309  0.0309  0.0308  0.0309  0.0307  0.0307
  0.0307  0.0306  0.0306  0.0309  0.0308  0.0308  0.0307  0.0307  0.0307  0.0307  0.0306  0.0306
  0.0306  0.0306  0.0306  0.0307  0.0306  0.0306  0.0306  0.0306  0.0306  0.0306  0.0306  0.0306
  0.0306  0.0306  0.0306  0.0306  0.0306  0.0305  0.0305  0.0305  0.0305  0.0305  0.0305  0.0305
  0.0306  0.0306  0.0306  0.0306  0.0306  0.0306  0.0306  0.0306  0.0306  0.0306  0.0306  0.0306
  0.0307  0.0307  0.0306  0.0308  0.0307  0.0307  0.0307  0.0307  0.0307  0.0307  0.0306  0.0306
  0.0308  0.0308  0.0307  0.0311  0.0310  0.0309  0.0309  0.0309  0.0309  0.0309  0.0307  0.0307
niter,ni,del,rscale     1    3    5.0000    0.4000
parameters
   -1.3569    2.0374   12.0864  -13.3202  -21.3024  -21.6903
   -0.1383   -1.7837   -2.4092   22.2429   -2.7024  -25.2154
eta,q 0.96946  6.70179
  0.0307  0.0307  0.0306  0.0309  0.0309  0.0308  0.0308  0.0308  0.0307  0.0308  0.0306  0.0307
  0.0306  0.0306  0.0306  0.0308  0.0307  0.0307  0.0306  0.0307  0.0306  0.0307  0.0306  0.0306
  0.0306  0.0306  0.0306  0.0306  0.0306  0.0306  0.0306  0.0306  0.0306  0.0306  0.0305  0.0306
  0.0305  0.0305  0.0305  0.0305  0.0305  0.0305  0.0305  0.0305  0.0305  0.0305  0.0305  0.0305
  0.0306  0.0306  0.0305  0.0306  0.0306  0.0306  0.0306  0.0306  0.0306  0.0306  0.0305  0.0306
  0.0306  0.0306  0.0306  0.0307  0.0307  0.0306  0.0306  0.0307  0.0306  0.0306  0.0306  0.0306
  0.0307  0.0307  0.0306  0.0309  0.0308  0.0308  0.0307  0.0308  0.0307  0.0308  0.0306  0.0306
registration optimization eta report
parameter search radius
    0.8000    0.8000    0.8000    2.7600    2.4000    2.4000
    2.4000    2.4000    2.4000    2.4000    2.4000    2.4000
100000*second partial in parameter space
       28.       24.       13.        5.        5.        4.
        4.        5.        3.        4.        1.        2.
  0.0307  0.0307  0.0306  0.0309  0.0309  0.0308  0.0308  0.0308  0.0307  0.0308  0.0306  0.0307
  0.0306  0.0306  0.0306  0.0308  0.0307  0.0307  0.0306  0.0307  0.0306  0.0307  0.0306  0.0306
  0.0306  0.0306  0.0306  0.0306  0.0306  0.0306  0.0306  0.0306  0.0306  0.0306  0.0305  0.0306
  0.0305  0.0305  0.0305  0.0305  0.0305  0.0305  0.0305  0.0305  0.0305  0.0305  0.0305  0.0305
  0.0306  0.0306  0.0305  0.0306  0.0306  0.0306  0.0306  0.0306  0.0306  0.0306  0.0305  0.0306
  0.0306  0.0306  0.0306  0.0307  0.0307  0.0306  0.0306  0.0307  0.0306  0.0306  0.0306  0.0306
  0.0307  0.0307  0.0306  0.0309  0.0308  0.0308  0.0307  0.0308  0.0307  0.0308  0.0306  0.0306
   -1.3569    2.0374   12.0864  -13.3202  -21.3024  -21.6903
   -0.1383   -1.7837   -2.4092   22.2429   -2.7024  -25.2154
eta,q 0.96946  6.70179

---------------------------------------------------------------------
imgreg_4dfp /opt/freesurfer/average/711-2C_as_mni_average_305 /opt/freesurfer/average/711-2B_as_mni_average_305_mask talsrcimg_g11 none talsrcimg_to_711-2C_as_mni_average_305_t4 2311
---------------------------------------------------------------------

freesurfer imgreg_4dfp.c
/opt/freesurfer/average/711-2C_as_mni_average_305.4dfp.img
       256       256       256         1
  1.000000  1.000000  1.000000
orientation T byte_order littleendian
Reading image: /opt/freesurfer/average/711-2C_as_mni_average_305.4dfp.img
dimensions:      256       256       256
mmppix:       1.0000   -1.0000   -1.0000
center:     128.0000 -129.0000 -129.0000
/opt/freesurfer/average/711-2B_as_mni_average_305_mask.4dfp.img
       256       256       256         1
  1.000000  1.000000  1.000000
orientation T byte_order littleendian
Reading mask: /opt/freesurfer/average/711-2B_as_mni_average_305_mask.4dfp.img (2306576 pixels)
talsrcimg_g11.4dfp.img
       256       256       256         1
  1.000000  1.000000  1.000000
orientation T byte_order littleendian
Reading image: talsrcimg_g11.4dfp.img
dimensions:      256       256       256
mmppix:       1.0000   -1.0000   -1.0000
center:     128.0000 -129.0000 -129.0000
fimgreg.f
image alignment mode   2311 decimal      907 hex
parameters
   -1.3569    2.0374   12.0864  -13.3202  -21.3024  -21.6903
   -0.1383   -1.7837   -2.4092   22.2429   -2.7024  -25.2154
eta,q 0.96946  6.70179
niter,ni,del,rscale     5    3    5.0000    0.8000
parameters
   -1.3806    2.0628   12.1488  -13.7383  -21.6135  -21.8841
   -0.1659   -1.7861   -2.3583   22.0909   -2.6611  -24.9469
eta,q 0.96942  6.67418
  0.0312  0.0312  0.0309  0.0314  0.0315  0.0315  0.0314  0.0315  0.0313  0.0314  0.0309  0.0311
  0.0309  0.0308  0.0307  0.0310  0.0311  0.0310  0.0309  0.0310  0.0309  0.0310  0.0307  0.0308
  0.0306  0.0306  0.0306  0.0307  0.0307  0.0307  0.0307  0.0307  0.0306  0.0307  0.0306  0.0306
  0.0305  0.0305  0.0305  0.0305  0.0306  0.0306  0.0306  0.0306  0.0306  0.0306  0.0306  0.0306
  0.0306  0.0306  0.0306  0.0306  0.0307  0.0307  0.0307  0.0307  0.0307  0.0306  0.0306  0.0306
  0.0309  0.0308  0.0307  0.0311  0.0311  0.0310  0.0309  0.0310  0.0309  0.0310  0.0307  0.0308
  0.0313  0.0311  0.0309  0.0320  0.0320  0.0318  0.0314  0.0315  0.0313  0.0316  0.0309  0.0310
niter,ni,del,rscale     4    3    5.0000    0.7000
parameters
   -1.3468    2.0227   12.1356  -13.5175  -21.4921  -21.8240
   -0.1658   -1.7399   -2.3826   22.0150   -2.6851  -24.9736
eta,q 0.96944  6.68366
  0.0311  0.0310  0.0308  0.0314  0.0314  0.0313  0.0312  0.0313  0.0311  0.0312  0.0308  0.0309
  0.0308  0.0308  0.0307  0.0311  0.0310  0.0309  0.0308  0.0309  0.0308  0.0309  0.0307  0.0307
  0.0307  0.0306  0.0306  0.0308  0.0307  0.0307  0.0306  0.0306  0.0306  0.0307  0.0306  0.0306
  0.0306  0.0306  0.0306  0.0306  0.0306  0.0306  0.0306  0.0306  0.0306  0.0306  0.0306  0.0306
  0.0306  0.0306  0.0306  0.0306  0.0306  0.0306  0.0306  0.0306  0.0306  0.0306  0.0306  0.0306
  0.0308  0.0308  0.0307  0.0308  0.0309  0.0309  0.0308  0.0309  0.0308  0.0308  0.0307  0.0307
  0.0311  0.0310  0.0308  0.0314  0.0314  0.0314  0.0312  0.0313  0.0311  0.0313  0.0308  0.0309
niter,ni,del,rscale     3    3    5.0000    0.6000
parameters
   -1.3509    1.9954   12.1471  -13.4100  -21.3926  -21.7206
   -0.1553   -1.7425   -2.4069   22.0215   -2.6584  -25.0058
eta,q 0.96945  6.69173
  0.0310  0.0309  0.0308  0.0312  0.0312  0.0311  0.0310  0.0311  0.0310  0.0311  0.0307  0.0308
  0.0307  0.0307  0.0306  0.0309  0.0309  0.0308  0.0308  0.0308  0.0307  0.0308  0.0306  0.0306
  0.0306  0.0306  0.0306  0.0307  0.0307  0.0306  0.0306  0.0306  0.0306  0.0306  0.0306  0.0306
  0.0306  0.0306  0.0306  0.0306  0.0306  0.0306  0.0305  0.0305  0.0305  0.0305  0.0305  0.0305
  0.0306  0.0306  0.0306  0.0306  0.0306  0.0306  0.0306  0.0306  0.0306  0.0306  0.0306  0.0306
  0.0307  0.0307  0.0306  0.0308  0.0308  0.0308  0.0308  0.0308  0.0307  0.0307  0.0306  0.0307
  0.0310  0.0309  0.0308  0.0312  0.0312  0.0311  0.0310  0.0311  0.0310  0.0311  0.0307  0.0308
niter,ni,del,rscale     2    3    5.0000    0.5000
parameters
   -1.3586    1.9873   12.1760  -13.3251  -21.3273  -21.6229
   -0.1452   -1.7576   -2.4146   22.0562   -2.6457  -25.0345
eta,q 0.96946  6.69863
  0.0308  0.0308  0.0307  0.0310  0.0310  0.0310  0.0309  0.0309  0.0309  0.0309  0.0307  0.0307
  0.0307  0.0307  0.0306  0.0308  0.0308  0.0307  0.0307  0.0307  0.0307  0.0307  0.0306  0.0306
  0.0306  0.0306  0.0306  0.0306  0.0306  0.0306  0.0306  0.0306  0.0306  0.0306  0.0306  0.0306
  0.0305  0.0305  0.0305  0.0305  0.0305  0.0305  0.0305  0.0305  0.0305  0.0305  0.0305  0.0305
  0.0306  0.0306  0.0306  0.0306  0.0306  0.0306  0.0306  0.0306  0.0306  0.0306  0.0306  0.0306
  0.0307  0.0307  0.0306  0.0307  0.0307  0.0307  0.0307  0.0307  0.0307  0.0307  0.0306  0.0306
  0.0308  0.0308  0.0307  0.0310  0.0310  0.0309  0.0309  0.0309  0.0308  0.0309  0.0307  0.0307
niter,ni,del,rscale     1    3    5.0000    0.4000
parameters
   -1.3638    1.9815   12.2094  -13.2597  -21.2698  -21.5442
   -0.1304   -1.7852   -2.4320   22.0829   -2.6731  -25.0420
eta,q 0.96946  6.70425
  0.0307  0.0307  0.0306  0.0308  0.0309  0.0308  0.0308  0.0308  0.0307  0.0308  0.0306  0.0307
  0.0306  0.0306  0.0306  0.0307  0.0307  0.0307  0.0306  0.0306  0.0306  0.0307  0.0306  0.0306
  0.0306  0.0306  0.0306  0.0306  0.0306  0.0306  0.0306  0.0306  0.0306  0.0306  0.0305  0.0305
  0.0305  0.0305  0.0305  0.0305  0.0305  0.0305  0.0305  0.0305  0.0305  0.0305  0.0305  0.0305
  0.0306  0.0306  0.0305  0.0306  0.0306  0.0306  0.0306  0.0306  0.0306  0.0305  0.0306  0.0306
  0.0306  0.0306  0.0306  0.0306  0.0307  0.0306  0.0306  0.0307  0.0306  0.0306  0.0306  0.0306
  0.0307  0.0307  0.0306  0.0308  0.0308  0.0308  0.0307  0.0308  0.0307  0.0308  0.0306  0.0307
registration optimization eta report
parameter search radius
    0.8000    0.8000    0.8000    2.4000    2.4000    2.4000
    2.4000    2.4000    2.4000    2.4000    2.4000    2.4000
100000*second partial in parameter space
       29.       24.       14.        5.        5.        5.
        4.        4.        3.        4.        1.        2.
  0.0307  0.0307  0.0306  0.0308  0.0309  0.0308  0.0308  0.0308  0.0307  0.0308  0.0306  0.0307
  0.0306  0.0306  0.0306  0.0307  0.0307  0.0307  0.0306  0.0306  0.0306  0.0307  0.0306  0.0306
  0.0306  0.0306  0.0306  0.0306  0.0306  0.0306  0.0306  0.0306  0.0306  0.0306  0.0305  0.0305
  0.0305  0.0305  0.0305  0.0305  0.0305  0.0305  0.0305  0.0305  0.0305  0.0305  0.0305  0.0305
  0.0306  0.0306  0.0305  0.0306  0.0306  0.0306  0.0306  0.0306  0.0306  0.0305  0.0306  0.0306
  0.0306  0.0306  0.0306  0.0306  0.0307  0.0306  0.0306  0.0307  0.0306  0.0306  0.0306  0.0306
  0.0307  0.0307  0.0306  0.0308  0.0308  0.0308  0.0307  0.0308  0.0307  0.0308  0.0306  0.0307
   -1.3638    1.9815   12.2094  -13.2597  -21.2698  -21.5442
   -0.1304   -1.7852   -2.4320   22.0829   -2.6731  -25.0420
eta,q 0.96946  6.70425

---------------------------------------------------------------------
compute_vox2vox talsrcimg talsrcimg_to_711-2C_as_mni_average_305_t4 /opt/freesurfer/average/711-2C_as_mni_average_305
---------------------------------------------------------------------

freesurfer compute_vox2vox.c
Reading: talsrcimg.4dfp.ifh
Reading: talsrcimg_to_711-2C_as_mni_average_305_t4
Reading: /opt/freesurfer/average/711-2C_as_mni_average_305.4dfp.ifh
Writing: talsrcimg_to_711-2C_as_mni_average_305_t4_vox2vox.txt

start time Wed Dec 13 18:31:28 UTC 2023
end		time Wed Dec 13 18:31:54 UTC 2023

mpr2mni305 success

avi2talxfm orig_nu.mgz /opt/freesurfer/average/mni305.cor.mgz talsrcimg_to_711-2C_as_mni_average_305_t4_vox2vox.txt transforms/talairach.auto.xfm
avi2talxfm done
mv -f /output/sourcedata/freesurfer/sub-2001/mri/talsrcimg_to_711-2C_as_mni_average_305_t4_vox2vox.txt /output/sourcedata/freesurfer/sub-2001/mri/transforms/talsrcimg_to_711-2C_as_mni_average_305_t4_vox2vox.txt
lta_convert --src orig_nu.mgz --trg /opt/freesurfer/average/mni305.cor.mgz --inxfm transforms/talairach.auto.xfm --outlta transforms/talairach.auto.xfm.lta --subject fsaverage
7.3.2

--src: orig_nu.mgz src image (geometry).
--trg: /opt/freesurfer/average/mni305.cor.mgz trg image (geometry).
--inmni: transforms/talairach.auto.xfm input MNI/XFM transform.
--outlta: transforms/talairach.auto.xfm.lta output LTA.
--s: fsaverage subject name
 LTA read, type : 1
 1.15386   0.02360   0.00942   0.18860;
 0.04653   1.17082   0.37248  -11.59862;
 0.02259  -0.32767   1.16597  -8.42929;
 0.00000   0.00000   0.00000   1.00000;
setting subject to fsaverage
Writing  LTA to file transforms/talairach.auto.xfm.lta...
lta_convert successful.
 
 
Started at Wed Dec 13 18:31:26 UTC 2023
Ended   at Wed Dec 13 18:31:54 UTC 2023
talairach_avi done
