Log file for defect2seg
Wed Dec 13 16:43:13 UTC 2023

setenv SUBJECTS_DIR /output/sourcedata/freesurfer
cd /output/sourcedata/freesurfer/sub-1015/scripts
/opt/freesurfer/bin/defect2seg --s sub-1015 --rh-only --cortex

freesurfer-linux-ubuntu22_x86_64-7.3.2-20220804-6354275
defect2seg 7.3.2
Linux f4c387d6372b 5.15.133.1-microsoft-standard-WSL2 #1 SMP Thu Oct 5 21:02:42 UTC 2023 x86_64 x86_64 x86_64 GNU/Linux
pid 4077
mri_label2label --label-cortex /output/sourcedata/freesurfer/sub-1015/surf/rh.orig.nofix /output/sourcedata/freesurfer/sub-1015/mri/aseg.presurf.mgz 0 /output/sourcedata/freesurfer/sub-1015/label/rh.nofix.cortex.label

 Generating cortex label... RemoveHipAmgy=0
 NucAccIsMedialWall=0
 mris->useRealRAS=0
13 non-cortical segments detected
only using segment with 4977 vertices
erasing segment 0 (vno[0] = 16455)
erasing segment 2 (vno[0] = 20548)
erasing segment 3 (vno[0] = 24341)
erasing segment 4 (vno[0] = 38543)
erasing segment 5 (vno[0] = 45004)
erasing segment 6 (vno[0] = 46635)
erasing segment 7 (vno[0] = 46679)
erasing segment 8 (vno[0] = 48134)
erasing segment 9 (vno[0] = 57866)
erasing segment 10 (vno[0] = 59703)
erasing segment 11 (vno[0] = 61808)
erasing segment 12 (vno[0] = 62522)
mri_label2vol --defects /output/sourcedata/freesurfer/sub-1015/surf/rh.orig.nofix /output/sourcedata/freesurfer/sub-1015/surf/rh.defect_labels /output/sourcedata/freesurfer/sub-1015/mri/orig.mgz 2000 0 /output/sourcedata/freesurfer/sub-1015/mri/rh.surface.defects.mgz /output/sourcedata/freesurfer/sub-1015/label/rh.nofix.cortex.label
mri_label2vol supposed to be reproducible but seed not set
Contraining to label /output/sourcedata/freesurfer/sub-1015/label/rh.nofix.cortex.label
Changing input type 0 to MRI_INT
Converting defects to volume: offset=2000, merge=0
Writing to /output/sourcedata/freesurfer/sub-1015/mri/rh.surface.defects.mgz
mris_defects_pointset -s /output/sourcedata/freesurfer/sub-1015/surf/rh.orig.nofix -d /output/sourcedata/freesurfer/sub-1015/surf/rh.defect_labels -o /output/sourcedata/freesurfer/sub-1015/surf/rh.defects.pointset --label /output/sourcedata/freesurfer/sub-1015/label/rh.nofix.cortex.label
Reading in surface /output/sourcedata/freesurfer/sub-1015/surf/rh.orig.nofix
Reading in defect segmentation /output/sourcedata/freesurfer/sub-1015/surf/rh.defect_labels
Reading in label /output/sourcedata/freesurfer/sub-1015/label/rh.nofix.cortex.label
#VMPC# mris_defects_pointset 658920
mris_defects_pointset done
 
Started at Wed Dec 13 16:43:13 UTC 2023 
Ended   at Wed Dec 13 16:43:18 UTC 2023
Defect2seg-Run-Time-Sec 5
Defect2seg-Run-Time-Min 0.10
Defect2seg-Run-Time-Hours 0.00
 
defect2seg Done
