status file for recon-all
Wed Dec 13 16:39:08 UTC 2023
#@# Tessellate rh Wed Dec 13 16:39:08 UTC 2023
#@# Smooth1 rh Wed Dec 13 16:39:11 UTC 2023
#@# Inflation1 rh Wed Dec 13 16:39:12 UTC 2023
#@# QSphere rh Wed Dec 13 16:39:14 UTC 2023
#@# Fix Topology rh Wed Dec 13 16:39:30 UTC 2023
#@# Smooth2 rh Wed Dec 13 16:46:29 UTC 2023
#@# Inflation2 rh Wed Dec 13 16:46:29 UTC 2023
#@# Curv .H and .K rh Wed Dec 13 16:46:32 UTC 2023
#@# Sphere rh Wed Dec 13 16:46:46 UTC 2023
#@# Surf Reg rh Wed Dec 13 16:48:39 UTC 2023
#@# Jacobian white rh Wed Dec 13 16:49:59 UTC 2023
#@# AvgCurv rh Wed Dec 13 16:50:00 UTC 2023
#@# Cortical Parc rh Wed Dec 13 16:50:00 UTC 2023
#@# white curv rh Wed Dec 13 16:52:14 UTC 2023
#@# white area rh Wed Dec 13 16:52:14 UTC 2023
#@# pial curv rh Wed Dec 13 16:52:15 UTC 2023
#@# pial area rh Wed Dec 13 16:52:15 UTC 2023
#@# thickness rh Wed Dec 13 16:52:15 UTC 2023
#@# area and vertex vol rh Wed Dec 13 16:52:22 UTC 2023
#@# Curvature Stats rh Wed Dec 13 16:52:22 UTC 2023
#@# Cortical Parc 2 rh Wed Dec 13 16:52:23 UTC 2023
#@# Cortical Parc 3 rh Wed Dec 13 16:52:27 UTC 2023
#@# WM/GM Contrast rh Wed Dec 13 16:52:31 UTC 2023
recon-all -s sub-1015 finished without error at Wed Dec 13 16:52:33 UTC 2023



#New# invocation of recon-all 



status file for recon-all
Wed Dec 13 16:54:22 UTC 2023
#@# white curv rh Wed Dec 13 16:54:22 UTC 2023
#@# white area rh Wed Dec 13 16:54:22 UTC 2023
#@# pial curv rh Wed Dec 13 16:54:22 UTC 2023
#@# pial area rh Wed Dec 13 16:54:22 UTC 2023
#@# thickness rh Wed Dec 13 16:54:22 UTC 2023
#@# area and vertex vol rh Wed Dec 13 16:54:22 UTC 2023
#@# Parcellation Stats rh Wed Dec 13 16:54:22 UTC 2023
#@# Parcellation Stats 2 rh Wed Dec 13 16:54:26 UTC 2023
#@# Parcellation Stats 3 rh Wed Dec 13 16:54:28 UTC 2023
#@# BA_exvivo Labels rh Wed Dec 13 16:54:30 UTC 2023
recon-all -s sub-1015 finished without error at Wed Dec 13 16:55:23 UTC 2023
