/output/sourcedata/freesurfer/sub-1015/mri
/opt/freesurfer/bin/talairach_avi
--i orig_nu.mgz --xfm transforms/talairach.auto.xfm
talairach_avi 7.3.2
Linux f4c387d6372b 5.15.133.1-microsoft-standard-WSL2 #1 SMP Thu Oct 5 21:02:42 UTC 2023 x86_64 x86_64 x86_64 GNU/Linux
Wed Dec 13 15:43:47 UTC 2023
mri_convert orig_nu.mgz talsrcimg.img 
reading from orig_nu.mgz...
TR=0.00, TE=0.00, TI=0.00, flip angle=0.00
i_ras = (-1, 0, 0)
j_ras = (0, 0, -1)
k_ras = (0, 1, 0)
writing to talsrcimg.img...
Analyze Output Matrix
-1.00000   0.00000   0.00000   129.00000;
 0.00000   0.00000   1.00000  -146.00000;
 0.00000  -1.00000   0.00000   148.00000;
 0.00000   0.00000   0.00000   1.00000;
--------------------
INFO: set hdr.hist.orient to -1
mpr2mni305 talsrcimg
Wed Dec 13 15:43:48 UTC 2023
/opt/freesurfer/bin/mpr2mni305 talsrcimg
mpr2mni305 7.3.2
target=711-2C_as_mni_average_305

---------------------------------------------------------------------
analyzeto4dfp talsrcimg -O0 -y
---------------------------------------------------------------------

freesurfer ifh2hdr.c
Wed Dec 13 15:43:48 2023
Writing: talsrcimg.4dfp.hdr
freesurfer analyzeto4dfp.c
Reading: talsrcimg.hdr
header size 348 bytes
hdr.dime.datatype	offset=70	value=2
hdr.dime.bitpix		offset=72	value=8
hdr.hist.orient		offset=252	value=-1
dimensionality     4
dimensions       256       256       256         1
Reading: talsrcimg.img
Writing: talsrcimg.4dfp.img
Writing: talsrcimg.4dfp.ifh
ifh2hdr talsrcimg -r0to255
ori=2

---------------------------------------------------------------------
gauss_4dfp talsrcimg 1.1
---------------------------------------------------------------------

freesurfer gauss_4dfp.c
Reading: talsrcimg.4dfp.img
Writing: talsrcimg_g11.4dfp.img
image dimensions 256 256 256 padded to 288 288 288
processing volume 1freesurfer ifh2hdr.c
Wed Dec 13 15:43:50 2023
Writing: talsrcimg_g11.4dfp.hdr

Writing: talsrcimg_g11.4dfp.ifh
including: talsrcimg.4dfp.img.rec in talsrcimg_g11.4dfp.img.rec

---------------------------------------------------------------------
imgreg_4dfp /opt/freesurfer/average/711-2C_as_mni_average_305 none talsrcimg_g11 none talsrcimg_to_711-2C_as_mni_average_305_t4 4355
---------------------------------------------------------------------

freesurfer imgreg_4dfp.c
/opt/freesurfer/average/711-2C_as_mni_average_305.4dfp.img
       256       256       256         1
  1.000000  1.000000  1.000000
orientation T byte_order littleendian
Reading image: /opt/freesurfer/average/711-2C_as_mni_average_305.4dfp.img
dimensions:      256       256       256
mmppix:       1.0000   -1.0000   -1.0000
center:     128.0000 -129.0000 -129.0000
talsrcimg_g11.4dfp.img
       256       256       256         1
  1.000000  1.000000  1.000000
orientation T byte_order littleendian
Reading image: talsrcimg_g11.4dfp.img
dimensions:      256       256       256
mmppix:       1.0000   -1.0000   -1.0000
center:     128.0000 -129.0000 -129.0000
t4_read: open error in t4_sub.f l:  41 t4_file(1:l)talsrcimg_to_711-2C_as_mni_average_305_t4 
t4_read: transform initialized to I4
rotation matrix determinant  1.000000
image alignment mode   4355 decimal     1103 hex
   -7.5000  -45.0000  -45.0000 8265.9531    6.5901
    0.0000  -45.0000  -45.0000 8606.5586    6.5959
    7.5000  -45.0000  -45.0000 8244.4521    6.5998
   -7.5000  -37.5000  -45.0000 8669.1025    6.5703
    0.0000  -37.5000  -45.0000 9023.4463    6.5757
    7.5000  -37.5000  -45.0000 8634.4062    6.5795
   -7.5000  -30.0000  -45.0000 9384.8643    6.5832
    0.0000  -30.0000  -45.0000 9759.6514    6.5890
    7.5000  -30.0000  -45.0000 9337.6865    6.5929
   -7.5000  -22.5000  -45.000010085.6367    6.5887
    0.0000  -22.5000  -45.000010488.0498    6.5950
    7.5000  -22.5000  -45.000010032.2891    6.5992
   -7.5000  -15.0000  -45.000010731.0732    6.5850
    0.0000  -15.0000  -45.000011158.7363    6.5916
    7.5000  -15.0000  -45.000010682.8789    6.5960
   -7.5000   -7.5000  -45.000011284.3975    6.5735
    0.0000   -7.5000  -45.000011746.4365    6.5797
    7.5000   -7.5000  -45.000011230.8115    6.5840
   -7.5000    0.0000  -45.000011692.5742    6.5642
    0.0000    0.0000  -45.000012162.1709    6.5699
    7.5000    0.0000  -45.000011623.7021    6.5739
   -7.5000    7.5000  -45.000011167.9258    6.5703
    0.0000    7.5000  -45.000011610.8291    6.5757
    7.5000    7.5000  -45.000011087.7461    6.5795
   -7.5000   15.0000  -45.000010547.4170    6.5832
    0.0000   15.0000  -45.000010942.7432    6.5890
    7.5000   15.0000  -45.000010447.6768    6.5929
   -7.5000   22.5000  -45.0000 9880.8955    6.5878
    0.0000   22.5000  -45.000010241.9570    6.5941
    7.5000   22.5000  -45.0000 9766.2324    6.5983
   -7.5000   30.0000  -45.0000 9156.7021    6.4973
    0.0000   30.0000  -45.0000 9484.8477    6.5038
    7.5000   30.0000  -45.0000 9032.0332    6.5081
   -7.5000   37.5000  -45.0000 8678.3809    6.4859
    0.0000   37.5000  -45.0000 8981.1436    6.4921
    7.5000   37.5000  -45.0000 8551.5732    6.4963
   -7.5000   45.0000  -45.0000 7841.1460    6.3664
    0.0000   45.0000  -45.0000 8114.6924    6.3720
    7.5000   45.0000  -45.0000 7709.4185    6.3758
   -7.5000  -45.0000  -37.5000 8828.5869    6.5171
    0.0000  -45.0000  -37.5000 9192.7695    6.5244
    7.5000  -45.0000  -37.5000 8793.6406    6.5302
   -7.5000  -37.5000  -37.5000 9244.4902    6.4973
    0.0000  -37.5000  -37.5000 9634.5117    6.5046
    7.5000  -37.5000  -37.5000 9201.1191    6.5102
   -7.5000  -30.0000  -37.500010003.4736    6.5087
    0.0000  -30.0000  -37.500010424.9600    6.5162
    7.5000  -30.0000  -37.5000 9946.8750    6.5218
   -7.5000  -22.5000  -37.500010732.3564    6.5133
    0.0000  -22.5000  -37.500011178.3652    6.5208
    7.5000  -22.5000  -37.500010662.3018    6.5264
   -7.5000  -15.0000  -37.500011414.4492    6.5100
    0.0000  -15.0000  -37.500011884.8408    6.5175
    7.5000  -15.0000  -37.500011337.7637    6.5232
   -7.5000   -7.5000  -37.500012003.4482    6.5001
    0.0000   -7.5000  -37.500012500.5703    6.5074
    7.5000   -7.5000  -37.500011915.0332    6.5132
   -7.5000    0.0000  -37.500012414.8398    6.4918
    0.0000    0.0000  -37.500012919.1387    6.4991
    7.5000    0.0000  -37.500012318.1396    6.5048
   -7.5000    7.5000  -37.500011840.5811    6.4973
    0.0000    7.5000  -37.500012314.8115    6.5046
    7.5000    7.5000  -37.500011732.0518    6.5102
   -7.5000   15.0000  -37.500011176.2783    6.5087
    0.0000   15.0000  -37.500011599.8545    6.5162
    7.5000   15.0000  -37.500011057.7539    6.5218
   -7.5000   22.5000  -37.500010462.7422    6.5124
    0.0000   22.5000  -37.500010854.5635    6.5199
    7.5000   22.5000  -37.500010333.6514    6.5255
   -7.5000   30.0000  -37.5000 9678.6055    6.4233
    0.0000   30.0000  -37.500010029.4375    6.4306
    7.5000   30.0000  -37.5000 9536.5176    6.4363
   -7.5000   37.5000  -37.5000 9162.3076    6.4134
    0.0000   37.5000  -37.5000 9485.4023    6.4206
    7.5000   37.5000  -37.5000 9012.4492    6.4264
   -7.5000   45.0000  -37.5000 8267.1543    6.2958
    0.0000   45.0000  -37.5000 8554.9814    6.3030
    7.5000   45.0000  -37.5000 8118.9297    6.3085
   -7.5000  -45.0000  -30.0000 9582.2744    6.7424
    0.0000  -45.0000  -30.0000 9977.7920    6.7510
    7.5000  -45.0000  -30.0000 9526.0723    6.7577
   -7.5000  -37.5000  -30.000010046.5938    6.7214
    0.0000  -37.5000  -30.000010462.7852    6.7300
    7.5000  -37.5000  -30.0000 9979.6436    6.7362
   -7.5000  -30.0000  -30.000010868.3086    6.7322
    0.0000  -30.0000  -30.000011316.2266    6.7405
    7.5000  -30.0000  -30.000010784.5488    6.7464
   -7.5000  -22.5000  -30.000011638.0225    6.7364
    0.0000  -22.5000  -30.000012112.5459    6.7445
    7.5000  -22.5000  -30.000011542.7822    6.7502
   -7.5000  -15.0000  -30.000012360.1436    6.7336
    0.0000  -15.0000  -30.000012862.5059    6.7416
    7.5000  -15.0000  -30.000012270.2891    6.7476
   -7.5000   -7.5000  -30.000012975.5010    6.7244
    0.0000   -7.5000  -30.000013508.8740    6.7325
    7.5000   -7.5000  -30.000012874.2490    6.7390
   -7.5000    0.0000  -30.000013398.0635    6.7164
    0.0000    0.0000  -30.000013934.5830    6.7249
    7.5000    0.0000  -30.000013284.2002    6.7315
   -7.5000    7.5000  -30.000012759.4482    6.7214
    0.0000    7.5000  -30.000013256.0713    6.7300
    7.5000    7.5000  -30.000012636.4795    6.7362
   -7.5000   15.0000  -30.000012028.4189    6.7322
    0.0000   15.0000  -30.000012478.4336    6.7405
    7.5000   15.0000  -30.000011893.2852    6.7464
   -7.5000   22.5000  -30.000011243.8223    6.7348
    0.0000   22.5000  -30.000011657.8320    6.7429
    7.5000   22.5000  -30.000011097.0459    6.7486
   -7.5000   30.0000  -30.000010382.8086    6.6445
    0.0000   30.0000  -30.000010749.6699    6.6524
    7.5000   30.0000  -30.000010220.3662    6.6583
   -7.5000   37.5000  -30.0000 9816.5352    6.6354
    0.0000   37.5000  -30.000010158.8076    6.6434
    7.5000   37.5000  -30.0000 9640.8398    6.6498
   -7.5000   45.0000  -30.0000 8824.9697    6.5181
    0.0000   45.0000  -30.0000 9137.3945    6.5265
    7.5000   45.0000  -30.0000 8662.5215    6.5330
   -7.5000  -45.0000  -22.500010362.4795    6.9352
    0.0000  -45.0000  -22.500010776.1299    6.9439
    7.5000  -45.0000  -22.500010291.3906    6.9497
   -7.5000  -37.5000  -22.500010864.7793    6.9135
    0.0000  -37.5000  -22.500011300.3477    6.9218
    7.5000  -37.5000  -22.500010779.2881    6.9269
   -7.5000  -30.0000  -22.500011731.4043    6.9249
    0.0000  -30.0000  -22.500012212.2168    6.9327
    7.5000  -30.0000  -22.500011633.4404    6.9372
   -7.5000  -22.5000  -22.500012536.9229    6.9294
    0.0000  -22.5000  -22.500013042.0479    6.9373
    7.5000  -22.5000  -22.500012442.3193    6.9418
   -7.5000  -15.0000  -22.500013299.3379    6.9265
    0.0000  -15.0000  -22.500013838.4775    6.9346
    7.5000  -15.0000  -22.500013217.2393    6.9397
   -7.5000   -7.5000  -22.500013944.9512    6.9167
    0.0000   -7.5000  -22.500014500.5254    6.9252
    7.5000   -7.5000  -22.500013845.9219    6.9309
   -7.5000    0.0000  -22.500014379.0244    6.9083
    0.0000    0.0000  -22.500014949.4033    6.9169
    7.5000    0.0000  -22.500014262.4033    6.9226
   -7.5000    7.5000  -22.500013665.2363    6.9135
    0.0000    7.5000  -22.500014199.7754    6.9218
    7.5000    7.5000  -22.500013538.3936    6.9269
   -7.5000   15.0000  -22.500012863.0107    6.9249
    0.0000   15.0000  -22.500013347.1895    6.9327
    7.5000   15.0000  -22.500012711.8906    6.9372
   -7.5000   22.5000  -22.500012014.5244    6.9273
    0.0000   22.5000  -22.500012453.2842    6.9351
    7.5000   22.5000  -22.500011842.2803    6.9396
   -7.5000   30.0000  -22.500011065.0215    6.8359
    0.0000   30.0000  -22.500011447.4658    6.8439
    7.5000   30.0000  -22.500010873.0762    6.8490
   -7.5000   37.5000  -22.500010449.1064    6.8263
    0.0000   37.5000  -22.500010805.6250    6.8346
    7.5000   37.5000  -22.500010256.7139    6.8402
   -7.5000   45.0000  -22.5000 9378.2861    6.7092
    0.0000   45.0000  -22.5000 9697.9492    6.7178
    7.5000   45.0000  -22.5000 9201.9775    6.7234
   -7.5000  -45.0000  -15.000011171.0107    7.1001
    0.0000  -45.0000  -15.000011618.7559    7.1077
    7.5000  -45.0000  -15.000011101.4746    7.1119
   -7.5000  -37.5000  -15.000011695.1270    7.0782
    0.0000  -37.5000  -15.000012166.7158    7.0851
    7.5000  -37.5000  -15.000011609.8262    7.0887
   -7.5000  -30.0000  -15.000012615.2334    7.0910
    0.0000  -30.0000  -15.000013126.4863    7.0977
    7.5000  -30.0000  -15.000012509.3760    7.1008
   -7.5000  -22.5000  -15.000013444.0156    7.0963
    0.0000  -22.5000  -15.000013973.4375    7.1035
    7.5000  -22.5000  -15.000013347.4414    7.1068
   -7.5000  -15.0000  -15.000014243.2227    7.0929
    0.0000  -15.0000  -15.000014806.7324    7.1007
    7.5000  -15.0000  -15.000014172.3564    7.1045
   -7.5000   -7.5000  -15.000014916.6074    7.0817
    0.0000   -7.5000  -15.000015498.4688    7.0895
    7.5000   -7.5000  -15.000014834.3047    7.0938
   -7.5000    0.0000  -15.000015358.2109    7.0724
    0.0000    0.0000  -15.000015957.9932    7.0798
    7.5000    0.0000  -15.000015272.6025    7.0840
   -7.5000    7.5000  -15.000014571.8828    7.0782
    0.0000    7.5000  -15.000015134.7627    7.0851
    7.5000    7.5000  -15.000014467.3643    7.0887
   -7.5000   15.0000  -15.000013678.8203    7.0910
    0.0000   15.0000  -15.000014191.7695    7.0977
    7.5000   15.0000  -15.000013548.4502    7.1008
   -7.5000   22.5000  -15.000012741.1797    7.0938
    0.0000   22.5000  -15.000013208.5000    7.1010
    7.5000   22.5000  -15.000012588.7861    7.1043
   -7.5000   30.0000  -15.000011722.1904    7.0011
    0.0000   30.0000  -15.000012127.2178    7.0088
    7.5000   30.0000  -15.000011537.5781    7.0126
   -7.5000   37.5000  -15.000011059.2461    6.9901
    0.0000   37.5000  -15.000011436.9395    6.9978
    7.5000   37.5000  -15.000010869.6484    7.0020
   -7.5000   45.0000  -15.0000 9924.4092    6.8726
    0.0000   45.0000  -15.000010255.1445    6.8801
    7.5000   45.0000  -15.0000 9759.7783    6.8842
   -7.5000  -45.0000   -7.500012050.5557    7.1791
    0.0000  -45.0000   -7.500012545.4893    7.1851
    7.5000  -45.0000   -7.500011974.4492    7.1886
   -7.5000  -37.5000   -7.500012585.6797    7.1574
    0.0000  -37.5000   -7.500013104.7676    7.1628
    7.5000  -37.5000   -7.500012494.3818    7.1660
   -7.5000  -30.0000   -7.500013540.1396    7.1710
    0.0000  -30.0000   -7.500014078.2158    7.1766
    7.5000  -30.0000   -7.500013424.3877    7.1797
   -7.5000  -22.5000   -7.500014369.8877    7.1768
    0.0000  -22.5000   -7.500014924.6621    7.1832
    7.5000  -22.5000   -7.500014302.2490    7.1866
   -7.5000  -15.0000   -7.500015207.6250    7.1731
    0.0000  -15.0000   -7.500015801.5312    7.1799
    7.5000  -15.0000   -7.500015174.7070    7.1836
   -7.5000   -7.5000   -7.500015891.0332    7.1609
    0.0000   -7.5000   -7.500016523.2227    7.1675
    7.5000   -7.5000   -7.500015852.7422    7.1713
   -7.5000    0.0000   -7.500016341.1846    7.1510
    0.0000    0.0000   -7.500017000.8613    7.1570
    7.5000    0.0000   -7.500016293.6543    7.1605
   -7.5000    7.5000   -7.500015487.6465    7.1574
    0.0000    7.5000   -7.500016088.6836    7.1628
    7.5000    7.5000   -7.500015415.8193    7.1660
   -7.5000   15.0000   -7.500014493.2324    7.1710
    0.0000   15.0000   -7.500015040.6553    7.1766
    7.5000   15.0000   -7.500014400.7314    7.1797
   -7.5000   22.5000   -7.500013465.3994    7.1735
    0.0000   22.5000   -7.500013954.3701    7.1799
    7.5000   22.5000   -7.500013351.3457    7.1833
   -7.5000   30.0000   -7.500012365.4160    7.0800
    0.0000   30.0000   -7.500012787.9590    7.0868
    7.5000   30.0000   -7.500012238.0781    7.0905
   -7.5000   37.5000   -7.500011675.0449    7.0681
    0.0000   37.5000   -7.500012059.7432    7.0746
    7.5000   37.5000   -7.500011521.8945    7.0783
   -7.5000   45.0000   -7.500010501.0547    6.9505
    0.0000   45.0000   -7.500010841.3633    6.9565
    7.5000   45.0000   -7.500010352.5078    6.9598
   -7.5000  -45.0000    0.000012913.4209    7.1907
    0.0000  -45.0000    0.000013444.0889    7.1966
    7.5000  -45.0000    0.000012813.5938    7.2010
   -7.5000  -37.5000    0.000013465.3740    7.1691
    0.0000  -37.5000    0.000014017.5039    7.1747
    7.5000  -37.5000    0.000013339.3467    7.1790
   -7.5000  -30.0000    0.000014397.3662    7.1826
    0.0000  -30.0000    0.000014958.0918    7.1886
    7.5000  -30.0000    0.000014275.9902    7.1930
   -7.5000  -22.5000    0.000015185.9404    7.1882
    0.0000  -22.5000    0.000015759.1172    7.1947
    7.5000  -22.5000    0.000015165.9004    7.1995
   -7.5000  -15.0000    0.000016053.3320    7.1843
    0.0000  -15.0000    0.000016663.0859    7.1911
    7.5000  -15.0000    0.000016053.4639    7.1960
   -7.5000   -7.5000    0.000016763.1113    7.1723
    0.0000   -7.5000    0.000017420.7656    7.1787
    7.5000   -7.5000    0.000016743.8848    7.1835
   -7.5000    0.0000    0.000017237.4258    7.1627
    0.0000    0.0000    0.000017914.9844    7.1685
    7.5000    0.0000    0.000017203.7539    7.1729
   -7.5000    7.5000    0.000016314.0508    7.1691
    0.0000    7.5000    0.000016943.0254    7.1747
    7.5000    7.5000    0.000016267.8574    7.1790
   -7.5000   15.0000    0.000015247.4502    7.1826
    0.0000   15.0000    0.000015823.4668    7.1886
    7.5000   15.0000    0.000015181.7832    7.1930
   -7.5000   22.5000    0.000014128.5957    7.1849
    0.0000   22.5000    0.000014644.1289    7.1914
    7.5000   22.5000    0.000014059.0215    7.1962
   -7.5000   30.0000    0.000012952.6465    7.0914
    0.0000   30.0000    0.000013389.0479    7.0980
    7.5000   30.0000    0.000012877.4463    7.1029
   -7.5000   37.5000    0.000012223.0645    7.0795
    0.0000   37.5000    0.000012622.4824    7.0858
    7.5000   37.5000    0.000012124.6045    7.0906
   -7.5000   45.0000    0.000011026.1240    6.9627
    0.0000   45.0000    0.000011373.4531    6.9684
    7.5000   45.0000    0.000010910.8203    6.9727
   -7.5000  -45.0000    7.500012798.7207    7.1930
    0.0000  -45.0000    7.500013324.5439    7.2003
    7.5000  -45.0000    7.500012666.1982    7.2066
   -7.5000  -37.5000    7.500013318.7158    7.1710
    0.0000  -37.5000    7.500013852.1113    7.1784
    7.5000  -37.5000    7.500013160.0967    7.1844
   -7.5000  -30.0000    7.500014094.5205    7.1833
    0.0000  -30.0000    7.500014611.1689    7.1909
    7.5000  -30.0000    7.500014019.8867    7.1969
   -7.5000  -22.5000    7.500014764.8984    7.1882
    0.0000  -22.5000    7.500015307.9004    7.1958
    7.5000  -22.5000    7.500014821.5215    7.2019
   -7.5000  -15.0000    7.500015620.7900    7.1848
    0.0000  -15.0000    7.500016222.7236    7.1923
    7.5000  -15.0000    7.500015655.0137    7.1985
   -7.5000   -7.5000    7.500016331.9453    7.1741
    0.0000   -7.5000    7.500016971.1914    7.1815
    7.5000   -7.5000    7.500016324.6562    7.1878
   -7.5000    0.0000    7.500016787.0195    7.1652
    0.0000    0.0000    7.500017440.4766    7.1725
    7.5000    0.0000    7.500016783.0625    7.1787
   -7.5000    7.5000    7.500015887.7100    7.1710
    0.0000    7.5000    7.500016489.6875    7.1784
    7.5000    7.5000    7.500015889.2959    7.1844
   -7.5000   15.0000    7.500014851.0703    7.1833
    0.0000   15.0000    7.500015394.4072    7.1909
    7.5000   15.0000    7.500014831.6855    7.1969
   -7.5000   22.5000    7.500013754.8418    7.1849
    0.0000   22.5000    7.500014239.7441    7.1925
    7.5000   22.5000    7.500013728.8789    7.1986
   -7.5000   30.0000    7.500012580.9072    7.0919
    0.0000   30.0000    7.500013003.8203    7.0992
    7.5000   30.0000    7.500012553.5186    7.1054
   -7.5000   37.5000    7.500011870.4434    7.0813
    0.0000   37.5000    7.500012263.4023    7.0885
    7.5000   37.5000    7.500011823.5381    7.0947
   -7.5000   45.0000    7.500010722.9180    6.9651
    0.0000   45.0000    7.500011064.5098    6.9723
    7.5000   45.0000    7.500010647.2109    6.9783
   -7.5000  -45.0000   15.000012525.2920    7.1962
    0.0000  -45.0000   15.000013050.3896    7.2050
    7.5000  -45.0000   15.000012385.9912    7.2121
   -7.5000  -37.5000   15.000012993.3330    7.1736
    0.0000  -37.5000   15.000013501.1006    7.1825
    7.5000  -37.5000   15.000012861.3486    7.1891
   -7.5000  -30.0000   15.000013645.2676    7.1849
    0.0000  -30.0000   15.000014112.4961    7.1935
    7.5000  -30.0000   15.000013642.3213    7.1997
   -7.5000  -22.5000   15.000014275.9521    7.1894
    0.0000  -22.5000   15.000014788.5117    7.1977
    7.5000  -22.5000   15.000014348.1084    7.2038
   -7.5000  -15.0000   15.000015108.4961    7.1866
    0.0000  -15.0000   15.000015680.9160    7.1947
    7.5000  -15.0000   15.000015127.7578    7.2011
   -7.5000   -7.5000   15.000015783.4727    7.1769
    0.0000   -7.5000   15.000016375.8525    7.1853
    7.5000   -7.5000   15.000015785.6719    7.1921
   -7.5000    0.0000   15.000016233.1426    7.1684
    0.0000    0.0000   15.000016822.6367    7.1772
    7.5000    0.0000   15.000016242.6182    7.1842
   -7.5000    7.5000   15.000015378.0654    7.1736
    0.0000    7.5000   15.000015928.8652    7.1825
    7.5000    7.5000   15.000015397.9326    7.1891
   -7.5000   15.0000   15.000014392.3486    7.1849
    0.0000   15.0000   15.000014904.6865    7.1935
    7.5000   15.0000   15.000014395.1484    7.1997
   -7.5000   22.5000   15.000013319.3643    7.1861
    0.0000   22.5000   15.000013783.3418    7.1944
    7.5000   22.5000   15.000013308.3330    7.2005
   -7.5000   30.0000   15.000012160.9170    7.0936
    0.0000   30.0000   15.000012564.8037    7.1016
    7.5000   30.0000   15.000012148.4834    7.1079
   -7.5000   37.5000   15.000011453.5693    7.0840
    0.0000   37.5000   15.000011835.4668    7.0923
    7.5000   37.5000   15.000011426.2764    7.0991
   -7.5000   45.0000   15.000010323.2051    6.9680
    0.0000   45.0000   15.000010663.6982    6.9767
    7.5000   45.0000   15.000010264.8545    6.9836
   -7.5000  -45.0000   22.500012025.2959    7.1982
    0.0000  -45.0000   22.500012555.7666    7.2072
    7.5000  -45.0000   22.500011921.3936    7.2132
   -7.5000  -37.5000   22.500012488.1572    7.1757
    0.0000  -37.5000   22.500013014.9707    7.1842
    7.5000  -37.5000   22.500012416.6650    7.1896
   -7.5000  -30.0000   22.500013205.4092    7.1874
    0.0000  -30.0000   22.500013676.7568    7.1956
    7.5000  -30.0000   22.500013205.0928    7.2002
   -7.5000  -22.5000   22.500013879.2822    7.1922
    0.0000  -22.5000   22.500014342.0908    7.2003
    7.5000  -22.5000   22.500013882.4170    7.2050
   -7.5000  -15.0000   22.500014630.8750    7.1891
    0.0000  -15.0000   22.500015115.6045    7.1976
    7.5000  -15.0000   22.500014595.2080    7.2029
   -7.5000   -7.5000   22.500015243.1006    7.1790
    0.0000   -7.5000   22.500015744.4580    7.1878
    7.5000   -7.5000   22.500015211.9053    7.1937
   -7.5000    0.0000   22.500015674.1240    7.1703
    0.0000    0.0000   22.500016210.4541    7.1791
    7.5000    0.0000   22.500015661.2393    7.1851
   -7.5000    7.5000   22.500014856.4531    7.1757
    0.0000    7.5000   22.500015382.6006    7.1842
    7.5000    7.5000   22.500014848.5791    7.1896
   -7.5000   15.0000   22.500013892.8369    7.1874
    0.0000   15.0000   22.500014399.9297    7.1956
    7.5000   15.0000   22.500013870.3906    7.2002
   -7.5000   22.5000   22.500012817.6455    7.1889
    0.0000   22.5000   22.500013284.3721    7.1970
    7.5000   22.5000   22.500012791.1973    7.2017
   -7.5000   30.0000   22.500011664.1094    7.0961
    0.0000   30.0000   22.500012071.9492    7.1044
    7.5000   30.0000   22.500011637.9785    7.1096
   -7.5000   37.5000   22.500010946.4531    7.0861
    0.0000   37.5000   22.500011325.5137    7.0948
    7.5000   37.5000   22.500010910.3203    7.1006
   -7.5000   45.0000   22.5000 9827.8770    6.9697
    0.0000   45.0000   22.500010168.9014    6.9785
    7.5000   45.0000   22.5000 9785.3926    6.9844
   -7.5000  -45.0000   30.000011333.1553    7.2376
    0.0000  -45.0000   30.000011818.5469    7.2454
    7.5000  -45.0000   30.000011269.7598    7.2497
   -7.5000  -37.5000   30.000011800.9355    7.2160
    0.0000  -37.5000   30.000012303.5312    7.2232
    7.5000  -37.5000   30.000011763.2002    7.2269
   -7.5000  -30.0000   30.000012620.5713    7.2292
    0.0000  -30.0000   30.000013149.0039    7.2360
    7.5000  -30.0000   30.000012588.0059    7.2392
   -7.5000  -22.5000   30.000013370.6162    7.2345
    0.0000  -22.5000   30.000013914.8828    7.2420
    7.5000  -22.5000   30.000013322.4531    7.2453
   -7.5000  -15.0000   30.000014056.9863    7.2309
    0.0000  -15.0000   30.000014607.9141    7.2389
    7.5000  -15.0000   30.000014013.2158    7.2429
   -7.5000   -7.5000   30.000014581.9082    7.2194
    0.0000   -7.5000   30.000015124.8701    7.2275
    7.5000   -7.5000   30.000014538.2236    7.2319
   -7.5000    0.0000   30.000014966.0547    7.2099
    0.0000    0.0000   30.000015521.7393    7.2176
    7.5000    0.0000   30.000014930.2637    7.2219
   -7.5000    7.5000   30.000014186.6855    7.2160
    0.0000    7.5000   30.000014709.3057    7.2232
    7.5000    7.5000   30.000014150.6943    7.2269
   -7.5000   15.0000   30.000013262.9150    7.2292
    0.0000   15.0000   30.000013749.1377    7.2360
    7.5000   15.0000   30.000013230.6494    7.2392
   -7.5000   22.5000   30.000012216.7520    7.2312
    0.0000   22.5000   30.000012663.2559    7.2386
    7.5000   22.5000   30.000012185.1904    7.2420
   -7.5000   30.0000   30.000011103.2500    7.1373
    0.0000   30.0000   30.000011505.5518    7.1452
    7.5000   30.0000   30.000011064.6650    7.1491
   -7.5000   37.5000   30.000010383.9570    7.1259
    0.0000   37.5000   30.000010751.0420    7.1339
    7.5000   37.5000   30.000010341.4014    7.1383
   -7.5000   45.0000   30.0000 9258.2627    7.0081
    0.0000   45.0000   30.0000 9591.1396    7.0159
    7.5000   45.0000   30.0000 9221.6963    7.0201
   -7.5000  -45.0000   37.500010984.9102    7.2842
    0.0000  -45.0000   37.500011453.4912    7.2907
    7.5000  -45.0000   37.500010936.2812    7.2943
   -7.5000  -37.5000   37.500011473.5518    7.2634
    0.0000  -37.5000   37.500011958.0088    7.2693
    7.5000  -37.5000   37.500011423.1309    7.2726
   -7.5000  -30.0000   37.500012349.4912    7.2772
    0.0000  -30.0000   37.500012872.5146    7.2832
    7.5000  -30.0000   37.500012272.3799    7.2865
   -7.5000  -22.5000   37.500013159.9639    7.2829
    0.0000  -22.5000   37.500013712.3027    7.2897
    7.5000  -22.5000   37.500013065.4277    7.2933
   -7.5000  -15.0000   37.500013885.3447    7.2790
    0.0000  -15.0000   37.500014459.2842    7.2863
    7.5000  -15.0000   37.500013803.1348    7.2902
   -7.5000   -7.5000   37.500014386.3760    7.2667
    0.0000   -7.5000   37.500014973.3252    7.2738
    7.5000   -7.5000   37.500014312.9912    7.2777
   -7.5000    0.0000   37.500014712.0205    7.2569
    0.0000    0.0000   37.500015310.7148    7.2633
    7.5000    0.0000   37.500014647.3545    7.2669
   -7.5000    7.5000   37.500013919.0537    7.2634
    0.0000    7.5000   37.500014476.0771    7.2693
    7.5000    7.5000   37.500013857.8203    7.2726
   -7.5000   15.0000   37.500012995.3516    7.2772
    0.0000   15.0000   37.500013507.5107    7.2832
    7.5000   15.0000   37.500012953.5215    7.2865
   -7.5000   22.5000   37.500011964.6299    7.2796
    0.0000   22.5000   37.500012435.4922    7.2864
    7.5000   22.5000   37.500011925.6846    7.2899
   -7.5000   30.0000   37.500010886.4463    7.1848
    0.0000   30.0000   37.500011303.0732    7.1920
    7.5000   30.0000   37.500010844.5166    7.1959
   -7.5000   37.5000   37.500010169.6338    7.1726
    0.0000   37.5000   37.500010541.8047    7.1797
    7.5000   37.5000   37.500010125.4844    7.1836
   -7.5000   45.0000   37.5000 9036.5957    7.0535
    0.0000   45.0000   37.5000 9360.2295    7.0599
    7.5000   45.0000   37.5000 8994.1133    7.0634
   -7.5000  -45.0000   45.000010139.0527    7.2944
    0.0000  -45.0000   45.000010566.7139    7.3009
    7.5000  -45.0000   45.000010080.7666    7.3056
   -7.5000  -37.5000   45.000010602.8779    7.2742
    0.0000  -37.5000   45.000011048.5449    7.2804
    7.5000  -37.5000   45.000010536.0488    7.2849
   -7.5000  -30.0000   45.000011426.6123    7.2878
    0.0000  -30.0000   45.000011908.8955    7.2943
    7.5000  -30.0000   45.000011344.3955    7.2990
   -7.5000  -22.5000   45.000012201.8809    7.2933
    0.0000  -22.5000   45.000012702.6328    7.3004
    7.5000  -22.5000   45.000012097.5449    7.3055
   -7.5000  -15.0000   45.000012901.1338    7.2893
    0.0000  -15.0000   45.000013427.6885    7.2967
    7.5000  -15.0000   45.000012804.8408    7.3019
   -7.5000   -7.5000   45.000013386.3330    7.2772
    0.0000   -7.5000   45.000013930.7549    7.2843
    7.5000   -7.5000   45.000013302.7197    7.2894
   -7.5000    0.0000   45.000013691.5166    7.2677
    0.0000    0.0000   45.000014253.1191    7.2742
    7.5000    0.0000   45.000013608.7129    7.2788
   -7.5000    7.5000   45.000012952.1992    7.2742
    0.0000    7.5000   45.000013472.6357    7.2804
    7.5000    7.5000   45.000012874.7773    7.2849
   -7.5000   15.0000   45.000012098.4229    7.2878
    0.0000   15.0000   45.000012579.2031    7.2943
    7.5000   15.0000   45.000012035.8350    7.2990
   -7.5000   22.5000   45.000011145.3584    7.2899
    0.0000   22.5000   45.000011577.1641    7.2970
    7.5000   22.5000   45.000011092.1924    7.3021
   -7.5000   30.0000   45.000010147.2998    7.1943
    0.0000   30.0000   45.000010535.2207    7.2016
    7.5000   30.0000   45.000010098.2168    7.2068
   -7.5000   37.5000   45.0000 9460.4824    7.1824
    0.0000   37.5000   45.0000 9814.7490    7.1894
    7.5000   37.5000   45.0000 9418.7471    7.1944
   -7.5000   45.0000   45.0000 8387.0967    7.0669
    0.0000   45.0000   45.0000 8694.8418    7.0733
    7.5000   45.0000   45.0000 8354.7393    7.0778

---------------------------------------------------------------------
imgreg_4dfp /opt/freesurfer/average/711-2C_as_mni_average_305 /opt/freesurfer/average/711-2B_as_mni_average_305_mask talsrcimg_g11 none talsrcimg_to_711-2C_as_mni_average_305_t4 4355
---------------------------------------------------------------------

freesurfer imgreg_4dfp.c
/opt/freesurfer/average/711-2C_as_mni_average_305.4dfp.img
       256       256       256         1
  1.000000  1.000000  1.000000
orientation T byte_order littleendian
Reading image: /opt/freesurfer/average/711-2C_as_mni_average_305.4dfp.img
dimensions:      256       256       256
mmppix:       1.0000   -1.0000   -1.0000
center:     128.0000 -129.0000 -129.0000
/opt/freesurfer/average/711-2B_as_mni_average_305_mask.4dfp.img
       256       256       256         1
  1.000000  1.000000  1.000000
orientation T byte_order littleendian
Reading mask: /opt/freesurfer/average/711-2B_as_mni_average_305_mask.4dfp.img (2306576 pixels)
talsrcimg_g11.4dfp.img
       256       256       256         1
  1.000000  1.000000  1.000000
orientation T byte_order littleendian
Reading image: talsrcimg_g11.4dfp.img
dimensions:      256       256       256
mmppix:       1.0000   -1.0000   -1.0000
center:     128.0000 -129.0000 -129.0000
rotation matrix determinant  1.000000
image alignment mode   4355 decimal     1103 hex
   -7.5000  -45.0000  -45.0000 2140.1943    7.7084
    0.0000  -45.0000  -45.0000 2148.7207    7.6789
    7.5000  -45.0000  -45.0000 2139.4866    7.7659
   -7.5000  -37.5000  -45.0000 2187.7424    7.2701
    0.0000  -37.5000  -45.0000 2195.4502    7.2368
    7.5000  -37.5000  -45.0000 2188.3184    7.3174
   -7.5000  -30.0000  -45.0000 2219.5967    6.9724
    0.0000  -30.0000  -45.0000 2226.1221    6.9329
    7.5000  -30.0000  -45.0000 2218.6750    7.0099
   -7.5000  -22.5000  -45.0000 2234.4905    6.8034
    0.0000  -22.5000  -45.0000 2241.6499    6.7717
    7.5000  -22.5000  -45.0000 2230.9983    6.8507
   -7.5000  -15.0000  -45.0000 2229.1619    6.7883
    0.0000  -15.0000  -45.0000 2236.7148    6.7465
    7.5000  -15.0000  -45.0000 2223.5784    6.8431
   -7.5000   -7.5000  -45.0000 2211.1357    6.8918
    0.0000   -7.5000  -45.0000 2220.9736    6.8530
    7.5000   -7.5000  -45.0000 2208.8838    6.9458
   -7.5000    0.0000  -45.0000 2182.8137    7.1117
    0.0000    0.0000  -45.0000 2190.6426    7.0730
    7.5000    0.0000  -45.0000 2180.4534    7.1692
   -7.5000    7.5000  -45.0000 2142.3813    7.4660
    0.0000    7.5000  -45.0000 2150.8970    7.4228
    7.5000    7.5000  -45.0000 2140.1902    7.5374
   -7.5000   15.0000  -45.0000 2087.2996    7.9711
    0.0000   15.0000  -45.0000 2094.5349    7.9222
    7.5000   15.0000  -45.0000 2081.1431    8.0546
   -7.5000   22.5000  -45.0000 2015.9807    8.6709
    0.0000   22.5000  -45.0000 2024.2524    8.6200
    7.5000   22.5000  -45.0000 2010.2192    8.7562
   -7.5000   30.0000  -45.0000 1925.9169    9.6284
    0.0000   30.0000  -45.0000 1935.5004    9.5914
    7.5000   30.0000  -45.0000 1921.6646    9.7209
   -7.5000   37.5000  -45.0000 1823.5966   10.8999
    0.0000   37.5000  -45.0000 1831.4873   10.8674
    7.5000   37.5000  -45.0000 1821.3773   11.0049
   -7.5000   45.0000  -45.0000 1715.4293   12.5721
    0.0000   45.0000  -45.0000 1723.2534   12.5236
    7.5000   45.0000  -45.0000 1710.6447   12.6762
   -7.5000  -45.0000  -37.5000 2233.7378    7.0898
    0.0000  -45.0000  -37.5000 2242.8208    7.0651
    7.5000  -45.0000  -37.5000 2229.0483    7.1566
   -7.5000  -37.5000  -37.5000 2282.6169    6.6840
    0.0000  -37.5000  -37.5000 2292.9875    6.6613
    7.5000  -37.5000  -37.5000 2281.8052    6.7361
   -7.5000  -30.0000  -37.5000 2317.2781    6.3948
    0.0000  -30.0000  -37.5000 2326.3389    6.3688
    7.5000  -30.0000  -37.5000 2314.9265    6.4443
   -7.5000  -22.5000  -37.5000 2331.6638    6.2358
    0.0000  -22.5000  -37.5000 2340.2463    6.2134
    7.5000  -22.5000  -37.5000 2327.7710    6.2849
   -7.5000  -15.0000  -37.5000 2328.2903    6.2027
    0.0000  -15.0000  -37.5000 2335.5232    6.1782
    7.5000  -15.0000  -37.5000 2321.9607    6.2722
   -7.5000   -7.5000  -37.5000 2314.4285    6.2926
    0.0000   -7.5000  -37.5000 2321.9722    6.2646
    7.5000   -7.5000  -37.5000 2309.8018    6.3560
   -7.5000    0.0000  -37.5000 2286.2146    6.4880
    0.0000    0.0000  -37.5000 2295.1570    6.4530
    7.5000    0.0000  -37.5000 2282.5894    6.5598
   -7.5000    7.5000  -37.5000 2242.0005    6.8176
    0.0000    7.5000  -37.5000 2252.4636    6.7721
    7.5000    7.5000  -37.5000 2237.9094    6.8844
   -7.5000   15.0000  -37.5000 2180.8450    7.2755
    0.0000   15.0000  -37.5000 2190.4551    7.2312
    7.5000   15.0000  -37.5000 2177.0320    7.3534
   -7.5000   22.5000  -37.5000 2102.8955    7.9212
    0.0000   22.5000  -37.5000 2112.7903    7.8632
    7.5000   22.5000  -37.5000 2097.7195    8.0015
   -7.5000   30.0000  -37.5000 2008.1733    8.7864
    0.0000   30.0000  -37.5000 2017.1310    8.7402
    7.5000   30.0000  -37.5000 2004.4567    8.8771
   -7.5000   37.5000  -37.5000 1900.5377    9.9380
    0.0000   37.5000  -37.5000 1908.9669    9.8927
    7.5000   37.5000  -37.5000 1896.1207   10.0247
   -7.5000   45.0000  -37.5000 1787.0197   11.4316
    0.0000   45.0000  -37.5000 1797.5983   11.3710
    7.5000   45.0000  -37.5000 1784.4532   11.5185
   -7.5000  -45.0000  -30.0000 2367.4084    6.7738
    0.0000  -45.0000  -30.0000 2375.9026    6.7524
    7.5000  -45.0000  -30.0000 2359.8689    6.8424
   -7.5000  -37.5000  -30.0000 2424.5032    6.3689
    0.0000  -37.5000  -30.0000 2434.4731    6.3523
    7.5000  -37.5000  -30.0000 2419.2446    6.4275
   -7.5000  -30.0000  -30.0000 2461.2703    6.0922
    0.0000  -30.0000  -30.0000 2468.8481    6.0693
    7.5000  -30.0000  -30.0000 2457.0142    6.1431
   -7.5000  -22.5000  -30.0000 2476.3611    5.9400
    0.0000  -22.5000  -30.0000 2484.3999    5.9213
    7.5000  -22.5000  -30.0000 2472.0688    5.9928
   -7.5000  -15.0000  -30.0000 2477.1042    5.8924
    0.0000  -15.0000  -30.0000 2483.6428    5.8777
    7.5000  -15.0000  -30.0000 2472.2102    5.9624
   -7.5000   -7.5000  -30.0000 2467.0764    5.9579
    0.0000   -7.5000  -30.0000 2476.1260    5.9356
    7.5000   -7.5000  -30.0000 2464.3147    6.0338
   -7.5000    0.0000  -30.0000 2438.9966    6.1400
    0.0000    0.0000  -30.0000 2446.4121    6.1150
    7.5000    0.0000  -30.0000 2434.4385    6.2174
   -7.5000    7.5000  -30.0000 2390.1753    6.4538
    0.0000    7.5000  -30.0000 2399.4509    6.4220
    7.5000    7.5000  -30.0000 2384.5063    6.5265
   -7.5000   15.0000  -30.0000 2322.7983    6.9029
    0.0000   15.0000  -30.0000 2330.1626    6.8562
    7.5000   15.0000  -30.0000 2316.2625    6.9744
   -7.5000   22.5000  -30.0000 2234.8721    7.5126
    0.0000   22.5000  -30.0000 2243.1960    7.4583
    7.5000   22.5000  -30.0000 2228.7183    7.5856
   -7.5000   30.0000  -30.0000 2131.1025    8.3281
    0.0000   30.0000  -30.0000 2138.3079    8.2838
    7.5000   30.0000  -30.0000 2125.1873    8.4129
   -7.5000   37.5000  -30.0000 2015.0602    9.4037
    0.0000   37.5000  -30.0000 2022.4954    9.3543
    7.5000   37.5000  -30.0000 2008.3518    9.4882
   -7.5000   45.0000  -30.0000 1890.3209   10.7923
    0.0000   45.0000  -30.0000 1899.4460   10.7339
    7.5000   45.0000  -30.0000 1885.4391   10.8756
   -7.5000  -45.0000  -22.5000 2473.3142    6.4192
    0.0000  -45.0000  -22.5000 2480.7937    6.4022
    7.5000  -45.0000  -22.5000 2463.9944    6.4973
   -7.5000  -37.5000  -22.5000 2538.4595    6.0203
    0.0000  -37.5000  -22.5000 2548.1692    5.9974
    7.5000  -37.5000  -22.5000 2528.6587    6.0860
   -7.5000  -30.0000  -22.5000 2577.6833    5.7469
    0.0000  -30.0000  -22.5000 2585.9014    5.7302
    7.5000  -30.0000  -22.5000 2570.5396    5.8048
   -7.5000  -22.5000  -22.5000 2599.6909    5.5908
    0.0000  -22.5000  -22.5000 2608.9739    5.5785
    7.5000  -22.5000  -22.5000 2594.8342    5.6553
   -7.5000  -15.0000  -22.5000 2605.0579    5.5399
    0.0000  -15.0000  -22.5000 2617.1863    5.5281
    7.5000  -15.0000  -22.5000 2601.4932    5.6078
   -7.5000   -7.5000  -22.5000 2597.1592    5.5974
    0.0000   -7.5000  -22.5000 2608.1707    5.5787
    7.5000   -7.5000  -22.5000 2591.2898    5.6735
   -7.5000    0.0000  -22.5000 2569.3528    5.7718
    0.0000    0.0000  -22.5000 2578.3433    5.7474
    7.5000    0.0000  -22.5000 2560.7017    5.8481
   -7.5000    7.5000  -22.5000 2516.9365    6.0728
    0.0000    7.5000  -22.5000 2525.7656    6.0424
    7.5000    7.5000  -22.5000 2506.2512    6.1457
   -7.5000   15.0000  -22.5000 2441.9111    6.5058
    0.0000   15.0000  -22.5000 2449.6699    6.4663
    7.5000   15.0000  -22.5000 2428.5522    6.5753
   -7.5000   22.5000  -22.5000 2344.6956    7.0770
    0.0000   22.5000  -22.5000 2350.6301    7.0383
    7.5000   22.5000  -22.5000 2333.3381    7.1521
   -7.5000   30.0000  -22.5000 2228.7803    7.8449
    0.0000   30.0000  -22.5000 2236.0715    7.8075
    7.5000   30.0000  -22.5000 2220.3831    7.9326
   -7.5000   37.5000  -22.5000 2104.0061    8.8467
    0.0000   37.5000  -22.5000 2112.1206    8.8000
    7.5000   37.5000  -22.5000 2097.3521    8.9335
   -7.5000   45.0000  -22.5000 1973.9440   10.1353
    0.0000   45.0000  -22.5000 1982.2451   10.0867
    7.5000   45.0000  -22.5000 1968.0083   10.2212
   -7.5000  -45.0000  -15.0000 2546.8521    6.0850
    0.0000  -45.0000  -15.0000 2554.5754    6.0719
    7.5000  -45.0000  -15.0000 2539.9497    6.1662
   -7.5000  -37.5000  -15.0000 2617.1345    5.6871
    0.0000  -37.5000  -15.0000 2626.0166    5.6725
    7.5000  -37.5000  -15.0000 2608.5583    5.7650
   -7.5000  -30.0000  -15.0000 2666.5730    5.4091
    0.0000  -30.0000  -15.0000 2676.7029    5.3988
    7.5000  -30.0000  -15.0000 2658.1189    5.4799
   -7.5000  -22.5000  -15.0000 2698.9756    5.2427
    0.0000  -22.5000  -15.0000 2709.2251    5.2301
    7.5000  -22.5000  -15.0000 2690.7070    5.3170
   -7.5000  -15.0000  -15.0000 2710.6450    5.1935
    0.0000  -15.0000  -15.0000 2726.3257    5.1781
    7.5000  -15.0000  -15.0000 2704.2930    5.2677
   -7.5000   -7.5000  -15.0000 2704.8901    5.2536
    0.0000   -7.5000  -15.0000 2720.1589    5.2332
    7.5000   -7.5000  -15.0000 2697.2561    5.3263
   -7.5000    0.0000  -15.0000 2673.4727    5.4222
    0.0000    0.0000  -15.0000 2686.9917    5.3997
    7.5000    0.0000  -15.0000 2663.4028    5.4973
   -7.5000    7.5000  -15.0000 2615.6345    5.7149
    0.0000    7.5000  -15.0000 2625.7969    5.6910
    7.5000    7.5000  -15.0000 2602.3154    5.7912
   -7.5000   15.0000  -15.0000 2530.9075    6.1384
    0.0000   15.0000  -15.0000 2540.0293    6.1103
    7.5000   15.0000  -15.0000 2514.2356    6.2101
   -7.5000   22.5000  -15.0000 2424.7200    6.6877
    0.0000   22.5000  -15.0000 2432.3362    6.6580
    7.5000   22.5000  -15.0000 2410.4114    6.7640
   -7.5000   30.0000  -15.0000 2300.3823    7.4093
    0.0000   30.0000  -15.0000 2307.2039    7.3776
    7.5000   30.0000  -15.0000 2288.9600    7.4941
   -7.5000   37.5000  -15.0000 2167.6682    8.3443
    0.0000   37.5000  -15.0000 2176.8928    8.2971
    7.5000   37.5000  -15.0000 2161.6072    8.4345
   -7.5000   45.0000  -15.0000 2031.8842    9.5477
    0.0000   45.0000  -15.0000 2039.8790    9.4825
    7.5000   45.0000  -15.0000 2026.5939    9.6415
   -7.5000  -45.0000   -7.5000 2601.3296    5.7920
    0.0000  -45.0000   -7.5000 2612.2178    5.7797
    7.5000  -45.0000   -7.5000 2595.1458    5.8657
   -7.5000  -37.5000   -7.5000 2676.6294    5.3861
    0.0000  -37.5000   -7.5000 2688.5874    5.3676
    7.5000  -37.5000   -7.5000 2668.6284    5.4644
   -7.5000  -30.0000   -7.5000 2739.0598    5.0920
    0.0000  -30.0000   -7.5000 2749.6072    5.0773
    7.5000  -30.0000   -7.5000 2729.1384    5.1752
   -7.5000  -22.5000   -7.5000 2781.8948    4.9157
    0.0000  -22.5000   -7.5000 2794.1797    4.8965
    7.5000  -22.5000   -7.5000 2773.1565    5.0021
   -7.5000  -15.0000   -7.5000 2802.7920    4.8689
    0.0000  -15.0000   -7.5000 2820.1919    4.8460
    7.5000  -15.0000   -7.5000 2792.4409    4.9513
   -7.5000   -7.5000   -7.5000 2797.5618    4.9346
    0.0000   -7.5000   -7.5000 2816.4514    4.9140
    7.5000   -7.5000   -7.5000 2784.1006    5.0162
   -7.5000    0.0000   -7.5000 2758.9905    5.1080
    0.0000    0.0000   -7.5000 2774.8420    5.0899
    7.5000    0.0000   -7.5000 2745.0166    5.1881
   -7.5000    7.5000   -7.5000 2692.5911    5.4041
    0.0000    7.5000   -7.5000 2704.8545    5.3818
    7.5000    7.5000   -7.5000 2676.0894    5.4745
   -7.5000   15.0000   -7.5000 2599.0110    5.8182
    0.0000   15.0000   -7.5000 2609.7290    5.7948
    7.5000   15.0000   -7.5000 2579.7788    5.8850
   -7.5000   22.5000   -7.5000 2485.1743    6.3448
    0.0000   22.5000   -7.5000 2494.0676    6.3192
    7.5000   22.5000   -7.5000 2468.2583    6.4163
   -7.5000   30.0000   -7.5000 2348.2288    7.0291
    0.0000   30.0000   -7.5000 2357.6016    6.9967
    7.5000   30.0000   -7.5000 2338.5969    7.1034
   -7.5000   37.5000   -7.5000 2210.8545    7.9132
    0.0000   37.5000   -7.5000 2220.0549    7.8740
    7.5000   37.5000   -7.5000 2205.7329    7.9927
   -7.5000   45.0000   -7.5000 2073.6887    9.0437
    0.0000   45.0000   -7.5000 2081.9978    8.9886
    7.5000   45.0000   -7.5000 2068.6831    9.1255
   -7.5000  -45.0000    0.0000 2644.0283    5.5615
    0.0000  -45.0000    0.0000 2656.0002    5.5468
    7.5000  -45.0000    0.0000 2635.9399    5.6382
   -7.5000  -37.5000    0.0000 2728.4731    5.1472
    0.0000  -37.5000    0.0000 2740.4275    5.1331
    7.5000  -37.5000    0.0000 2719.5972    5.2283
   -7.5000  -30.0000    0.0000 2802.8416    4.8343
    0.0000  -30.0000    0.0000 2816.7698    4.8175
    7.5000  -30.0000    0.0000 2790.3132    4.9263
   -7.5000  -22.5000    0.0000 2855.6477    4.6435
    0.0000  -22.5000    0.0000 2870.9585    4.6233
    7.5000  -22.5000    0.0000 2845.8330    4.7427
   -7.5000  -15.0000    0.0000 2884.6221    4.5959
    0.0000  -15.0000    0.0000 2902.4883    4.5695
    7.5000  -15.0000    0.0000 2870.3933    4.6922
   -7.5000   -7.5000    0.0000 2877.9485    4.6750
    0.0000   -7.5000    0.0000 2897.4563    4.6533
    7.5000   -7.5000    0.0000 2858.8977    4.7647
   -7.5000    0.0000    0.0000 2831.8269    4.8660
    0.0000    0.0000    0.0000 2848.1738    4.8443
    7.5000    0.0000    0.0000 2811.8479    4.9429
   -7.5000    7.5000    0.0000 2753.9722    5.1709
    0.0000    7.5000    0.0000 2767.5249    5.1462
    7.5000    7.5000    0.0000 2734.2981    5.2365
   -7.5000   15.0000    0.0000 2650.7451    5.5769
    0.0000   15.0000    0.0000 2662.3191    5.5469
    7.5000   15.0000    0.0000 2630.3591    5.6363
   -7.5000   22.5000    0.0000 2527.5684    6.0959
    0.0000   22.5000    0.0000 2538.1350    6.0583
    7.5000   22.5000    0.0000 2510.6033    6.1536
   -7.5000   30.0000    0.0000 2384.4966    6.7555
    0.0000   30.0000    0.0000 2392.5571    6.7159
    7.5000   30.0000    0.0000 2373.4597    6.8198
   -7.5000   37.5000    0.0000 2239.4041    7.6011
    0.0000   37.5000    0.0000 2249.8462    7.5617
    7.5000   37.5000    0.0000 2232.5317    7.6726
   -7.5000   45.0000    0.0000 2100.3359    8.6804
    0.0000   45.0000    0.0000 2109.0156    8.6264
    7.5000   45.0000    0.0000 2097.4426    8.7520
   -7.5000  -45.0000    7.5000 2672.6013    5.4063
    0.0000  -45.0000    7.5000 2684.7859    5.3927
    7.5000  -45.0000    7.5000 2661.7434    5.4917
   -7.5000  -37.5000    7.5000 2769.9973    4.9776
    0.0000  -37.5000    7.5000 2784.3508    4.9599
    7.5000  -37.5000    7.5000 2757.2678    5.0649
   -7.5000  -30.0000    7.5000 2853.0388    4.6501
    0.0000  -30.0000    7.5000 2869.6970    4.6287
    7.5000  -30.0000    7.5000 2837.3259    4.7489
   -7.5000  -22.5000    7.5000 2916.9456    4.4341
    0.0000  -22.5000    7.5000 2932.0764    4.4138
    7.5000  -22.5000    7.5000 2901.6787    4.5511
   -7.5000  -15.0000    7.5000 2953.4795    4.3925
    0.0000  -15.0000    7.5000 2973.1543    4.3701
    7.5000  -15.0000    7.5000 2931.0649    4.4993
   -7.5000   -7.5000    7.5000 2943.4556    4.4880
    0.0000   -7.5000    7.5000 2964.2207    4.4652
    7.5000   -7.5000    7.5000 2918.6069    4.5815
   -7.5000    0.0000    7.5000 2884.2170    4.7016
    0.0000    0.0000    7.5000 2902.7761    4.6729
    7.5000    0.0000    7.5000 2862.5364    4.7744
   -7.5000    7.5000    7.5000 2797.4138    5.0083
    0.0000    7.5000    7.5000 2812.6084    4.9792
    7.5000    7.5000    7.5000 2777.5020    5.0734
   -7.5000   15.0000    7.5000 2685.9807    5.4081
    0.0000   15.0000    7.5000 2697.5222    5.3796
    7.5000   15.0000    7.5000 2664.8237    5.4723
   -7.5000   22.5000    7.5000 2556.1399    5.9191
    0.0000   22.5000    7.5000 2565.7446    5.8832
    7.5000   22.5000    7.5000 2539.5454    5.9822
   -7.5000   30.0000    7.5000 2405.0085    6.5648
    0.0000   30.0000    7.5000 2413.9260    6.5300
    7.5000   30.0000    7.5000 2397.0417    6.6373
   -7.5000   37.5000    7.5000 2257.8342    7.3957
    0.0000   37.5000    7.5000 2267.6836    7.3521
    7.5000   37.5000    7.5000 2251.6389    7.4652
   -7.5000   45.0000    7.5000 2118.4348    8.4375
    0.0000   45.0000    7.5000 2124.9373    8.3855
    7.5000   45.0000    7.5000 2114.7488    8.5095
   -7.5000  -45.0000   15.0000 2680.5383    5.3523
    0.0000  -45.0000   15.0000 2692.5701    5.3356
    7.5000  -45.0000   15.0000 2669.7339    5.4397
   -7.5000  -37.5000   15.0000 2788.3499    4.9064
    0.0000  -37.5000   15.0000 2803.6841    4.8854
    7.5000  -37.5000   15.0000 2774.9050    4.9957
   -7.5000  -30.0000   15.0000 2882.3794    4.5556
    0.0000  -30.0000   15.0000 2899.3857    4.5303
    7.5000  -30.0000   15.0000 2861.8872    4.6641
   -7.5000  -22.5000   15.0000 2955.6184    4.3322
    0.0000  -22.5000   15.0000 2974.8916    4.3037
    7.5000  -22.5000   15.0000 2931.0271    4.4596
   -7.5000  -15.0000   15.0000 2994.0039    4.2974
    0.0000  -15.0000   15.0000 3019.0901    4.2681
    7.5000  -15.0000   15.0000 2965.4519    4.3958
   -7.5000   -7.5000   15.0000 2978.1289    4.4031
    0.0000   -7.5000   15.0000 3002.0894    4.3694
    7.5000   -7.5000   15.0000 2952.4287    4.4824
   -7.5000    0.0000   15.0000 2913.4878    4.6209
    0.0000    0.0000   15.0000 2929.9299    4.5851
    7.5000    0.0000   15.0000 2889.6687    4.6890
   -7.5000    7.5000   15.0000 2818.0554    4.9281
    0.0000    7.5000   15.0000 2832.1580    4.8908
    7.5000    7.5000   15.0000 2798.3838    4.9941
   -7.5000   15.0000   15.0000 2700.7236    5.3302
    0.0000   15.0000   15.0000 2713.0535    5.2916
    7.5000   15.0000   15.0000 2682.4133    5.3966
   -7.5000   22.5000   15.0000 2564.6016    5.8380
    0.0000   22.5000   15.0000 2574.7673    5.7959
    7.5000   22.5000   15.0000 2549.9556    5.9067
   -7.5000   30.0000   15.0000 2409.9897    6.4785
    0.0000   30.0000   15.0000 2418.1401    6.4328
    7.5000   30.0000   15.0000 2402.7522    6.5502
   -7.5000   37.5000   15.0000 2263.0630    7.2813
    0.0000   37.5000   15.0000 2273.1924    7.2305
    7.5000   37.5000   15.0000 2256.6257    7.3557
   -7.5000   45.0000   15.0000 2121.7388    8.2767
    0.0000   45.0000   15.0000 2129.5320    8.2234
    7.5000   45.0000   15.0000 2117.3049    8.3657
   -7.5000  -45.0000   22.5000 2675.3992    5.3835
    0.0000  -45.0000   22.5000 2688.3330    5.3744
    7.5000  -45.0000   22.5000 2663.4731    5.4751
   -7.5000  -37.5000   22.5000 2785.2617    4.9363
    0.0000  -37.5000   22.5000 2799.8555    4.9205
    7.5000  -37.5000   22.5000 2770.5603    5.0286
   -7.5000  -30.0000   22.5000 2882.0625    4.5873
    0.0000  -30.0000   22.5000 2899.0593    4.5624
    7.5000  -30.0000   22.5000 2861.1265    4.6969
   -7.5000  -22.5000   22.5000 2959.4751    4.3770
    0.0000  -22.5000   22.5000 2976.4102    4.3445
    7.5000  -22.5000   22.5000 2930.5215    4.4849
   -7.5000  -15.0000   22.5000 2992.0427    4.3350
    0.0000  -15.0000   22.5000 3010.7009    4.2939
    7.5000  -15.0000   22.5000 2958.4309    4.4170
   -7.5000   -7.5000   22.5000 2972.2634    4.4334
    0.0000   -7.5000   22.5000 2988.9900    4.3906
    7.5000   -7.5000   22.5000 2945.0337    4.5010
   -7.5000    0.0000   22.5000 2909.5432    4.6344
    0.0000    0.0000   22.5000 2925.6841    4.5917
    7.5000    0.0000   22.5000 2886.6875    4.7003
   -7.5000    7.5000   22.5000 2816.2515    4.9311
    0.0000    7.5000   22.5000 2829.2891    4.8884
    7.5000    7.5000   22.5000 2796.1616    4.9933
   -7.5000   15.0000   22.5000 2698.0315    5.3263
    0.0000   15.0000   22.5000 2709.4731    5.2893
    7.5000   15.0000   22.5000 2681.1667    5.3865
   -7.5000   22.5000   22.5000 2559.6970    5.8287
    0.0000   22.5000   22.5000 2569.4421    5.7957
    7.5000   22.5000   22.5000 2548.2610    5.8940
   -7.5000   30.0000   22.5000 2407.5444    6.4582
    0.0000   30.0000   22.5000 2414.3286    6.4235
    7.5000   30.0000   22.5000 2400.9915    6.5338
   -7.5000   37.5000   22.5000 2261.8406    7.2484
    0.0000   37.5000   22.5000 2267.8008    7.2013
    7.5000   37.5000   22.5000 2252.6484    7.3338
   -7.5000   45.0000   22.5000 2116.1575    8.2352
    0.0000   45.0000   22.5000 2124.1746    8.1691
    7.5000   45.0000   22.5000 2107.4956    8.3222
   -7.5000  -45.0000   30.0000 2657.5984    5.5016
    0.0000  -45.0000   30.0000 2668.1992    5.4907
    7.5000  -45.0000   30.0000 2646.7852    5.5913
   -7.5000  -37.5000   30.0000 2764.3484    5.0572
    0.0000  -37.5000   30.0000 2777.1296    5.0398
    7.5000  -37.5000   30.0000 2750.2715    5.1541
   -7.5000  -30.0000   30.0000 2857.7087    4.7332
    0.0000  -30.0000   30.0000 2873.6211    4.7150
    7.5000  -30.0000   30.0000 2834.8472    4.8338
   -7.5000  -22.5000   30.0000 2923.8269    4.5527
    0.0000  -22.5000   30.0000 2937.4160    4.5359
    7.5000  -22.5000   30.0000 2895.5122    4.6322
   -7.5000  -15.0000   30.0000 2943.7202    4.5001
    0.0000  -15.0000   30.0000 2957.3628    4.4751
    7.5000  -15.0000   30.0000 2915.8799    4.5708
   -7.5000   -7.5000   30.0000 2927.0283    4.5581
    0.0000   -7.5000   30.0000 2938.4727    4.5296
    7.5000   -7.5000   30.0000 2901.6152    4.6254
   -7.5000    0.0000   30.0000 2869.3262    4.7323
    0.0000    0.0000   30.0000 2881.3748    4.6962
    7.5000    0.0000   30.0000 2851.5627    4.7946
   -7.5000    7.5000   30.0000 2784.8975    5.0070
    0.0000    7.5000   30.0000 2795.0293    4.9700
    7.5000    7.5000   30.0000 2769.2480    5.0660
   -7.5000   15.0000   30.0000 2675.4626    5.3887
    0.0000   15.0000   30.0000 2682.9524    5.3549
    7.5000   15.0000   30.0000 2660.3528    5.4554
   -7.5000   22.5000   30.0000 2540.7727    5.8909
    0.0000   22.5000   30.0000 2546.2937    5.8629
    7.5000   22.5000   30.0000 2530.4509    5.9609
   -7.5000   30.0000   30.0000 2394.0945    6.5264
    0.0000   30.0000   30.0000 2400.7437    6.4923
    7.5000   30.0000   30.0000 2384.7429    6.6046
   -7.5000   37.5000   30.0000 2248.7373    7.3044
    0.0000   37.5000   30.0000 2256.2898    7.2677
    7.5000   37.5000   30.0000 2239.0947    7.3995
   -7.5000   45.0000   30.0000 2098.9419    8.2740
    0.0000   45.0000   30.0000 2106.2668    8.2317
    7.5000   45.0000   30.0000 2088.7473    8.3795
   -7.5000  -45.0000   37.5000 2627.4094    5.6989
    0.0000  -45.0000   37.5000 2636.6951    5.6863
    7.5000  -45.0000   37.5000 2617.8154    5.7909
   -7.5000  -37.5000   37.5000 2727.3606    5.2735
    0.0000  -37.5000   37.5000 2739.5369    5.2587
    7.5000  -37.5000   37.5000 2712.8862    5.3656
   -7.5000  -30.0000   37.5000 2810.4260    4.9860
    0.0000  -30.0000   37.5000 2823.7163    4.9752
    7.5000  -30.0000   37.5000 2787.2471    5.0651
   -7.5000  -22.5000   37.5000 2860.0239    4.8294
    0.0000  -22.5000   37.5000 2871.6543    4.8151
    7.5000  -22.5000   37.5000 2836.2649    4.8927
   -7.5000  -15.0000   37.5000 2869.1516    4.7743
    0.0000  -15.0000   37.5000 2881.3318    4.7586
    7.5000  -15.0000   37.5000 2849.8599    4.8320
   -7.5000   -7.5000   37.5000 2851.2036    4.8110
    0.0000   -7.5000   37.5000 2861.6372    4.7934
    7.5000   -7.5000   37.5000 2832.1987    4.8709
   -7.5000    0.0000   37.5000 2801.3752    4.9393
    0.0000    0.0000   37.5000 2811.6414    4.9225
    7.5000    0.0000   37.5000 2784.8206    5.0022
   -7.5000    7.5000   37.5000 2728.4084    5.1733
    0.0000    7.5000   37.5000 2736.2109    5.1555
    7.5000    7.5000   37.5000 2712.8540    5.2372
   -7.5000   15.0000   37.5000 2627.4126    5.5294
    0.0000   15.0000   37.5000 2634.3765    5.5051
    7.5000   15.0000   37.5000 2615.0774    5.5972
   -7.5000   22.5000   37.5000 2502.3013    6.0197
    0.0000   22.5000   37.5000 2509.2129    5.9986
    7.5000   22.5000   37.5000 2491.5134    6.0935
   -7.5000   30.0000   37.5000 2366.5027    6.6511
    0.0000   30.0000   37.5000 2373.7454    6.6273
    7.5000   30.0000   37.5000 2356.9719    6.7361
   -7.5000   37.5000   37.5000 2226.0469    7.4417
    0.0000   37.5000   37.5000 2232.6162    7.4096
    7.5000   37.5000   37.5000 2216.4978    7.5427
   -7.5000   45.0000   37.5000 2070.9221    8.4407
    0.0000   45.0000   37.5000 2078.8774    8.3973
    7.5000   45.0000   37.5000 2062.7151    8.5415
   -7.5000  -45.0000   45.0000 2582.7976    5.9960
    0.0000  -45.0000   45.0000 2593.2852    5.9856
    7.5000  -45.0000   45.0000 2571.4258    6.0886
   -7.5000  -37.5000   45.0000 2676.2048    5.5877
    0.0000  -37.5000   45.0000 2689.1685    5.5793
    7.5000  -37.5000   45.0000 2659.9243    5.6746
   -7.5000  -30.0000   45.0000 2745.0242    5.3204
    0.0000  -30.0000   45.0000 2757.0144    5.3178
    7.5000  -30.0000   45.0000 2726.5398    5.3914
   -7.5000  -22.5000   45.0000 2782.3503    5.1729
    0.0000  -22.5000   45.0000 2792.6489    5.1616
    7.5000  -22.5000   45.0000 2763.5854    5.2293
   -7.5000  -15.0000   45.0000 2783.7747    5.1139
    0.0000  -15.0000   45.0000 2793.9302    5.1025
    7.5000  -15.0000   45.0000 2770.0754    5.1618
   -7.5000   -7.5000   45.0000 2763.5188    5.1344
    0.0000   -7.5000   45.0000 2772.7134    5.1202
    7.5000   -7.5000   45.0000 2751.0410    5.1885
   -7.5000    0.0000   45.0000 2719.8052    5.2397
    0.0000    0.0000   45.0000 2728.9817    5.2262
    7.5000    0.0000   45.0000 2705.8010    5.2969
   -7.5000    7.5000   45.0000 2653.6428    5.4431
    0.0000    7.5000   45.0000 2661.6812    5.4330
    7.5000    7.5000   45.0000 2640.6047    5.5038
   -7.5000   15.0000   45.0000 2562.2122    5.7669
    0.0000   15.0000   45.0000 2568.6636    5.7503
    7.5000   15.0000   45.0000 2549.8313    5.8331
   -7.5000   22.5000   45.0000 2448.3914    6.2357
    0.0000   22.5000   45.0000 2454.8354    6.2197
    7.5000   22.5000   45.0000 2437.3867    6.3154
   -7.5000   30.0000   45.0000 2323.5581    6.8668
    0.0000   30.0000   45.0000 2329.6921    6.8472
    7.5000   30.0000   45.0000 2313.6345    6.9477
   -7.5000   37.5000   45.0000 2185.5334    7.6692
    0.0000   37.5000   45.0000 2192.6362    7.6364
    7.5000   37.5000   45.0000 2177.3247    7.7590
   -7.5000   45.0000   45.0000 2033.7316    8.6786
    0.0000   45.0000   45.0000 2039.9321    8.6371
    7.5000   45.0000   45.0000 2025.3108    8.7794

---------------------------------------------------------------------
imgreg_4dfp /opt/freesurfer/average/711-2C_as_mni_average_305 /opt/freesurfer/average/711-2B_as_mni_average_305_mask talsrcimg_g11 none talsrcimg_to_711-2C_as_mni_average_305_t4 1283
---------------------------------------------------------------------

freesurfer imgreg_4dfp.c
/opt/freesurfer/average/711-2C_as_mni_average_305.4dfp.img
       256       256       256         1
  1.000000  1.000000  1.000000
orientation T byte_order littleendian
Reading image: /opt/freesurfer/average/711-2C_as_mni_average_305.4dfp.img
dimensions:      256       256       256
mmppix:       1.0000   -1.0000   -1.0000
center:     128.0000 -129.0000 -129.0000
/opt/freesurfer/average/711-2B_as_mni_average_305_mask.4dfp.img
       256       256       256         1
  1.000000  1.000000  1.000000
orientation T byte_order littleendian
Reading mask: /opt/freesurfer/average/711-2B_as_mni_average_305_mask.4dfp.img (2306576 pixels)
talsrcimg_g11.4dfp.img
       256       256       256         1
  1.000000  1.000000  1.000000
orientation T byte_order littleendian
Reading image: talsrcimg_g11.4dfp.img
dimensions:      256       256       256
mmppix:       1.0000   -1.0000   -1.0000
center:     128.0000 -129.0000 -129.0000
rotation matrix determinant  1.000000
fimgreg.f
image alignment mode   1283 decimal      503 hex
parameters
    0.0000  -15.0000   15.0000    0.0000    0.0000    0.0000
eta,q 0.94799  4.24659
niter,ni,del,rscale     5    3   12.0000    1.2000
parameter  4  0.623116 ->  0.500000 qaram    1.1500
parameters
   -1.1264  -13.4507   16.7518   -3.4500    0.3054   -0.4958
eta,q 0.95106  4.24534
  0.0577  0.0614  0.0633  0.0494  0.0538  0.0513
  0.0537  0.0569  0.0572  0.0490  0.0517  0.0502
  0.0512  0.0531  0.0526  0.0491  0.0498  0.0493
  0.0513  0.0508  0.0503  0.0499  0.0490  0.0489
  0.0543  0.0505  0.0500  0.0516  0.0492  0.0495
  0.0588  0.0518  0.0514  0.0537  0.0506  0.0507
  0.0643  0.0544  0.0535  0.0562  0.0534  0.0523
niter,ni,del,rscale     5    3   12.0000    1.2000
parameters
   -1.3803  -13.2046   16.3666   -3.7448    0.6476   -0.6832
eta,q 0.95118  4.24437
  0.0577  0.0575  0.0548  0.0523  0.0540  0.0514
  0.0534  0.0528  0.0506  0.0503  0.0518  0.0502
  0.0502  0.0497  0.0489  0.0491  0.0499  0.0493
  0.0489  0.0490  0.0490  0.0489  0.0489  0.0488
  0.0505  0.0500  0.0502  0.0492  0.0491  0.0492
  0.0543  0.0523  0.0523  0.0507  0.0505  0.0503
  0.0595  0.0558  0.0557  0.0530  0.0534  0.0519
niter,ni,del,rscale     4    3   12.0000    1.2000
parameters
   -1.5259  -13.1018   16.3706   -3.8094    0.8424   -0.7869
eta,q 0.95117  4.24357
  0.0580  0.0568  0.0557  0.0525  0.0539  0.0515
  0.0536  0.0523  0.0510  0.0504  0.0516  0.0502
  0.0502  0.0494  0.0490  0.0491  0.0498  0.0493
  0.0488  0.0488  0.0489  0.0489  0.0488  0.0488
  0.0503  0.0499  0.0498  0.0491  0.0492  0.0492
  0.0539  0.0523  0.0518  0.0505  0.0507  0.0503
  0.0592  0.0559  0.0549  0.0527  0.0537  0.0518
niter,ni,del,rscale     3    3   12.0000    1.2000
parameters
   -1.6019  -13.0837   16.3749   -3.8256    0.9412   -0.8379
eta,q 0.95117  4.24278
  0.0582  0.0566  0.0556  0.0526  0.0538  0.0515
  0.0538  0.0521  0.0510  0.0504  0.0515  0.0502
  0.0503  0.0493  0.0490  0.0491  0.0497  0.0493
  0.0488  0.0488  0.0488  0.0488  0.0488  0.0488
  0.0502  0.0500  0.0498  0.0491  0.0493  0.0492
  0.0537  0.0524  0.0517  0.0505  0.0508  0.0502
  0.0590  0.0561  0.0549  0.0526  0.0539  0.0517
niter,ni,del,rscale     2    3   12.0000    1.2000
parameters
   -1.6388  -13.0793   16.3803   -3.8321    0.9910   -0.8626
eta,q 0.95117  4.24230
  0.0583  0.0566  0.0556  0.0526  0.0538  0.0516
  0.0539  0.0521  0.0510  0.0504  0.0514  0.0502
  0.0504  0.0493  0.0490  0.0491  0.0497  0.0493
  0.0488  0.0488  0.0488  0.0488  0.0488  0.0488
  0.0501  0.0500  0.0498  0.0491  0.0493  0.0492
  0.0536  0.0524  0.0517  0.0505  0.0509  0.0502
  0.0589  0.0561  0.0549  0.0526  0.0540  0.0517
registration optimization eta report
parameter search radius
    6.0000    6.0000    6.0000    6.9000    6.0000    6.0000
100000*second partial in parameter space
       27.       21.       18.        8.       14.        8.
  0.0583  0.0566  0.0556  0.0526  0.0538  0.0516
  0.0539  0.0521  0.0510  0.0504  0.0514  0.0502
  0.0504  0.0493  0.0490  0.0491  0.0497  0.0493
  0.0488  0.0488  0.0488  0.0488  0.0488  0.0488
  0.0501  0.0500  0.0498  0.0491  0.0493  0.0492
  0.0536  0.0524  0.0517  0.0505  0.0509  0.0502
  0.0589  0.0561  0.0549  0.0526  0.0540  0.0517
   -1.6388  -13.0793   16.3803   -3.8321    0.9910   -0.8626
eta,q 0.95117  4.24230

---------------------------------------------------------------------
imgreg_4dfp /opt/freesurfer/average/711-2C_as_mni_average_305 /opt/freesurfer/average/711-2B_as_mni_average_305_mask talsrcimg_g11 none talsrcimg_to_711-2C_as_mni_average_305_t4 3335
---------------------------------------------------------------------

freesurfer imgreg_4dfp.c
/opt/freesurfer/average/711-2C_as_mni_average_305.4dfp.img
       256       256       256         1
  1.000000  1.000000  1.000000
orientation T byte_order littleendian
Reading image: /opt/freesurfer/average/711-2C_as_mni_average_305.4dfp.img
dimensions:      256       256       256
mmppix:       1.0000   -1.0000   -1.0000
center:     128.0000 -129.0000 -129.0000
/opt/freesurfer/average/711-2B_as_mni_average_305_mask.4dfp.img
       256       256       256         1
  1.000000  1.000000  1.000000
orientation T byte_order littleendian
Reading mask: /opt/freesurfer/average/711-2B_as_mni_average_305_mask.4dfp.img (2306576 pixels)
talsrcimg_g11.4dfp.img
       256       256       256         1
  1.000000  1.000000  1.000000
orientation T byte_order littleendian
Reading image: talsrcimg_g11.4dfp.img
dimensions:      256       256       256
mmppix:       1.0000   -1.0000   -1.0000
center:     128.0000 -129.0000 -129.0000
fimgreg.f
image alignment mode   3335 decimal      D07 hex
parameters
   -1.6388  -13.0793   16.3803   -0.0263   -0.2366   -0.2385
    1.6176   -1.6249   -1.5052    6.7085    1.7296   -6.6823
eta,q 0.95173  4.25010
niter,ni,del,rscale     5    3    5.0000    1.2000
parameter  4  1.186885 ->  0.500000 qaram    1.1500
parameter  5  1.125101 ->  0.500000 qaram    1.1500
parameter  6  0.977383 ->  0.500000 qaram    1.1500
parameter 12 -0.605681 -> -0.500000 qaram    1.1500
parameters
   -2.1230  -12.5875   16.9419   -4.1663   -4.3766   -4.3785
    0.1561   -1.9969   -1.6027    8.6096   -0.6154   -2.5423
eta,q 0.95830  3.91836
  0.0491  0.0497  0.0496  0.0456  0.0438  0.0420  0.0431  0.0441  0.0432  0.0448  0.0425  0.0446
  0.0485  0.0490  0.0489  0.0460  0.0443  0.0422  0.0426  0.0431  0.0427  0.0437  0.0422  0.0435
  0.0483  0.0485  0.0484  0.0469  0.0451  0.0430  0.0423  0.0425  0.0424  0.0428  0.0421  0.0426
  0.0483  0.0482  0.0482  0.0481  0.0462  0.0445  0.0424  0.0423  0.0423  0.0423  0.0422  0.0421
  0.0486  0.0482  0.0481  0.0497  0.0479  0.0466  0.0427  0.0426  0.0424  0.0422  0.0425  0.0418
  0.0493  0.0484  0.0483  0.0516  0.0500  0.0492  0.0433  0.0434  0.0427  0.0425  0.0430  0.0417
  0.0502  0.0489  0.0487  0.0541  0.0525  0.0524  0.0441  0.0446  0.0433  0.0431  0.0437  0.0418
niter,ni,del,rscale     7    3    5.0000    1.2000
parameter  5  0.585321 ->  0.500000 qaram    1.3225
parameter  6  0.520218 ->  0.500000 qaram    1.3225
parameters
   -2.4127  -11.5161   15.9292   -7.3973   -9.1376   -9.1395
    0.0469   -1.4963   -1.2487   11.7156   -1.8181   -0.3770
eta,q 0.96035  3.74045
  0.0426  0.0431  0.0416  0.0419  0.0407  0.0403  0.0409  0.0413  0.0407  0.0411  0.0401  0.0411
  0.0421  0.0425  0.0414  0.0414  0.0406  0.0400  0.0404  0.0406  0.0403  0.0406  0.0398  0.0404
  0.0417  0.0420  0.0414  0.0412  0.0407  0.0400  0.0400  0.0402  0.0400  0.0402  0.0397  0.0400
  0.0417  0.0417  0.0415  0.0414  0.0412  0.0406  0.0399  0.0399  0.0399  0.0399  0.0397  0.0397
  0.0419  0.0415  0.0418  0.0422  0.0421  0.0417  0.0401  0.0400  0.0400  0.0397  0.0398  0.0396
  0.0425  0.0416  0.0423  0.0437  0.0437  0.0437  0.0404  0.0403  0.0402  0.0398  0.0401  0.0398
  0.0432  0.0418  0.0429  0.0457  0.0460  0.0466  0.0410  0.0410  0.0405  0.0401  0.0404  0.0402
niter,ni,del,rscale     7    3    5.0000    1.2000
parameters
   -2.0133  -10.5877   15.6761   -6.8407  -11.9732  -11.4666
   -0.3270   -1.1466   -1.5195   13.1914   -2.5295    0.6558
eta,q 0.96071  3.70226
  0.0407  0.0407  0.0399  0.0412  0.0401  0.0406  0.0403  0.0407  0.0399  0.0404  0.0396  0.0403
  0.0402  0.0402  0.0397  0.0405  0.0397  0.0399  0.0398  0.0401  0.0396  0.0399  0.0394  0.0398
  0.0399  0.0398  0.0396  0.0399  0.0394  0.0394  0.0395  0.0396  0.0394  0.0396  0.0393  0.0395
  0.0396  0.0396  0.0395  0.0395  0.0395  0.0394  0.0394  0.0394  0.0394  0.0394  0.0393  0.0393
  0.0396  0.0395  0.0396  0.0395  0.0399  0.0401  0.0395  0.0395  0.0395  0.0393  0.0394  0.0393
  0.0398  0.0396  0.0398  0.0400  0.0410  0.0412  0.0399  0.0398  0.0397  0.0395  0.0395  0.0395
  0.0402  0.0397  0.0402  0.0411  0.0428  0.0432  0.0405  0.0405  0.0400  0.0398  0.0398  0.0399
niter,ni,del,rscale     6    3    5.0000    1.2000
parameters
   -1.8663  -10.2096   15.5128   -6.4110  -12.9565  -12.6910
   -0.3464   -0.9682   -1.5414   14.0283   -2.9585    1.1207
eta,q 0.96074  3.69317
  0.0403  0.0400  0.0396  0.0410  0.0404  0.0407  0.0403  0.0406  0.0399  0.0402  0.0396  0.0401
  0.0398  0.0396  0.0394  0.0403  0.0398  0.0400  0.0398  0.0399  0.0395  0.0397  0.0394  0.0397
  0.0394  0.0394  0.0393  0.0397  0.0394  0.0395  0.0394  0.0395  0.0393  0.0394  0.0393  0.0394
  0.0393  0.0393  0.0393  0.0393  0.0392  0.0393  0.0393  0.0393  0.0393  0.0393  0.0393  0.0393
  0.0393  0.0393  0.0393  0.0392  0.0394  0.0395  0.0394  0.0394  0.0394  0.0393  0.0393  0.0393
  0.0396  0.0394  0.0395  0.0398  0.0401  0.0405  0.0398  0.0398  0.0395  0.0395  0.0395  0.0396
  0.0401  0.0396  0.0398  0.0409  0.0413  0.0419  0.0403  0.0405  0.0399  0.0399  0.0397  0.0400
niter,ni,del,rscale     5    3    5.0000    1.2000
parameters
   -1.8123  -10.0302   15.3020   -6.2313  -13.2684  -13.4512
   -0.3950   -0.8670   -1.4327   14.6139   -3.1984    1.3005
eta,q 0.96072  3.68968
  0.0402  0.0398  0.0396  0.0409  0.0405  0.0407  0.0403  0.0405  0.0399  0.0401  0.0396  0.0400
  0.0397  0.0395  0.0394  0.0402  0.0400  0.0400  0.0398  0.0399  0.0395  0.0397  0.0394  0.0396
  0.0394  0.0393  0.0393  0.0396  0.0395  0.0395  0.0394  0.0395  0.0393  0.0394  0.0393  0.0394
  0.0393  0.0393  0.0393  0.0393  0.0392  0.0393  0.0393  0.0393  0.0393  0.0393  0.0393  0.0393
  0.0393  0.0393  0.0393  0.0393  0.0393  0.0394  0.0394  0.0394  0.0394  0.0393  0.0393  0.0393
  0.0396  0.0394  0.0395  0.0399  0.0399  0.0402  0.0398  0.0398  0.0395  0.0395  0.0394  0.0396
  0.0401  0.0397  0.0397  0.0410  0.0410  0.0415  0.0403  0.0405  0.0398  0.0399  0.0396  0.0400
niter,ni,del,rscale     4    3    5.0000    1.2000
parameters
   -1.7942   -9.8607   15.0172   -6.1234  -13.4199  -14.0464
   -0.4662   -0.8060   -1.2794   15.2067   -3.3794    1.2719
eta,q 0.96073  3.68720
  0.0402  0.0398  0.0395  0.0409  0.0406  0.0407  0.0403  0.0405  0.0399  0.0401  0.0396  0.0400
  0.0397  0.0395  0.0394  0.0402  0.0400  0.0400  0.0398  0.0399  0.0395  0.0397  0.0394  0.0396
  0.0394  0.0393  0.0393  0.0396  0.0395  0.0395  0.0394  0.0395  0.0393  0.0394  0.0393  0.0394
  0.0393  0.0393  0.0393  0.0393  0.0393  0.0393  0.0393  0.0393  0.0393  0.0393  0.0393  0.0393
  0.0394  0.0393  0.0393  0.0393  0.0393  0.0394  0.0394  0.0394  0.0393  0.0393  0.0393  0.0394
  0.0397  0.0394  0.0395  0.0399  0.0398  0.0401  0.0398  0.0398  0.0395  0.0395  0.0394  0.0396
  0.0402  0.0397  0.0397  0.0411  0.0409  0.0414  0.0403  0.0405  0.0398  0.0399  0.0396  0.0400
niter,ni,del,rscale     3    3    5.0000    1.2000
parameters
   -1.7806   -9.6539   14.6825   -6.0494  -13.5567  -14.5987
   -0.5382   -0.7478   -1.1310   15.8964   -3.5684    1.1382
eta,q 0.96073  3.68502
  0.0402  0.0398  0.0395  0.0409  0.0406  0.0406  0.0403  0.0405  0.0399  0.0401  0.0396  0.0400
  0.0397  0.0395  0.0394  0.0402  0.0400  0.0400  0.0398  0.0399  0.0395  0.0397  0.0394  0.0396
  0.0394  0.0394  0.0393  0.0396  0.0395  0.0395  0.0394  0.0395  0.0393  0.0394  0.0393  0.0394
  0.0393  0.0393  0.0393  0.0393  0.0393  0.0393  0.0393  0.0393  0.0393  0.0393  0.0393  0.0393
  0.0394  0.0393  0.0393  0.0393  0.0393  0.0394  0.0394  0.0394  0.0393  0.0393  0.0393  0.0394
  0.0397  0.0394  0.0395  0.0399  0.0398  0.0400  0.0398  0.0398  0.0395  0.0395  0.0394  0.0396
  0.0402  0.0397  0.0397  0.0411  0.0409  0.0413  0.0403  0.0405  0.0398  0.0399  0.0396  0.0400
niter,ni,del,rscale     2    3    5.0000    1.2000
parameters
   -1.7652   -9.4033   14.2799   -5.9845  -13.7469  -15.2527
   -0.6139   -0.6696   -0.9990   16.7439   -3.7784    1.0284
eta,q 0.96075  3.68235
  0.0401  0.0398  0.0395  0.0408  0.0405  0.0406  0.0403  0.0405  0.0398  0.0401  0.0395  0.0399
  0.0397  0.0395  0.0393  0.0402  0.0400  0.0400  0.0397  0.0399  0.0395  0.0397  0.0394  0.0396
  0.0394  0.0394  0.0393  0.0396  0.0395  0.0395  0.0394  0.0395  0.0393  0.0394  0.0393  0.0393
  0.0393  0.0393  0.0393  0.0393  0.0392  0.0392  0.0393  0.0393  0.0393  0.0393  0.0392  0.0392
  0.0394  0.0393  0.0393  0.0393  0.0393  0.0394  0.0394  0.0394  0.0393  0.0393  0.0393  0.0393
  0.0396  0.0394  0.0395  0.0399  0.0398  0.0400  0.0398  0.0398  0.0395  0.0394  0.0394  0.0396
  0.0401  0.0396  0.0397  0.0410  0.0409  0.0413  0.0403  0.0405  0.0398  0.0398  0.0396  0.0400
niter,ni,del,rscale     1    3    5.0000    1.2000
parameters
   -1.7367   -9.0945   13.8249   -5.9254  -14.0526  -16.0766
   -0.7134   -0.5640   -0.8787   17.7867   -3.9580    1.0407
eta,q 0.96078  3.67886
  0.0401  0.0398  0.0394  0.0408  0.0405  0.0405  0.0402  0.0405  0.0398  0.0401  0.0395  0.0399
  0.0397  0.0395  0.0393  0.0401  0.0399  0.0399  0.0397  0.0399  0.0395  0.0397  0.0394  0.0396
  0.0394  0.0393  0.0392  0.0396  0.0394  0.0394  0.0394  0.0395  0.0393  0.0394  0.0393  0.0393
  0.0392  0.0392  0.0392  0.0392  0.0392  0.0392  0.0393  0.0393  0.0393  0.0393  0.0392  0.0392
  0.0393  0.0393  0.0393  0.0393  0.0393  0.0394  0.0394  0.0394  0.0393  0.0392  0.0393  0.0393
  0.0396  0.0394  0.0395  0.0399  0.0398  0.0400  0.0397  0.0398  0.0395  0.0394  0.0394  0.0395
  0.0401  0.0396  0.0397  0.0410  0.0409  0.0413  0.0403  0.0405  0.0398  0.0398  0.0395  0.0399
registration optimization eta report
parameter search radius
    2.4000    2.4000    2.4000    8.2800    9.5220    9.5220
    7.2000    7.2000    7.2000    7.2000    7.2000    8.2800
100000*second partial in parameter space
       15.        8.        6.        2.        2.        2.
        2.        2.        1.        1.        1.        1.
  0.0401  0.0398  0.0394  0.0408  0.0405  0.0405  0.0402  0.0405  0.0398  0.0401  0.0395  0.0399
  0.0397  0.0395  0.0393  0.0401  0.0399  0.0399  0.0397  0.0399  0.0395  0.0397  0.0394  0.0396
  0.0394  0.0393  0.0392  0.0396  0.0394  0.0394  0.0394  0.0395  0.0393  0.0394  0.0393  0.0393
  0.0392  0.0392  0.0392  0.0392  0.0392  0.0392  0.0393  0.0393  0.0393  0.0393  0.0392  0.0392
  0.0393  0.0393  0.0393  0.0393  0.0393  0.0394  0.0394  0.0394  0.0393  0.0392  0.0393  0.0393
  0.0396  0.0394  0.0395  0.0399  0.0398  0.0400  0.0397  0.0398  0.0395  0.0394  0.0394  0.0395
  0.0401  0.0396  0.0397  0.0410  0.0409  0.0413  0.0403  0.0405  0.0398  0.0398  0.0395  0.0399
   -1.7367   -9.0945   13.8249   -5.9254  -14.0526  -16.0766
   -0.7134   -0.5640   -0.8787   17.7867   -3.9580    1.0407
eta,q 0.96078  3.67886

---------------------------------------------------------------------
imgreg_4dfp /opt/freesurfer/average/711-2C_as_mni_average_305 /opt/freesurfer/average/711-2B_as_mni_average_305_mask talsrcimg_g11 none talsrcimg_to_711-2C_as_mni_average_305_t4 2311
---------------------------------------------------------------------

freesurfer imgreg_4dfp.c
/opt/freesurfer/average/711-2C_as_mni_average_305.4dfp.img
       256       256       256         1
  1.000000  1.000000  1.000000
orientation T byte_order littleendian
Reading image: /opt/freesurfer/average/711-2C_as_mni_average_305.4dfp.img
dimensions:      256       256       256
mmppix:       1.0000   -1.0000   -1.0000
center:     128.0000 -129.0000 -129.0000
/opt/freesurfer/average/711-2B_as_mni_average_305_mask.4dfp.img
       256       256       256         1
  1.000000  1.000000  1.000000
orientation T byte_order littleendian
Reading mask: /opt/freesurfer/average/711-2B_as_mni_average_305_mask.4dfp.img (2306576 pixels)
talsrcimg_g11.4dfp.img
       256       256       256         1
  1.000000  1.000000  1.000000
orientation T byte_order littleendian
Reading image: talsrcimg_g11.4dfp.img
dimensions:      256       256       256
mmppix:       1.0000   -1.0000   -1.0000
center:     128.0000 -129.0000 -129.0000
fimgreg.f
image alignment mode   2311 decimal      907 hex
parameters
   -1.7367   -9.0945   13.8249   -5.9254  -14.0526  -16.0766
   -0.7134   -0.5640   -0.8787   17.7867   -3.9580    1.0407
eta,q 0.96078  3.67886
niter,ni,del,rscale     5    3    5.0000    0.8000
parameters
   -1.6513   -8.7248   13.2593   -5.1569  -13.8864  -16.3865
   -0.8354   -0.2115   -1.0035   18.3997   -4.1116    0.3431
eta,q 0.96086  3.68733
  0.0396  0.0395  0.0393  0.0399  0.0395  0.0395  0.0396  0.0399  0.0394  0.0396  0.0393  0.0393
  0.0394  0.0394  0.0392  0.0396  0.0393  0.0393  0.0394  0.0395  0.0393  0.0394  0.0392  0.0392
  0.0393  0.0393  0.0392  0.0394  0.0392  0.0392  0.0392  0.0393  0.0392  0.0392  0.0392  0.0391
  0.0392  0.0392  0.0392  0.0392  0.0392  0.0392  0.0392  0.0392  0.0392  0.0392  0.0391  0.0391
  0.0392  0.0392  0.0393  0.0392  0.0392  0.0392  0.0392  0.0392  0.0392  0.0392  0.0392  0.0392
  0.0394  0.0392  0.0394  0.0393  0.0393  0.0394  0.0394  0.0394  0.0393  0.0392  0.0392  0.0393
  0.0396  0.0393  0.0395  0.0396  0.0395  0.0397  0.0397  0.0397  0.0394  0.0394  0.0393  0.0395
niter,ni,del,rscale     4    3    5.0000    0.7000
parameters
   -1.6362   -8.5376   12.7385   -4.9949  -13.8268  -16.7544
   -0.8674   -0.0232   -0.9566   19.0694   -4.0653   -0.1171
eta,q 0.96091  3.68760
  0.0395  0.0394  0.0392  0.0396  0.0394  0.0394  0.0395  0.0397  0.0393  0.0395  0.0392  0.0393
  0.0393  0.0392  0.0391  0.0394  0.0392  0.0392  0.0393  0.0394  0.0392  0.0393  0.0392  0.0392
  0.0392  0.0392  0.0391  0.0392  0.0391  0.0391  0.0391  0.0392  0.0391  0.0392  0.0391  0.0391
  0.0391  0.0391  0.0391  0.0391  0.0391  0.0391  0.0391  0.0391  0.0391  0.0391  0.0391  0.0391
  0.0392  0.0391  0.0392  0.0391  0.0391  0.0392  0.0392  0.0392  0.0391  0.0391  0.0391  0.0391
  0.0393  0.0392  0.0393  0.0393  0.0392  0.0393  0.0393  0.0393  0.0392  0.0392  0.0392  0.0392
  0.0395  0.0393  0.0394  0.0396  0.0394  0.0395  0.0395  0.0396  0.0393  0.0393  0.0392  0.0393
niter,ni,del,rscale     3    3    5.0000    0.6000
parameters
   -1.6164   -8.2778   12.3488   -4.9016  -13.9428  -17.2017
   -0.9522    0.0604   -1.0143   19.7980   -3.9730   -0.5508
eta,q 0.96093  3.68666
  0.0393  0.0393  0.0391  0.0395  0.0393  0.0393  0.0393  0.0395  0.0392  0.0394  0.0392  0.0392
  0.0392  0.0392  0.0391  0.0393  0.0392  0.0392  0.0392  0.0393  0.0391  0.0392  0.0391  0.0391
  0.0391  0.0391  0.0391  0.0391  0.0391  0.0391  0.0391  0.0391  0.0391  0.0391  0.0391  0.0391
  0.0391  0.0391  0.0391  0.0391  0.0391  0.0391  0.0391  0.0391  0.0391  0.0391  0.0391  0.0391
  0.0391  0.0391  0.0391  0.0391  0.0391  0.0391  0.0391  0.0391  0.0391  0.0391  0.0391  0.0391
  0.0392  0.0391  0.0392  0.0392  0.0392  0.0392  0.0392  0.0392  0.0392  0.0391  0.0391  0.0392
  0.0393  0.0392  0.0393  0.0395  0.0393  0.0394  0.0394  0.0394  0.0392  0.0392  0.0391  0.0393
niter,ni,del,rscale     2    3    5.0000    0.5000
parameters
   -1.6044   -8.0304   12.0174   -4.8060  -14.1079  -17.6245
   -0.9848    0.1115   -1.1625   20.3877   -3.7437   -0.8383
eta,q 0.96097  3.68518
  0.0392  0.0392  0.0391  0.0393  0.0392  0.0392  0.0392  0.0393  0.0391  0.0393  0.0391  0.0391
  0.0391  0.0391  0.0391  0.0392  0.0391  0.0391  0.0391  0.0392  0.0391  0.0392  0.0391  0.0391
  0.0391  0.0391  0.0390  0.0391  0.0391  0.0391  0.0391  0.0391  0.0391  0.0391  0.0390  0.0390
  0.0391  0.0391  0.0391  0.0390  0.0390  0.0390  0.0390  0.0390  0.0390  0.0390  0.0390  0.0390
  0.0391  0.0391  0.0391  0.0391  0.0391  0.0391  0.0391  0.0391  0.0391  0.0390  0.0390  0.0391
  0.0391  0.0391  0.0391  0.0391  0.0391  0.0392  0.0391  0.0392  0.0391  0.0391  0.0391  0.0391
  0.0392  0.0391  0.0392  0.0393  0.0392  0.0393  0.0392  0.0393  0.0392  0.0391  0.0391  0.0392
niter,ni,del,rscale     1    3    5.0000    0.4000
parameters
   -1.5960   -7.8519   11.7388   -4.6635  -14.2497  -18.0205
   -0.9576    0.1011   -1.2511   20.9218   -3.5934   -1.0844
eta,q 0.96098  3.68484
  0.0391  0.0391  0.0390  0.0392  0.0391  0.0391  0.0392  0.0392  0.0391  0.0392  0.0391  0.0391
  0.0391  0.0391  0.0390  0.0391  0.0391  0.0391  0.0391  0.0391  0.0391  0.0391  0.0390  0.0390
  0.0391  0.0391  0.0390  0.0391  0.0390  0.0390  0.0390  0.0390  0.0390  0.0390  0.0390  0.0390
  0.0390  0.0390  0.0390  0.0390  0.0390  0.0390  0.0390  0.0390  0.0390  0.0390  0.0390  0.0390
  0.0390  0.0390  0.0391  0.0390  0.0390  0.0390  0.0390  0.0390  0.0390  0.0390  0.0390  0.0390
  0.0391  0.0390  0.0391  0.0391  0.0391  0.0391  0.0391  0.0391  0.0391  0.0390  0.0390  0.0391
  0.0391  0.0391  0.0391  0.0392  0.0391  0.0392  0.0391  0.0392  0.0391  0.0391  0.0391  0.0391
registration optimization eta report
parameter search radius
    0.8000    0.8000    0.8000    2.4000    2.4000    2.4000
    2.4000    2.4000    2.4000    2.4000    2.4000    2.4000
100000*second partial in parameter space
       16.       10.        7.        3.        2.        2.
        2.        3.        1.        2.        1.        1.
  0.0391  0.0391  0.0390  0.0392  0.0391  0.0391  0.0392  0.0392  0.0391  0.0392  0.0391  0.0391
  0.0391  0.0391  0.0390  0.0391  0.0391  0.0391  0.0391  0.0391  0.0391  0.0391  0.0390  0.0390
  0.0391  0.0391  0.0390  0.0391  0.0390  0.0390  0.0390  0.0390  0.0390  0.0390  0.0390  0.0390
  0.0390  0.0390  0.0390  0.0390  0.0390  0.0390  0.0390  0.0390  0.0390  0.0390  0.0390  0.0390
  0.0390  0.0390  0.0391  0.0390  0.0390  0.0390  0.0390  0.0390  0.0390  0.0390  0.0390  0.0390
  0.0391  0.0390  0.0391  0.0391  0.0391  0.0391  0.0391  0.0391  0.0391  0.0390  0.0390  0.0391
  0.0391  0.0391  0.0391  0.0392  0.0391  0.0392  0.0391  0.0392  0.0391  0.0391  0.0391  0.0391
   -1.5960   -7.8519   11.7388   -4.6635  -14.2497  -18.0205
   -0.9576    0.1011   -1.2511   20.9218   -3.5934   -1.0844
eta,q 0.96098  3.68484

---------------------------------------------------------------------
imgreg_4dfp /opt/freesurfer/average/711-2C_as_mni_average_305 /opt/freesurfer/average/711-2B_as_mni_average_305_mask talsrcimg_g11 none talsrcimg_to_711-2C_as_mni_average_305_t4 2311
---------------------------------------------------------------------

freesurfer imgreg_4dfp.c
/opt/freesurfer/average/711-2C_as_mni_average_305.4dfp.img
       256       256       256         1
  1.000000  1.000000  1.000000
orientation T byte_order littleendian
Reading image: /opt/freesurfer/average/711-2C_as_mni_average_305.4dfp.img
dimensions:      256       256       256
mmppix:       1.0000   -1.0000   -1.0000
center:     128.0000 -129.0000 -129.0000
/opt/freesurfer/average/711-2B_as_mni_average_305_mask.4dfp.img
       256       256       256         1
  1.000000  1.000000  1.000000
orientation T byte_order littleendian
Reading mask: /opt/freesurfer/average/711-2B_as_mni_average_305_mask.4dfp.img (2306576 pixels)
talsrcimg_g11.4dfp.img
       256       256       256         1
  1.000000  1.000000  1.000000
orientation T byte_order littleendian
Reading image: talsrcimg_g11.4dfp.img
dimensions:      256       256       256
mmppix:       1.0000   -1.0000   -1.0000
center:     128.0000 -129.0000 -129.0000
fimgreg.f
image alignment mode   2311 decimal      907 hex
parameters
   -1.5960   -7.8519   11.7388   -4.6635  -14.2497  -18.0205
   -0.9576    0.1011   -1.2511   20.9218   -3.5934   -1.0844
eta,q 0.96098  3.68484
niter,ni,del,rscale     5    3    5.0000    0.8000
parameters
   -1.6524   -7.6813   11.4734   -4.9116  -14.4173  -18.6529
   -0.9145    0.0802   -1.2506   21.4239   -3.4533   -1.1488
eta,q 0.96099  3.67802
  0.0394  0.0393  0.0391  0.0396  0.0394  0.0393  0.0395  0.0397  0.0393  0.0395  0.0392  0.0393
  0.0392  0.0392  0.0391  0.0393  0.0392  0.0392  0.0392  0.0393  0.0391  0.0392  0.0391  0.0391
  0.0391  0.0391  0.0390  0.0391  0.0391  0.0390  0.0391  0.0391  0.0391  0.0391  0.0390  0.0390
  0.0390  0.0390  0.0390  0.0390  0.0390  0.0390  0.0390  0.0390  0.0390  0.0390  0.0390  0.0390
  0.0391  0.0390  0.0391  0.0391  0.0391  0.0391  0.0391  0.0391  0.0390  0.0390  0.0390  0.0390
  0.0392  0.0391  0.0391  0.0393  0.0392  0.0393  0.0392  0.0393  0.0391  0.0391  0.0391  0.0391
  0.0395  0.0392  0.0393  0.0398  0.0395  0.0396  0.0395  0.0397  0.0393  0.0393  0.0392  0.0393
niter,ni,del,rscale     4    3    5.0000    0.7000
parameters
   -1.6289   -7.4706   11.2536   -4.7854  -14.5489  -19.0597
   -0.9412    0.1449   -1.3860   21.8710   -3.4492   -1.3695
eta,q 0.96101  3.67783
  0.0393  0.0392  0.0391  0.0395  0.0393  0.0393  0.0394  0.0395  0.0392  0.0393  0.0391  0.0392
  0.0392  0.0391  0.0390  0.0393  0.0391  0.0391  0.0392  0.0392  0.0391  0.0392  0.0391  0.0391
  0.0390  0.0390  0.0390  0.0391  0.0390  0.0390  0.0390  0.0390  0.0390  0.0391  0.0390  0.0390
  0.0390  0.0390  0.0390  0.0390  0.0390  0.0390  0.0390  0.0390  0.0390  0.0390  0.0390  0.0390
  0.0390  0.0390  0.0390  0.0390  0.0390  0.0390  0.0390  0.0391  0.0390  0.0390  0.0390  0.0390
  0.0391  0.0391  0.0391  0.0392  0.0391  0.0392  0.0392  0.0392  0.0391  0.0391  0.0390  0.0391
  0.0393  0.0391  0.0392  0.0395  0.0393  0.0394  0.0394  0.0395  0.0392  0.0392  0.0391  0.0392
niter,ni,del,rscale     3    3    5.0000    0.6000
parameters
   -1.6071   -7.3379   11.0203   -4.6361  -14.6009  -19.3478
   -0.9015    0.2127   -1.4223   22.2631   -3.4321   -1.6585
eta,q 0.96101  3.67860
  0.0392  0.0392  0.0391  0.0394  0.0392  0.0392  0.0393  0.0394  0.0391  0.0392  0.0391  0.0391
  0.0391  0.0391  0.0390  0.0392  0.0391  0.0391  0.0391  0.0392  0.0391  0.0391  0.0390  0.0390
  0.0390  0.0390  0.0390  0.0391  0.0390  0.0390  0.0390  0.0390  0.0390  0.0390  0.0390  0.0390
  0.0390  0.0390  0.0390  0.0390  0.0390  0.0390  0.0390  0.0390  0.0390  0.0390  0.0390  0.0390
  0.0390  0.0390  0.0390  0.0390  0.0390  0.0390  0.0390  0.0390  0.0390  0.0390  0.0390  0.0390
  0.0391  0.0390  0.0391  0.0391  0.0391  0.0391  0.0391  0.0392  0.0391  0.0390  0.0390  0.0391
  0.0392  0.0391  0.0391  0.0394  0.0392  0.0393  0.0393  0.0394  0.0392  0.0392  0.0391  0.0392
niter,ni,del,rscale     2    3    5.0000    0.5000
parameters
   -1.6131   -7.2164   10.8131   -4.5163  -14.6207  -19.5771
   -0.8942    0.2049   -1.4423   22.6052   -3.3185   -1.9385
eta,q 0.96103  3.67957
  0.0391  0.0391  0.0390  0.0393  0.0391  0.0391  0.0392  0.0393  0.0391  0.0391  0.0390  0.0391
  0.0390  0.0390  0.0390  0.0391  0.0391  0.0390  0.0391  0.0391  0.0390  0.0391  0.0390  0.0390
  0.0390  0.0390  0.0390  0.0390  0.0390  0.0390  0.0390  0.0390  0.0390  0.0390  0.0390  0.0390
  0.0390  0.0390  0.0390  0.0390  0.0390  0.0390  0.0390  0.0390  0.0390  0.0390  0.0390  0.0390
  0.0390  0.0390  0.0390  0.0390  0.0390  0.0390  0.0390  0.0390  0.0390  0.0390  0.0390  0.0390
  0.0391  0.0390  0.0390  0.0391  0.0390  0.0391  0.0391  0.0391  0.0390  0.0390  0.0390  0.0390
  0.0391  0.0391  0.0391  0.0392  0.0391  0.0392  0.0392  0.0392  0.0391  0.0391  0.0390  0.0391
niter,ni,del,rscale     1    3    5.0000    0.4000
parameters
   -1.6457   -7.1266   10.6652   -4.3976  -14.6848  -19.6834
   -0.8473    0.1463   -1.5027   22.8914   -3.2357   -2.1964
eta,q 0.96103  3.68055
  0.0391  0.0390  0.0390  0.0392  0.0391  0.0391  0.0391  0.0391  0.0390  0.0391  0.0390  0.0390
  0.0390  0.0390  0.0390  0.0391  0.0390  0.0390  0.0390  0.0390  0.0390  0.0390  0.0390  0.0390
  0.0390  0.0390  0.0390  0.0390  0.0390  0.0390  0.0390  0.0390  0.0390  0.0390  0.0390  0.0390
  0.0390  0.0390  0.0390  0.0390  0.0390  0.0390  0.0390  0.0390  0.0390  0.0390  0.0390  0.0390
  0.0390  0.0390  0.0390  0.0390  0.0390  0.0390  0.0390  0.0390  0.0390  0.0390  0.0390  0.0390
  0.0390  0.0390  0.0390  0.0390  0.0390  0.0390  0.0390  0.0391  0.0390  0.0390  0.0390  0.0390
  0.0391  0.0390  0.0390  0.0391  0.0391  0.0391  0.0391  0.0391  0.0390  0.0390  0.0390  0.0391
registration optimization eta report
parameter search radius
    0.8000    0.8000    0.8000    2.4000    2.4000    2.4000
    2.4000    2.4000    2.4000    2.4000    2.4000    2.4000
100000*second partial in parameter space
       17.        9.        7.        3.        2.        2.
        2.        3.        1.        2.        1.        1.
  0.0391  0.0390  0.0390  0.0392  0.0391  0.0391  0.0391  0.0391  0.0390  0.0391  0.0390  0.0390
  0.0390  0.0390  0.0390  0.0391  0.0390  0.0390  0.0390  0.0390  0.0390  0.0390  0.0390  0.0390
  0.0390  0.0390  0.0390  0.0390  0.0390  0.0390  0.0390  0.0390  0.0390  0.0390  0.0390  0.0390
  0.0390  0.0390  0.0390  0.0390  0.0390  0.0390  0.0390  0.0390  0.0390  0.0390  0.0390  0.0390
  0.0390  0.0390  0.0390  0.0390  0.0390  0.0390  0.0390  0.0390  0.0390  0.0390  0.0390  0.0390
  0.0390  0.0390  0.0390  0.0390  0.0390  0.0390  0.0390  0.0391  0.0390  0.0390  0.0390  0.0390
  0.0391  0.0390  0.0390  0.0391  0.0391  0.0391  0.0391  0.0391  0.0390  0.0390  0.0390  0.0391
   -1.6457   -7.1266   10.6652   -4.3976  -14.6848  -19.6834
   -0.8473    0.1463   -1.5027   22.8914   -3.2357   -2.1964
eta,q 0.96103  3.68055

---------------------------------------------------------------------
compute_vox2vox talsrcimg talsrcimg_to_711-2C_as_mni_average_305_t4 /opt/freesurfer/average/711-2C_as_mni_average_305
---------------------------------------------------------------------

freesurfer compute_vox2vox.c
Reading: talsrcimg.4dfp.ifh
Reading: talsrcimg_to_711-2C_as_mni_average_305_t4
Reading: /opt/freesurfer/average/711-2C_as_mni_average_305.4dfp.ifh
Writing: talsrcimg_to_711-2C_as_mni_average_305_t4_vox2vox.txt

start time Wed Dec 13 15:43:48 UTC 2023
end		time Wed Dec 13 15:44:00 UTC 2023

mpr2mni305 success

avi2talxfm orig_nu.mgz /opt/freesurfer/average/mni305.cor.mgz talsrcimg_to_711-2C_as_mni_average_305_t4_vox2vox.txt transforms/talairach.auto.xfm
avi2talxfm done
mv -f /output/sourcedata/freesurfer/sub-1015/mri/talsrcimg_to_711-2C_as_mni_average_305_t4_vox2vox.txt /output/sourcedata/freesurfer/sub-1015/mri/transforms/talsrcimg_to_711-2C_as_mni_average_305_t4_vox2vox.txt
lta_convert --src orig_nu.mgz --trg /opt/freesurfer/average/mni305.cor.mgz --inxfm transforms/talairach.auto.xfm --outlta transforms/talairach.auto.xfm.lta --subject fsaverage
7.3.2

--src: orig_nu.mgz src image (geometry).
--trg: /opt/freesurfer/average/mni305.cor.mgz trg image (geometry).
--inmni: transforms/talairach.auto.xfm input MNI/XFM transform.
--outlta: transforms/talairach.auto.xfm.lta output LTA.
--s: fsaverage subject name
 LTA read, type : 1
 1.04600  -0.00483   0.01026   1.56410;
 0.04233   1.23581   0.03224   7.75133;
 0.00707  -0.33167   1.16366  -16.23764;
 0.00000   0.00000   0.00000   1.00000;
setting subject to fsaverage
Writing  LTA to file transforms/talairach.auto.xfm.lta...
lta_convert successful.
 
 
Started at Wed Dec 13 15:43:47 UTC 2023
Ended   at Wed Dec 13 15:44:00 UTC 2023
talairach_avi done
