/output/sourcedata/freesurfer/sub-1016/mri
/opt/freesurfer/bin/talairach_avi
--i orig_nu.mgz --xfm transforms/talairach.auto.xfm
talairach_avi 7.3.2
Linux e0ec7dd12d20 5.15.133.1-microsoft-standard-WSL2 #1 SMP Thu Oct 5 21:02:42 UTC 2023 x86_64 x86_64 x86_64 GNU/Linux
Wed Dec 13 17:16:50 UTC 2023
mri_convert orig_nu.mgz talsrcimg.img 
reading from orig_nu.mgz...
TR=0.00, TE=0.00, TI=0.00, flip angle=0.00
i_ras = (-1, 0, 0)
j_ras = (0, 0, -1)
k_ras = (0, 1, 0)
writing to talsrcimg.img...
Analyze Output Matrix
-1.00000   0.00000   0.00000   129.00000;
 0.00000   0.00000   1.00000  -146.00000;
 0.00000  -1.00000   0.00000   148.00000;
 0.00000   0.00000   0.00000   1.00000;
--------------------
INFO: set hdr.hist.orient to -1
mpr2mni305 talsrcimg
Wed Dec 13 17:16:50 UTC 2023
/opt/freesurfer/bin/mpr2mni305 talsrcimg
mpr2mni305 7.3.2
target=711-2C_as_mni_average_305

---------------------------------------------------------------------
analyzeto4dfp talsrcimg -O0 -y
---------------------------------------------------------------------

freesurfer ifh2hdr.c
Wed Dec 13 17:16:51 2023
Writing: talsrcimg.4dfp.hdr
freesurfer analyzeto4dfp.c
Reading: talsrcimg.hdr
header size 348 bytes
hdr.dime.datatype	offset=70	value=2
hdr.dime.bitpix		offset=72	value=8
hdr.hist.orient		offset=252	value=-1
dimensionality     4
dimensions       256       256       256         1
Reading: talsrcimg.img
Writing: talsrcimg.4dfp.img
Writing: talsrcimg.4dfp.ifh
ifh2hdr talsrcimg -r0to255
ori=2

---------------------------------------------------------------------
gauss_4dfp talsrcimg 1.1
---------------------------------------------------------------------

freesurfer gauss_4dfp.c
Reading: talsrcimg.4dfp.img
Writing: talsrcimg_g11.4dfp.img
image dimensions 256 256 256 padded to 288 288 288
processing volume 1freesurfer ifh2hdr.c
Wed Dec 13 17:16:52 2023
Writing: talsrcimg_g11.4dfp.hdr

Writing: talsrcimg_g11.4dfp.ifh
including: talsrcimg.4dfp.img.rec in talsrcimg_g11.4dfp.img.rec

---------------------------------------------------------------------
imgreg_4dfp /opt/freesurfer/average/711-2C_as_mni_average_305 none talsrcimg_g11 none talsrcimg_to_711-2C_as_mni_average_305_t4 4355
---------------------------------------------------------------------

freesurfer imgreg_4dfp.c
/opt/freesurfer/average/711-2C_as_mni_average_305.4dfp.img
       256       256       256         1
  1.000000  1.000000  1.000000
orientation T byte_order littleendian
Reading image: /opt/freesurfer/average/711-2C_as_mni_average_305.4dfp.img
dimensions:      256       256       256
mmppix:       1.0000   -1.0000   -1.0000
center:     128.0000 -129.0000 -129.0000
talsrcimg_g11.4dfp.img
       256       256       256         1
  1.000000  1.000000  1.000000
orientation T byte_order littleendian
Reading image: talsrcimg_g11.4dfp.img
dimensions:      256       256       256
mmppix:       1.0000   -1.0000   -1.0000
center:     128.0000 -129.0000 -129.0000
t4_read: open error in t4_sub.f l:  41 t4_file(1:l)talsrcimg_to_711-2C_as_mni_average_305_t4 
t4_read: transform initialized to I4
rotation matrix determinant  1.000000
image alignment mode   4355 decimal     1103 hex
   -7.5000  -45.0000  -45.0000 8362.1924    6.1043
    0.0000  -45.0000  -45.0000 8690.8438    6.1135
    7.5000  -45.0000  -45.0000 8307.3281    6.1289
   -7.5000  -37.5000  -45.0000 8735.4111    6.0921
    0.0000  -37.5000  -45.0000 9090.3086    6.1019
    7.5000  -37.5000  -45.0000 8697.1709    6.1163
   -7.5000  -30.0000  -45.0000 9433.2832    6.1040
    0.0000  -30.0000  -45.0000 9817.2520    6.1140
    7.5000  -30.0000  -45.0000 9395.2822    6.1274
   -7.5000  -22.5000  -45.000010121.2236    6.1049
    0.0000  -22.5000  -45.000010522.2109    6.1143
    7.5000  -22.5000  -45.000010070.9609    6.1277
   -7.5000  -15.0000  -45.000010752.7510    6.0972
    0.0000  -15.0000  -45.000011172.9844    6.1059
    7.5000  -15.0000  -45.000010691.2949    6.1201
   -7.5000   -7.5000  -45.000011320.0029    6.0869
    0.0000   -7.5000  -45.000011766.3652    6.0956
    7.5000   -7.5000  -45.000011239.3398    6.1108
   -7.5000    0.0000  -45.000011756.0127    6.0827
    0.0000    0.0000  -45.000012214.2871    6.0918
    7.5000    0.0000  -45.000011652.1396    6.1072
   -7.5000    7.5000  -45.000011247.1729    6.0921
    0.0000    7.5000  -45.000011666.7256    6.1019
    7.5000    7.5000  -45.000011132.4482    6.1163
   -7.5000   15.0000  -45.000010623.5020    6.1040
    0.0000   15.0000  -45.000011013.0859    6.1140
    7.5000   15.0000  -45.000010505.1445    6.1274
   -7.5000   22.5000  -45.0000 9892.2100    6.1041
    0.0000   22.5000  -45.000010253.3408    6.1134
    7.5000   22.5000  -45.0000 9772.3242    6.1269
   -7.5000   30.0000  -45.0000 9097.2676    6.0160
    0.0000   30.0000  -45.0000 9424.3721    6.0245
    7.5000   30.0000  -45.0000 8963.1816    6.0386
   -7.5000   37.5000  -45.0000 8503.4824    6.0058
    0.0000   37.5000  -45.0000 8809.1855    6.0143
    7.5000   37.5000  -45.0000 8373.9941    6.0293
   -7.5000   45.0000  -45.0000 7612.7822    5.8898
    0.0000   45.0000  -45.0000 7885.9233    5.8988
    7.5000   45.0000  -45.0000 7484.0771    5.9138
   -7.5000  -45.0000  -37.5000 8945.4434    6.0452
    0.0000  -45.0000  -37.5000 9300.3545    6.0547
    7.5000  -45.0000  -37.5000 8887.7402    6.0698
   -7.5000  -37.5000  -37.5000 9348.7559    6.0325
    0.0000  -37.5000  -37.5000 9727.7510    6.0430
    7.5000  -37.5000  -37.5000 9294.2139    6.0573
   -7.5000  -30.0000  -37.500010093.2129    6.0431
    0.0000  -30.0000  -37.500010511.5420    6.0542
    7.5000  -30.0000  -37.500010032.2246    6.0677
   -7.5000  -22.5000  -37.500010810.2842    6.0436
    0.0000  -22.5000  -37.500011251.3594    6.0541
    7.5000  -22.5000  -37.500010729.6016    6.0676
   -7.5000  -15.0000  -37.500011491.3809    6.0367
    0.0000  -15.0000  -37.500011962.2168    6.0461
    7.5000  -15.0000  -37.500011393.9395    6.0602
   -7.5000   -7.5000  -37.500012097.3867    6.0278
    0.0000   -7.5000  -37.500012585.7246    6.0368
    7.5000   -7.5000  -37.500011985.1152    6.0516
   -7.5000    0.0000  -37.500012524.2568    6.0241
    0.0000    0.0000  -37.500013013.6836    6.0335
    7.5000    0.0000  -37.500012405.2188    6.0484
   -7.5000    7.5000  -37.500011947.5107    6.0325
    0.0000    7.5000  -37.500012401.5244    6.0430
    7.5000    7.5000  -37.500011826.6074    6.0573
   -7.5000   15.0000  -37.500011278.8818    6.0431
    0.0000   15.0000  -37.500011689.2646    6.0542
    7.5000   15.0000  -37.500011138.8125    6.0677
   -7.5000   22.5000  -37.500010505.4033    6.0427
    0.0000   22.5000  -37.500010879.0332    6.0532
    7.5000   22.5000  -37.500010336.2080    6.0667
   -7.5000   30.0000  -37.5000 9629.6641    5.9562
    0.0000   30.0000  -37.5000 9964.6455    5.9655
    7.5000   30.0000  -37.5000 9460.6797    5.9795
   -7.5000   37.5000  -37.5000 8996.3906    5.9475
    0.0000   37.5000  -37.5000 9308.5195    5.9563
    7.5000   37.5000  -37.5000 8825.7256    5.9709
   -7.5000   45.0000  -37.5000 8044.1123    5.8329
    0.0000   45.0000  -37.5000 8321.5020    5.8423
    7.5000   45.0000  -37.5000 7881.8550    5.8568
   -7.5000  -45.0000  -30.0000 9702.3525    6.2664
    0.0000  -45.0000  -30.000010088.4717    6.2760
    7.5000  -45.0000  -30.0000 9635.8018    6.2910
   -7.5000  -37.5000  -30.000010162.0752    6.2512
    0.0000  -37.5000  -30.000010574.3008    6.2620
    7.5000  -37.5000  -30.000010086.4756    6.2767
   -7.5000  -30.0000  -30.000010964.3047    6.2606
    0.0000  -30.0000  -30.000011419.6309    6.2723
    7.5000  -30.0000  -30.000010877.1338    6.2868
   -7.5000  -22.5000  -30.000011728.9258    6.2620
    0.0000  -22.5000  -30.000012219.0254    6.2730
    7.5000  -22.5000  -30.000011618.6074    6.2874
   -7.5000  -15.0000  -30.000012470.4346    6.2570
    0.0000  -15.0000  -30.000012986.2979    6.2667
    7.5000  -15.0000  -30.000012336.2061    6.2813
   -7.5000   -7.5000  -30.000013102.9248    6.2492
    0.0000   -7.5000  -30.000013628.5771    6.2581
    7.5000   -7.5000  -30.000012970.8379    6.2730
   -7.5000    0.0000  -30.000013520.1260    6.2447
    0.0000    0.0000  -30.000014049.6455    6.2541
    7.5000    0.0000  -30.000013379.6523    6.2691
   -7.5000    7.5000  -30.000012879.9727    6.2512
    0.0000    7.5000  -30.000013378.8984    6.2620
    7.5000    7.5000  -30.000012737.0049    6.2767
   -7.5000   15.0000  -30.000012154.7666    6.2606
    0.0000   15.0000  -30.000012609.6475    6.2723
    7.5000   15.0000  -30.000011993.9805    6.2868
   -7.5000   22.5000  -30.000011300.6025    6.2605
    0.0000   22.5000  -30.000011708.4355    6.2715
    7.5000   22.5000  -30.000011123.1006    6.2859
   -7.5000   30.0000  -30.000010350.3779    6.1742
    0.0000   30.0000  -30.000010701.1348    6.1837
    7.5000   30.0000  -30.000010149.3809    6.1982
   -7.5000   37.5000  -30.0000 9658.1826    6.1665
    0.0000   37.5000  -30.0000 9981.8672    6.1753
    7.5000   37.5000  -30.0000 9456.6289    6.1900
   -7.5000   45.0000  -30.0000 8609.4072    6.0508
    0.0000   45.0000  -30.0000 8902.3301    6.0602
    7.5000   45.0000  -30.0000 8427.0000    6.0747
   -7.5000  -45.0000  -22.500010477.1660    6.4543
    0.0000  -45.0000  -22.500010892.9795    6.4634
    7.5000  -45.0000  -22.500010411.4482    6.4787
   -7.5000  -37.5000  -22.500010981.0078    6.4376
    0.0000  -37.5000  -22.500011430.6650    6.4480
    7.5000  -37.5000  -22.500010899.3838    6.4632
   -7.5000  -30.0000  -22.500011841.5957    6.4475
    0.0000  -30.0000  -22.500012333.0430    6.4586
    7.5000  -30.0000  -22.500011745.2002    6.4739
   -7.5000  -22.5000  -22.500012656.2461    6.4501
    0.0000  -22.5000  -22.500013175.1533    6.4604
    7.5000  -22.5000  -22.500012537.0391    6.4757
   -7.5000  -15.0000  -22.500013441.6191    6.4460
    0.0000  -15.0000  -22.500013988.7324    6.4551
    7.5000  -15.0000  -22.500013309.8662    6.4704
   -7.5000   -7.5000  -22.500014093.9023    6.4377
    0.0000   -7.5000  -22.500014657.8076    6.4462
    7.5000   -7.5000  -22.500013970.8613    6.4615
   -7.5000    0.0000  -22.500014508.8311    6.4319
    0.0000    0.0000  -22.500015090.2559    6.4409
    7.5000    0.0000  -22.500014390.5469    6.4561
   -7.5000    7.5000  -22.500013798.8379    6.4376
    0.0000    7.5000  -22.500014341.1689    6.4480
    7.5000    7.5000  -22.500013663.7139    6.4632
   -7.5000   15.0000  -22.500013028.0430    6.4475
    0.0000   15.0000  -22.500013527.5273    6.4586
    7.5000   15.0000  -22.500012855.0557    6.4739
   -7.5000   22.5000  -22.500012111.2666    6.4481
    0.0000   22.5000  -22.500012546.5449    6.4584
    7.5000   22.5000  -22.500011898.1104    6.4737
   -7.5000   30.0000  -22.500011059.8945    6.3616
    0.0000   30.0000  -22.500011423.3955    6.3706
    7.5000   30.0000  -22.500010820.4883    6.3858
   -7.5000   37.5000  -22.500010308.6445    6.3535
    0.0000   37.5000  -22.500010653.2861    6.3619
    7.5000   37.5000  -22.500010082.7930    6.3769
   -7.5000   45.0000  -22.5000 9178.4648    6.2367
    0.0000   45.0000  -22.5000 9483.3232    6.2457
    7.5000   45.0000  -22.5000 8983.5273    6.2605
   -7.5000  -45.0000  -15.000011299.0068    6.6045
    0.0000  -45.0000  -15.000011744.9775    6.6136
    7.5000  -45.0000  -15.000011237.8838    6.6295
   -7.5000  -37.5000  -15.000011823.5283    6.5885
    0.0000  -37.5000  -15.000012295.1816    6.5985
    7.5000  -37.5000  -15.000011737.6348    6.6143
   -7.5000  -30.0000  -15.000012743.3184    6.6000
    0.0000  -30.0000  -15.000013249.3789    6.6103
    7.5000  -30.0000  -15.000012631.9844    6.6260
   -7.5000  -22.5000  -15.000013578.9863    6.6028
    0.0000  -22.5000  -15.000014110.9834    6.6123
    7.5000  -22.5000  -15.000013467.3408    6.6281
   -7.5000  -15.0000  -15.000014403.0078    6.5975
    0.0000  -15.0000  -15.000014962.9844    6.6062
    7.5000  -15.0000  -15.000014299.5889    6.6221
   -7.5000   -7.5000  -15.000015091.0664    6.5877
    0.0000   -7.5000  -15.000015678.5059    6.5962
    7.5000   -7.5000  -15.000014991.8027    6.6121
   -7.5000    0.0000  -15.000015528.6621    6.5815
    0.0000    0.0000  -15.000016133.2910    6.5905
    7.5000    0.0000  -15.000015425.2754    6.6063
   -7.5000    7.5000  -15.000014735.3770    6.5885
    0.0000    7.5000  -15.000015304.9727    6.5985
    7.5000    7.5000  -15.000014619.6562    6.6143
   -7.5000   15.0000  -15.000013886.8662    6.6000
    0.0000   15.0000  -15.000014412.6445    6.6103
    7.5000   15.0000  -15.000013726.0576    6.6260
   -7.5000   22.5000  -15.000012902.1201    6.6005
    0.0000   22.5000  -15.000013351.9238    6.6100
    7.5000   22.5000  -15.000012671.2686    6.6258
   -7.5000   30.0000  -15.000011752.9678    6.5121
    0.0000   30.0000  -15.000012135.2793    6.5207
    7.5000   30.0000  -15.000011496.3945    6.5364
   -7.5000   37.5000  -15.000010957.0869    6.5025
    0.0000   37.5000  -15.000011315.8506    6.5108
    7.5000   37.5000  -15.000010715.8516    6.5265
   -7.5000   45.0000  -15.0000 9753.6729    6.3856
    0.0000   45.0000  -15.000010073.3398    6.3945
    7.5000   45.0000  -15.0000 9556.6748    6.4099
   -7.5000  -45.0000   -7.500012195.2822    6.6741
    0.0000  -45.0000   -7.500012671.6777    6.6835
    7.5000  -45.0000   -7.500012120.4121    6.7002
   -7.5000  -37.5000   -7.500012725.4521    6.6601
    0.0000  -37.5000   -7.500013221.8145    6.6701
    7.5000  -37.5000   -7.500012620.0010    6.6861
   -7.5000  -30.0000   -7.500013687.4824    6.6730
    0.0000  -30.0000   -7.500014198.8369    6.6831
    7.5000  -30.0000   -7.500013545.8428    6.6985
   -7.5000  -22.5000   -7.500014530.1523    6.6748
    0.0000  -22.5000   -7.500015062.0498    6.6843
    7.5000  -22.5000   -7.500014429.5322    6.6996
   -7.5000  -15.0000   -7.500015370.2764    6.6673
    0.0000  -15.0000   -7.500015933.3574    6.6761
    7.5000  -15.0000   -7.500015299.2012    6.6921
   -7.5000   -7.5000   -7.500016087.7646    6.6562
    0.0000   -7.5000   -7.500016698.1562    6.6650
    7.5000   -7.5000   -7.500016018.5049    6.6816
   -7.5000    0.0000   -7.500016546.1191    6.6508
    0.0000    0.0000   -7.500017184.2500    6.6601
    7.5000    0.0000   -7.500016477.0430    6.6767
   -7.5000    7.5000   -7.500015677.1895    6.6601
    0.0000    7.5000   -7.500016280.9072    6.6701
    7.5000    7.5000   -7.500015605.1670    6.6861
   -7.5000   15.0000   -7.500014734.6709    6.6730
    0.0000   15.0000   -7.500015290.8164    6.6831
    7.5000   15.0000   -7.500014625.9551    6.6985
   -7.5000   22.5000   -7.500013651.8545    6.6717
    0.0000   22.5000   -7.500014128.8613    6.6812
    7.5000   22.5000   -7.500013471.9238    6.6965
   -7.5000   30.0000   -7.500012422.4307    6.5808
    0.0000   30.0000   -7.500012825.8906    6.5896
    7.5000   30.0000   -7.500012212.3164    6.6053
   -7.5000   37.5000   -7.500011601.1533    6.5699
    0.0000   37.5000   -7.500011973.1738    6.5786
    7.5000   37.5000   -7.500011389.4648    6.5949
   -7.5000   45.0000   -7.500010349.5078    6.4540
    0.0000   45.0000   -7.500010679.7998    6.4633
    7.5000   45.0000   -7.500010174.1221    6.4795
   -7.5000  -45.0000    0.000013071.9697    6.6844
    0.0000  -45.0000    0.000013587.7969    6.6943
    7.5000  -45.0000    0.000012962.9541    6.7113
   -7.5000  -37.5000    0.000013607.5342    6.6717
    0.0000  -37.5000    0.000014138.3047    6.6822
    7.5000  -37.5000    0.000013448.9092    6.6982
   -7.5000  -30.0000    0.000014546.9531    6.6847
    0.0000  -30.0000    0.000015076.4102    6.6955
    7.5000  -30.0000    0.000014379.4971    6.7104
   -7.5000  -22.5000    0.000015373.1279    6.6854
    0.0000  -22.5000    0.000015917.3252    6.6955
    7.5000  -22.5000    0.000015286.6250    6.7104
   -7.5000  -15.0000    0.000016236.6523    6.6767
    0.0000  -15.0000    0.000016835.6387    6.6861
    7.5000  -15.0000    0.000016201.3828    6.7018
   -7.5000   -7.5000    0.000016969.1328    6.6656
    0.0000   -7.5000    0.000017624.9629    6.6748
    7.5000   -7.5000    0.000016939.4766    6.6915
   -7.5000    0.0000    0.000017458.3125    6.6612
    0.0000    0.0000    0.000018128.0020    6.6710
    7.5000    0.0000    0.000017413.2539    6.6879
   -7.5000    7.5000    0.000016526.5332    6.6717
    0.0000    7.5000    0.000017152.0430    6.6822
    7.5000    7.5000    0.000016480.6836    6.6982
   -7.5000   15.0000    0.000015492.0303    6.6847
    0.0000   15.0000    0.000016067.2363    6.6955
    7.5000   15.0000    0.000015425.9287    6.7104
   -7.5000   22.5000    0.000014306.0547    6.6823
    0.0000   22.5000    0.000014807.9395    6.6924
    7.5000   22.5000    0.000014207.7363    6.7073
   -7.5000   30.0000    0.000012993.7627    6.5903
    0.0000   30.0000    0.000013425.9932    6.5995
    7.5000   30.0000    0.000012870.7783    6.6151
   -7.5000   37.5000    0.000012158.7979    6.5793
    0.0000   37.5000    0.000012538.9932    6.5884
    7.5000   37.5000    0.000012012.8936    6.6049
   -7.5000   45.0000    0.000010885.4131    6.4648
    0.0000   45.0000    0.000011216.7227    6.4746
    7.5000   45.0000    0.000010750.0732    6.4911
   -7.5000  -45.0000    7.500012952.1035    6.6906
    0.0000  -45.0000    7.500013470.1660    6.7007
    7.5000  -45.0000    7.500012810.7168    6.7173
   -7.5000  -37.5000    7.500013444.5020    6.6766
    0.0000  -37.5000    7.500013962.8428    6.6878
    7.5000  -37.5000    7.500013261.6514    6.7036
   -7.5000  -30.0000    7.500014226.8115    6.6881
    0.0000  -30.0000    7.500014724.2256    6.6999
    7.5000  -30.0000    7.500014110.2881    6.7150
   -7.5000  -22.5000    7.500014934.6689    6.6886
    0.0000  -22.5000    7.500015466.2783    6.6998
    7.5000  -22.5000    7.500014926.1982    6.7148
   -7.5000  -15.0000    7.500015763.9932    6.6811
    0.0000  -15.0000    7.500016365.3594    6.6911
    7.5000  -15.0000    7.500015775.9756    6.7068
   -7.5000   -7.5000    7.500016480.6914    6.6715
    0.0000   -7.5000    7.500017122.2500    6.6809
    7.5000   -7.5000    7.500016474.4453    6.6973
   -7.5000    0.0000    7.500016968.1035    6.6674
    0.0000    0.0000    7.500017632.1758    6.6774
    7.5000    0.0000    7.500016963.1387    6.6940
   -7.5000    7.5000    7.500016084.4932    6.6766
    0.0000    7.5000    7.500016690.9297    6.6878
    7.5000    7.5000    7.500016086.5605    6.7036
   -7.5000   15.0000    7.500015058.9062    6.6881
    0.0000   15.0000    7.500015617.9580    6.6999
    7.5000   15.0000    7.500015059.2314    6.7150
   -7.5000   22.5000    7.500013875.8691    6.6855
    0.0000   22.5000    7.500014370.2812    6.6967
    7.5000   22.5000    7.500013848.9561    6.7117
   -7.5000   30.0000    7.500012581.1826    6.5947
    0.0000   30.0000    7.500012999.8574    6.6045
    7.5000   30.0000    7.500012519.8887    6.6200
   -7.5000   37.5000    7.500011781.2383    6.5851
    0.0000   37.5000    7.500012154.0098    6.5945
    7.5000   37.5000    7.500011699.2129    6.6107
   -7.5000   45.0000    7.500010579.0459    6.4710
    0.0000   45.0000    7.500010902.0420    6.4809
    7.5000   45.0000    7.500010481.4180    6.4971
   -7.5000  -45.0000   15.000012647.2754    6.6975
    0.0000  -45.0000   15.000013155.6025    6.7074
    7.5000  -45.0000   15.000012513.3037    6.7235
   -7.5000  -37.5000   15.000013075.3369    6.6812
    0.0000  -37.5000   15.000013573.4805    6.6925
    7.5000  -37.5000   15.000012952.1113    6.7082
   -7.5000  -30.0000   15.000013711.7119    6.6912
    0.0000  -30.0000   15.000014182.0137    6.7035
    7.5000  -30.0000   15.000013716.1279    6.7189
   -7.5000  -22.5000   15.000014368.3535    6.6927
    0.0000  -22.5000   15.000014869.9082    6.7043
    7.5000  -22.5000   15.000014422.4297    6.7197
   -7.5000  -15.0000   15.000015172.3389    6.6875
    0.0000  -15.0000   15.000015736.6650    6.6976
    7.5000  -15.0000   15.000015204.2158    6.7133
   -7.5000   -7.5000   15.000015870.1094    6.6792
    0.0000   -7.5000   15.000016475.0625    6.6885
    7.5000   -7.5000   15.000015880.9648    6.7045
   -7.5000    0.0000   15.000016368.9346    6.6743
    0.0000    0.0000   15.000016990.3535    6.6842
    7.5000    0.0000   15.000016391.0215    6.7001
   -7.5000    7.5000   15.000015546.5088    6.6812
    0.0000    7.5000   15.000016127.1895    6.6925
    7.5000    7.5000   15.000015579.6592    6.7082
   -7.5000   15.0000   15.000014562.5205    6.6912
    0.0000   15.0000   15.000015099.1309    6.7035
    7.5000   15.0000   15.000014584.5000    6.7189
   -7.5000   22.5000   15.000013416.0264    6.6896
    0.0000   22.5000   15.000013881.8330    6.7012
    7.5000   22.5000   15.000013398.8809    6.7166
   -7.5000   30.0000   15.000012136.0146    6.6009
    0.0000   30.0000   15.000012534.0645    6.6109
    7.5000   30.0000   15.000012085.8838    6.6264
   -7.5000   37.5000   15.000011348.0215    6.5927
    0.0000   37.5000   15.000011707.7920    6.6020
    7.5000   37.5000   15.000011272.4189    6.6177
   -7.5000   45.0000   15.000010177.5420    6.4776
    0.0000   45.0000   15.000010496.1084    6.4874
    7.5000   45.0000   15.000010085.1035    6.5030
   -7.5000  -45.0000   22.500012122.7646    6.6994
    0.0000  -45.0000   22.500012623.0000    6.7088
    7.5000  -45.0000   22.500012018.3008    6.7247
   -7.5000  -37.5000   22.500012535.1465    6.6821
    0.0000  -37.5000   22.500013045.2959    6.6928
    7.5000  -37.5000   22.500012493.4883    6.7087
   -7.5000  -30.0000   22.500013227.7949    6.6923
    0.0000  -30.0000   22.500013704.0781    6.7038
    7.5000  -30.0000   22.500013257.2314    6.7198
   -7.5000  -22.5000   22.500013904.5088    6.6950
    0.0000  -22.5000   22.500014359.3574    6.7057
    7.5000  -22.5000   22.500013921.6201    6.7216
   -7.5000  -15.0000   22.500014659.3857    6.6907
    0.0000  -15.0000   22.500015144.1953    6.7002
    7.5000  -15.0000   22.500014644.9756    6.7161
   -7.5000   -7.5000   22.500015333.9521    6.6821
    0.0000   -7.5000   22.500015851.4863    6.6910
    7.5000   -7.5000   22.500015304.8115    6.7068
   -7.5000    0.0000   22.500015810.5107    6.6761
    0.0000    0.0000   22.500016359.4424    6.6855
    7.5000    0.0000   22.500015781.1582    6.7012
   -7.5000    7.5000   22.500015022.3818    6.6821
    0.0000    7.5000   22.500015563.9697    6.6928
    7.5000    7.5000   22.500014993.9941    6.7087
   -7.5000   15.0000   22.500014044.4707    6.6923
    0.0000   15.0000   22.500014552.9434    6.7038
    7.5000   15.0000   22.500014009.1855    6.7198
   -7.5000   22.5000   22.500012897.8242    6.6919
    0.0000   22.5000   22.500013352.0107    6.7026
    7.5000   22.5000   22.500012839.7568    6.7185
   -7.5000   30.0000   22.500011638.0488    6.6041
    0.0000   30.0000   22.500012031.9463    6.6135
    7.5000   30.0000   22.500011570.4229    6.6292
   -7.5000   37.5000   22.500010843.0898    6.5957
    0.0000   37.5000   22.500011199.9463    6.6044
    7.5000   37.5000   22.500010769.5029    6.6200
   -7.5000   45.0000   22.5000 9695.5186    6.4792
    0.0000   45.0000   22.500010015.2725    6.4885
    7.5000   45.0000   22.5000 9616.1299    6.5038
   -7.5000  -45.0000   30.000011462.2686    6.7336
    0.0000  -45.0000   30.000011921.7461    6.7430
    7.5000  -45.0000   30.000011378.1396    6.7594
   -7.5000  -37.5000   30.000011890.3809    6.7175
    0.0000  -37.5000   30.000012361.8096    6.7278
    7.5000  -37.5000   30.000011844.3428    6.7440
   -7.5000  -30.0000   30.000012673.2461    6.7292
    0.0000  -30.0000   30.000013167.4492    6.7399
    7.5000  -30.0000   30.000012645.8516    6.7561
   -7.5000  -22.5000   30.000013407.5752    6.7321
    0.0000  -22.5000   30.000013929.5381    6.7420
    7.5000  -22.5000   30.000013356.9043    6.7582
   -7.5000  -15.0000   30.000014114.1465    6.7267
    0.0000  -15.0000   30.000014636.8594    6.7357
    7.5000  -15.0000   30.000014037.0293    6.7520
   -7.5000   -7.5000   30.000014719.3252    6.7167
    0.0000   -7.5000   30.000015248.7695    6.7254
    7.5000   -7.5000   30.000014628.3379    6.7418
   -7.5000    0.0000   30.000015149.5049    6.7103
    0.0000    0.0000   30.000015689.6064    6.7196
    7.5000    0.0000   30.000015046.9355    6.7358
   -7.5000    7.5000   30.000014365.4131    6.7175
    0.0000    7.5000   30.000014883.0322    6.7278
    7.5000    7.5000   30.000014271.4502    6.7440
   -7.5000   15.0000   30.000013399.0430    6.7292
    0.0000   15.0000   30.000013882.7920    6.7399
    7.5000   15.0000   30.000013313.4170    6.7561
   -7.5000   22.5000   30.000012270.9932    6.7290
    0.0000   22.5000   30.000012709.2686    6.7389
    7.5000   22.5000   30.000012179.3711    6.7551
   -7.5000   30.0000   30.000011056.5537    6.6397
    0.0000   30.0000   30.000011431.6641    6.6485
    7.5000   30.0000   30.000010956.8223    6.6646
   -7.5000   37.5000   30.000010261.2324    6.6297
    0.0000   37.5000   30.000010601.1553    6.6384
    7.5000   37.5000   30.000010172.8477    6.6545
   -7.5000   45.0000   30.0000 9114.4414    6.5123
    0.0000   45.0000   30.0000 9427.2852    6.5215
    7.5000   45.0000   30.0000 9052.4648    6.5374
   -7.5000  -45.0000   37.500011158.0928    6.7738
    0.0000  -45.0000   37.500011611.1494    6.7837
    7.5000  -45.0000   37.500011066.7607    6.8008
   -7.5000  -37.5000   37.500011607.6514    6.7600
    0.0000  -37.5000   37.500012068.1846    6.7705
    7.5000  -37.5000   37.500011517.1006    6.7870
   -7.5000  -30.0000   37.500012439.9395    6.7732
    0.0000  -30.0000   37.500012936.5869    6.7839
    7.5000  -30.0000   37.500012342.0029    6.7997
   -7.5000  -22.5000   37.500013225.0322    6.7751
    0.0000  -22.5000   37.500013768.9150    6.7851
    7.5000  -22.5000   37.500013112.9365    6.8009
   -7.5000  -15.0000   37.500013937.1650    6.7674
    0.0000  -15.0000   37.500014495.8467    6.7768
    7.5000  -15.0000   37.500013824.2021    6.7932
   -7.5000   -7.5000   37.500014496.1328    6.7560
    0.0000   -7.5000   37.500015070.1631    6.7653
    7.5000   -7.5000   37.500014378.4375    6.7823
   -7.5000    0.0000   37.500014872.0352    6.7505
    0.0000    0.0000   37.500015454.1260    6.7603
    7.5000    0.0000   37.500014747.5498    6.7773
   -7.5000    7.5000   37.500014074.1152    6.7600
    0.0000    7.5000   37.500014617.0244    6.7705
    7.5000    7.5000   37.500013959.1592    6.7870
   -7.5000   15.0000   37.500013103.7002    6.7732
    0.0000   15.0000   37.500013600.7207    6.7839
    7.5000   15.0000   37.500012998.9502    6.7997
   -7.5000   22.5000   37.500011982.1816    6.7720
    0.0000   22.5000   37.500012435.2666    6.7820
    7.5000   22.5000   37.500011900.1719    6.7978
   -7.5000   30.0000   37.500010813.5186    6.6798
    0.0000   30.0000   37.500011205.2930    6.6891
    7.5000   30.0000   37.500010721.6445    6.7053
   -7.5000   37.5000   37.500010028.8193    6.6686
    0.0000   37.5000   37.500010374.5742    6.6777
    7.5000   37.5000   37.5000 9936.0938    6.6945
   -7.5000   45.0000   37.5000 8873.7676    6.5511
    0.0000   45.0000   37.5000 9184.4688    6.5608
    7.5000   45.0000   37.5000 8796.9521    6.5775
   -7.5000  -45.0000   45.000010315.8916    6.7834
    0.0000  -45.0000   45.000010726.3652    6.7941
    7.5000  -45.0000   45.000010219.4033    6.8117
   -7.5000  -37.5000   45.000010738.8652    6.7712
    0.0000  -37.5000   45.000011162.4570    6.7826
    7.5000  -37.5000   45.000010638.8066    6.7992
   -7.5000  -30.0000   45.000011521.4570    6.7845
    0.0000  -30.0000   45.000011978.8408    6.7961
    7.5000  -30.0000   45.000011414.9189    6.8117
   -7.5000  -22.5000   45.000012270.8125    6.7852
    0.0000  -22.5000   45.000012765.8438    6.7961
    7.5000  -22.5000   45.000012147.9082    6.8116
   -7.5000  -15.0000   45.000012945.5850    6.7763
    0.0000  -15.0000   45.000013469.1221    6.7864
    7.5000  -15.0000   45.000012820.2119    6.8026
   -7.5000   -7.5000   45.000013458.0479    6.7648
    0.0000   -7.5000   45.000013997.7236    6.7748
    7.5000   -7.5000   45.000013333.7305    6.7921
   -7.5000    0.0000   45.000013799.6494    6.7604
    0.0000    0.0000   45.000014359.9414    6.7710
    7.5000    0.0000   45.000013673.4629    6.7885
   -7.5000    7.5000   45.000013067.2920    6.7712
    0.0000    7.5000   45.000013583.7920    6.7826
    7.5000    7.5000   45.000012941.6133    6.7992
   -7.5000   15.0000   45.000012164.2637    6.7845
    0.0000   15.0000   45.000012629.3682    6.7961
    7.5000   15.0000   45.000012054.9600    6.8117
   -7.5000   22.5000   45.000011132.6670    6.7820
    0.0000   22.5000   45.000011552.6562    6.7930
    7.5000   22.5000   45.000011041.9961    6.8084
   -7.5000   30.0000   45.000010058.6260    6.6880
    0.0000   30.0000   45.000010426.9248    6.6980
    7.5000   30.0000   45.0000 9965.8525    6.7140
   -7.5000   37.5000   45.0000 9320.8223    6.6767
    0.0000   37.5000   45.0000 9652.0908    6.6865
    7.5000   37.5000   45.0000 9236.8164    6.7036
   -7.5000   45.0000   45.0000 8230.9092    6.5635
    0.0000   45.0000   45.0000 8521.7188    6.5740
    7.5000   45.0000   45.0000 8160.2544    6.5912

---------------------------------------------------------------------
imgreg_4dfp /opt/freesurfer/average/711-2C_as_mni_average_305 /opt/freesurfer/average/711-2B_as_mni_average_305_mask talsrcimg_g11 none talsrcimg_to_711-2C_as_mni_average_305_t4 4355
---------------------------------------------------------------------

freesurfer imgreg_4dfp.c
/opt/freesurfer/average/711-2C_as_mni_average_305.4dfp.img
       256       256       256         1
  1.000000  1.000000  1.000000
orientation T byte_order littleendian
Reading image: /opt/freesurfer/average/711-2C_as_mni_average_305.4dfp.img
dimensions:      256       256       256
mmppix:       1.0000   -1.0000   -1.0000
center:     128.0000 -129.0000 -129.0000
/opt/freesurfer/average/711-2B_as_mni_average_305_mask.4dfp.img
       256       256       256         1
  1.000000  1.000000  1.000000
orientation T byte_order littleendian
Reading mask: /opt/freesurfer/average/711-2B_as_mni_average_305_mask.4dfp.img (2306576 pixels)
talsrcimg_g11.4dfp.img
       256       256       256         1
  1.000000  1.000000  1.000000
orientation T byte_order littleendian
Reading image: talsrcimg_g11.4dfp.img
dimensions:      256       256       256
mmppix:       1.0000   -1.0000   -1.0000
center:     128.0000 -129.0000 -129.0000
rotation matrix determinant  1.000000
image alignment mode   4355 decimal     1103 hex
   -7.5000  -45.0000  -45.0000 2163.8855    7.1890
    0.0000  -45.0000  -45.0000 2168.5068    7.1628
    7.5000  -45.0000  -45.0000 2154.1633    7.2453
   -7.5000  -37.5000  -45.0000 2205.6985    6.8127
    0.0000  -37.5000  -45.0000 2214.0525    6.7859
    7.5000  -37.5000  -45.0000 2204.4739    6.8654
   -7.5000  -30.0000  -45.0000 2238.1418    6.5737
    0.0000  -30.0000  -45.0000 2248.0254    6.5416
    7.5000  -30.0000  -45.0000 2238.5217    6.6103
   -7.5000  -22.5000  -45.0000 2260.0767    6.4360
    0.0000  -22.5000  -45.0000 2266.8384    6.4106
    7.5000  -22.5000  -45.0000 2255.1963    6.4804
   -7.5000  -15.0000  -45.0000 2257.0413    6.4727
    0.0000  -15.0000  -45.0000 2263.0425    6.4343
    7.5000  -15.0000  -45.0000 2248.0925    6.5254
   -7.5000   -7.5000  -45.0000 2235.8555    6.6235
    0.0000   -7.5000  -45.0000 2245.2908    6.5887
    7.5000   -7.5000  -45.0000 2230.7422    6.6759
   -7.5000    0.0000  -45.0000 2206.4463    6.8778
    0.0000    0.0000  -45.0000 2215.3130    6.8391
    7.5000    0.0000  -45.0000 2200.8323    6.9449
   -7.5000    7.5000  -45.0000 2165.2297    7.2443
    0.0000    7.5000  -45.0000 2175.1292    7.2108
    7.5000    7.5000  -45.0000 2161.9573    7.3284
   -7.5000   15.0000  -45.0000 2108.8181    7.7509
    0.0000   15.0000  -45.0000 2121.6951    7.7254
    7.5000   15.0000  -45.0000 2105.9756    7.8577
   -7.5000   22.5000  -45.0000 2036.5358    8.4362
    0.0000   22.5000  -45.0000 2051.3054    8.4075
    7.5000   22.5000  -45.0000 2037.7325    8.5481
   -7.5000   30.0000  -45.0000 1947.8451    9.3451
    0.0000   30.0000  -45.0000 1964.6003    9.3210
    7.5000   30.0000  -45.0000 1950.3304    9.4636
   -7.5000   37.5000  -45.0000 1848.0781   10.5516
    0.0000   37.5000  -45.0000 1861.7596   10.5219
    7.5000   37.5000  -45.0000 1851.9425   10.6806
   -7.5000   45.0000  -45.0000 1736.7667   12.1504
    0.0000   45.0000  -45.0000 1749.7051   12.1076
    7.5000   45.0000  -45.0000 1740.8265   12.2792
   -7.5000  -45.0000  -37.5000 2256.4541    6.6013
    0.0000  -45.0000  -37.5000 2262.4644    6.5780
    7.5000  -45.0000  -37.5000 2248.1147    6.6586
   -7.5000  -37.5000  -37.5000 2299.5530    6.2568
    0.0000  -37.5000  -37.5000 2309.0396    6.2358
    7.5000  -37.5000  -37.5000 2298.4717    6.3098
   -7.5000  -30.0000  -37.5000 2335.0383    6.0254
    0.0000  -30.0000  -37.5000 2343.9045    6.0045
    7.5000  -30.0000  -37.5000 2332.3264    6.0722
   -7.5000  -22.5000  -37.5000 2353.3267    5.9067
    0.0000  -22.5000  -37.5000 2361.2656    5.8858
    7.5000  -22.5000  -37.5000 2346.3679    5.9562
   -7.5000  -15.0000  -37.5000 2352.8010    5.9172
    0.0000  -15.0000  -37.5000 2359.9539    5.8957
    7.5000  -15.0000  -37.5000 2345.8210    5.9799
   -7.5000   -7.5000  -37.5000 2335.8467    6.0461
    0.0000   -7.5000  -37.5000 2345.0415    6.0133
    7.5000   -7.5000  -37.5000 2329.9990    6.1050
   -7.5000    0.0000  -37.5000 2304.1465    6.2639
    0.0000    0.0000  -37.5000 2314.0479    6.2261
    7.5000    0.0000  -37.5000 2300.8499    6.3363
   -7.5000    7.5000  -37.5000 2259.0242    6.5965
    0.0000    7.5000  -37.5000 2271.1355    6.5585
    7.5000    7.5000  -37.5000 2257.3359    6.6840
   -7.5000   15.0000  -37.5000 2199.0386    7.0590
    0.0000   15.0000  -37.5000 2212.0752    7.0246
    7.5000   15.0000  -37.5000 2197.0269    7.1571
   -7.5000   22.5000  -37.5000 2123.5210    7.6913
    0.0000   22.5000  -37.5000 2138.3218    7.6498
    7.5000   22.5000  -37.5000 2121.6357    7.7913
   -7.5000   30.0000  -37.5000 2031.5560    8.5269
    0.0000   30.0000  -37.5000 2046.2935    8.4937
    7.5000   30.0000  -37.5000 2030.4342    8.6320
   -7.5000   37.5000  -37.5000 1924.1282    9.6245
    0.0000   37.5000  -37.5000 1940.5046    9.5840
    7.5000   37.5000  -37.5000 1923.8813    9.7332
   -7.5000   45.0000  -37.5000 1810.1171   11.0567
    0.0000   45.0000  -37.5000 1825.8101   11.0112
    7.5000   45.0000  -37.5000 1810.9742   11.1628
   -7.5000  -45.0000  -30.0000 2386.4197    6.2879
    0.0000  -45.0000  -30.0000 2394.1138    6.2596
    7.5000  -45.0000  -30.0000 2380.7222    6.3455
   -7.5000  -37.5000  -30.0000 2442.8235    5.9432
    0.0000  -37.5000  -30.0000 2450.9736    5.9263
    7.5000  -37.5000  -30.0000 2436.4917    6.0038
   -7.5000  -30.0000  -30.0000 2479.0518    5.7216
    0.0000  -30.0000  -30.0000 2486.8574    5.7101
    7.5000  -30.0000  -30.0000 2472.4724    5.7812
   -7.5000  -22.5000  -30.0000 2495.6353    5.6170
    0.0000  -22.5000  -30.0000 2504.5969    5.6025
    7.5000  -22.5000  -30.0000 2489.4543    5.6750
   -7.5000  -15.0000  -30.0000 2498.6765    5.6078
    0.0000  -15.0000  -30.0000 2507.0803    5.5943
    7.5000  -15.0000  -30.0000 2491.5193    5.6725
   -7.5000   -7.5000  -30.0000 2486.3706    5.7111
    0.0000   -7.5000  -30.0000 2495.6484    5.6828
    7.5000   -7.5000  -30.0000 2479.6597    5.7804
   -7.5000    0.0000  -30.0000 2452.8975    5.9171
    0.0000    0.0000  -30.0000 2462.1221    5.8835
    7.5000    0.0000  -30.0000 2447.9043    5.9917
   -7.5000    7.5000  -30.0000 2403.8486    6.2319
    0.0000    7.5000  -30.0000 2416.5186    6.1971
    7.5000    7.5000  -30.0000 2399.0190    6.3173
   -7.5000   15.0000  -30.0000 2337.1631    6.6809
    0.0000   15.0000  -30.0000 2349.2415    6.6427
    7.5000   15.0000  -30.0000 2332.8728    6.7732
   -7.5000   22.5000  -30.0000 2251.9705    7.2922
    0.0000   22.5000  -30.0000 2265.0557    7.2473
    7.5000   22.5000  -30.0000 2249.0176    7.3876
   -7.5000   30.0000  -30.0000 2153.2983    8.0938
    0.0000   30.0000  -30.0000 2165.7788    8.0472
    7.5000   30.0000  -30.0000 2150.2583    8.1899
   -7.5000   37.5000  -30.0000 2038.9342    9.1281
    0.0000   37.5000  -30.0000 2050.8210    9.0783
    7.5000   37.5000  -30.0000 2036.4445    9.2277
   -7.5000   45.0000  -30.0000 1917.3966   10.4560
    0.0000   45.0000  -30.0000 1932.4633   10.4012
    7.5000   45.0000  -30.0000 1914.7358   10.5580
   -7.5000  -45.0000  -22.5000 2494.1038    5.9357
    0.0000  -45.0000  -22.5000 2499.4319    5.9098
    7.5000  -45.0000  -22.5000 2486.7427    6.0111
   -7.5000  -37.5000  -22.5000 2560.0078    5.5976
    0.0000  -37.5000  -22.5000 2567.5334    5.5809
    7.5000  -37.5000  -22.5000 2549.9419    5.6667
   -7.5000  -30.0000  -22.5000 2598.2878    5.3825
    0.0000  -30.0000  -22.5000 2605.0269    5.3743
    7.5000  -30.0000  -22.5000 2588.1711    5.4521
   -7.5000  -22.5000  -22.5000 2620.8052    5.2792
    0.0000  -22.5000  -22.5000 2629.2063    5.2692
    7.5000  -22.5000  -22.5000 2611.5723    5.3484
   -7.5000  -15.0000  -22.5000 2626.3562    5.2593
    0.0000  -15.0000  -22.5000 2638.1084    5.2458
    7.5000  -15.0000  -22.5000 2619.9614    5.3292
   -7.5000   -7.5000  -22.5000 2615.7656    5.3513
    0.0000   -7.5000  -22.5000 2627.3743    5.3263
    7.5000   -7.5000  -22.5000 2609.3823    5.4249
   -7.5000    0.0000  -22.5000 2583.1628    5.5445
    0.0000    0.0000  -22.5000 2594.0447    5.5156
    7.5000    0.0000  -22.5000 2576.3096    5.6212
   -7.5000    7.5000  -22.5000 2528.7466    5.8482
    0.0000    7.5000  -22.5000 2539.2368    5.8198
    7.5000    7.5000  -22.5000 2521.1189    5.9340
   -7.5000   15.0000  -22.5000 2453.1736    6.2877
    0.0000   15.0000  -22.5000 2464.9131    6.2580
    7.5000   15.0000  -22.5000 2444.8496    6.3809
   -7.5000   22.5000  -22.5000 2360.8262    6.8745
    0.0000   22.5000  -22.5000 2371.3298    6.8377
    7.5000   22.5000  -22.5000 2351.9160    6.9693
   -7.5000   30.0000  -22.5000 2251.1760    7.6325
    0.0000   30.0000  -22.5000 2262.2095    7.5890
    7.5000   30.0000  -22.5000 2245.5337    7.7288
   -7.5000   37.5000  -22.5000 2128.9668    8.5959
    0.0000   37.5000  -22.5000 2141.0864    8.5495
    7.5000   37.5000  -22.5000 2124.2083    8.6996
   -7.5000   45.0000  -22.5000 2004.5630    9.8297
    0.0000   45.0000  -22.5000 2016.6641    9.7811
    7.5000   45.0000  -22.5000 1999.1610    9.9359
   -7.5000  -45.0000  -15.0000 2575.0959    5.6142
    0.0000  -45.0000  -15.0000 2579.8662    5.5957
    7.5000  -45.0000  -15.0000 2566.0356    5.7024
   -7.5000  -37.5000  -15.0000 2647.1841    5.2700
    0.0000  -37.5000  -15.0000 2652.3713    5.2562
    7.5000  -37.5000  -15.0000 2633.0483    5.3576
   -7.5000  -30.0000  -15.0000 2693.2151    5.0521
    0.0000  -30.0000  -15.0000 2698.5251    5.0418
    7.5000  -30.0000  -15.0000 2677.5049    5.1322
   -7.5000  -22.5000  -15.0000 2722.5249    4.9357
    0.0000  -22.5000  -15.0000 2729.9146    4.9247
    7.5000  -22.5000  -15.0000 2707.0288    5.0147
   -7.5000  -15.0000  -15.0000 2734.0337    4.9204
    0.0000  -15.0000  -15.0000 2746.9788    4.9019
    7.5000  -15.0000  -15.0000 2724.2371    4.9936
   -7.5000   -7.5000  -15.0000 2723.7336    5.0044
    0.0000   -7.5000  -15.0000 2736.5901    4.9827
    7.5000   -7.5000  -15.0000 2715.3450    5.0823
   -7.5000    0.0000  -15.0000 2686.0015    5.1919
    0.0000    0.0000  -15.0000 2698.8657    5.1704
    7.5000    0.0000  -15.0000 2676.5706    5.2755
   -7.5000    7.5000  -15.0000 2626.8171    5.4995
    0.0000    7.5000  -15.0000 2638.1909    5.4768
    7.5000    7.5000  -15.0000 2615.2393    5.5845
   -7.5000   15.0000  -15.0000 2544.0090    5.9299
    0.0000   15.0000  -15.0000 2556.0520    5.9050
    7.5000   15.0000  -15.0000 2531.0283    6.0180
   -7.5000   22.5000  -15.0000 2441.2197    6.4910
    0.0000   22.5000  -15.0000 2452.7856    6.4609
    7.5000   22.5000  -15.0000 2428.1848    6.5803
   -7.5000   30.0000  -15.0000 2321.9595    7.2047
    0.0000   30.0000  -15.0000 2332.3835    7.1668
    7.5000   30.0000  -15.0000 2312.4614    7.2984
   -7.5000   37.5000  -15.0000 2196.3074    8.1042
    0.0000   37.5000  -15.0000 2205.8894    8.0602
    7.5000   37.5000  -15.0000 2187.6228    8.2066
   -7.5000   45.0000  -15.0000 2066.3025    9.2616
    0.0000   45.0000  -15.0000 2078.2136    9.2078
    7.5000   45.0000  -15.0000 2060.0193    9.3745
   -7.5000  -45.0000   -7.5000 2635.5745    5.3423
    0.0000  -45.0000   -7.5000 2642.5374    5.3213
    7.5000  -45.0000   -7.5000 2624.9153    5.4265
   -7.5000  -37.5000   -7.5000 2711.9949    4.9874
    0.0000  -37.5000   -7.5000 2717.2771    4.9689
    7.5000  -37.5000   -7.5000 2696.4253    5.0746
   -7.5000  -30.0000   -7.5000 2769.4895    4.7455
    0.0000  -30.0000   -7.5000 2775.3616    4.7293
    7.5000  -30.0000   -7.5000 2750.2080    4.8312
   -7.5000  -22.5000   -7.5000 2809.1807    4.6105
    0.0000  -22.5000   -7.5000 2817.2224    4.5965
    7.5000  -22.5000   -7.5000 2791.7476    4.7014
   -7.5000  -15.0000   -7.5000 2825.0085    4.5957
    0.0000  -15.0000   -7.5000 2837.8428    4.5727
    7.5000  -15.0000   -7.5000 2809.6897    4.6781
   -7.5000   -7.5000   -7.5000 2812.6777    4.6833
    0.0000   -7.5000   -7.5000 2825.9041    4.6647
    7.5000   -7.5000   -7.5000 2798.6321    4.7705
   -7.5000    0.0000   -7.5000 2769.5481    4.8775
    0.0000    0.0000   -7.5000 2782.9172    4.8624
    7.5000    0.0000   -7.5000 2756.0627    4.9666
   -7.5000    7.5000   -7.5000 2702.7043    5.1906
    0.0000    7.5000   -7.5000 2715.7295    5.1739
    7.5000    7.5000   -7.5000 2688.2944    5.2786
   -7.5000   15.0000   -7.5000 2612.6631    5.6129
    0.0000   15.0000   -7.5000 2625.8684    5.5938
    7.5000   15.0000   -7.5000 2597.8003    5.7016
   -7.5000   22.5000   -7.5000 2501.8528    6.1501
    0.0000   22.5000   -7.5000 2513.7070    6.1287
    7.5000   22.5000   -7.5000 2485.2747    6.2433
   -7.5000   30.0000   -7.5000 2371.7026    6.8294
    0.0000   30.0000   -7.5000 2381.1924    6.8006
    7.5000   30.0000   -7.5000 2359.2485    6.9224
   -7.5000   37.5000   -7.5000 2240.8684    7.6784
    0.0000   37.5000   -7.5000 2249.3411    7.6408
    7.5000   37.5000   -7.5000 2229.6467    7.7788
   -7.5000   45.0000   -7.5000 2107.8245    8.7642
    0.0000   45.0000   -7.5000 2117.9905    8.7198
    7.5000   45.0000   -7.5000 2101.2744    8.8817
   -7.5000  -45.0000    0.0000 2681.5022    5.1358
    0.0000  -45.0000    0.0000 2689.4070    5.1170
    7.5000  -45.0000    0.0000 2667.6978    5.2198
   -7.5000  -37.5000    0.0000 2765.1277    4.7699
    0.0000  -37.5000    0.0000 2772.9958    4.7524
    7.5000  -37.5000    0.0000 2745.9524    4.8542
   -7.5000  -30.0000    0.0000 2832.5325    4.5024
    0.0000  -30.0000    0.0000 2842.7683    4.4819
    7.5000  -30.0000    0.0000 2812.0364    4.5878
   -7.5000  -22.5000    0.0000 2881.9197    4.3425
    0.0000  -22.5000    0.0000 2892.4543    4.3258
    7.5000  -22.5000    0.0000 2861.9561    4.4451
   -7.5000  -15.0000    0.0000 2900.9250    4.3231
    0.0000  -15.0000    0.0000 2917.1548    4.2989
    7.5000  -15.0000    0.0000 2882.8333    4.4204
   -7.5000   -7.5000    0.0000 2887.5842    4.4241
    0.0000   -7.5000    0.0000 2902.2751    4.4087
    7.5000   -7.5000    0.0000 2869.1284    4.5208
   -7.5000    0.0000    0.0000 2840.3613    4.6354
    0.0000    0.0000    0.0000 2853.3562    4.6249
    7.5000    0.0000    0.0000 2819.9836    4.7278
   -7.5000    7.5000    0.0000 2764.4514    4.9555
    0.0000    7.5000    0.0000 2778.7798    4.9432
    7.5000    7.5000    0.0000 2745.1021    5.0429
   -7.5000   15.0000    0.0000 2665.5234    5.3738
    0.0000   15.0000    0.0000 2679.1284    5.3607
    7.5000   15.0000    0.0000 2647.6233    5.4609
   -7.5000   22.5000    0.0000 2545.3538    5.8963
    0.0000   22.5000    0.0000 2559.3062    5.8787
    7.5000   22.5000    0.0000 2529.0115    5.9889
   -7.5000   30.0000    0.0000 2407.6738    6.5507
    0.0000   30.0000    0.0000 2418.8730    6.5245
    7.5000   30.0000    0.0000 2393.9004    6.6409
   -7.5000   37.5000    0.0000 2268.4062    7.3699
    0.0000   37.5000    0.0000 2278.4138    7.3342
    7.5000   37.5000    0.0000 2256.4580    7.4636
   -7.5000   45.0000    0.0000 2131.7283    8.4078
    0.0000   45.0000    0.0000 2141.7144    8.3682
    7.5000   45.0000    0.0000 2126.1511    8.5088
   -7.5000  -45.0000    7.5000 2709.7834    4.9943
    0.0000  -45.0000    7.5000 2719.0464    4.9819
    7.5000  -45.0000    7.5000 2693.4832    5.0840
   -7.5000  -37.5000    7.5000 2803.0789    4.6132
    0.0000  -37.5000    7.5000 2813.1648    4.5990
    7.5000  -37.5000    7.5000 2783.8425    4.7026
   -7.5000  -30.0000    7.5000 2883.3005    4.3189
    0.0000  -30.0000    7.5000 2894.9207    4.3017
    7.5000  -30.0000    7.5000 2860.5491    4.4210
   -7.5000  -22.5000    7.5000 2938.1704    4.1420
    0.0000  -22.5000    7.5000 2950.4358    4.1207
    7.5000  -22.5000    7.5000 2913.8027    4.2592
   -7.5000  -15.0000    7.5000 2961.2383    4.1158
    0.0000  -15.0000    7.5000 2979.1323    4.0971
    7.5000  -15.0000    7.5000 2937.6733    4.2302
   -7.5000   -7.5000    7.5000 2945.6965    4.2302
    0.0000   -7.5000    7.5000 2962.4609    4.2166
    7.5000   -7.5000    7.5000 2921.0850    4.3322
   -7.5000    0.0000    7.5000 2888.6355    4.4664
    0.0000    0.0000    7.5000 2905.1277    4.4516
    7.5000    0.0000    7.5000 2863.6316    4.5561
   -7.5000    7.5000    7.5000 2806.1560    4.7960
    0.0000    7.5000    7.5000 2820.3811    4.7835
    7.5000    7.5000    7.5000 2783.4907    4.8824
   -7.5000   15.0000    7.5000 2700.4729    5.2078
    0.0000   15.0000    7.5000 2714.5466    5.1943
    7.5000   15.0000    7.5000 2681.4707    5.2992
   -7.5000   22.5000    7.5000 2573.6829    5.7190
    0.0000   22.5000    7.5000 2586.5264    5.7026
    7.5000   22.5000    7.5000 2557.2515    5.8123
   -7.5000   30.0000    7.5000 2427.9058    6.3599
    0.0000   30.0000    7.5000 2439.5134    6.3371
    7.5000   30.0000    7.5000 2415.4138    6.4523
   -7.5000   37.5000    7.5000 2283.2466    7.1630
    0.0000   37.5000    7.5000 2293.7380    7.1297
    7.5000   37.5000    7.5000 2274.4045    7.2551
   -7.5000   45.0000    7.5000 2145.6479    8.1639
    0.0000   45.0000    7.5000 2153.8887    8.1264
    7.5000   45.0000    7.5000 2139.9607    8.2672
   -7.5000  -45.0000   15.0000 2718.9980    4.9338
    0.0000  -45.0000   15.0000 2728.7878    4.9191
    7.5000  -45.0000   15.0000 2703.5718    5.0259
   -7.5000  -37.5000   15.0000 2819.2825    4.5381
    0.0000  -37.5000   15.0000 2831.4980    4.5224
    7.5000  -37.5000   15.0000 2801.6772    4.6355
   -7.5000  -30.0000   15.0000 2905.4067    4.2256
    0.0000  -30.0000   15.0000 2919.0396    4.2067
    7.5000  -30.0000   15.0000 2882.9255    4.3411
   -7.5000  -22.5000   15.0000 2967.3962    4.0361
    0.0000  -22.5000   15.0000 2982.5464    4.0120
    7.5000  -22.5000   15.0000 2940.2358    4.1713
   -7.5000  -15.0000   15.0000 2995.8774    4.0071
    0.0000  -15.0000   15.0000 3014.6106    3.9847
    7.5000  -15.0000   15.0000 2966.8062    4.1260
   -7.5000   -7.5000   15.0000 2974.3337    4.1298
    0.0000   -7.5000   15.0000 2995.3608    4.1064
    7.5000   -7.5000   15.0000 2947.8689    4.2238
   -7.5000    0.0000   15.0000 2913.5574    4.3834
    0.0000    0.0000   15.0000 2930.7275    4.3634
    7.5000    0.0000   15.0000 2888.8328    4.4687
   -7.5000    7.5000   15.0000 2824.9514    4.7170
    0.0000    7.5000   15.0000 2841.1033    4.6931
    7.5000    7.5000   15.0000 2803.6458    4.8039
   -7.5000   15.0000   15.0000 2715.0835    5.1252
    0.0000   15.0000   15.0000 2728.1997    5.1023
    7.5000   15.0000   15.0000 2697.1177    5.2188
   -7.5000   22.5000   15.0000 2583.4507    5.6350
    0.0000   22.5000   15.0000 2594.9509    5.6080
    7.5000   22.5000   15.0000 2568.6519    5.7274
   -7.5000   30.0000   15.0000 2432.5796    6.2688
    0.0000   30.0000   15.0000 2443.9722    6.2303
    7.5000   30.0000   15.0000 2421.9731    6.3587
   -7.5000   37.5000   15.0000 2285.6213    7.0542
    0.0000   37.5000   15.0000 2295.7832    7.0076
    7.5000   37.5000   15.0000 2277.9031    7.1445
   -7.5000   45.0000   15.0000 2145.9814    8.0216
    0.0000   45.0000   15.0000 2154.9451    7.9751
    7.5000   45.0000   15.0000 2137.9978    8.1284
   -7.5000  -45.0000   22.5000 2713.2302    4.9402
    0.0000  -45.0000   22.5000 2726.1704    4.9287
    7.5000  -45.0000   22.5000 2699.2039    5.0365
   -7.5000  -37.5000   22.5000 2816.6819    4.5495
    0.0000  -37.5000   22.5000 2829.4771    4.5342
    7.5000  -37.5000   22.5000 2799.1201    4.6532
   -7.5000  -30.0000   22.5000 2902.6501    4.2448
    0.0000  -30.0000   22.5000 2915.4788    4.2281
    7.5000  -30.0000   22.5000 2877.8574    4.3714
   -7.5000  -22.5000   22.5000 2965.0635    4.0709
    0.0000  -22.5000   22.5000 2978.6248    4.0449
    7.5000  -22.5000   22.5000 2936.3987    4.1940
   -7.5000  -15.0000   22.5000 2991.7896    4.0435
    0.0000  -15.0000   22.5000 3010.7363    4.0008
    7.5000  -15.0000   22.5000 2961.1057    4.1408
   -7.5000   -7.5000   22.5000 2971.5254    4.1598
    0.0000   -7.5000   22.5000 2991.2849    4.1161
    7.5000   -7.5000   22.5000 2944.7847    4.2422
   -7.5000    0.0000   22.5000 2911.1387    4.3975
    0.0000    0.0000   22.5000 2927.4666    4.3617
    7.5000    0.0000   22.5000 2888.1685    4.4754
   -7.5000    7.5000   22.5000 2823.0796    4.7156
    0.0000    7.5000   22.5000 2838.4202    4.6816
    7.5000    7.5000   22.5000 2803.0435    4.7924
   -7.5000   15.0000   22.5000 2711.2559    5.1171
    0.0000   15.0000   22.5000 2725.0098    5.0898
    7.5000   15.0000   22.5000 2694.8728    5.2022
   -7.5000   22.5000   22.5000 2576.1946    5.6216
    0.0000   22.5000   22.5000 2589.3074    5.5950
    7.5000   22.5000   22.5000 2564.2983    5.7108
   -7.5000   30.0000   22.5000 2427.8984    6.2509
    0.0000   30.0000   22.5000 2437.4326    6.2222
    7.5000   30.0000   22.5000 2418.3545    6.3452
   -7.5000   37.5000   22.5000 2282.5618    7.0323
    0.0000   37.5000   22.5000 2290.2729    6.9926
    7.5000   37.5000   22.5000 2274.1472    7.1283
   -7.5000   45.0000   22.5000 2137.8904    7.9984
    0.0000   45.0000   22.5000 2146.2332    7.9464
    7.5000   45.0000   22.5000 2124.2234    8.1059
   -7.5000  -45.0000   30.0000 2694.0737    5.0358
    0.0000  -45.0000   30.0000 2705.5234    5.0154
    7.5000  -45.0000   30.0000 2679.8479    5.1313
   -7.5000  -37.5000   30.0000 2795.2859    4.6510
    0.0000  -37.5000   30.0000 2806.3120    4.6349
    7.5000  -37.5000   30.0000 2777.7341    4.7580
   -7.5000  -30.0000   30.0000 2880.1506    4.3715
    0.0000  -30.0000   30.0000 2890.0239    4.3582
    7.5000  -30.0000   30.0000 2853.8833    4.4901
   -7.5000  -22.5000   30.0000 2935.5737    4.2239
    0.0000  -22.5000   30.0000 2946.6379    4.2117
    7.5000  -22.5000   30.0000 2907.0132    4.3226
   -7.5000  -15.0000   30.0000 2951.2100    4.1954
    0.0000  -15.0000   30.0000 2964.1743    4.1692
    7.5000  -15.0000   30.0000 2923.6235    4.2740
   -7.5000   -7.5000   30.0000 2936.3906    4.2794
    0.0000   -7.5000   30.0000 2948.9077    4.2489
    7.5000   -7.5000   30.0000 2909.0049    4.3549
   -7.5000    0.0000   30.0000 2879.3176    4.4854
    0.0000    0.0000   30.0000 2891.8005    4.4530
    7.5000    0.0000   30.0000 2856.1001    4.5601
   -7.5000    7.5000   30.0000 2795.5417    4.7798
    0.0000    7.5000   30.0000 2808.2637    4.7530
    7.5000    7.5000   30.0000 2775.9766    4.8594
   -7.5000   15.0000   30.0000 2687.0056    5.1780
    0.0000   15.0000   30.0000 2698.8857    5.1502
    7.5000   15.0000   30.0000 2671.0781    5.2598
   -7.5000   22.5000   30.0000 2553.7913    5.6829
    0.0000   22.5000   30.0000 2564.2759    5.6551
    7.5000   22.5000   30.0000 2542.1631    5.7680
   -7.5000   30.0000   30.0000 2411.5898    6.3134
    0.0000   30.0000   30.0000 2418.8931    6.2834
    7.5000   30.0000   30.0000 2397.4761    6.4109
   -7.5000   37.5000   30.0000 2268.5393    7.0887
    0.0000   37.5000   30.0000 2274.7244    7.0528
    7.5000   37.5000   30.0000 2254.2881    7.1975
   -7.5000   45.0000   30.0000 2118.6355    8.0464
    0.0000   45.0000   30.0000 2124.9680    8.0167
    7.5000   45.0000   30.0000 2103.5149    8.1755
   -7.5000  -45.0000   37.5000 2663.5327    5.2214
    0.0000  -45.0000   37.5000 2671.2847    5.2096
    7.5000  -45.0000   37.5000 2645.7109    5.3230
   -7.5000  -37.5000   37.5000 2758.5264    4.8518
    0.0000  -37.5000   37.5000 2766.4802    4.8429
    7.5000  -37.5000   37.5000 2735.1711    4.9579
   -7.5000  -30.0000   37.5000 2832.8506    4.6039
    0.0000  -30.0000   37.5000 2841.0454    4.5985
    7.5000  -30.0000   37.5000 2806.1001    4.6990
   -7.5000  -22.5000   37.5000 2878.0667    4.4746
    0.0000  -22.5000   37.5000 2889.4670    4.4665
    7.5000  -22.5000   37.5000 2852.3091    4.5528
   -7.5000  -15.0000   37.5000 2884.6738    4.4426
    0.0000  -15.0000   37.5000 2897.8491    4.4265
    7.5000  -15.0000   37.5000 2862.5510    4.5110
   -7.5000   -7.5000   37.5000 2868.7693    4.5031
    0.0000   -7.5000   37.5000 2880.0896    4.4823
    7.5000   -7.5000   37.5000 2844.3169    4.5706
   -7.5000    0.0000   37.5000 2819.3328    4.6629
    0.0000    0.0000   37.5000 2828.8792    4.6538
    7.5000    0.0000   37.5000 2794.3623    4.7420
   -7.5000    7.5000   37.5000 2742.5710    4.9236
    0.0000    7.5000   37.5000 2751.2722    4.9165
    7.5000    7.5000   37.5000 2722.3486    5.0058
   -7.5000   15.0000   37.5000 2640.2854    5.2975
    0.0000   15.0000   37.5000 2649.7659    5.2824
    7.5000   15.0000   37.5000 2623.3232    5.3865
   -7.5000   22.5000   37.5000 2513.7380    5.8012
    0.0000   22.5000   37.5000 2522.9072    5.7777
    7.5000   22.5000   37.5000 2500.9089    5.8925
   -7.5000   30.0000   37.5000 2382.5410    6.4367
    0.0000   30.0000   37.5000 2388.6360    6.4107
    7.5000   30.0000   37.5000 2365.5974    6.5380
   -7.5000   37.5000   37.5000 2242.3330    7.2203
    0.0000   37.5000   37.5000 2246.7722    7.1938
    7.5000   37.5000   37.5000 2225.1438    7.3417
   -7.5000   45.0000   37.5000 2085.7954    8.1958
    0.0000   45.0000   37.5000 2093.7578    8.1739
    7.5000   45.0000   37.5000 2071.9065    8.3379
   -7.5000  -45.0000   45.0000 2617.2749    5.5005
    0.0000  -45.0000   45.0000 2625.0337    5.4948
    7.5000  -45.0000   45.0000 2598.3291    5.6041
   -7.5000  -37.5000   45.0000 2706.8611    5.1439
    0.0000  -37.5000   45.0000 2713.9504    5.1384
    7.5000  -37.5000   45.0000 2683.0322    5.2435
   -7.5000  -30.0000   45.0000 2769.3296    4.9093
    0.0000  -30.0000   45.0000 2775.9402    4.9087
    7.5000  -30.0000   45.0000 2746.2771    4.9931
   -7.5000  -22.5000   45.0000 2805.7607    4.7860
    0.0000  -22.5000   45.0000 2814.5425    4.7797
    7.5000  -22.5000   45.0000 2781.9099    4.8581
   -7.5000  -15.0000   45.0000 2808.0095    4.7482
    0.0000  -15.0000   45.0000 2818.4490    4.7380
    7.5000  -15.0000   45.0000 2785.9175    4.8104
   -7.5000   -7.5000   45.0000 2786.6638    4.7877
    0.0000   -7.5000   45.0000 2797.2002    4.7754
    7.5000   -7.5000   45.0000 2765.8667    4.8523
   -7.5000    0.0000   45.0000 2741.2837    4.9234
    0.0000    0.0000   45.0000 2751.0566    4.9202
    7.5000    0.0000   45.0000 2721.4399    4.9945
   -7.5000    7.5000   45.0000 2670.9016    5.1644
    0.0000    7.5000   45.0000 2678.3950    5.1651
    7.5000    7.5000   45.0000 2650.6072    5.2437
   -7.5000   15.0000   45.0000 2575.7493    5.5082
    0.0000   15.0000   45.0000 2581.1045    5.5068
    7.5000   15.0000   45.0000 2560.0437    5.5976
   -7.5000   22.5000   45.0000 2460.8188    5.9972
    0.0000   22.5000   45.0000 2466.2234    5.9856
    7.5000   22.5000   45.0000 2447.4934    6.0930
   -7.5000   30.0000   45.0000 2337.9258    6.6312
    0.0000   30.0000   45.0000 2343.1306    6.6143
    7.5000   30.0000   45.0000 2322.1216    6.7355
   -7.5000   37.5000   45.0000 2199.6147    7.4296
    0.0000   37.5000   45.0000 2206.0205    7.4059
    7.5000   37.5000   45.0000 2186.3872    7.5449
   -7.5000   45.0000   45.0000 2044.2545    8.4296
    0.0000   45.0000   45.0000 2051.6199    8.4085
    7.5000   45.0000   45.0000 2032.3746    8.5675

---------------------------------------------------------------------
imgreg_4dfp /opt/freesurfer/average/711-2C_as_mni_average_305 /opt/freesurfer/average/711-2B_as_mni_average_305_mask talsrcimg_g11 none talsrcimg_to_711-2C_as_mni_average_305_t4 1283
---------------------------------------------------------------------

freesurfer imgreg_4dfp.c
/opt/freesurfer/average/711-2C_as_mni_average_305.4dfp.img
       256       256       256         1
  1.000000  1.000000  1.000000
orientation T byte_order littleendian
Reading image: /opt/freesurfer/average/711-2C_as_mni_average_305.4dfp.img
dimensions:      256       256       256
mmppix:       1.0000   -1.0000   -1.0000
center:     128.0000 -129.0000 -129.0000
/opt/freesurfer/average/711-2B_as_mni_average_305_mask.4dfp.img
       256       256       256         1
  1.000000  1.000000  1.000000
orientation T byte_order littleendian
Reading mask: /opt/freesurfer/average/711-2B_as_mni_average_305_mask.4dfp.img (2306576 pixels)
talsrcimg_g11.4dfp.img
       256       256       256         1
  1.000000  1.000000  1.000000
orientation T byte_order littleendian
Reading image: talsrcimg_g11.4dfp.img
dimensions:      256       256       256
mmppix:       1.0000   -1.0000   -1.0000
center:     128.0000 -129.0000 -129.0000
rotation matrix determinant  1.000000
fimgreg.f
image alignment mode   1283 decimal      503 hex
parameters
    0.0000  -15.0000   15.0000    0.0000    0.0000    0.0000
eta,q 0.94591  3.96919
niter,ni,del,rscale     5    3   12.0000    1.2000
parameter  4  0.865508 ->  0.500000 qaram    1.1500
parameters
   -1.4653  -13.9801   17.2513   -3.4500   -0.2155   -0.0286
eta,q 0.94972  3.95235
  0.0584  0.0615  0.0632  0.0506  0.0550  0.0536
  0.0555  0.0578  0.0587  0.0502  0.0527  0.0523
  0.0536  0.0549  0.0552  0.0509  0.0508  0.0508
  0.0544  0.0534  0.0531  0.0524  0.0503  0.0503
  0.0569  0.0532  0.0525  0.0538  0.0514  0.0511
  0.0604  0.0546  0.0531  0.0559  0.0533  0.0523
  0.0659  0.0577  0.0545  0.0584  0.0555  0.0536
niter,ni,del,rscale     5    3   12.0000    1.2000
parameters
   -1.5148  -13.5248   17.2008   -4.3978   -0.3297   -0.0214
eta,q 0.94977  3.95338
  0.0585  0.0593  0.0563  0.0534  0.0551  0.0536
  0.0552  0.0548  0.0530  0.0517  0.0528  0.0521
  0.0517  0.0513  0.0511  0.0504  0.0508  0.0506
  0.0503  0.0503  0.0504  0.0504  0.0502  0.0502
  0.0517  0.0515  0.0511  0.0515  0.0514  0.0510
  0.0549  0.0537  0.0532  0.0531  0.0531  0.0522
  0.0591  0.0564  0.0565  0.0555  0.0552  0.0534
niter,ni,del,rscale     4    3   12.0000    1.2000
parameters
   -1.5842  -13.3220   17.1459   -4.5688   -0.3165   -0.0119
eta,q 0.94971  3.95471
  0.0584  0.0587  0.0563  0.0541  0.0552  0.0536
  0.0551  0.0541  0.0531  0.0522  0.0531  0.0521
  0.0517  0.0508  0.0511  0.0508  0.0509  0.0507
  0.0502  0.0502  0.0503  0.0503  0.0503  0.0503
  0.0518  0.0517  0.0510  0.0511  0.0513  0.0511
  0.0549  0.0540  0.0533  0.0525  0.0530  0.0522
  0.0590  0.0569  0.0566  0.0544  0.0551  0.0534
niter,ni,del,rscale     3    3   12.0000    1.2000
parameters
   -1.6196  -13.2722   17.1245   -4.5996   -0.2968   -0.0071
eta,q 0.94968  3.95506
  0.0585  0.0583  0.0564  0.0542  0.0553  0.0536
  0.0552  0.0537  0.0532  0.0523  0.0531  0.0521
  0.0518  0.0506  0.0511  0.0509  0.0509  0.0507
  0.0503  0.0503  0.0503  0.0503  0.0503  0.0503
  0.0518  0.0518  0.0510  0.0510  0.0513  0.0511
  0.0549  0.0541  0.0533  0.0524  0.0530  0.0523
  0.0589  0.0572  0.0565  0.0543  0.0551  0.0534
registration optimization eta report
parameter search radius
    6.0000    6.0000    6.0000    6.9000    6.0000    6.0000
100000*second partial in parameter space
       22.       20.       17.        8.       13.        8.
  0.0585  0.0583  0.0564  0.0542  0.0553  0.0536
  0.0552  0.0537  0.0532  0.0523  0.0531  0.0521
  0.0518  0.0506  0.0511  0.0509  0.0509  0.0507
  0.0503  0.0503  0.0503  0.0503  0.0503  0.0503
  0.0518  0.0518  0.0510  0.0510  0.0513  0.0511
  0.0549  0.0541  0.0533  0.0524  0.0530  0.0523
  0.0589  0.0572  0.0565  0.0543  0.0551  0.0534
   -1.6196  -13.2722   17.1245   -4.5996   -0.2968   -0.0071
eta,q 0.94968  3.95506

---------------------------------------------------------------------
imgreg_4dfp /opt/freesurfer/average/711-2C_as_mni_average_305 /opt/freesurfer/average/711-2B_as_mni_average_305_mask talsrcimg_g11 none talsrcimg_to_711-2C_as_mni_average_305_t4 3335
---------------------------------------------------------------------

freesurfer imgreg_4dfp.c
/opt/freesurfer/average/711-2C_as_mni_average_305.4dfp.img
       256       256       256         1
  1.000000  1.000000  1.000000
orientation T byte_order littleendian
Reading image: /opt/freesurfer/average/711-2C_as_mni_average_305.4dfp.img
dimensions:      256       256       256
mmppix:       1.0000   -1.0000   -1.0000
center:     128.0000 -129.0000 -129.0000
/opt/freesurfer/average/711-2B_as_mni_average_305_mask.4dfp.img
       256       256       256         1
  1.000000  1.000000  1.000000
orientation T byte_order littleendian
Reading mask: /opt/freesurfer/average/711-2B_as_mni_average_305_mask.4dfp.img (2306576 pixels)
talsrcimg_g11.4dfp.img
       256       256       256         1
  1.000000  1.000000  1.000000
orientation T byte_order littleendian
Reading image: talsrcimg_g11.4dfp.img
dimensions:      256       256       256
mmppix:       1.0000   -1.0000   -1.0000
center:     128.0000 -129.0000 -129.0000
fimgreg.f
image alignment mode   3335 decimal      D07 hex
parameters
   -1.6196  -13.2722   17.1245   -0.0013   -0.3220   -0.3234
   -0.0292    0.5174   -0.0124    8.0192   -0.5180   -8.0191
eta,q 0.94967  3.96466
niter,ni,del,rscale     5    3    5.0000    1.2000
parameter  4  1.130530 ->  0.500000 qaram    1.1500
parameter  5  0.961366 ->  0.500000 qaram    1.1500
parameter  6  0.897497 ->  0.500000 qaram    1.1500
parameter 12 -0.665273 -> -0.500000 qaram    1.1500
parameters
   -1.8912  -13.2358   18.0613   -4.1413   -4.4620   -4.4634
   -1.3398   -0.9618   -0.9812    7.8385   -3.4571   -3.8791
eta,q 0.95475  3.67120
  0.0514  0.0514  0.0515  0.0483  0.0468  0.0454  0.0466  0.0468  0.0462  0.0469  0.0458  0.0475
  0.0508  0.0508  0.0509  0.0486  0.0470  0.0457  0.0461  0.0461  0.0459  0.0462  0.0456  0.0467
  0.0504  0.0505  0.0506  0.0493  0.0476  0.0462  0.0458  0.0457  0.0457  0.0458  0.0456  0.0460
  0.0503  0.0503  0.0503  0.0502  0.0488  0.0471  0.0458  0.0458  0.0457  0.0457  0.0457  0.0456
  0.0506  0.0505  0.0502  0.0514  0.0504  0.0485  0.0461  0.0462  0.0458  0.0459  0.0459  0.0453
  0.0511  0.0508  0.0503  0.0531  0.0525  0.0504  0.0467  0.0470  0.0461  0.0463  0.0462  0.0452
  0.0520  0.0513  0.0505  0.0551  0.0550  0.0529  0.0476  0.0482  0.0465  0.0470  0.0467  0.0453
niter,ni,del,rscale     7    3    5.0000    1.2000
parameter  6  0.642350 ->  0.500000 qaram    1.3225
parameter 12 -0.713704 -> -0.500000 qaram    1.3225
parameters
   -1.9796  -12.8804   16.8687   -7.3593   -7.3676   -9.2244
   -2.1423   -1.5277   -0.6738    8.8867   -1.9184    0.8819
eta,q 0.95625  3.54418
  0.0462  0.0462  0.0452  0.0455  0.0455  0.0441  0.0448  0.0449  0.0444  0.0447  0.0444  0.0453
  0.0457  0.0457  0.0451  0.0451  0.0450  0.0440  0.0444  0.0444  0.0443  0.0444  0.0443  0.0448
  0.0453  0.0454  0.0451  0.0449  0.0448  0.0443  0.0442  0.0442  0.0441  0.0442  0.0441  0.0443
  0.0452  0.0452  0.0452  0.0451  0.0449  0.0448  0.0441  0.0441  0.0441  0.0441  0.0440  0.0440
  0.0454  0.0452  0.0454  0.0458  0.0456  0.0456  0.0442  0.0443  0.0441  0.0440  0.0440  0.0438
  0.0458  0.0454  0.0457  0.0468  0.0469  0.0472  0.0446  0.0446  0.0442  0.0441  0.0441  0.0437
  0.0463  0.0458  0.0460  0.0485  0.0489  0.0493  0.0452  0.0452  0.0444  0.0445  0.0442  0.0438
niter,ni,del,rscale     7    3    5.0000    1.2000
parameter 10 -0.542333 -> -0.500000 qaram    1.1500
parameters
   -1.6122  -12.1796   17.2186   -8.0730   -9.3114  -13.3611
   -2.5087   -1.6388   -1.3342   13.0267   -1.3937    3.9782
eta,q 0.95679  3.53435
  0.0447  0.0444  0.0441  0.0446  0.0446  0.0439  0.0442  0.0441  0.0437  0.0441  0.0436  0.0448
  0.0442  0.0441  0.0439  0.0442  0.0441  0.0436  0.0439  0.0438  0.0436  0.0439  0.0435  0.0441
  0.0439  0.0439  0.0438  0.0439  0.0438  0.0435  0.0436  0.0436  0.0435  0.0437  0.0434  0.0436
  0.0437  0.0437  0.0437  0.0437  0.0437  0.0437  0.0435  0.0435  0.0435  0.0435  0.0433  0.0433
  0.0438  0.0437  0.0437  0.0438  0.0441  0.0444  0.0436  0.0435  0.0435  0.0434  0.0433  0.0432
  0.0439  0.0438  0.0438  0.0443  0.0450  0.0454  0.0439  0.0438  0.0436  0.0433  0.0434  0.0433
  0.0443  0.0439  0.0439  0.0452  0.0465  0.0469  0.0445  0.0442  0.0438  0.0435  0.0436  0.0437
niter,ni,del,rscale     7    3    5.0000    1.2000
parameters
   -1.3632  -11.7616   16.6726   -7.8570  -11.4211  -16.1922
   -2.6222   -1.1750   -2.0669   14.5541   -1.1212    6.0857
eta,q 0.95701  3.51226
  0.0440  0.0439  0.0434  0.0441  0.0439  0.0437  0.0439  0.0439  0.0433  0.0438  0.0433  0.0443
  0.0436  0.0435  0.0432  0.0437  0.0435  0.0434  0.0435  0.0435  0.0432  0.0436  0.0432  0.0437
  0.0433  0.0433  0.0432  0.0434  0.0432  0.0432  0.0433  0.0432  0.0431  0.0433  0.0431  0.0433
  0.0432  0.0432  0.0432  0.0432  0.0431  0.0431  0.0431  0.0431  0.0431  0.0431  0.0430  0.0430
  0.0432  0.0432  0.0433  0.0431  0.0436  0.0436  0.0432  0.0431  0.0432  0.0430  0.0431  0.0430
  0.0434  0.0433  0.0434  0.0435  0.0445  0.0446  0.0435  0.0434  0.0433  0.0431  0.0431  0.0432
  0.0437  0.0435  0.0437  0.0442  0.0459  0.0459  0.0440  0.0437  0.0434  0.0436  0.0433  0.0436
niter,ni,del,rscale     6    3    5.0000    1.2000
parameters
   -1.1808  -11.2522   16.4336   -7.7361  -12.7923  -18.3518
   -2.6815   -0.8539   -2.8933   16.6989   -0.8626    7.1776
eta,q 0.95713  3.50813
  0.0437  0.0436  0.0432  0.0438  0.0439  0.0436  0.0438  0.0437  0.0432  0.0438  0.0432  0.0440
  0.0433  0.0433  0.0430  0.0435  0.0434  0.0433  0.0434  0.0434  0.0431  0.0435  0.0430  0.0435
  0.0431  0.0431  0.0430  0.0432  0.0431  0.0431  0.0431  0.0431  0.0430  0.0432  0.0429  0.0431
  0.0430  0.0430  0.0430  0.0430  0.0429  0.0430  0.0430  0.0430  0.0430  0.0430  0.0429  0.0429
  0.0430  0.0430  0.0430  0.0430  0.0432  0.0432  0.0431  0.0430  0.0431  0.0429  0.0429  0.0429
  0.0432  0.0430  0.0431  0.0433  0.0439  0.0439  0.0434  0.0433  0.0432  0.0430  0.0430  0.0432
  0.0435  0.0432  0.0433  0.0439  0.0451  0.0452  0.0439  0.0437  0.0433  0.0433  0.0431  0.0436
niter,ni,del,rscale     5    3    5.0000    1.2000
parameters
   -1.0446  -10.8623   16.0213   -7.7779  -13.9381  -20.1053
   -2.6186   -0.5283   -3.7271   18.4356   -0.5145    7.9100
eta,q 0.95718  3.50170
  0.0435  0.0434  0.0430  0.0437  0.0438  0.0435  0.0438  0.0436  0.0431  0.0437  0.0431  0.0439
  0.0432  0.0431  0.0429  0.0434  0.0434  0.0432  0.0434  0.0433  0.0430  0.0434  0.0430  0.0433
  0.0430  0.0430  0.0429  0.0431  0.0430  0.0430  0.0431  0.0431  0.0429  0.0431  0.0429  0.0430
  0.0429  0.0429  0.0429  0.0428  0.0428  0.0429  0.0429  0.0429  0.0429  0.0429  0.0428  0.0428
  0.0429  0.0429  0.0429  0.0429  0.0430  0.0430  0.0430  0.0429  0.0430  0.0428  0.0428  0.0429
  0.0431  0.0430  0.0430  0.0432  0.0437  0.0436  0.0433  0.0432  0.0431  0.0429  0.0429  0.0432
  0.0434  0.0432  0.0432  0.0439  0.0448  0.0447  0.0438  0.0436  0.0432  0.0433  0.0430  0.0436
niter,ni,del,rscale     4    3    5.0000    1.2000
parameters
   -0.9141  -10.4824   15.6913   -7.8919  -14.8410  -21.5646
   -2.4869   -0.2471   -4.5020   19.8404   -0.2762    8.3967
eta,q 0.95722  3.49722
  0.0435  0.0433  0.0430  0.0436  0.0438  0.0434  0.0437  0.0436  0.0431  0.0437  0.0430  0.0438
  0.0432  0.0431  0.0429  0.0433  0.0433  0.0431  0.0433  0.0432  0.0429  0.0434  0.0429  0.0433
  0.0429  0.0429  0.0428  0.0430  0.0430  0.0429  0.0430  0.0430  0.0429  0.0431  0.0428  0.0429
  0.0428  0.0428  0.0428  0.0428  0.0428  0.0428  0.0429  0.0429  0.0429  0.0428  0.0428  0.0428
  0.0429  0.0428  0.0428  0.0428  0.0430  0.0429  0.0429  0.0429  0.0429  0.0428  0.0428  0.0429
  0.0430  0.0429  0.0429  0.0432  0.0436  0.0433  0.0432  0.0431  0.0430  0.0429  0.0429  0.0431
  0.0434  0.0431  0.0431  0.0438  0.0447  0.0444  0.0437  0.0435  0.0431  0.0434  0.0430  0.0436
niter,ni,del,rscale     3    3    5.0000    1.2000
parameters
   -0.7862  -10.1843   15.4338   -7.9891  -15.5731  -22.7269
   -2.3529    0.0282   -5.0670   20.9793   -0.1777    8.7544
eta,q 0.95725  3.49394
  0.0434  0.0433  0.0429  0.0435  0.0438  0.0434  0.0437  0.0435  0.0430  0.0436  0.0430  0.0437
  0.0431  0.0430  0.0428  0.0433  0.0434  0.0431  0.0433  0.0432  0.0429  0.0433  0.0429  0.0432
  0.0429  0.0429  0.0428  0.0430  0.0430  0.0429  0.0430  0.0430  0.0428  0.0430  0.0428  0.0429
  0.0428  0.0428  0.0428  0.0428  0.0428  0.0428  0.0428  0.0428  0.0428  0.0428  0.0428  0.0428
  0.0428  0.0428  0.0428  0.0428  0.0429  0.0428  0.0429  0.0429  0.0429  0.0427  0.0428  0.0429
  0.0430  0.0429  0.0429  0.0431  0.0435  0.0432  0.0432  0.0431  0.0430  0.0429  0.0429  0.0431
  0.0433  0.0431  0.0430  0.0437  0.0445  0.0441  0.0437  0.0435  0.0431  0.0434  0.0430  0.0436
niter,ni,del,rscale     2    3    5.0000    1.2000
parameters
   -0.6835   -9.9468   15.2292   -8.0592  -16.1806  -23.6243
   -2.2678    0.2042   -5.4528   21.8930   -0.1420    9.0315
eta,q 0.95726  3.49141
  0.0434  0.0432  0.0429  0.0435  0.0438  0.0434  0.0436  0.0435  0.0430  0.0436  0.0430  0.0437
  0.0431  0.0430  0.0428  0.0432  0.0434  0.0431  0.0432  0.0432  0.0429  0.0433  0.0429  0.0432
  0.0429  0.0428  0.0428  0.0430  0.0430  0.0429  0.0429  0.0429  0.0428  0.0430  0.0428  0.0429
  0.0428  0.0428  0.0427  0.0428  0.0428  0.0428  0.0428  0.0428  0.0428  0.0428  0.0427  0.0427
  0.0428  0.0428  0.0428  0.0428  0.0429  0.0428  0.0429  0.0428  0.0428  0.0427  0.0428  0.0428
  0.0430  0.0429  0.0429  0.0431  0.0434  0.0431  0.0432  0.0431  0.0429  0.0429  0.0429  0.0431
  0.0433  0.0431  0.0430  0.0437  0.0444  0.0439  0.0436  0.0435  0.0431  0.0434  0.0430  0.0436
niter,ni,del,rscale     1    3    5.0000    1.2000
parameters
   -0.6045   -9.7626   15.0746   -8.1087  -16.6841  -24.3365
   -2.2252    0.3352   -5.7128   22.6127   -0.1440    9.2652
eta,q 0.95726  3.48939
  0.0434  0.0432  0.0429  0.0435  0.0438  0.0434  0.0436  0.0435  0.0430  0.0436  0.0430  0.0437
  0.0431  0.0430  0.0428  0.0432  0.0433  0.0431  0.0432  0.0431  0.0429  0.0433  0.0428  0.0432
  0.0428  0.0428  0.0428  0.0429  0.0430  0.0429  0.0429  0.0429  0.0428  0.0430  0.0428  0.0428
  0.0427  0.0427  0.0427  0.0427  0.0427  0.0428  0.0428  0.0428  0.0428  0.0428  0.0427  0.0427
  0.0428  0.0428  0.0428  0.0428  0.0429  0.0428  0.0429  0.0428  0.0428  0.0427  0.0428  0.0428
  0.0430  0.0429  0.0429  0.0431  0.0434  0.0431  0.0432  0.0431  0.0429  0.0430  0.0428  0.0431
  0.0433  0.0431  0.0430  0.0436  0.0443  0.0438  0.0436  0.0435  0.0430  0.0435  0.0430  0.0436
registration optimization eta report
parameter search radius
    2.4000    2.4000    2.4000    8.2800    8.2800    9.5220
    7.2000    7.2000    7.2000    8.2800    7.2000    9.5220
100000*second partial in parameter space
       10.        7.        4.        1.        2.        1.
        2.        1.        1.        1.        0.        1.
  0.0434  0.0432  0.0429  0.0435  0.0438  0.0434  0.0436  0.0435  0.0430  0.0436  0.0430  0.0437
  0.0431  0.0430  0.0428  0.0432  0.0433  0.0431  0.0432  0.0431  0.0429  0.0433  0.0428  0.0432
  0.0428  0.0428  0.0428  0.0429  0.0430  0.0429  0.0429  0.0429  0.0428  0.0430  0.0428  0.0428
  0.0427  0.0427  0.0427  0.0427  0.0427  0.0428  0.0428  0.0428  0.0428  0.0428  0.0427  0.0427
  0.0428  0.0428  0.0428  0.0428  0.0429  0.0428  0.0429  0.0428  0.0428  0.0427  0.0428  0.0428
  0.0430  0.0429  0.0429  0.0431  0.0434  0.0431  0.0432  0.0431  0.0429  0.0430  0.0428  0.0431
  0.0433  0.0431  0.0430  0.0436  0.0443  0.0438  0.0436  0.0435  0.0430  0.0435  0.0430  0.0436
   -0.6045   -9.7626   15.0746   -8.1087  -16.6841  -24.3365
   -2.2252    0.3352   -5.7128   22.6127   -0.1440    9.2652
eta,q 0.95726  3.48939

---------------------------------------------------------------------
imgreg_4dfp /opt/freesurfer/average/711-2C_as_mni_average_305 /opt/freesurfer/average/711-2B_as_mni_average_305_mask talsrcimg_g11 none talsrcimg_to_711-2C_as_mni_average_305_t4 2311
---------------------------------------------------------------------

freesurfer imgreg_4dfp.c
/opt/freesurfer/average/711-2C_as_mni_average_305.4dfp.img
       256       256       256         1
  1.000000  1.000000  1.000000
orientation T byte_order littleendian
Reading image: /opt/freesurfer/average/711-2C_as_mni_average_305.4dfp.img
dimensions:      256       256       256
mmppix:       1.0000   -1.0000   -1.0000
center:     128.0000 -129.0000 -129.0000
/opt/freesurfer/average/711-2B_as_mni_average_305_mask.4dfp.img
       256       256       256         1
  1.000000  1.000000  1.000000
orientation T byte_order littleendian
Reading mask: /opt/freesurfer/average/711-2B_as_mni_average_305_mask.4dfp.img (2306576 pixels)
talsrcimg_g11.4dfp.img
       256       256       256         1
  1.000000  1.000000  1.000000
orientation T byte_order littleendian
Reading image: talsrcimg_g11.4dfp.img
dimensions:      256       256       256
mmppix:       1.0000   -1.0000   -1.0000
center:     128.0000 -129.0000 -129.0000
fimgreg.f
image alignment mode   2311 decimal      907 hex
parameters
   -0.6045   -9.7626   15.0746   -8.1087  -16.6841  -24.3365
   -2.2252    0.3352   -5.7128   22.6127   -0.1440    9.2652
eta,q 0.95726  3.48939
niter,ni,del,rscale     5    3    5.0000    0.8000
parameters
   -0.4882   -9.6246   15.0053   -7.2938  -16.5869  -23.8221
   -2.1600    0.7451   -6.3802   22.9389   -0.3899    8.3422
eta,q 0.95733  3.49856
  0.0430  0.0429  0.0428  0.0431  0.0432  0.0429  0.0431  0.0431  0.0428  0.0430  0.0428  0.0428
  0.0429  0.0428  0.0428  0.0430  0.0430  0.0428  0.0429  0.0430  0.0427  0.0429  0.0427  0.0427
  0.0428  0.0428  0.0427  0.0428  0.0428  0.0427  0.0428  0.0428  0.0427  0.0428  0.0427  0.0427
  0.0427  0.0427  0.0427  0.0427  0.0427  0.0427  0.0427  0.0427  0.0427  0.0427  0.0427  0.0427
  0.0427  0.0427  0.0427  0.0427  0.0427  0.0427  0.0427  0.0427  0.0427  0.0427  0.0427  0.0427
  0.0428  0.0428  0.0428  0.0428  0.0429  0.0427  0.0429  0.0428  0.0428  0.0428  0.0427  0.0429
  0.0430  0.0429  0.0428  0.0430  0.0432  0.0428  0.0431  0.0430  0.0429  0.0430  0.0428  0.0430
niter,ni,del,rscale     4    3    5.0000    0.7000
parameters
   -0.5234   -9.6002   14.5416   -6.9196  -16.3866  -23.2323
   -1.8590    1.1063   -6.4480   23.1834   -0.0282    7.4725
eta,q 0.95737  3.50010
  0.0429  0.0428  0.0427  0.0430  0.0431  0.0428  0.0430  0.0430  0.0428  0.0429  0.0428  0.0427
  0.0428  0.0427  0.0427  0.0429  0.0429  0.0427  0.0428  0.0429  0.0427  0.0428  0.0427  0.0427
  0.0427  0.0427  0.0427  0.0427  0.0427  0.0427  0.0427  0.0427  0.0426  0.0427  0.0427  0.0426
  0.0427  0.0427  0.0427  0.0427  0.0427  0.0426  0.0426  0.0426  0.0426  0.0426  0.0426  0.0426
  0.0427  0.0427  0.0427  0.0427  0.0427  0.0426  0.0427  0.0427  0.0427  0.0427  0.0426  0.0427
  0.0428  0.0427  0.0427  0.0428  0.0428  0.0427  0.0428  0.0428  0.0427  0.0427  0.0427  0.0428
  0.0429  0.0428  0.0428  0.0429  0.0430  0.0428  0.0429  0.0429  0.0428  0.0429  0.0427  0.0429
niter,ni,del,rscale     3    3    5.0000    0.6000
parameters
   -0.6427   -9.4967   14.1158   -6.6255  -16.0964  -22.8519
   -1.6662    1.2319   -6.4275   23.3288    0.4124    6.6874
eta,q 0.95740  3.50196
  0.0428  0.0428  0.0426  0.0429  0.0429  0.0427  0.0429  0.0429  0.0427  0.0428  0.0427  0.0427
  0.0427  0.0427  0.0426  0.0428  0.0428  0.0427  0.0427  0.0428  0.0426  0.0427  0.0427  0.0426
  0.0426  0.0426  0.0426  0.0427  0.0427  0.0426  0.0426  0.0426  0.0426  0.0426  0.0426  0.0426
  0.0426  0.0426  0.0426  0.0426  0.0426  0.0426  0.0426  0.0426  0.0426  0.0426  0.0426  0.0426
  0.0427  0.0426  0.0426  0.0426  0.0426  0.0426  0.0426  0.0426  0.0426  0.0426  0.0426  0.0426
  0.0427  0.0427  0.0427  0.0427  0.0427  0.0426  0.0427  0.0427  0.0426  0.0427  0.0426  0.0427
  0.0428  0.0427  0.0427  0.0428  0.0429  0.0427  0.0428  0.0429  0.0427  0.0428  0.0427  0.0428
niter,ni,del,rscale     2    3    5.0000    0.5000
parameters
   -0.7582   -9.3570   13.7185   -6.4505  -15.7878  -22.5858
   -1.4769    1.2403   -6.3083   23.4650    0.7385    5.8912
eta,q 0.95743  3.50332
  0.0427  0.0427  0.0426  0.0428  0.0428  0.0427  0.0428  0.0428  0.0427  0.0427  0.0427  0.0426
  0.0426  0.0426  0.0426  0.0427  0.0427  0.0426  0.0427  0.0427  0.0426  0.0427  0.0426  0.0426
  0.0426  0.0426  0.0426  0.0426  0.0426  0.0426  0.0426  0.0426  0.0426  0.0426  0.0426  0.0426
  0.0426  0.0426  0.0426  0.0426  0.0426  0.0426  0.0426  0.0426  0.0426  0.0426  0.0426  0.0426
  0.0426  0.0426  0.0426  0.0426  0.0426  0.0426  0.0426  0.0426  0.0426  0.0426  0.0426  0.0426
  0.0427  0.0426  0.0426  0.0427  0.0426  0.0426  0.0426  0.0427  0.0426  0.0426  0.0426  0.0427
  0.0428  0.0427  0.0427  0.0428  0.0428  0.0427  0.0427  0.0428  0.0426  0.0427  0.0426  0.0427
niter,ni,del,rscale     1    3    5.0000    0.4000
parameters
   -0.8583   -9.1809   13.3762   -6.3474  -15.4947  -22.3539
   -1.3488    1.1654   -6.1808   23.5834    0.9593    5.0929
eta,q 0.95746  3.50471
  0.0426  0.0426  0.0426  0.0427  0.0427  0.0426  0.0427  0.0427  0.0426  0.0427  0.0426  0.0426
  0.0426  0.0426  0.0426  0.0426  0.0426  0.0426  0.0426  0.0426  0.0426  0.0426  0.0426  0.0426
  0.0426  0.0426  0.0426  0.0426  0.0426  0.0426  0.0426  0.0426  0.0426  0.0426  0.0426  0.0425
  0.0426  0.0426  0.0426  0.0426  0.0426  0.0426  0.0426  0.0426  0.0426  0.0426  0.0426  0.0426
  0.0426  0.0426  0.0426  0.0426  0.0426  0.0426  0.0426  0.0426  0.0426  0.0426  0.0426  0.0426
  0.0426  0.0426  0.0426  0.0426  0.0426  0.0426  0.0426  0.0426  0.0426  0.0426  0.0426  0.0426
  0.0427  0.0426  0.0426  0.0427  0.0427  0.0426  0.0427  0.0427  0.0426  0.0426  0.0426  0.0427
registration optimization eta report
parameter search radius
    0.8000    0.8000    0.8000    2.4000    2.4000    2.4000
    2.4000    2.4000    2.4000    2.4000    2.4000    2.4000
100000*second partial in parameter space
       13.        8.        5.        2.        2.        1.
        2.        2.        1.        2.        1.        1.
  0.0426  0.0426  0.0426  0.0427  0.0427  0.0426  0.0427  0.0427  0.0426  0.0427  0.0426  0.0426
  0.0426  0.0426  0.0426  0.0426  0.0426  0.0426  0.0426  0.0426  0.0426  0.0426  0.0426  0.0426
  0.0426  0.0426  0.0426  0.0426  0.0426  0.0426  0.0426  0.0426  0.0426  0.0426  0.0426  0.0425
  0.0426  0.0426  0.0426  0.0426  0.0426  0.0426  0.0426  0.0426  0.0426  0.0426  0.0426  0.0426
  0.0426  0.0426  0.0426  0.0426  0.0426  0.0426  0.0426  0.0426  0.0426  0.0426  0.0426  0.0426
  0.0426  0.0426  0.0426  0.0426  0.0426  0.0426  0.0426  0.0426  0.0426  0.0426  0.0426  0.0426
  0.0427  0.0426  0.0426  0.0427  0.0427  0.0426  0.0427  0.0427  0.0426  0.0426  0.0426  0.0427
   -0.8583   -9.1809   13.3762   -6.3474  -15.4947  -22.3539
   -1.3488    1.1654   -6.1808   23.5834    0.9593    5.0929
eta,q 0.95746  3.50471

---------------------------------------------------------------------
imgreg_4dfp /opt/freesurfer/average/711-2C_as_mni_average_305 /opt/freesurfer/average/711-2B_as_mni_average_305_mask talsrcimg_g11 none talsrcimg_to_711-2C_as_mni_average_305_t4 2311
---------------------------------------------------------------------

freesurfer imgreg_4dfp.c
/opt/freesurfer/average/711-2C_as_mni_average_305.4dfp.img
       256       256       256         1
  1.000000  1.000000  1.000000
orientation T byte_order littleendian
Reading image: /opt/freesurfer/average/711-2C_as_mni_average_305.4dfp.img
dimensions:      256       256       256
mmppix:       1.0000   -1.0000   -1.0000
center:     128.0000 -129.0000 -129.0000
/opt/freesurfer/average/711-2B_as_mni_average_305_mask.4dfp.img
       256       256       256         1
  1.000000  1.000000  1.000000
orientation T byte_order littleendian
Reading mask: /opt/freesurfer/average/711-2B_as_mni_average_305_mask.4dfp.img (2306576 pixels)
talsrcimg_g11.4dfp.img
       256       256       256         1
  1.000000  1.000000  1.000000
orientation T byte_order littleendian
Reading image: talsrcimg_g11.4dfp.img
dimensions:      256       256       256
mmppix:       1.0000   -1.0000   -1.0000
center:     128.0000 -129.0000 -129.0000
fimgreg.f
image alignment mode   2311 decimal      907 hex
parameters
   -0.8583   -9.1809   13.3762   -6.3474  -15.4947  -22.3539
   -1.3488    1.1654   -6.1808   23.5834    0.9593    5.0929
eta,q 0.95746  3.50471
niter,ni,del,rscale     5    3    5.0000    0.8000
parameters
   -0.9834   -8.9873   13.0238   -6.4237  -15.5761  -22.7054
   -1.1956    1.0913   -5.9862   23.8095    1.1100    4.8466
eta,q 0.95746  3.50079
  0.0428  0.0428  0.0426  0.0429  0.0430  0.0427  0.0430  0.0430  0.0427  0.0429  0.0427  0.0428
  0.0427  0.0427  0.0426  0.0428  0.0428  0.0426  0.0428  0.0428  0.0426  0.0428  0.0426  0.0426
  0.0426  0.0426  0.0425  0.0426  0.0426  0.0426  0.0426  0.0426  0.0426  0.0426  0.0426  0.0426
  0.0425  0.0425  0.0425  0.0425  0.0425  0.0425  0.0425  0.0425  0.0425  0.0425  0.0425  0.0425
  0.0426  0.0426  0.0426  0.0426  0.0426  0.0426  0.0426  0.0426  0.0426  0.0426  0.0426  0.0426
  0.0427  0.0426  0.0426  0.0428  0.0428  0.0427  0.0427  0.0427  0.0426  0.0427  0.0426  0.0427
  0.0429  0.0427  0.0427  0.0430  0.0431  0.0429  0.0430  0.0430  0.0427  0.0429  0.0427  0.0428
niter,ni,del,rscale     4    3    5.0000    0.7000
parameters
   -1.0045   -8.7801   12.8352   -6.3977  -15.4636  -22.8292
   -1.1883    1.1058   -5.9456   24.0505    1.1707    4.4101
eta,q 0.95748  3.50238
  0.0428  0.0428  0.0426  0.0429  0.0430  0.0427  0.0429  0.0429  0.0427  0.0428  0.0426  0.0427
  0.0426  0.0426  0.0426  0.0427  0.0428  0.0426  0.0427  0.0427  0.0426  0.0427  0.0426  0.0426
  0.0426  0.0426  0.0425  0.0426  0.0426  0.0426  0.0426  0.0426  0.0425  0.0426  0.0425  0.0425
  0.0425  0.0425  0.0425  0.0425  0.0425  0.0425  0.0425  0.0425  0.0425  0.0425  0.0425  0.0425
  0.0426  0.0425  0.0426  0.0426  0.0425  0.0425  0.0426  0.0426  0.0425  0.0425  0.0425  0.0426
  0.0426  0.0426  0.0426  0.0427  0.0427  0.0426  0.0427  0.0427  0.0426  0.0426  0.0426  0.0426
  0.0428  0.0427  0.0426  0.0429  0.0430  0.0427  0.0429  0.0429  0.0427  0.0428  0.0426  0.0428
niter,ni,del,rscale     3    3    5.0000    0.6000
parameters
   -1.0033   -8.6424   12.5859   -6.3601  -15.3389  -22.8126
   -1.1608    1.1701   -5.9197   24.2747    1.1989    3.9253
eta,q 0.95748  3.50343
  0.0427  0.0427  0.0426  0.0428  0.0429  0.0426  0.0428  0.0428  0.0426  0.0428  0.0426  0.0426
  0.0426  0.0426  0.0425  0.0427  0.0427  0.0426  0.0426  0.0427  0.0426  0.0426  0.0426  0.0426
  0.0425  0.0425  0.0425  0.0426  0.0426  0.0425  0.0425  0.0425  0.0425  0.0426  0.0425  0.0425
  0.0425  0.0425  0.0425  0.0425  0.0425  0.0425  0.0425  0.0425  0.0425  0.0425  0.0425  0.0425
  0.0425  0.0425  0.0425  0.0425  0.0425  0.0425  0.0426  0.0426  0.0425  0.0425  0.0425  0.0425
  0.0426  0.0426  0.0426  0.0426  0.0426  0.0426  0.0426  0.0426  0.0426  0.0426  0.0426  0.0426
  0.0427  0.0426  0.0426  0.0428  0.0428  0.0427  0.0428  0.0428  0.0426  0.0427  0.0426  0.0427
niter,ni,del,rscale     2    3    5.0000    0.5000
parameters
   -1.0019   -8.5033   12.3364   -6.3397  -15.2165  -22.7905
   -1.1471    1.1868   -5.8307   24.4989    1.1109    3.4486
eta,q 0.95750  3.50433
  0.0426  0.0426  0.0425  0.0427  0.0428  0.0426  0.0427  0.0427  0.0426  0.0427  0.0426  0.0426
  0.0426  0.0426  0.0425  0.0426  0.0426  0.0426  0.0426  0.0426  0.0425  0.0426  0.0425  0.0425
  0.0425  0.0425  0.0425  0.0425  0.0426  0.0425  0.0425  0.0425  0.0425  0.0425  0.0425  0.0425
  0.0425  0.0425  0.0425  0.0425  0.0425  0.0425  0.0425  0.0425  0.0425  0.0425  0.0425  0.0425
  0.0425  0.0425  0.0425  0.0425  0.0425  0.0425  0.0425  0.0425  0.0425  0.0425  0.0425  0.0425
  0.0426  0.0425  0.0425  0.0426  0.0426  0.0425  0.0426  0.0426  0.0425  0.0426  0.0425  0.0426
  0.0426  0.0426  0.0426  0.0427  0.0427  0.0426  0.0427  0.0427  0.0426  0.0426  0.0426  0.0426
niter,ni,del,rscale     1    3    5.0000    0.4000
parameters
   -0.9916   -8.3632   12.1068   -6.3136  -15.1315  -22.7738
   -1.1750    1.1862   -5.7068   24.7108    1.0172    2.9849
eta,q 0.95750  3.50505
  0.0426  0.0426  0.0425  0.0426  0.0427  0.0426  0.0426  0.0426  0.0425  0.0426  0.0425  0.0425
  0.0425  0.0425  0.0425  0.0426  0.0426  0.0425  0.0425  0.0426  0.0425  0.0426  0.0425  0.0425
  0.0425  0.0425  0.0425  0.0425  0.0425  0.0425  0.0425  0.0425  0.0425  0.0425  0.0425  0.0425
  0.0425  0.0425  0.0425  0.0425  0.0425  0.0425  0.0425  0.0425  0.0425  0.0425  0.0425  0.0425
  0.0425  0.0425  0.0425  0.0425  0.0425  0.0425  0.0425  0.0425  0.0425  0.0425  0.0425  0.0425
  0.0425  0.0425  0.0425  0.0426  0.0426  0.0425  0.0426  0.0426  0.0425  0.0425  0.0425  0.0425
  0.0426  0.0425  0.0425  0.0426  0.0427  0.0426  0.0426  0.0426  0.0425  0.0426  0.0425  0.0426
registration optimization eta report
parameter search radius
    0.8000    0.8000    0.8000    2.4000    2.4000    2.4000
    2.4000    2.4000    2.4000    2.4000    2.4000    2.4000
100000*second partial in parameter space
       13.        9.        5.        2.        3.        1.
        2.        2.        1.        2.        1.        1.
  0.0426  0.0426  0.0425  0.0426  0.0427  0.0426  0.0426  0.0426  0.0425  0.0426  0.0425  0.0425
  0.0425  0.0425  0.0425  0.0426  0.0426  0.0425  0.0425  0.0426  0.0425  0.0426  0.0425  0.0425
  0.0425  0.0425  0.0425  0.0425  0.0425  0.0425  0.0425  0.0425  0.0425  0.0425  0.0425  0.0425
  0.0425  0.0425  0.0425  0.0425  0.0425  0.0425  0.0425  0.0425  0.0425  0.0425  0.0425  0.0425
  0.0425  0.0425  0.0425  0.0425  0.0425  0.0425  0.0425  0.0425  0.0425  0.0425  0.0425  0.0425
  0.0425  0.0425  0.0425  0.0426  0.0426  0.0425  0.0426  0.0426  0.0425  0.0425  0.0425  0.0425
  0.0426  0.0425  0.0425  0.0426  0.0427  0.0426  0.0426  0.0426  0.0425  0.0426  0.0425  0.0426
   -0.9916   -8.3632   12.1068   -6.3136  -15.1315  -22.7738
   -1.1750    1.1862   -5.7068   24.7108    1.0172    2.9849
eta,q 0.95750  3.50505

---------------------------------------------------------------------
compute_vox2vox talsrcimg talsrcimg_to_711-2C_as_mni_average_305_t4 /opt/freesurfer/average/711-2C_as_mni_average_305
---------------------------------------------------------------------

freesurfer compute_vox2vox.c
Reading: talsrcimg.4dfp.ifh
Reading: talsrcimg_to_711-2C_as_mni_average_305_t4
Reading: /opt/freesurfer/average/711-2C_as_mni_average_305.4dfp.ifh
Writing: talsrcimg_to_711-2C_as_mni_average_305_t4_vox2vox.txt

start time Wed Dec 13 17:16:50 UTC 2023
end		time Wed Dec 13 17:17:02 UTC 2023

mpr2mni305 success

avi2talxfm orig_nu.mgz /opt/freesurfer/average/mni305.cor.mgz talsrcimg_to_711-2C_as_mni_average_305_t4_vox2vox.txt transforms/talairach.auto.xfm
avi2talxfm done
mv -f /output/sourcedata/freesurfer/sub-1016/mri/talsrcimg_to_711-2C_as_mni_average_305_t4_vox2vox.txt /output/sourcedata/freesurfer/sub-1016/mri/transforms/talsrcimg_to_711-2C_as_mni_average_305_t4_vox2vox.txt
lta_convert --src orig_nu.mgz --trg /opt/freesurfer/average/mni305.cor.mgz --inxfm transforms/talairach.auto.xfm --outlta transforms/talairach.auto.xfm.lta --subject fsaverage
7.3.2

--src: orig_nu.mgz src image (geometry).
--trg: /opt/freesurfer/average/mni305.cor.mgz trg image (geometry).
--inmni: transforms/talairach.auto.xfm input MNI/XFM transform.
--outlta: transforms/talairach.auto.xfm.lta output LTA.
--s: fsaverage subject name
 LTA read, type : 1
 1.06857  -0.02139   0.01555   0.76820;
-0.01704   1.30998  -0.04631   7.19566;
 0.07682  -0.38286   1.19282  -14.86800;
 0.00000   0.00000   0.00000   1.00000;
setting subject to fsaverage
Writing  LTA to file transforms/talairach.auto.xfm.lta...
lta_convert successful.
 
 
Started at Wed Dec 13 17:16:50 UTC 2023
Ended   at Wed Dec 13 17:17:03 UTC 2023
talairach_avi done
